#
# A fatal error has been detected by the Java Runtime Environment:
#
#  EXCEPTION_ACCESS_VIOLATION (0xc0000005) at pc=0x0000000180003b10, pid=6776, tid=0x00000000000014cc
#
# JRE version: Java(TM) SE Runtime Environment (8.0_144-b01) (build 1.8.0_144-b01)
# Java VM: Java HotSpot(TM) 64-Bit Server VM (25.144-b01 mixed mode windows-amd64 compressed oops)
# Problematic frame:
# C  0x0000000180003b10
#
# Failed to write core dump. Minidumps are not enabled by default on client versions of Windows
#
# If you would like to submit a bug report, please visit:
#   http://bugreport.java.com/bugreport/crash.jsp
# The crash happened outside the Java Virtual Machine in native code.
# See problematic frame for where to report the bug.
#

---------------  T H R E A D  ---------------

Current thread (0x000000005508f000):  JavaThread "Finalizer" daemon [_thread_in_native, id=5324, stack(0x00000000558b0000,0x00000000559b0000)]

siginfo: ExceptionCode=0xc0000005, ExceptionInformation=0x0000000000000008 0x0000000180003b10

Registers:
RAX=0x0000000180003b10, RBX=0x0000000061391108, RCX=0x000000005508f1f8, RDX=0x00000000559af408
RSP=0x00000000559af378, RBP=0x00000000559af3f8, RSI=0x00000000ec6e7ee0, RDI=0x00000000c0ed1b40
R8 =0x00000000597c7300, R9 =0x00000000ec6e7ee0, R10=0x0000000002aa7968, R11=0x0000000072d7bc50
R12=0x0000000000000000, R13=0x0000000061391108, R14=0x00000000559af420, R15=0x000000005508f000
RIP=0x0000000180003b10, EFLAGS=0x0000000000010206

Top of Stack: (sp=0x00000000559af378)
0x00000000559af378:   0000000002aa7994 000000005508f1f8
0x00000000559af388:   00000000559af408 00000000597c7330
0x00000000559af398:   0000000000000000 0000000000000001
0x00000000559af3a8:   000000005503d280 000000005508f000
0x00000000559af3b8:   00000000559af3b8 0000000000000000
0x00000000559af3c8:   00000000559af420 0000000061418aa8
0x00000000559af3d8:   0000000000000000 0000000061391108
0x00000000559af3e8:   0000000000000000 00000000559af418
0x00000000559af3f8:   00000000559af468 0000000002a98331
0x00000000559af408:   00000000c1815ca8 0000000002aa19b8
0x00000000559af418:   00000000597c7300 00000000559af550
0x00000000559af428:   00000000559af428 000000006138f01c
0x00000000559af438:   00000000559af478 0000000061418aa8
0x00000000559af448:   0000000000000000 000000006138f040
0x00000000559af458:   00000000559af418 00000000559af478
0x00000000559af468:   00000000559af4c0 0000000002a98331 

Instructions: (pc=0x0000000180003b10)
0x0000000180003af0:   
[error occurred during error reporting (printing registers, top of stack, instructions near pc), id 0xc0000005]

Register to memory mapping:

RAX=0x0000000180003b10 is an unknown value
RBX={method} {0x0000000061391110} 'free' '(J)V' in 'com/sun/jna/Memory'
RCX=0x000000005508f1f8 is an unknown value
RDX=0x00000000559af408 is pointing into the stack for thread: 0x000000005508f000
RSP=0x00000000559af378 is pointing into the stack for thread: 0x000000005508f000
RBP=0x00000000559af3f8 is pointing into the stack for thread: 0x000000005508f000
RSI=0x00000000ec6e7ee0 is an oop
java.lang.ref.Finalizer 
 - klass: 'java/lang/ref/Finalizer'
RDI=0x00000000c0ed1b40 is an oop
java.lang.ref.ReferenceQueue$Lock 
 - klass: 'java/lang/ref/ReferenceQueue$Lock'
R8 =0x00000000597c7300 is an unknown value
R9 =0x00000000ec6e7ee0 is an oop
java.lang.ref.Finalizer 
 - klass: 'java/lang/ref/Finalizer'
R10=0x0000000002aa7968 is at code_begin+840 in an Interpreter codelet
method entry point (kind = native)  [0x0000000002aa7620, 0x0000000002aa7f80]  2400 bytes
R11=0x0000000072d7bc50 is an unknown value
R12=0x0000000000000000 is an unknown value
R13={method} {0x0000000061391110} 'free' '(J)V' in 'com/sun/jna/Memory'
R14=0x00000000559af420 is pointing into the stack for thread: 0x000000005508f000
R15=0x000000005508f000 is a thread


Stack: [0x00000000558b0000,0x00000000559b0000],  sp=0x00000000559af378,  free space=1020k
Native frames: (J=compiled Java code, j=interpreted, Vv=VM code, C=native code)
C  0x0000000180003b10

Java frames: (J=compiled Java code, j=interpreted, Vv=VM code)
j  com.sun.jna.Memory.free(J)V+0
j  com.sun.jna.Memory.finalize()V+4
j  java.lang.System$2.invokeFinalize(Ljava/lang/Object;)V+1
j  java.lang.ref.Finalizer.runFinalizer(Lsun/misc/JavaLangAccess;)V+46
j  java.lang.ref.Finalizer.access$100(Ljava/lang/ref/Finalizer;Lsun/misc/JavaLangAccess;)V+2
j  java.lang.ref.Finalizer$FinalizerThread.run()V+45
v  ~StubRoutines::call_stub

---------------  P R O C E S S  ---------------

Java Threads: ( => current thread )
  0x0000000056dc5800 JavaThread "Thread-0" daemon [_thread_in_native, id=6036, stack(0x0000000069160000,0x0000000069260000)]
  0x0000000056dc5000 JavaThread "Timer-0" [_thread_blocked, id=6748, stack(0x0000000066180000,0x0000000066280000)]
  0x0000000056dc4000 JavaThread "cameraThread" daemon [_thread_in_native, id=5912, stack(0x0000000065490000,0x0000000065590000)]
  0x0000000056dc3800 JavaThread "Druid-ConnectionPool-Destroy-1586301081" daemon [_thread_blocked, id=4632, stack(0x0000000060be0000,0x0000000060ce0000)]
  0x0000000056dcd000 JavaThread "Druid-ConnectionPool-Create-1586301081" daemon [_thread_blocked, id=1568, stack(0x00000000601d0000,0x00000000602d0000)]
  0x000000005707f800 JavaThread "Abandoned connection cleanup thread" daemon [_thread_blocked, id=5200, stack(0x00000000606f0000,0x00000000607f0000)]
  0x0000000056d7d000 JavaThread "TimerQueue" daemon [_thread_blocked, id=4300, stack(0x0000000060360000,0x0000000060460000)]
  0x000000000273e800 JavaThread "DestroyJavaVM" [_thread_blocked, id=6804, stack(0x0000000002990000,0x0000000002a90000)]
  0x0000000056912000 JavaThread "AWT-EventQueue-0" [_thread_blocked, id=5220, stack(0x00000000578c0000,0x00000000579c0000)]
  0x000000005690d000 JavaThread "AWT-Windows" daemon [_thread_in_native, id=6624, stack(0x00000000570e0000,0x00000000571e0000)]
  0x000000005690a000 JavaThread "AWT-Shutdown" [_thread_blocked, id=4720, stack(0x0000000057330000,0x0000000057430000)]
  0x0000000056909800 JavaThread "Java2D Disposer" daemon [_thread_blocked, id=6336, stack(0x0000000057200000,0x0000000057300000)]
  0x000000005510f800 JavaThread "Service Thread" daemon [_thread_blocked, id=6308, stack(0x0000000056660000,0x0000000056760000)]
  0x00000000550dc800 JavaThread "C1 CompilerThread1" daemon [_thread_blocked, id=6948, stack(0x0000000056120000,0x0000000056220000)]
  0x00000000550c4800 JavaThread "C2 CompilerThread0" daemon [_thread_blocked, id=900, stack(0x0000000055f60000,0x0000000056060000)]
  0x00000000550c3800 JavaThread "Attach Listener" daemon [_thread_blocked, id=6688, stack(0x0000000055d80000,0x0000000055e80000)]
  0x00000000550c3000 JavaThread "Signal Dispatcher" daemon [_thread_blocked, id=4832, stack(0x0000000055c80000,0x0000000055d80000)]
=>0x000000005508f000 JavaThread "Finalizer" daemon [_thread_in_native, id=5324, stack(0x00000000558b0000,0x00000000559b0000)]
  0x0000000055047800 JavaThread "Reference Handler" daemon [_thread_blocked, id=6664, stack(0x0000000055b80000,0x0000000055c80000)]

Other Threads:
  0x000000005503e000 VMThread [stack: 0x0000000055a10000,0x0000000055b10000] [id=1896]
  0x000000005626a000 WatcherThread [stack: 0x00000000567c0000,0x00000000568c0000] [id=1280]

VM state:not at safepoint (normal execution)

VM Mutex/Monitor currently owned by a thread: None

Heap:
 PSYoungGen      total 23040K, used 4671K [0x00000000eaf00000, 0x00000000ecc80000, 0x0000000100000000)
  eden space 15872K, 11% used [0x00000000eaf00000,0x00000000eb0b89e8,0x00000000ebe80000)
  from space 7168K, 40% used [0x00000000ec580000,0x00000000ec857220,0x00000000ecc80000)
  to   space 7168K, 0% used [0x00000000ebe80000,0x00000000ebe80000,0x00000000ec580000)
 ParOldGen       total 44032K, used 12412K [0x00000000c0c00000, 0x00000000c3700000, 0x00000000eaf00000)
  object space 44032K, 28% used [0x00000000c0c00000,0x00000000c181f108,0x00000000c3700000)
 Metaspace       used 20158K, capacity 20446K, committed 20736K, reserved 1067008K
  class space    used 2428K, capacity 2523K, committed 2560K, reserved 1048576K

Card table byte_map: [0x0000000011e50000,0x0000000012050000] byte_map_base: 0x000000001184a000

Marking Bits: (ParMarkBitMap*) 0x000000007336d850
 Begin Bits: [0x0000000012570000, 0x0000000013540000)
 End Bits:   [0x0000000013540000, 0x0000000014510000)

Polling page: 0x0000000000230000

CodeCache: size=245760Kb used=6005Kb max_used=6170Kb free=239754Kb
 bounds [0x0000000002a90000, 0x00000000030a0000, 0x0000000011a90000]
 total_blobs=2494 nmethods=1698 adapters=709
 compilation: enabled

Compilation events (10 events):
Event: 29.644 Thread 0x00000000550dc800 1808       3       java.util.IdentityHashMap$KeyIterator::<init> (6 bytes)
Event: 29.644 Thread 0x00000000550dc800 nmethod 1808 0x0000000002c31490 code [0x0000000002c31600, 0x0000000002c31868]
Event: 29.644 Thread 0x00000000550dc800 1809       3       java.util.IdentityHashMap$KeyIterator::<init> (12 bytes)
Event: 29.644 Thread 0x00000000550dc800 nmethod 1809 0x0000000002c87350 code [0x0000000002c874c0, 0x0000000002c876c8]
Event: 29.654 Thread 0x00000000550c4800 1810       4       sun.java2d.SunGraphics2D::invalidatePipe (41 bytes)
Event: 29.655 Thread 0x00000000550c4800 nmethod 1810 0x0000000002c76a90 code [0x0000000002c76bc0, 0x0000000002c76c58]
Event: 30.028 Thread 0x00000000550dc800 1811  s    3       java.util.Hashtable::containsKey (65 bytes)
Event: 30.029 Thread 0x00000000550dc800 nmethod 1811 0x0000000002b928d0 code [0x0000000002b92a60, 0x0000000002b93078]
Event: 30.033 Thread 0x00000000550dc800 1812       1       java.util.concurrent.CopyOnWriteArrayList::getArray (5 bytes)
Event: 30.033 Thread 0x00000000550dc800 nmethod 1812 0x0000000002c87090 code [0x0000000002c871e0, 0x0000000002c872f0]

GC Heap History (10 events):
Event: 21.954 GC heap before
{Heap before GC invocations=8 (full 0):
 PSYoungGen      total 23552K, used 18839K [0x00000000eaf00000, 0x00000000ecd00000, 0x0000000100000000)
  eden space 16384K, 96% used [0x00000000eaf00000,0x00000000ebe76ac0,0x00000000ebf00000)
  from space 7168K, 41% used [0x00000000ebf00000,0x00000000ec1ef220,0x00000000ec600000)
  to   space 7168K, 0% used [0x00000000ec600000,0x00000000ec600000,0x00000000ecd00000)
 ParOldGen       total 44032K, used 12236K [0x00000000c0c00000, 0x00000000c3700000, 0x00000000eaf00000)
  object space 44032K, 27% used [0x00000000c0c00000,0x00000000c17f3108,0x00000000c3700000)
 Metaspace       used 20111K, capacity 20374K, committed 20480K, reserved 1067008K
  class space    used 2427K, capacity 2523K, committed 2560K, reserved 1048576K
Event: 21.956 GC heap after
Heap after GC invocations=8 (full 0):
 PSYoungGen      total 23040K, used 1470K [0x00000000eaf00000, 0x00000000ece00000, 0x0000000100000000)
  eden space 15872K, 0% used [0x00000000eaf00000,0x00000000eaf00000,0x00000000ebe80000)
  from space 7168K, 20% used [0x00000000ec600000,0x00000000ec76f910,0x00000000ecd00000)
  to   space 7680K, 0% used [0x00000000ebe80000,0x00000000ebe80000,0x00000000ec600000)
 ParOldGen       total 44032K, used 12380K [0x00000000c0c00000, 0x00000000c3700000, 0x00000000eaf00000)
  object space 44032K, 28% used [0x00000000c0c00000,0x00000000c1817108,0x00000000c3700000)
 Metaspace       used 20111K, capacity 20374K, committed 20480K, reserved 1067008K
  class space    used 2427K, capacity 2523K, committed 2560K, reserved 1048576K
}
Event: 23.899 GC heap before
{Heap before GC invocations=9 (full 0):
 PSYoungGen      total 23040K, used 17259K [0x00000000eaf00000, 0x00000000ece00000, 0x0000000100000000)
  eden space 15872K, 99% used [0x00000000eaf00000,0x00000000ebe6b618,0x00000000ebe80000)
  from space 7168K, 20% used [0x00000000ec600000,0x00000000ec76f910,0x00000000ecd00000)
  to   space 7680K, 0% used [0x00000000ebe80000,0x00000000ebe80000,0x00000000ec600000)
 ParOldGen       total 44032K, used 12380K [0x00000000c0c00000, 0x00000000c3700000, 0x00000000eaf00000)
  object space 44032K, 28% used [0x00000000c0c00000,0x00000000c1817108,0x00000000c3700000)
 Metaspace       used 20112K, capacity 20374K, committed 20480K, reserved 1067008K
  class space    used 2427K, capacity 2523K, committed 2560K, reserved 1048576K
Event: 23.901 GC heap after
Heap after GC invocations=9 (full 0):
 PSYoungGen      total 20480K, used 4314K [0x00000000eaf00000, 0x00000000ecc80000, 0x0000000100000000)
  eden space 15872K, 0% used [0x00000000eaf00000,0x00000000eaf00000,0x00000000ebe80000)
  from space 4608K, 93% used [0x00000000ebe80000,0x00000000ec2b6b30,0x00000000ec300000)
  to   space 7168K, 0% used [0x00000000ec580000,0x00000000ec580000,0x00000000ecc80000)
 ParOldGen       total 44032K, used 12388K [0x00000000c0c00000, 0x00000000c3700000, 0x00000000eaf00000)
  object space 44032K, 28% used [0x00000000c0c00000,0x00000000c1819108,0x00000000c3700000)
 Metaspace       used 20112K, capacity 20374K, committed 20480K, reserved 1067008K
  class space    used 2427K, capacity 2523K, committed 2560K, reserved 1048576K
}
Event: 26.184 GC heap before
{Heap before GC invocations=10 (full 0):
 PSYoungGen      total 20480K, used 20118K [0x00000000eaf00000, 0x00000000ecc80000, 0x0000000100000000)
  eden space 15872K, 99% used [0x00000000eaf00000,0x00000000ebe6eea8,0x00000000ebe80000)
  from space 4608K, 93% used [0x00000000ebe80000,0x00000000ec2b6b30,0x00000000ec300000)
  to   space 7168K, 0% used [0x00000000ec580000,0x00000000ec580000,0x00000000ecc80000)
 ParOldGen       total 44032K, used 12388K [0x00000000c0c00000, 0x00000000c3700000, 0x00000000eaf00000)
  object space 44032K, 28% used [0x00000000c0c00000,0x00000000c1819108,0x00000000c3700000)
 Metaspace       used 20133K, capacity 20438K, committed 20736K, reserved 1067008K
  class space    used 2427K, capacity 2523K, committed 2560K, reserved 1048576K
Event: 26.185 GC heap after
Heap after GC invocations=10 (full 0):
 PSYoungGen      total 23040K, used 1470K [0x00000000eaf00000, 0x00000000ecc80000, 0x0000000100000000)
  eden space 15872K, 0% used [0x00000000eaf00000,0x00000000eaf00000,0x00000000ebe80000)
  from space 7168K, 20% used [0x00000000ec580000,0x00000000ec6ef910,0x00000000ecc80000)
  to   space 7168K, 0% used [0x00000000ebe80000,0x00000000ebe80000,0x00000000ec580000)
 ParOldGen       total 44032K, used 12396K [0x00000000c0c00000, 0x00000000c3700000, 0x00000000eaf00000)
  object space 44032K, 28% used [0x00000000c0c00000,0x00000000c181b108,0x00000000c3700000)
 Metaspace       used 20133K, capacity 20438K, committed 20736K, reserved 1067008K
  class space    used 2427K, capacity 2523K, committed 2560K, reserved 1048576K
}
Event: 28.088 GC heap before
{Heap before GC invocations=11 (full 0):
 PSYoungGen      total 23040K, used 17266K [0x00000000eaf00000, 0x00000000ecc80000, 0x0000000100000000)
  eden space 15872K, 99% used [0x00000000eaf00000,0x00000000ebe6d270,0x00000000ebe80000)
  from space 7168K, 20% used [0x00000000ec580000,0x00000000ec6ef910,0x00000000ecc80000)
  to   space 7168K, 0% used [0x00000000ebe80000,0x00000000ebe80000,0x00000000ec580000)
 ParOldGen       total 44032K, used 12396K [0x00000000c0c00000, 0x00000000c3700000, 0x00000000eaf00000)
  object space 44032K, 28% used [0x00000000c0c00000,0x00000000c181b108,0x00000000c3700000)
 Metaspace       used 20140K, capacity 20438K, committed 20736K, reserved 1067008K
  class space    used 2427K, capacity 2523K, committed 2560K, reserved 1048576K
Event: 28.089 GC heap after
Heap after GC invocations=11 (full 0):
 PSYoungGen      total 23040K, used 4314K [0x00000000eaf00000, 0x00000000ecc80000, 0x0000000100000000)
  eden space 15872K, 0% used [0x00000000eaf00000,0x00000000eaf00000,0x00000000ebe80000)
  from space 7168K, 60% used [0x00000000ebe80000,0x00000000ec2b6b30,0x00000000ec580000)
  to   space 7168K, 0% used [0x00000000ec580000,0x00000000ec580000,0x00000000ecc80000)
 ParOldGen       total 44032K, used 12404K [0x00000000c0c00000, 0x00000000c3700000, 0x00000000eaf00000)
  object space 44032K, 28% used [0x00000000c0c00000,0x00000000c181d108,0x00000000c3700000)
 Metaspace       used 20140K, capacity 20438K, committed 20736K, reserved 1067008K
  class space    used 2427K, capacity 2523K, committed 2560K, reserved 1048576K
}
Event: 30.035 GC heap before
{Heap before GC invocations=12 (full 0):
 PSYoungGen      total 23040K, used 19010K [0x00000000eaf00000, 0x00000000ecc80000, 0x0000000100000000)
  eden space 15872K, 92% used [0x00000000eaf00000,0x00000000ebd59d10,0x00000000ebe80000)
  from space 7168K, 60% used [0x00000000ebe80000,0x00000000ec2b6b30,0x00000000ec580000)
  to   space 7168K, 0% used [0x00000000ec580000,0x00000000ec580000,0x00000000ecc80000)
 ParOldGen       total 44032K, used 12404K [0x00000000c0c00000, 0x00000000c3700000, 0x00000000eaf00000)
  object space 44032K, 28% used [0x00000000c0c00000,0x00000000c181d108,0x00000000c3700000)
 Metaspace       used 20155K, capacity 20446K, committed 20736K, reserved 1067008K
  class space    used 2428K, capacity 2523K, committed 2560K, reserved 1048576K
Event: 30.036 GC heap after
Heap after GC invocations=12 (full 0):
 PSYoungGen      total 23040K, used 2908K [0x00000000eaf00000, 0x00000000ecc80000, 0x0000000100000000)
  eden space 15872K, 0% used [0x00000000eaf00000,0x00000000eaf00000,0x00000000ebe80000)
  from space 7168K, 40% used [0x00000000ec580000,0x00000000ec857220,0x00000000ecc80000)
  to   space 7168K, 0% used [0x00000000ebe80000,0x00000000ebe80000,0x00000000ec580000)
 ParOldGen       total 44032K, used 12412K [0x00000000c0c00000, 0x00000000c3700000, 0x00000000eaf00000)
  object space 44032K, 28% used [0x00000000c0c00000,0x00000000c181f108,0x00000000c3700000)
 Metaspace       used 20155K, capacity 20446K, committed 20736K, reserved 1067008K
  class space    used 2428K, capacity 2523K, committed 2560K, reserved 1048576K
}

Deoptimization events (10 events):
Event: 9.631 Thread 0x0000000056912000 Uncommon trap: reason=class_check action=maybe_recompile pc=0x0000000002e5348c method=java.util.HashSet.add(Ljava/lang/Object;)Z @ 8
Event: 9.631 Thread 0x0000000056912000 Uncommon trap: reason=class_check action=maybe_recompile pc=0x0000000002e5348c method=java.util.HashSet.add(Ljava/lang/Object;)Z @ 8
Event: 9.825 Thread 0x0000000056912000 Uncommon trap: reason=unstable_if action=reinterpret pc=0x0000000002e5fb24 method=java.util.HashMap.getNode(ILjava/lang/Object;)Ljava/util/HashMap$Node; @ 62
Event: 9.825 Thread 0x0000000056912000 Uncommon trap: reason=unstable_if action=reinterpret pc=0x0000000002e1308c method=java.util.HashMap.getNode(ILjava/lang/Object;)Ljava/util/HashMap$Node; @ 62
Event: 9.826 Thread 0x0000000056912000 Uncommon trap: reason=bimorphic action=maybe_recompile pc=0x0000000002dedec4 method=java.util.HashMap.putVal(ILjava/lang/Object;Ljava/lang/Object;ZZ)Ljava/lang/Object; @ 203
Event: 9.826 Thread 0x0000000056912000 Uncommon trap: reason=bimorphic action=maybe_recompile pc=0x0000000002dedec4 method=java.util.HashMap.putVal(ILjava/lang/Object;Ljava/lang/Object;ZZ)Ljava/lang/Object; @ 203
Event: 9.826 Thread 0x0000000056912000 Uncommon trap: reason=bimorphic action=maybe_recompile pc=0x0000000002dedec4 method=java.util.HashMap.putVal(ILjava/lang/Object;Ljava/lang/Object;ZZ)Ljava/lang/Object; @ 203
Event: 9.826 Thread 0x0000000056912000 Uncommon trap: reason=bimorphic action=maybe_recompile pc=0x0000000002dedec4 method=java.util.HashMap.putVal(ILjava/lang/Object;Ljava/lang/Object;ZZ)Ljava/lang/Object; @ 203
Event: 10.572 Thread 0x0000000056dc4000 Uncommon trap: reason=unstable_if action=reinterpret pc=0x00000000030627ac method=com.dx.util.CameraUtil.mat2BI(Lorg/opencv/core/Mat;)Ljava/awt/image/BufferedImage; @ 88
Event: 10.574 Thread 0x0000000056dc4000 Uncommon trap: reason=unstable_if action=reinterpret pc=0x0000000003060b44 method=sun.awt.image.ByteInterleavedRaster.putByteData(IIII[B)V @ 446

Internal exceptions (10 events):
Event: 4.147 Thread 0x0000000056912000 Exception <a 'java/lang/ArrayIndexOutOfBoundsException'> (0x00000000eb5547e0) thrown at [C:\re\workspace\8-2-build-windows-amd64-cygwin\jdk8u144\9417\hotspot\src\share\vm\runtime\sharedRuntime.cpp, line 605]
Event: 4.147 Thread 0x0000000056912000 Exception <a 'java/lang/ArrayIndexOutOfBoundsException'> (0x00000000eb555928) thrown at [C:\re\workspace\8-2-build-windows-amd64-cygwin\jdk8u144\9417\hotspot\src\share\vm\runtime\sharedRuntime.cpp, line 605]
Event: 4.147 Thread 0x0000000056912000 Exception <a 'java/lang/ArrayIndexOutOfBoundsException'> (0x00000000eb556cb0) thrown at [C:\re\workspace\8-2-build-windows-amd64-cygwin\jdk8u144\9417\hotspot\src\share\vm\runtime\sharedRuntime.cpp, line 605]
Event: 4.148 Thread 0x0000000056912000 Exception <a 'java/lang/ArrayIndexOutOfBoundsException'> (0x00000000eb5588e0) thrown at [C:\re\workspace\8-2-build-windows-amd64-cygwin\jdk8u144\9417\hotspot\src\share\vm\runtime\sharedRuntime.cpp, line 605]
Event: 4.152 Thread 0x0000000056912000 Exception <a 'java/lang/ArrayIndexOutOfBoundsException'> (0x00000000eb57f670) thrown at [C:\re\workspace\8-2-build-windows-amd64-cygwin\jdk8u144\9417\hotspot\src\share\vm\runtime\sharedRuntime.cpp, line 605]
Event: 4.152 Thread 0x0000000056912000 Exception <a 'java/lang/ArrayIndexOutOfBoundsException'> (0x00000000eb580ac0) thrown at [C:\re\workspace\8-2-build-windows-amd64-cygwin\jdk8u144\9417\hotspot\src\share\vm\runtime\sharedRuntime.cpp, line 605]
Event: 4.153 Thread 0x0000000056912000 Exception <a 'java/lang/ArrayIndexOutOfBoundsException'> (0x00000000eb582808) thrown at [C:\re\workspace\8-2-build-windows-amd64-cygwin\jdk8u144\9417\hotspot\src\share\vm\runtime\sharedRuntime.cpp, line 605]
Event: 4.157 Thread 0x0000000056912000 Exception <a 'java/lang/ArrayIndexOutOfBoundsException'> (0x00000000eb5a8738) thrown at [C:\re\workspace\8-2-build-windows-amd64-cygwin\jdk8u144\9417\hotspot\src\share\vm\runtime\sharedRuntime.cpp, line 605]
Event: 4.159 Thread 0x0000000056912000 Exception <a 'java/lang/ArrayIndexOutOfBoundsException'> (0x00000000eb5b6890) thrown at [C:\re\workspace\8-2-build-windows-amd64-cygwin\jdk8u144\9417\hotspot\src\share\vm\runtime\sharedRuntime.cpp, line 605]
Event: 4.297 Thread 0x0000000056dcd000 Implicit null exception at 0x0000000002d39d6b to 0x0000000002d39de1

Events (10 events):
Event: 30.033 Thread 0x0000000056285000 Thread exited: 0x0000000056285000
Event: 30.033 Thread 0x0000000056dc6800 Thread exited: 0x0000000056dc6800
Event: 30.033 Thread 0x0000000056a09000 Thread exited: 0x0000000056a09000
Event: 30.034 loading class java/util/Vector$Itr
Event: 30.034 loading class java/util/Vector$Itr done
Event: 30.035 Executing VM operation: ParallelGCFailedAllocation
Event: 30.036 Executing VM operation: ParallelGCFailedAllocation done
Event: 30.037 loading class sun/java2d/pipe/hw/AccelDeviceEventNotifier
Event: 30.037 loading class sun/java2d/pipe/hw/AccelDeviceEventNotifier done
Event: 30.039 Thread 0x0000000056286000 Thread exited: 0x0000000056286000


Dynamic libraries:
0x000000013f0f0000 - 0x000000013f127000 	C:\Program Files\Java\jre1.8.0_144\bin\javaw.exe
0x0000000076d00000 - 0x0000000076e9f000 	C:\Windows\SYSTEM32\ntdll.dll
0x0000000076ae0000 - 0x0000000076bff000 	C:\Windows\system32\kernel32.dll
0x000007fefc880000 - 0x000007fefc8ea000 	C:\Windows\system32\KERNELBASE.dll
0x000007fefd610000 - 0x000007fefd6eb000 	C:\Windows\system32\ADVAPI32.dll
0x000007fefda00000 - 0x000007fefda9f000 	C:\Windows\system32\msvcrt.dll
0x000007fefd550000 - 0x000007fefd56f000 	C:\Windows\SYSTEM32\sechost.dll
0x000007fefcc80000 - 0x000007fefcdac000 	C:\Windows\system32\RPCRT4.dll
0x0000000076c00000 - 0x0000000076cfa000 	C:\Windows\system32\USER32.dll
0x000007fefd6f0000 - 0x000007fefd757000 	C:\Windows\system32\GDI32.dll
0x000007fefcc20000 - 0x000007fefcc2e000 	C:\Windows\system32\LPK.dll
0x000007fefeba0000 - 0x000007fefec69000 	C:\Windows\system32\USP10.dll
0x000007fefb240000 - 0x000007fefb435000 	C:\Windows\WinSxS\amd64_microsoft.windows.common-controls_6595b64144ccf1df_6.0.7601.24380_none_e3731d0b30fb6b11\COMCTL32.dll
0x000007fefd370000 - 0x000007fefd3e1000 	C:\Windows\system32\SHLWAPI.dll
0x000007fefc620000 - 0x000007fefc677000 	C:\Windows\system32\apphelp.dll
0x000007fef1b00000 - 0x000007fef1b51000 	C:\Windows\AppPatch\AppPatch64\AcGenral.DLL
0x000007fefc430000 - 0x000007fefc455000 	C:\Windows\system32\SspiCli.dll
0x000007fefd800000 - 0x000007fefd9ff000 	C:\Windows\system32\ole32.dll
0x000007fefde10000 - 0x000007fefeb9b000 	C:\Windows\system32\SHELL32.dll
0x00000000719a0000 - 0x00000000719a3000 	C:\Windows\system32\sfc.dll
0x000007fef67f0000 - 0x000007fef6800000 	C:\Windows\system32\sfc_os.DLL
0x000007fefca60000 - 0x000007fefca7e000 	C:\Windows\system32\USERENV.dll
0x000007fefc860000 - 0x000007fefc86f000 	C:\Windows\system32\profapi.dll
0x000007fefa220000 - 0x000007fefa238000 	C:\Windows\system32\dwmapi.dll
0x000007fef6390000 - 0x000007fef63a8000 	C:\Windows\system32\MPR.dll
0x000007fefcc30000 - 0x000007fefcc5e000 	C:\Windows\system32\IMM32.DLL
0x000007fefcdb0000 - 0x000007fefceb9000 	C:\Windows\system32\MSCTF.dll
0x0000000070000000 - 0x00000000700d2000 	C:\Program Files\Java\jre1.8.0_144\bin\msvcr100.dll
0x0000000072b50000 - 0x00000000733ed000 	C:\Program Files\Java\jre1.8.0_144\bin\server\jvm.dll
0x000007fefab80000 - 0x000007fefab89000 	C:\Windows\system32\WSOCK32.dll
0x000007fefecd0000 - 0x000007fefed1d000 	C:\Windows\system32\WS2_32.dll
0x000007fefcc10000 - 0x000007fefcc18000 	C:\Windows\system32\NSI.dll
0x000007fef5a70000 - 0x000007fef5aab000 	C:\Windows\system32\WINMM.dll
0x000007fefb8d0000 - 0x000007fefb8dc000 	C:\Windows\system32\VERSION.dll
0x0000000076eb0000 - 0x0000000076eb7000 	C:\Windows\system32\PSAPI.DLL
0x0000000073760000 - 0x000000007376f000 	C:\Program Files\Java\jre1.8.0_144\bin\verify.dll
0x0000000073730000 - 0x0000000073759000 	C:\Program Files\Java\jre1.8.0_144\bin\java.dll
0x00000000736e0000 - 0x00000000736f6000 	C:\Program Files\Java\jre1.8.0_144\bin\zip.dll
0x000000006fe60000 - 0x000000006fff8000 	C:\Program Files\Java\jre1.8.0_144\bin\awt.dll
0x000007fefd3f0000 - 0x000007fefd4ca000 	C:\Windows\system32\OLEAUT32.dll
0x000007fefb060000 - 0x000007fefb0b6000 	C:\Windows\system32\uxtheme.dll
0x000007fef5ef0000 - 0x000007fef6213000 	C:\Windows\system32\PALMINPUTIME.IME
0x000007fef9590000 - 0x000007fef9597000 	C:\Windows\system32\MSIMG32.dll
0x000007fefa350000 - 0x000007fefa475000 	C:\Windows\system32\dbghelp.dll
0x000007fefae10000 - 0x000007fefae3d000 	C:\Windows\system32\ntmarta.dll
0x000007fefec70000 - 0x000007fefecc2000 	C:\Windows\system32\WLDAP32.dll
0x000007fefc680000 - 0x000007fefc68f000 	C:\Windows\system32\CRYPTBASE.dll
0x000007feee850000 - 0x000007feee96d000 	C:\Windows\system32\opengl32.dll
0x000007fef64e0000 - 0x000007fef650d000 	C:\Windows\system32\GLU32.dll
0x000007feee4b0000 - 0x000007feee5a1000 	C:\Windows\system32\DDRAW.dll
0x000007fef6700000 - 0x000007fef6708000 	C:\Windows\system32\DCIMAN32.dll
0x000007fefdc30000 - 0x000007fefde07000 	C:\Windows\system32\SETUPAPI.dll
0x000007fefc9e0000 - 0x000007fefca16000 	C:\Windows\system32\CFGMGR32.dll
0x000007fefc900000 - 0x000007fefc91a000 	C:\Windows\system32\DEVOBJ.dll
0x000007fee8b70000 - 0x000007fee8d6f000 	C:\Windows\system32\d3d9.dll
0x000007fef6710000 - 0x000007fef6717000 	C:\Windows\system32\d3d8thk.dll
0x000007fee54c0000 - 0x000007fee6558000 	C:\Windows\system32\nvd3dumx.dll
0x0000000070180000 - 0x00000000701b1000 	C:\Program Files\Java\jre1.8.0_144\bin\jpeg.dll
0x0000000070130000 - 0x0000000070177000 	C:\Program Files\Java\jre1.8.0_144\bin\fontmanager.dll
0x000007fefd760000 - 0x000007fefd7f9000 	C:\Windows\system32\CLBCatQ.DLL
0x000007fef9c40000 - 0x000007fef9da1000 	C:\Windows\system32\WindowsCodecs.dll
0x000007fef52a0000 - 0x000007fef52f6000 	C:\Users\Administrator\AppData\Local\Microsoft\OneDrive\17.3.4604.0120\amd64\FileSyncShell64.dll
0x000007fef51e0000 - 0x000007fef5287000 	C:\Users\Administrator\AppData\Local\Microsoft\OneDrive\17.3.4604.0120\amd64\MSVCP110.dll
0x000007fef5070000 - 0x000007fef513e000 	C:\Users\Administrator\AppData\Local\Microsoft\OneDrive\17.3.4604.0120\amd64\MSVCR110.dll
0x000007fefcec0000 - 0x000007fefd36c000 	C:\Windows\system32\WININET.dll
0x000007fefca80000 - 0x000007fefca84000 	C:\Windows\system32\api-ms-win-downlevel-user32-l1-1-0.dll
0x000007fefc920000 - 0x000007fefc924000 	C:\Windows\system32\api-ms-win-downlevel-shlwapi-l1-1-0.dll
0x000007fefc9d0000 - 0x000007fefc9d4000 	C:\Windows\system32\api-ms-win-downlevel-version-l1-1-0.dll
0x000007fefc870000 - 0x000007fefc873000 	C:\Windows\system32\api-ms-win-downlevel-normaliz-l1-1-0.dll
0x0000000076ea0000 - 0x0000000076ea3000 	C:\Windows\system32\normaliz.DLL
0x000007fefed20000 - 0x000007fefefea000 	C:\Windows\system32\iertutil.dll
0x000007fefc8f0000 - 0x000007fefc8f5000 	C:\Windows\system32\api-ms-win-downlevel-advapi32-l1-1-0.dll
0x00000000718a0000 - 0x00000000718c0000 	C:\Program Files\Common Files\TortoiseOverlays\TortoiseOverlays.dll
0x000007fefa520000 - 0x000007fefa523000 	C:\Windows\system32\api-ms-win-core-synch-l1-2-0.DLL
0x0000000071880000 - 0x000000007189b000 	C:\Program Files\TortoiseSVN\bin\TortoiseStub.dll
0x00000000712d0000 - 0x0000000071358000 	C:\Program Files\TortoiseSVN\bin\TortoiseSVN.dll
0x000007fef48b0000 - 0x000007fef4e5e000 	C:\Program Files\TortoiseSVN\bin\libsvn_tsvn.dll
0x0000000071840000 - 0x0000000071872000 	C:\Program Files\TortoiseSVN\bin\libapr_tsvn.dll
0x000007fefbf30000 - 0x000007fefbf85000 	C:\Windows\system32\MSWSOCK.dll
0x000007fef4890000 - 0x000007fef48a7000 	C:\Program Files\TortoiseSVN\bin\VCRUNTIME140.dll
0x000007fef4880000 - 0x000007fef4884000 	C:\Program Files\TortoiseSVN\bin\api-ms-win-crt-runtime-l1-1-0.dll
0x000007fef4780000 - 0x000007fef4874000 	C:\Windows\system32\ucrtbase.DLL
0x000007fef4770000 - 0x000007fef4773000 	C:\Windows\system32\api-ms-win-core-timezone-l1-1-0.dll
0x000007fef4760000 - 0x000007fef4763000 	C:\Windows\system32\api-ms-win-core-file-l2-1-0.dll
0x000007fef4750000 - 0x000007fef4753000 	C:\Windows\system32\api-ms-win-core-localization-l1-2-0.dll
0x000007fef4740000 - 0x000007fef4743000 	C:\Windows\system32\api-ms-win-core-processthreads-l1-1-1.dll
0x000007fef4730000 - 0x000007fef4733000 	C:\Windows\system32\api-ms-win-core-file-l1-2-0.dll
0x000007fef4720000 - 0x000007fef4724000 	C:\Program Files\TortoiseSVN\bin\api-ms-win-crt-string-l1-1-0.dll
0x000007fef4710000 - 0x000007fef4713000 	C:\Program Files\TortoiseSVN\bin\api-ms-win-crt-heap-l1-1-0.dll
0x000007fef4700000 - 0x000007fef4704000 	C:\Program Files\TortoiseSVN\bin\api-ms-win-crt-stdio-l1-1-0.dll
0x000007fef46f0000 - 0x000007fef46f4000 	C:\Program Files\TortoiseSVN\bin\api-ms-win-crt-convert-l1-1-0.dll
0x000007fef46e0000 - 0x000007fef46e3000 	C:\Program Files\TortoiseSVN\bin\api-ms-win-crt-conio-l1-1-0.dll
0x000007fef46d0000 - 0x000007fef46d3000 	C:\Program Files\TortoiseSVN\bin\api-ms-win-crt-utility-l1-1-0.dll
0x000007fef46c0000 - 0x000007fef46c5000 	C:\Program Files\TortoiseSVN\bin\api-ms-win-crt-math-l1-1-0.dll
0x000007fef46b0000 - 0x000007fef46b3000 	C:\Program Files\TortoiseSVN\bin\api-ms-win-crt-environment-l1-1-0.dll
0x000007fef46a0000 - 0x000007fef46a3000 	C:\Program Files\TortoiseSVN\bin\api-ms-win-crt-time-l1-1-0.dll
0x0000000071280000 - 0x00000000712c4000 	C:\Program Files\TortoiseSVN\bin\libaprutil_tsvn.dll
0x000007fef4680000 - 0x000007fef4692000 	C:\Program Files\TortoiseSVN\bin\intl3_tsvn.dll
0x000007fef4670000 - 0x000007fef4673000 	C:\Program Files\TortoiseSVN\bin\api-ms-win-crt-filesystem-l1-1-0.dll
0x000007fef4650000 - 0x000007fef466a000 	C:\Program Files\TortoiseSVN\bin\libsasl.dll
0x000007fefc2b0000 - 0x000007fefc2bb000 	C:\Windows\system32\Secur32.dll
0x000007fefca90000 - 0x000007fefcbfa000 	C:\Windows\system32\CRYPT32.dll
0x000007fefc850000 - 0x000007fefc85f000 	C:\Windows\system32\MSASN1.dll
0x000007fef4640000 - 0x000007fef4643000 	C:\Program Files\TortoiseSVN\bin\api-ms-win-crt-locale-l1-1-0.dll
0x000007fef45a0000 - 0x000007fef463e000 	C:\Program Files\TortoiseSVN\bin\MSVCP140.dll
0x000007fef4590000 - 0x000007fef4595000 	C:\Program Files\TortoiseSVN\bin\api-ms-win-crt-multibyte-l1-1-0.dll
0x000007fef4210000 - 0x000007fef457f000 	C:\Program Files (x86)\Microsoft Office\root\VFS\ProgramFilesX64\Microsoft Office\Office16\GROOVEEX.DLL
0x000007fef8be0000 - 0x000007fef8efe000 	C:\Windows\system32\msi.dll
0x000007fef24f0000 - 0x000007fef2d54000 	C:\Program Files (x86)\Microsoft Office\root\VFS\ProgramFilesX64\Microsoft Office\Office16\2052\GrooveIntlResource.dll
0x00000000736c0000 - 0x00000000736da000 	C:\Program Files\Java\jre1.8.0_144\bin\net.dll
0x000007fefbf20000 - 0x000007fefbf27000 	C:\Windows\System32\wship6.dll
0x00000000736a0000 - 0x00000000736b1000 	C:\Program Files\Java\jre1.8.0_144\bin\nio.dll
0x00000000700e0000 - 0x0000000070122000 	C:\Program Files\Java\jre1.8.0_144\bin\t2k.dll
0x0000000073660000 - 0x000000007366d000 	C:\Program Files\Java\jre1.8.0_144\bin\management.dll
0x000007fee27e0000 - 0x000007fee54b2000 	C:\Program Files\Java\jre1.8.0_144\bin\opencv_java341.dll
0x000007fef1170000 - 0x000007fef1199000 	C:\Windows\system32\MSVFW32.dll
0x000007fef11c0000 - 0x000007fef11df000 	C:\Windows\system32\AVIFIL32.dll
0x000007fef0b20000 - 0x000007fef0b38000 	C:\Windows\system32\MSACM32.dll
0x000007fef1150000 - 0x000007fef1167000 	C:\Windows\system32\AVICAP32.dll
0x000007fef1110000 - 0x000007fef1126000 	C:\Windows\system32\devenum.dll
0x000007fefca20000 - 0x000007fefca5a000 	C:\Windows\system32\WINTRUST.dll
0x000007fef6730000 - 0x000007fef673d000 	C:\Windows\system32\msdmo.dll
0x000007fef1010000 - 0x000007fef103f000 	C:\Windows\system32\qcap.dll
0x000007feee2f0000 - 0x000007feee4a3000 	C:\Windows\system32\quartz.dll
0x000007feee800000 - 0x000007feee841000 	C:\Windows\system32\ksproxy.ax
0x0000000071830000 - 0x0000000071836000 	C:\Windows\system32\ksuser.dll
0x000007fef6690000 - 0x000007fef669b000 	C:\Windows\system32\vidcap.ax
0x000007fef0fe0000 - 0x000007fef1004000 	C:\Windows\system32\kswdmcap.ax

VM Arguments:
jvm_args: -Dfile.encoding=GBK 
java_command: com.dx.FaceMainFrame
java_class_path (initial): C:\Program Files\Java\jre1.8.0_144\lib\resources.jar;C:\Program Files\Java\jre1.8.0_144\lib\rt.jar;C:\Program Files\Java\jre1.8.0_144\lib\jsse.jar;C:\Program Files\Java\jre1.8.0_144\lib\jce.jar;C:\Program Files\Java\jre1.8.0_144\lib\charsets.jar;C:\Program Files\Java\jre1.8.0_144\lib\jfr.jar;C:\Program Files\Java\jre1.8.0_144\lib\ext\access-bridge-64.jar;C:\Program Files\Java\jre1.8.0_144\lib\ext\cldrdata.jar;C:\Program Files\Java\jre1.8.0_144\lib\ext\dnsns.jar;C:\Program Files\Java\jre1.8.0_144\lib\ext\jaccess.jar;C:\Program Files\Java\jre1.8.0_144\lib\ext\jfxrt.jar;C:\Program Files\Java\jre1.8.0_144\lib\ext\localedata.jar;C:\Program Files\Java\jre1.8.0_144\lib\ext\nashorn.jar;C:\Program Files\Java\jre1.8.0_144\lib\ext\sunec.jar;C:\Program Files\Java\jre1.8.0_144\lib\ext\sunjce_provider.jar;C:\Program Files\Java\jre1.8.0_144\lib\ext\sunmscapi.jar;C:\Program Files\Java\jre1.8.0_144\lib\ext\sunpkcs11.jar;C:\Program Files\Java\jre1.8.0_144\lib\ext\zipfs.jar;D:\eclipse\workspace\FaceRecongnition\bin;D:\eclipse\workspace\FaceRecongnition\lib\dom4j-1.6.1.jar;D:\eclipse\workspace\FaceRecongnition\lib\fr-server-7.0.jar;D:\eclipse\workspace\FaceRecongnition\lib\fr-third-7.0.jar;D:\eclipse\workspace\FaceRecongnition\lib\jacob.jar;D:\eclipse\workspace\FaceRecongnition\lib\druid-1.1.10.jar;D:\eclipse\workspace\FaceRecongnition\lib\mysql-connector-java-5.1.38.jar;D:\eclipse\workspace\FaceRecongnition\lib\opencv-341.jar;D:\eclipse\workspace\FaceRecongnition\lib\commons-dbcp-1.4.jar;D:\eclipse\workspace\FaceRecongnition\lib\commons-pool-1.5.6.jar;D:\eclipse\workspace\FaceRecongnition\lib\lombok.jar;C:\Users\Administrator\.p2\pool\plugins\org.junit_4.12.0.v201504281640\junit.jar;C:\Users\Administrator\.p2\pool\plugins\org.hamcrest.core_1.3.0.v201303031735.jar
Launcher Type: SUN_STANDARD

Environment Variables:
JAVA_HOME=C:\Program Files\Java\jdk1.8.0_144
CLASSPATH=.;C:\Program Files\Java\jdk1.8.0_144\lib\dt.jar;C:\Program Files\Java\jdk1.8.0_144\lib\tools.jar;
PATH=C:/Program Files/Java/jre1.8.0_144/bin/server;C:/Program Files/Java/jre1.8.0_144/bin;C:/Program Files/Java/jre1.8.0_144/lib/amd64;C:\ProgramData\Oracle\Java\javapath;C:\Windows\system32;C:\Windows;C:\Windows\System32\Wbem;C:\Windows\System32\WindowsPowerShell\v1.0\;C:\strawberry\c\bin;C:\strawberry\perl\bin;C:\Python27;C:\Program Files\Java\jdk1.8.0_144\bin;C:\Program Files\Java\jdk1.8.0_144\jre\bin;D:\apache-maven-3.2.5\bin;C:\Program Files\TortoiseSVN\bin;D:\Program Files\Git\cmd;D:\Program Files\bandzip\;D:\eclipse\eclipse;
USERNAME=Administrator
OS=Windows_NT
PROCESSOR_IDENTIFIER=Intel64 Family 6 Model 60 Stepping 3, GenuineIntel



---------------  S Y S T E M  ---------------

OS: Windows 7 , 64 bit Build 7601 (6.1.7601.24387)

CPU:total 2 (initial active 2) (2 cores per cpu, 1 threads per core) family 6 model 60 stepping 3, cmov, cx8, fxsr, mmx, sse, sse2, sse3, ssse3, sse4.1, sse4.2, popcnt, clmul, erms, lzcnt, tsc, tscinvbit

Memory: 4k page, physical 4139892k(846756k free), swap 8277884k(1523556k free)

vm_info: Java HotSpot(TM) 64-Bit Server VM (25.144-b01) for windows-amd64 JRE (1.8.0_144-b01), built on Jul 21 2017 21:57:33 by "java_re" with MS VC++ 10.0 (VS2010)

time: Fri May 17 16:16:15 2019
elapsed time: 30 seconds (0d 0h 0m 30s)

