#
# A fatal error has been detected by the Java Runtime Environment:
#
#  EXCEPTION_ACCESS_VIOLATION (0xc0000005) at pc=0x00000000635df3e7, pid=4824, tid=0x00000000000005dc
#
# JRE version: Java(TM) SE Runtime Environment (8.0_144-b01) (build 1.8.0_144-b01)
# Java VM: Java HotSpot(TM) 64-Bit Server VM (25.144-b01 mixed mode windows-amd64 compressed oops)
# Problematic frame:
# V  [jvm.dll+0x13f3e7]
#
# Failed to write core dump. Minidumps are not enabled by default on client versions of Windows
#
# If you would like to submit a bug report, please visit:
#   http://bugreport.java.com/bugreport/crash.jsp
#

---------------  T H R E A D  ---------------

Current thread (0x0000000056976000):  JavaThread "Timer-0" [_thread_in_vm, id=1500, stack(0x0000000062c20000,0x0000000062d20000)]

siginfo: ExceptionCode=0xc0000005, reading address 0x0000000000000000

Registers:
RAX=0x0000000000000000, RBX=0x0000000056976000, RCX=0x0000000000000600, RDX=0x000000005696a130
RSP=0x0000000062d1e9b0, RBP=0x0000000000000000, RSI=0x000000005696a130, RDI=0x00000000f0c3fc01
R8 =0x0000000000000000, R9 =0x00000000f0c3fc20, R10=0x00000000000002a2, R11=0x0000000063caf4d8
R12=0x0000000000000000, R13=0x000000006a715f70, R14=0x0000000000000158, R15=0x0000000056976000
RIP=0x00000000635df3e7, EFLAGS=0x0000000000010206

Top of Stack: (sp=0x0000000062d1e9b0)
0x0000000062d1e9b0:   00002281940cd271 00000000027b7b10
0x0000000062d1e9c0:   00000000f0c3fc48 000000006a71c0a0
0x0000000062d1e9d0:   00000000f0c3fc48 0000000180001419
0x0000000062d1e9e0:   00000000c0e54438 0000000062d1ea60
0x0000000062d1e9f0:   000000006a71c0a0 00000000c0e54438
0x0000000062d1ea00:   0000000062d1ea80 0000000180002410
0x0000000062d1ea10:   0000000000000000 00000001800012c2
0x0000000062d1ea20:   0000000000000000 0000000180001289
0x0000000062d1ea30:   00000000c0e54438 0000000000000001
0x0000000062d1ea40:   0000000062d1ea40 0000000054612775
0x0000000062d1ea50:   0000000062d1eab0 0000000054612970
0x0000000062d1ea60:   0000000000000000 0000000054612798
0x0000000062d1ea70:   0000000000000000 00000000635982a1
0x0000000062d1ea80:   0000000062d1ea30 0000000000000000
0x0000000062d1ea90:   0000000000000000 0000000000000000
0x0000000062d1eaa0:   0000000062d1ea20 00000000027b08e2 

Instructions: (pc=0x00000000635df3e7)
0x00000000635df3c7:   00 00 00 30 74 08 48 8b cb e8 bb 38 10 00 c7 83
0x00000000635df3d7:   70 02 00 00 06 00 00 00 40 b7 01 48 85 f6 74 60
0x00000000635df3e7:   48 8b 4d 00 40 32 ff e8 bd 93 f2 ff 48 8b d0 48
0x00000000635df3f7:   85 c0 74 4c 40 38 3d df f0 6c 00 4c 8b 06 74 16 


Register to memory mapping:

RAX=0x0000000000000000 is an unknown value
RBX=0x0000000056976000 is a thread
RCX=0x0000000000000600 is an unknown value
RDX=0x000000005696a130 is an unknown value
RSP=0x0000000062d1e9b0 is pointing into the stack for thread: 0x0000000056976000
RBP=0x0000000000000000 is an unknown value
RSI=0x000000005696a130 is an unknown value
RDI=0x00000000f0c3fc01 is an unknown value
R8 =0x0000000000000000 is an unknown value
R9 =0x00000000f0c3fc20 is an oop
[Ljava.lang.Object; 
 - klass: 'java/lang/Object'[]
 - length: 1
R10=0x00000000000002a2 is an unknown value
R11=0x0000000063caf4d8 is an unknown value
R12=0x0000000000000000 is an unknown value
R13=0x000000006a715f70 is pointing into metadata
R14=0x0000000000000158 is an unknown value
R15=0x0000000056976000 is a thread


Stack: [0x0000000062c20000,0x0000000062d20000],  sp=0x0000000062d1e9b0,  free space=1018k
Native frames: (J=compiled Java code, j=interpreted, Vv=VM code, C=native code)

Java frames: (J=compiled Java code, j=interpreted, Vv=VM code)
J 1775  com.sun.jna.Function.invokeInt(I[Ljava/lang/Object;)I (0 bytes) @ 0x0000000002be4b0f [0x0000000002be4ac0+0x4f]
J 1916 C1 com.sun.jna.Function.invoke([Ljava/lang/Object;Ljava/lang/Class;Z)Ljava/lang/Object; (1125 bytes) @ 0x0000000002dba874 [0x0000000002db4540+0x6334]
J 1767 C1 com.sun.jna.Function.invoke(Ljava/lang/Class;[Ljava/lang/Object;Ljava/util/Map;)Ljava/lang/Object; (526 bytes) @ 0x0000000002c1e6ec [0x0000000002c1d480+0x126c]
J 1766 C1 com.sun.jna.Library$Handler.invoke(Ljava/lang/Object;Ljava/lang/reflect/Method;[Ljava/lang/Object;)Ljava/lang/Object; (345 bytes) @ 0x0000000002bf0264 [0x0000000002bee100+0x2164]
j  com.sun.proxy.$Proxy0.GetIDNum([B)I+16
j  com.dx.Person.showInfo()I+73
j  com.dx.Person.doRead()Lcom/dx/pojo/PersonCard;+38
j  com.dx.Person.setPersonCards()V+2
j  com.dx.Person$1.run()V+4
j  java.util.TimerThread.mainLoop()V+221
j  java.util.TimerThread.run()V+1
v  ~StubRoutines::call_stub

---------------  P R O C E S S  ---------------

Java Threads: ( => current thread )
  0x0000000056fa5000 JavaThread "TimerQueue" daemon [_thread_blocked, id=1172, stack(0x000000006bf70000,0x000000006c070000)]
  0x00000000563ba000 JavaThread "Druid-ConnectionPool-Destroy-814189737" daemon [_thread_blocked, id=5624, stack(0x000000006a310000,0x000000006a410000)]
  0x00000000563b9800 JavaThread "Druid-ConnectionPool-Create-814189737" daemon [_thread_blocked, id=1536, stack(0x000000006a490000,0x000000006a590000)]
  0x000000000056e800 JavaThread "DestroyJavaVM" [_thread_blocked, id=4516, stack(0x00000000026b0000,0x00000000027b0000)]
  0x0000000056a84800 JavaThread "AWT-EventQueue-0" [_thread_blocked, id=4960, stack(0x00000000644d0000,0x00000000645d0000)]
  0x00000000569bf800 JavaThread "AWT-Shutdown" [_thread_blocked, id=3632, stack(0x0000000064300000,0x0000000064400000)]
=>0x0000000056976000 JavaThread "Timer-0" [_thread_in_vm, id=1500, stack(0x0000000062c20000,0x0000000062d20000)]
  0x0000000056923800 JavaThread "cameraThread" daemon [_thread_in_native, id=3148, stack(0x0000000062230000,0x0000000062330000)]
  0x00000000568d5000 JavaThread "Java2D Disposer" daemon [_thread_blocked, id=5896, stack(0x0000000056490000,0x0000000056590000)]
  0x00000000560d0800 JavaThread "Service Thread" daemon [_thread_blocked, id=4300, stack(0x0000000056590000,0x0000000056690000)]
  0x0000000054ce0000 JavaThread "C1 CompilerThread1" daemon [_thread_blocked, id=820, stack(0x0000000055f90000,0x0000000056090000)]
  0x0000000054cbc000 JavaThread "C2 CompilerThread0" daemon [_thread_blocked, id=2392, stack(0x0000000055e00000,0x0000000055f00000)]
  0x0000000054cba800 JavaThread "Attach Listener" daemon [_thread_blocked, id=3596, stack(0x0000000055cb0000,0x0000000055db0000)]
  0x0000000054ca6000 JavaThread "Signal Dispatcher" daemon [_thread_blocked, id=5856, stack(0x0000000055a40000,0x0000000055b40000)]
  0x0000000054c90800 JavaThread "Finalizer" daemon [_thread_blocked, id=4388, stack(0x0000000055850000,0x0000000055950000)]
  0x0000000054c47000 JavaThread "Reference Handler" daemon [_thread_blocked, id=3488, stack(0x00000000555f0000,0x00000000556f0000)]

Other Threads:
  0x0000000054c3f000 VMThread [stack: 0x00000000556f0000,0x00000000557f0000] [id=5788]
  0x0000000054d0f000 WatcherThread [stack: 0x0000000056740000,0x0000000056840000] [id=5264]

VM state:not at safepoint (normal execution)

VM Mutex/Monitor currently owned by a thread: None

Heap:
 PSYoungGen      total 335360K, used 216988K [0x00000000eaf00000, 0x0000000100000000, 0x0000000100000000)
  eden space 325632K, 66% used [0x00000000eaf00000,0x00000000f82e7070,0x00000000fed00000)
  from space 9728K, 0% used [0x00000000ff680000,0x00000000ff680000,0x0000000100000000)
  to   space 9728K, 0% used [0x00000000fed00000,0x00000000fed00000,0x00000000ff680000)
 ParOldGen       total 645632K, used 23450K [0x00000000c0c00000, 0x00000000e8280000, 0x00000000eaf00000)
  object space 645632K, 3% used [0x00000000c0c00000,0x00000000c22e6930,0x00000000e8280000)
 Metaspace       used 18881K, capacity 19190K, committed 19456K, reserved 1067008K
  class space    used 2108K, capacity 2207K, committed 2304K, reserved 1048576K

Card table byte_map: [0x0000000011b70000,0x0000000011d70000] byte_map_base: 0x000000001156a000

Marking Bits: (ParMarkBitMap*) 0x0000000063cbd850
 Begin Bits: [0x0000000012170000, 0x0000000013140000)
 End Bits:   [0x0000000013140000, 0x0000000014110000)

Polling page: 0x0000000000550000

CodeCache: size=245760Kb used=8286Kb max_used=8294Kb free=237473Kb
 bounds [0x00000000027b0000, 0x0000000002fe0000, 0x00000000117b0000]
 total_blobs=3127 nmethods=2402 adapters=637
 compilation: enabled

Compilation events (10 events):
Event: 131.409 Thread 0x0000000054ce0000 2666       3       java.util.regex.Pattern::access$200 (7 bytes)
Event: 131.409 Thread 0x0000000054ce0000 nmethod 2666 0x0000000002c92050 code [0x0000000002c921c0, 0x0000000002c923f0]
Event: 131.803 Thread 0x0000000054ce0000 2668  s    3       java.util.Hashtable::containsKey (65 bytes)
Event: 131.804 Thread 0x0000000054ce0000 nmethod 2668 0x0000000002c91250 code [0x0000000002c913e0, 0x0000000002c919f8]
Event: 131.804 Thread 0x0000000054ce0000 2669       1       java.util.concurrent.CopyOnWriteArrayList::getArray (5 bytes)
Event: 131.804 Thread 0x0000000054ce0000 nmethod 2669 0x0000000002afea10 code [0x0000000002afeb60, 0x0000000002afec70]
Event: 131.804 Thread 0x0000000054ce0000 2670       3       java.util.Hashtable$Enumerator::hasMoreElements (53 bytes)
Event: 131.805 Thread 0x0000000054ce0000 nmethod 2670 0x0000000002c90cd0 code [0x0000000002c90e40, 0x0000000002c91110]
Event: 131.805 Thread 0x0000000054ce0000 2671       3       java.util.Hashtable$Enumerator::nextElement (111 bytes)
Event: 131.805 Thread 0x0000000054ce0000 nmethod 2671 0x0000000002fc4550 code [0x0000000002fc46e0, 0x0000000002fc4b08]

GC Heap History (10 events):
Event: 126.314 GC heap before
{Heap before GC invocations=116 (full 23):
 PSYoungGen      total 335872K, used 328708K [0x00000000eaf00000, 0x0000000100000000, 0x0000000100000000)
  eden space 326656K, 98% used [0x00000000eaf00000,0x00000000fe9fa660,0x00000000fee00000)
  from space 9216K, 66% used [0x00000000ff700000,0x00000000ffd06c10,0x0000000100000000)
  to   space 9216K, 0% used [0x00000000fee00000,0x00000000fee00000,0x00000000ff700000)
 ParOldGen       total 590336K, used 37203K [0x00000000c0c00000, 0x00000000e4c80000, 0x00000000eaf00000)
  object space 590336K, 6% used [0x00000000c0c00000,0x00000000c3054fc0,0x00000000e4c80000)
 Metaspace       used 18824K, capacity 19126K, committed 19456K, reserved 1067008K
  class space    used 2105K, capacity 2207K, committed 2304K, reserved 1048576K
Event: 126.337 GC heap after
Heap after GC invocations=116 (full 23):
 PSYoungGen      total 335872K, used 6171K [0x00000000eaf00000, 0x0000000100000000, 0x0000000100000000)
  eden space 326656K, 0% used [0x00000000eaf00000,0x00000000eaf00000,0x00000000fee00000)
  from space 9216K, 66% used [0x00000000fee00000,0x00000000ff406c10,0x00000000ff700000)
  to   space 9216K, 0% used [0x00000000ff700000,0x00000000ff700000,0x0000000100000000)
 ParOldGen       total 590336K, used 49361K [0x00000000c0c00000, 0x00000000e4c80000, 0x00000000eaf00000)
  object space 590336K, 8% used [0x00000000c0c00000,0x00000000c3c347e0,0x00000000e4c80000)
 Metaspace       used 18824K, capacity 19126K, committed 19456K, reserved 1067008K
  class space    used 2105K, capacity 2207K, committed 2304K, reserved 1048576K
}
Event: 127.216 GC heap before
{Heap before GC invocations=117 (full 23):
 PSYoungGen      total 335872K, used 329032K [0x00000000eaf00000, 0x0000000100000000, 0x0000000100000000)
  eden space 326656K, 98% used [0x00000000eaf00000,0x00000000fea4b440,0x00000000fee00000)
  from space 9216K, 66% used [0x00000000fee00000,0x00000000ff406c10,0x00000000ff700000)
  to   space 9216K, 0% used [0x00000000ff700000,0x00000000ff700000,0x0000000100000000)
 ParOldGen       total 590336K, used 55436K [0x00000000c0c00000, 0x00000000e4c80000, 0x00000000eaf00000)
  object space 590336K, 9% used [0x00000000c0c00000,0x00000000c42233f0,0x00000000e4c80000)
 Metaspace       used 18829K, capacity 19126K, committed 19456K, reserved 1067008K
  class space    used 2105K, capacity 2207K, committed 2304K, reserved 1048576K
Event: 127.220 GC heap after
Heap after GC invocations=117 (full 23):
 PSYoungGen      total 335872K, used 6139K [0x00000000eaf00000, 0x0000000100000000, 0x0000000100000000)
  eden space 326656K, 0% used [0x00000000eaf00000,0x00000000eaf00000,0x00000000fee00000)
  from space 9216K, 66% used [0x00000000ff700000,0x00000000ffcfec10,0x0000000100000000)
  to   space 9216K, 0% used [0x00000000fee00000,0x00000000fee00000,0x00000000ff700000)
 ParOldGen       total 590336K, used 55436K [0x00000000c0c00000, 0x00000000e4c80000, 0x00000000eaf00000)
  object space 590336K, 9% used [0x00000000c0c00000,0x00000000c42233f0,0x00000000e4c80000)
 Metaspace       used 18829K, capacity 19126K, committed 19456K, reserved 1067008K
  class space    used 2105K, capacity 2207K, committed 2304K, reserved 1048576K
}
Event: 129.189 GC heap before
{Heap before GC invocations=118 (full 23):
 PSYoungGen      total 335872K, used 329054K [0x00000000eaf00000, 0x0000000100000000, 0x0000000100000000)
  eden space 326656K, 98% used [0x00000000eaf00000,0x00000000fea58cf8,0x00000000fee00000)
  from space 9216K, 66% used [0x00000000ff700000,0x00000000ffcfec10,0x0000000100000000)
  to   space 9216K, 0% used [0x00000000fee00000,0x00000000fee00000,0x00000000ff700000)
 ParOldGen       total 590336K, used 438162K [0x00000000c0c00000, 0x00000000e4c80000, 0x00000000eaf00000)
  object space 590336K, 74% used [0x00000000c0c00000,0x00000000db7e4be0,0x00000000e4c80000)
 Metaspace       used 18842K, capacity 19190K, committed 19456K, reserved 1067008K
  class space    used 2105K, capacity 2207K, committed 2304K, reserved 1048576K
Event: 129.199 GC heap after
Heap after GC invocations=118 (full 23):
 PSYoungGen      total 327168K, used 64K [0x00000000eaf00000, 0x0000000100000000, 0x0000000100000000)
  eden space 326656K, 0% used [0x00000000eaf00000,0x00000000eaf00000,0x00000000fee00000)
  from space 512K, 12% used [0x00000000fee00000,0x00000000fee10000,0x00000000fee80000)
  to   space 9728K, 0% used [0x00000000ff680000,0x00000000ff680000,0x0000000100000000)
 ParOldGen       total 590336K, used 438162K [0x00000000c0c00000, 0x00000000e4c80000, 0x00000000eaf00000)
  object space 590336K, 74% used [0x00000000c0c00000,0x00000000db7e4be0,0x00000000e4c80000)
 Metaspace       used 18842K, capacity 19190K, committed 19456K, reserved 1067008K
  class space    used 2105K, capacity 2207K, committed 2304K, reserved 1048576K
}
Event: 130.112 GC heap before
{Heap before GC invocations=119 (full 23):
 PSYoungGen      total 327168K, used 322581K [0x00000000eaf00000, 0x0000000100000000, 0x0000000100000000)
  eden space 326656K, 98% used [0x00000000eaf00000,0x00000000fe9f5550,0x00000000fee00000)
  from space 512K, 12% used [0x00000000fee00000,0x00000000fee10000,0x00000000fee80000)
  to   space 9728K, 0% used [0x00000000ff680000,0x00000000ff680000,0x0000000100000000)
 ParOldGen       total 590336K, used 444237K [0x00000000c0c00000, 0x00000000e4c80000, 0x00000000eaf00000)
  object space 590336K, 75% used [0x00000000c0c00000,0x00000000dbdd37f0,0x00000000e4c80000)
 Metaspace       used 18842K, capacity 19190K, committed 19456K, reserved 1067008K
  class space    used 2105K, capacity 2207K, committed 2304K, reserved 1048576K
Event: 130.117 GC heap after
Heap after GC invocations=119 (full 23):
 PSYoungGen      total 335360K, used 6171K [0x00000000eaf00000, 0x0000000100000000, 0x0000000100000000)
  eden space 325632K, 0% used [0x00000000eaf00000,0x00000000eaf00000,0x00000000fed00000)
  from space 9728K, 63% used [0x00000000ff680000,0x00000000ffc86c10,0x0000000100000000)
  to   space 9728K, 0% used [0x00000000fed00000,0x00000000fed00000,0x00000000ff680000)
 ParOldGen       total 590336K, used 450313K [0x00000000c0c00000, 0x00000000e4c80000, 0x00000000eaf00000)
  object space 590336K, 76% used [0x00000000c0c00000,0x00000000dc3c2400,0x00000000e4c80000)
 Metaspace       used 18842K, capacity 19190K, committed 19456K, reserved 1067008K
  class space    used 2105K, capacity 2207K, committed 2304K, reserved 1048576K
}
Event: 131.648 GC heap before
{Heap before GC invocations=120 (full 24):
 PSYoungGen      total 335360K, used 328880K [0x00000000eaf00000, 0x0000000100000000, 0x0000000100000000)
  eden space 325632K, 99% used [0x00000000eaf00000,0x00000000fea25650,0x00000000fed00000)
  from space 9728K, 63% used [0x00000000ff680000,0x00000000ffc86c10,0x0000000100000000)
  to   space 9728K, 0% used [0x00000000fed00000,0x00000000fed00000,0x00000000ff680000)
 ParOldGen       total 691200K, used 687238K [0x00000000c0c00000, 0x00000000eaf00000, 0x00000000eaf00000)
  object space 691200K, 99% used [0x00000000c0c00000,0x00000000eab21a70,0x00000000eaf00000)
 Metaspace       used 18844K, capacity 19190K, committed 19456K, reserved 1067008K
  class space    used 2105K, capacity 2207K, committed 2304K, reserved 1048576K
Event: 131.708 GC heap after
Heap after GC invocations=120 (full 24):
 PSYoungGen      total 335360K, used 0K [0x00000000eaf00000, 0x0000000100000000, 0x0000000100000000)
  eden space 325632K, 0% used [0x00000000eaf00000,0x00000000eaf00000,0x00000000fed00000)
  from space 9728K, 0% used [0x00000000ff680000,0x00000000ff680000,0x0000000100000000)
  to   space 9728K, 0% used [0x00000000fed00000,0x00000000fed00000,0x00000000ff680000)
 ParOldGen       total 645632K, used 23450K [0x00000000c0c00000, 0x00000000e8280000, 0x00000000eaf00000)
  object space 645632K, 3% used [0x00000000c0c00000,0x00000000c22e6930,0x00000000e8280000)
 Metaspace       used 18844K, capacity 19190K, committed 19456K, reserved 1067008K
  class space    used 2105K, capacity 2207K, committed 2304K, reserved 1048576K
}

Deoptimization events (10 events):
Event: 68.870 Thread 0x0000000056a84800 Uncommon trap: reason=predicate action=maybe_recompile pc=0x0000000002c406a8 method=sun.font.CompositeGlyphMapper.convertToGlyph(I)I @ 13
Event: 68.871 Thread 0x0000000056a84800 Uncommon trap: reason=unstable_if action=reinterpret pc=0x0000000002aad8c8 method=sun.font.CMap.getControlCodeGlyph(IZ)I @ 50
Event: 68.871 Thread 0x0000000056a84800 Uncommon trap: reason=unstable_if action=reinterpret pc=0x0000000002e92420 method=sun.font.FileFontStrike.getGlyphAdvance(IZ)F @ 168
Event: 102.816 Thread 0x0000000056a84800 Uncommon trap: reason=unstable_if action=reinterpret pc=0x0000000002e84c90 method=sun.java2d.SunGraphics2D.validateColor()V @ 38
Event: 102.816 Thread 0x0000000056a84800 Uncommon trap: reason=unstable_if action=reinterpret pc=0x0000000002e9e7ec method=sun.java2d.SunGraphics2D.validateColor()V @ 38
Event: 102.817 Thread 0x0000000056a84800 Uncommon trap: reason=unstable_if action=reinterpret pc=0x0000000002ab19b8 method=sun.java2d.d3d.D3DSurfaceData.validatePipe(Lsun/java2d/SunGraphics2D;)V @ 46
Event: 102.817 Thread 0x0000000056a84800 Uncommon trap: reason=null_assert action=make_not_entrant pc=0x0000000002ea1d7c method=sun.java2d.pipe.BufferedPaints.setPaint(Lsun/java2d/pipe/RenderQueue;Lsun/java2d/SunGraphics2D;Ljava/awt/Paint;I)V @ 71
Event: 105.914 Thread 0x0000000056a84800 Uncommon trap: reason=unstable_if action=reinterpret pc=0x0000000002f38c44 method=java.awt.Component.notifyNewBounds(ZZ)V @ 26
Event: 107.325 Thread 0x0000000056a84800 Uncommon trap: reason=unstable_if action=reinterpret pc=0x0000000002b92c90 method=sun.java2d.pipe.Region.dimAdd(II)I @ 1
Event: 116.260 Thread 0x0000000056a84800 Uncommon trap: reason=unstable_if action=reinterpret pc=0x0000000002f718e8 method=java.awt.Container.getMouseEventTargetImpl(IIZLjava/awt/Container$EventTargetFilter;ZZ)Ljava/awt/Component; @ 218

Internal exceptions (10 events):
Event: 3.042 Thread 0x0000000056a84800 Implicit null exception at 0x0000000002a7f701 to 0x0000000002a7f961
Event: 8.520 Thread 0x0000000056923800 Exception <a 'java/lang/ArrayIndexOutOfBoundsException': 71> (0x00000000eb601390) thrown at [C:\re\workspace\8-2-build-windows-amd64-cygwin\jdk8u144\9417\hotspot\src\share\vm\interpreter\interpreterRuntime.cpp, line 366]
Event: 8.520 Thread 0x0000000056923800 Exception <a 'java/lang/ArrayIndexOutOfBoundsException': 18> (0x00000000eb602108) thrown at [C:\re\workspace\8-2-build-windows-amd64-cygwin\jdk8u144\9417\hotspot\src\share\vm\interpreter\interpreterRuntime.cpp, line 366]
Event: 8.520 Thread 0x0000000056923800 Exception <a 'java/lang/ArrayIndexOutOfBoundsException': 60> (0x00000000eb6032a8) thrown at [C:\re\workspace\8-2-build-windows-amd64-cygwin\jdk8u144\9417\hotspot\src\share\vm\interpreter\interpreterRuntime.cpp, line 366]
Event: 8.521 Thread 0x0000000056923800 Exception <a 'java/lang/ArrayIndexOutOfBoundsException': 71> (0x00000000eb604c10) thrown at [C:\re\workspace\8-2-build-windows-amd64-cygwin\jdk8u144\9417\hotspot\src\share\vm\interpreter\interpreterRuntime.cpp, line 366]
Event: 8.528 Thread 0x0000000056923800 Exception <a 'java/lang/ArrayIndexOutOfBoundsException': 38> (0x00000000eb62b488) thrown at [C:\re\workspace\8-2-build-windows-amd64-cygwin\jdk8u144\9417\hotspot\src\share\vm\interpreter\interpreterRuntime.cpp, line 366]
Event: 8.528 Thread 0x0000000056923800 Exception <a 'java/lang/ArrayIndexOutOfBoundsException': 67> (0x00000000eb62c6f0) thrown at [C:\re\workspace\8-2-build-windows-amd64-cygwin\jdk8u144\9417\hotspot\src\share\vm\interpreter\interpreterRuntime.cpp, line 366]
Event: 8.528 Thread 0x0000000056923800 Exception <a 'java/lang/ArrayIndexOutOfBoundsException': 55> (0x00000000eb62e250) thrown at [C:\re\workspace\8-2-build-windows-amd64-cygwin\jdk8u144\9417\hotspot\src\share\vm\interpreter\interpreterRuntime.cpp, line 366]
Event: 8.535 Thread 0x0000000056923800 Exception <a 'java/lang/ArrayIndexOutOfBoundsException': 38> (0x00000000eb653ee0) thrown at [C:\re\workspace\8-2-build-windows-amd64-cygwin\jdk8u144\9417\hotspot\src\share\vm\interpreter\interpreterRuntime.cpp, line 366]
Event: 8.537 Thread 0x0000000056923800 Exception <a 'java/lang/ArrayIndexOutOfBoundsException': 49> (0x00000000eb661e08) thrown at [C:\re\workspace\8-2-build-windows-amd64-cygwin\jdk8u144\9417\hotspot\src\share\vm\interpreter\interpreterRuntime.cpp, line 366]

Events (10 events):
Event: 131.802 loading class sun/java2d/pipe/hw/AccelDeviceEventNotifier
Event: 131.803 Thread 0x0000000056fa7800 Thread exited: 0x0000000056fa7800
Event: 131.804 Executing VM operation: RevokeBias
Event: 131.804 Executing VM operation: RevokeBias done
Event: 131.804 Executing VM operation: RevokeBias
Event: 131.804 Executing VM operation: RevokeBias done
Event: 131.805 Thread 0x0000000056fa9000 Thread exited: 0x0000000056fa9000
Event: 131.812 loading class java/lang/Process done
Event: 131.812 loading class java/lang/ProcessImpl done
Event: 131.817 loading class sun/java2d/pipe/hw/AccelDeviceEventNotifier done


Dynamic libraries:
0x000000013f110000 - 0x000000013f147000 	C:\Program Files\Java\jdk1.8.0_144\bin\javaw.exe
0x0000000076f90000 - 0x000000007712f000 	C:\Windows\SYSTEM32\ntdll.dll
0x0000000076e70000 - 0x0000000076f8f000 	C:\Windows\system32\kernel32.dll
0x000007fefcb50000 - 0x000007fefcbba000 	C:\Windows\system32\KERNELBASE.dll
0x000007fefd090000 - 0x000007fefd16b000 	C:\Windows\system32\ADVAPI32.dll
0x000007fefeb10000 - 0x000007fefebaf000 	C:\Windows\system32\msvcrt.dll
0x000007feff1e0000 - 0x000007feff1ff000 	C:\Windows\SYSTEM32\sechost.dll
0x000007fefcf60000 - 0x000007fefd08c000 	C:\Windows\system32\RPCRT4.dll
0x0000000076d70000 - 0x0000000076e6a000 	C:\Windows\system32\USER32.dll
0x000007fefdf00000 - 0x000007fefdf67000 	C:\Windows\system32\GDI32.dll
0x000007feff1a0000 - 0x000007feff1ae000 	C:\Windows\system32\LPK.dll
0x000007fefe950000 - 0x000007fefea19000 	C:\Windows\system32\USP10.dll
0x000007fefaf90000 - 0x000007fefb185000 	C:\Windows\WinSxS\amd64_microsoft.windows.common-controls_6595b64144ccf1df_6.0.7601.24380_none_e3731d0b30fb6b11\COMCTL32.dll
0x000007feff010000 - 0x000007feff081000 	C:\Windows\system32\SHLWAPI.dll
0x000007fefc8b0000 - 0x000007fefc907000 	C:\Windows\system32\apphelp.dll
0x000007fef08d0000 - 0x000007fef0921000 	C:\Windows\AppPatch\AppPatch64\AcGenral.DLL
0x000007fefc870000 - 0x000007fefc895000 	C:\Windows\system32\SspiCli.dll
0x000007fefe6b0000 - 0x000007fefe8af000 	C:\Windows\system32\ole32.dll
0x000007fefd170000 - 0x000007fefdefb000 	C:\Windows\system32\SHELL32.dll
0x0000000071b40000 - 0x0000000071b43000 	C:\Windows\system32\sfc.dll
0x000007fef0dc0000 - 0x000007fef0dd0000 	C:\Windows\system32\sfc_os.DLL
0x000007fefcd80000 - 0x000007fefcd9e000 	C:\Windows\system32\USERENV.dll
0x000007fefcae0000 - 0x000007fefcaef000 	C:\Windows\system32\profapi.dll
0x000007fefa6a0000 - 0x000007fefa6b8000 	C:\Windows\system32\dwmapi.dll
0x000007fef09b0000 - 0x000007fef09c8000 	C:\Windows\system32\MPR.dll
0x000007feff1b0000 - 0x000007feff1de000 	C:\Windows\system32\IMM32.DLL
0x000007feff090000 - 0x000007feff199000 	C:\Windows\system32\MSCTF.dll
0x000000006cbe0000 - 0x000000006ccb2000 	C:\Program Files\Java\jdk1.8.0_144\jre\bin\msvcr100.dll
0x00000000634a0000 - 0x0000000063d3d000 	C:\Program Files\Java\jdk1.8.0_144\jre\bin\server\jvm.dll
0x000007fef08c0000 - 0x000007fef08c9000 	C:\Windows\system32\WSOCK32.dll
0x000007fefe600000 - 0x000007fefe64d000 	C:\Windows\system32\WS2_32.dll
0x000007fefeb00000 - 0x000007fefeb08000 	C:\Windows\system32\NSI.dll
0x000007feeffe0000 - 0x000007fef001b000 	C:\Windows\system32\WINMM.dll
0x000007fefbb60000 - 0x000007fefbb6c000 	C:\Windows\system32\VERSION.dll
0x0000000077140000 - 0x0000000077147000 	C:\Windows\system32\PSAPI.DLL
0x000000006d5f0000 - 0x000000006d5ff000 	C:\Program Files\Java\jdk1.8.0_144\jre\bin\verify.dll
0x000000006d5c0000 - 0x000000006d5e9000 	C:\Program Files\Java\jdk1.8.0_144\jre\bin\java.dll
0x000000006d5a0000 - 0x000000006d5b6000 	C:\Program Files\Java\jdk1.8.0_144\jre\bin\zip.dll
0x0000000069aa0000 - 0x0000000069c38000 	C:\Program Files\Java\jdk1.8.0_144\jre\bin\awt.dll
0x000007fefea20000 - 0x000007fefeafa000 	C:\Windows\system32\OLEAUT32.dll
0x000007fee90c0000 - 0x000007fee91dd000 	C:\Windows\system32\opengl32.dll
0x000007feeb3d0000 - 0x000007feeb3fd000 	C:\Windows\system32\GLU32.dll
0x000007fee8fc0000 - 0x000007fee90b1000 	C:\Windows\system32\DDRAW.dll
0x000007fefb8d0000 - 0x000007fefb8d8000 	C:\Windows\system32\DCIMAN32.dll
0x000007fefe420000 - 0x000007fefe5f7000 	C:\Windows\system32\SETUPAPI.dll
0x000007fefcbc0000 - 0x000007fefcbf6000 	C:\Windows\system32\CFGMGR32.dll
0x000007fefce60000 - 0x000007fefce7a000 	C:\Windows\system32\DEVOBJ.dll
0x000007fefaee0000 - 0x000007fefaf36000 	C:\Windows\system32\uxtheme.dll
0x000007fef0100000 - 0x000007fef0423000 	C:\Windows\system32\PALMINPUTIME.IME
0x000007fefa030000 - 0x000007fefa037000 	C:\Windows\system32\MSIMG32.dll
0x000007fefb2a0000 - 0x000007fefb3c5000 	C:\Windows\system32\dbghelp.dll
0x000007fefb3f0000 - 0x000007fefb41d000 	C:\Windows\system32\ntmarta.dll
0x000007fefe650000 - 0x000007fefe6a2000 	C:\Windows\system32\WLDAP32.dll
0x000007fefc910000 - 0x000007fefc91f000 	C:\Windows\system32\CRYPTBASE.dll
0x000007fee5660000 - 0x000007fee585f000 	C:\Windows\system32\d3d9.dll
0x000007feebe90000 - 0x000007feebe97000 	C:\Windows\system32\d3d8thk.dll
0x000007fede010000 - 0x000007fee0ce2000 	D:\eclipse\workspace\FaceRecongnition\opencv_java341.dll
0x000007feeb990000 - 0x000007feeb9b9000 	C:\Windows\system32\MSVFW32.dll
0x000007feeb9d0000 - 0x000007feeb9ef000 	C:\Windows\system32\AVIFIL32.dll
0x000007feeb040000 - 0x000007feeb058000 	C:\Windows\system32\MSACM32.dll
0x000007fef0fa0000 - 0x000007fef0fb7000 	C:\Windows\system32\AVICAP32.dll
0x000007fefb3e0000 - 0x000007fefb3e3000 	C:\Windows\system32\api-ms-win-core-synch-l1-2-0.DLL
0x000007fefe8b0000 - 0x000007fefe949000 	C:\Windows\system32\CLBCatQ.DLL
0x000007feeb8c0000 - 0x000007feeb8d6000 	C:\Windows\system32\devenum.dll
0x000007fefcb10000 - 0x000007fefcb4a000 	C:\Windows\system32\WINTRUST.dll
0x000007fefcc10000 - 0x000007fefcd7a000 	C:\Windows\system32\CRYPT32.dll
0x000007fefcaf0000 - 0x000007fefcaff000 	C:\Windows\system32\MSASN1.dll
0x000007fefaf60000 - 0x000007fefaf6d000 	C:\Windows\system32\msdmo.dll
0x000007feeb7a0000 - 0x000007feeb7cf000 	C:\Windows\system32\qcap.dll
0x000007fee6150000 - 0x000007fee6303000 	C:\Windows\system32\quartz.dll
0x000007feeb750000 - 0x000007feeb791000 	C:\Windows\system32\ksproxy.ax
0x0000000071a60000 - 0x0000000071a66000 	C:\Windows\system32\ksuser.dll
0x000007fefaf80000 - 0x000007fefaf8b000 	C:\Windows\system32\vidcap.ax
0x000007feeb6a0000 - 0x000007feeb6c4000 	C:\Windows\system32\kswdmcap.ax
0x000007fee6a40000 - 0x000007fee6b9c000 	C:\Windows\system32\MFC42.dll
0x000007fee6090000 - 0x000007fee6141000 	C:\Windows\system32\ODBC32.dll
0x000000006d560000 - 0x000000006d598000 	C:\Windows\system32\odbcint.dll
0x000007fee7530000 - 0x000007fee75cb000 	C:\Windows\System32\qedit.dll
0x000007fefcec0000 - 0x000007fefcf57000 	C:\Windows\system32\COMDLG32.dll
0x000007fefacc0000 - 0x000007fefaed9000 	C:\Windows\WinSxS\amd64_microsoft.windows.gdiplus_6595b64144ccf1df_1.1.7601.24385_none_145d9e088b8e6504\gdiplus.dll
0x000007fefc220000 - 0x000007fefc237000 	C:\Windows\system32\CRYPTSP.dll
0x000007fefbf20000 - 0x000007fefbf67000 	C:\Windows\system32\rsaenh.dll
0x000000006d540000 - 0x000000006d55a000 	C:\Program Files\Java\jdk1.8.0_144\jre\bin\net.dll
0x000007fefc1c0000 - 0x000007fefc215000 	C:\Windows\system32\mswsock.dll
0x000007fefc1b0000 - 0x000007fefc1b7000 	C:\Windows\System32\wship6.dll
0x000007fefa7f0000 - 0x000007fefa817000 	C:\Windows\system32\IPHLPAPI.DLL
0x000007fefa7e0000 - 0x000007fefa7eb000 	C:\Windows\system32\WINNSI.DLL
0x000007fefa2e0000 - 0x000007fefa2f1000 	C:\Windows\system32\dhcpcsvc6.DLL
0x000007fefa2c0000 - 0x000007fefa2d8000 	C:\Windows\system32\dhcpcsvc.DLL
0x000000006d520000 - 0x000000006d531000 	C:\Program Files\Java\jdk1.8.0_144\jre\bin\nio.dll
0x0000000180000000 - 0x0000000180037000 	C:\Users\Administrator\AppData\Local\Temp\jna8392267017127300096.dll
0x000007feeaf50000 - 0x000007feeafb0000 	D:\eclipse\workspace\FaceRecongnition\RdCard.dll
0x0000000055820000 - 0x000000005583c000 	D:\eclipse\workspace\FaceRecongnition\sdtapi.dll
0x000007feeb8e0000 - 0x000007feeb8f6000 	D:\eclipse\workspace\FaceRecongnition\WltRS.dll
0x000007feeaf30000 - 0x000007feeaf50000 	D:\eclipse\workspace\FaceRecongnition\unpack.dll
0x000000006cb90000 - 0x000000006cbd7000 	C:\Program Files\Java\jdk1.8.0_144\jre\bin\fontmanager.dll
0x000000006cb40000 - 0x000000006cb82000 	C:\Program Files\Java\jdk1.8.0_144\jre\bin\t2k.dll
0x000000006cb00000 - 0x000000006cb31000 	C:\Program Files\Java\jdk1.8.0_144\jre\bin\jpeg.dll
0x0000000069eb0000 - 0x0000000069eec000 	C:\Program Files\Java\jdk1.8.0_144\jre\bin\lcms.dll
0x000000006d510000 - 0x000000006d51d000 	C:\Program Files\Java\jdk1.8.0_144\jre\bin\management.dll
0x000000006adc0000 - 0x000000006aeb2000 	C:\Users\Administrator\AppData\Local\Temp\sqlite-3.20.1-57ff81b3-f424-4a4f-ba48-b2d30c92bd78-sqlitejdbc.dll
0x000007fee4df0000 - 0x000007fee5026000 	D:\eclipse\workspace\FaceRecongnition\libarcsoft_fsdk_face_detection.dll
0x000007fee5fe0000 - 0x000007fee6086000 	C:\Windows\system32\MSVCP120.dll
0x000007fee4d00000 - 0x000007fee4def000 	C:\Windows\system32\MSVCR120.dll
0x000007fedc5c0000 - 0x000007fede009000 	D:\eclipse\workspace\FaceRecongnition\libarcsoft_fsdk_face_recognition.dll

VM Arguments:
jvm_args: -Dfile.encoding=GBK 
java_command: com.dx.frame.FacePhoFrame
java_class_path (initial): C:\Program Files\Java\jdk1.8.0_144\jre\lib\resources.jar;C:\Program Files\Java\jdk1.8.0_144\jre\lib\rt.jar;C:\Program Files\Java\jdk1.8.0_144\jre\lib\jsse.jar;C:\Program Files\Java\jdk1.8.0_144\jre\lib\jce.jar;C:\Program Files\Java\jdk1.8.0_144\jre\lib\charsets.jar;C:\Program Files\Java\jdk1.8.0_144\jre\lib\jfr.jar;C:\Program Files\Java\jdk1.8.0_144\jre\lib\ext\access-bridge-64.jar;C:\Program Files\Java\jdk1.8.0_144\jre\lib\ext\cldrdata.jar;C:\Program Files\Java\jdk1.8.0_144\jre\lib\ext\dnsns.jar;C:\Program Files\Java\jdk1.8.0_144\jre\lib\ext\jaccess.jar;C:\Program Files\Java\jdk1.8.0_144\jre\lib\ext\jfxrt.jar;C:\Program Files\Java\jdk1.8.0_144\jre\lib\ext\localedata.jar;C:\Program Files\Java\jdk1.8.0_144\jre\lib\ext\nashorn.jar;C:\Program Files\Java\jdk1.8.0_144\jre\lib\ext\sunec.jar;C:\Program Files\Java\jdk1.8.0_144\jre\lib\ext\sunjce_provider.jar;C:\Program Files\Java\jdk1.8.0_144\jre\lib\ext\sunmscapi.jar;C:\Program Files\Java\jdk1.8.0_144\jre\lib\ext\sunpkcs11.jar;C:\Program Files\Java\jdk1.8.0_144\jre\lib\ext\zipfs.jar;D:\eclipse\workspace\FaceRecongnition\bin;D:\eclipse\workspace\FaceRecongnition\lib\dom4j-1.6.1.jar;D:\eclipse\workspace\FaceRecongnition\lib\fr-server-7.0.jar;D:\eclipse\workspace\FaceRecongnition\lib\fr-third-7.0.jar;D:\eclipse\workspace\FaceRecongnition\lib\jacob.jar;D:\eclipse\workspace\FaceRecongnition\lib\druid-1.1.10.jar;D:\eclipse\workspace\FaceRecongnition\lib\opencv-341.jar;D:\eclipse\workspace\FaceRecongnition\lib\commons-dbcp-1.4.jar;D:\eclipse\workspace\FaceRecongnition\lib\commons-pool-1.5.6.jar;D:\eclipse\workspace\FaceRecongnition\lib\lombok.jar;D:\eclipse\workspace\FaceRecongnition\lib\sqlite-jdbc-3.20.1.jar;D:\eclipse\workspace\FaceRecongnition\lib\helpMoreTony.jar;C:\Users\Administrator\.p2\pool\plugins\org.junit_4.12.0.v201504281640\junit.jar;C:\Users\Administrator\.p2\pool\plugins\org.hamcrest.core_1.3.0.v201303031735.jar
Launcher Type: SUN_STANDARD

Environment Variables:
JAVA_HOME=C:\Program Files\Java\jdk1.8.0_144
CLASSPATH=.;C:\Program Files\Java\jdk1.8.0_144\lib\dt.jar;C:\Program Files\Java\jdk1.8.0_144\lib\tools.jar;
PATH=C:/Program Files/Java/jre1.8.0_144/bin/server;C:/Program Files/Java/jre1.8.0_144/bin;C:/Program Files/Java/jre1.8.0_144/lib/amd64;C:\ProgramData\Oracle\Java\javapath;C:\Windows\system32;C:\Windows;C:\Windows\System32\Wbem;C:\Windows\System32\WindowsPowerShell\v1.0\;C:\strawberry\c\bin;C:\strawberry\perl\bin;C:\Python27;C:\Program Files\Java\jdk1.8.0_144\bin;C:\Program Files\Java\jdk1.8.0_144\jre\bin;D:\apache-maven-3.2.5\bin;C:\Program Files\TortoiseSVN\bin;D:\Program Files\Git\cmd;D:\Program Files\bandzip\;D:\eclipse\eclipse;
USERNAME=Administrator
OS=Windows_NT
PROCESSOR_IDENTIFIER=Intel64 Family 6 Model 60 Stepping 3, GenuineIntel



---------------  S Y S T E M  ---------------

OS: Windows 7 , 64 bit Build 7601 (6.1.7601.24387)

CPU:total 2 (initial active 2) (2 cores per cpu, 1 threads per core) family 6 model 60 stepping 3, cmov, cx8, fxsr, mmx, sse, sse2, sse3, ssse3, sse4.1, sse4.2, popcnt, clmul, erms, lzcnt, tsc, tscinvbit

Memory: 4k page, physical 4139892k(330008k free), swap 8277884k(931200k free)

vm_info: Java HotSpot(TM) 64-Bit Server VM (25.144-b01) for windows-amd64 JRE (1.8.0_144-b01), built on Jul 21 2017 21:57:33 by "java_re" with MS VC++ 10.0 (VS2010)

time: Fri Jun 14 16:56:35 2019
elapsed time: 132 seconds (0d 0h 2m 12s)

