#
# A fatal error has been detected by the Java Runtime Environment:
#
#  EXCEPTION_ACCESS_VIOLATION (0xc0000005) at pc=0x0000000180003ae0, pid=4500, tid=0x0000000000001860
#
# JRE version: Java(TM) SE Runtime Environment (8.0_144-b01) (build 1.8.0_144-b01)
# Java VM: Java HotSpot(TM) 64-Bit Server VM (25.144-b01 mixed mode windows-amd64 compressed oops)
# Problematic frame:
# C  0x0000000180003ae0
#
# Failed to write core dump. Minidumps are not enabled by default on client versions of Windows
#
# If you would like to submit a bug report, please visit:
#   http://bugreport.java.com/bugreport/crash.jsp
# The crash happened outside the Java Virtual Machine in native code.
# See problematic frame for where to report the bug.
#

---------------  T H R E A D  ---------------

Current thread (0x000000005f9d6800):  JavaThread "Timer-0" [_thread_in_native, id=6240, stack(0x0000000066890000,0x0000000066990000)]

siginfo: ExceptionCode=0xc0000005, ExceptionInformation=0x0000000000000008 0x0000000180003ae0

Registers:
RAX=0x0000000180003ae0, RBX=0x0000000061613e98, RCX=0x000000005f9d69f8, RDX=0x000000006698ee88
RSP=0x000000006698edf8, RBP=0x000000006698ee78, RSI=0x0000000060200021, RDI=0x0000000000000001
R8 =0x0000000000000004, R9 =0x00000000c1509e28, R10=0x0000000002857968, R11=0x0000000059e8bc50
R12=0x0000000000000000, R13=0x0000000061613e98, R14=0x000000006698eea0, R15=0x000000005f9d6800
RIP=0x0000000180003ae0, EFLAGS=0x0000000000010206

Top of Stack: (sp=0x000000006698edf8)
0x000000006698edf8:   0000000002857994 000000006698ee00
0x000000006698ee08:   00000000611a4885 000000006698ee68
0x000000006698ee18:   00000000611a87c8 00000000eb46cf98
0x000000006698ee28:   00000000611a48b0 000000006698ee98
0x000000006698ee38:   000000006698ee38 0000000000000000
0x000000006698ee48:   000000006698eea0 0000000061637bf0
0x000000006698ee58:   0000000000000000 0000000061613e98
0x000000006698ee68:   0000000000000000 000000006698ee98
0x000000006698ee78:   000000006698eef0 0000000002847e50
0x000000006698ee88:   00000000c1516f90 00000000028519b7
0x000000006698ee98:   0000000000000004 0000000000000004
0x000000006698eea8:   00000000eb46cf98 000000006698eeb0
0x000000006698eeb8:   00000000615ded0b 000000006698ef10
0x000000006698eec8:   0000000061637bf0 0000000000000000
0x000000006698eed8:   00000000615ded68 000000006698ee98
0x000000006698eee8:   000000006698ef00 000000006698ef68 

Instructions: (pc=0x0000000180003ae0)
0x0000000180003ac0:   
[error occurred during error reporting (printing registers, top of stack, instructions near pc), id 0xc0000005]

Register to memory mapping:

RAX=0x0000000180003ae0 is an unknown value
RBX={method} {0x0000000061613ea0} 'malloc' '(J)J' in 'com/sun/jna/Memory'
RCX=0x000000005f9d69f8 is an unknown value
RDX=0x000000006698ee88 is pointing into the stack for thread: 0x000000005f9d6800
RSP=0x000000006698edf8 is pointing into the stack for thread: 0x000000005f9d6800
RBP=0x000000006698ee78 is pointing into the stack for thread: 0x000000005f9d6800
RSI=0x0000000060200021 is an unknown value
RDI=0x0000000000000001 is an unknown value
R8 =0x0000000000000004 is an unknown value
R9 =0x00000000c1509e28 is an oop
java.lang.Class 
 - klass: 'java/lang/Class'
R10=0x0000000002857968 is at code_begin+840 in an Interpreter codelet
method entry point (kind = native)  [0x0000000002857620, 0x0000000002857f80]  2400 bytes
R11=0x0000000059e8bc50 is an unknown value
R12=0x0000000000000000 is an unknown value
R13={method} {0x0000000061613ea0} 'malloc' '(J)J' in 'com/sun/jna/Memory'
R14=0x000000006698eea0 is pointing into the stack for thread: 0x000000005f9d6800
R15=0x000000005f9d6800 is a thread


Stack: [0x0000000066890000,0x0000000066990000],  sp=0x000000006698edf8,  free space=1019k
Native frames: (J=compiled Java code, j=interpreted, Vv=VM code, C=native code)
C  0x0000000180003ae0

Java frames: (J=compiled Java code, j=interpreted, Vv=VM code)
j  com.sun.jna.Memory.malloc(J)J+0
j  com.sun.jna.Memory.<init>(J)V+27
j  com.sun.jna.ptr.ByReference.<init>(I)V+11
j  com.sun.jna.ptr.IntByReference.<init>(I)V+2
j  com.sun.jna.ptr.IntByReference.<init>()V+2
j  com.dx.Person.verfiyCard()I+22
j  com.dx.Person.doRead()Lcom/dx/pojo/PersonCard;+2
j  com.dx.Person.setPersonCards()V+2
j  com.dx.Person$1.run()V+4
j  java.util.TimerThread.mainLoop()V+221
j  java.util.TimerThread.run()V+1
v  ~StubRoutines::call_stub

---------------  P R O C E S S  ---------------

Java Threads: ( => current thread )
  0x000000005f9d7800 JavaThread "Image Fetcher 0" daemon [_thread_blocked, id=6764, stack(0x0000000066a50000,0x0000000066b50000)]
=>0x000000005f9d6800 JavaThread "Timer-0" [_thread_in_native, id=6240, stack(0x0000000066890000,0x0000000066990000)]
  0x000000005776e000 JavaThread "cameraThread" daemon [_thread_in_native, id=4556, stack(0x000000005f5d0000,0x000000005f6d0000)]
  0x00000000564f7800 JavaThread "Druid-ConnectionPool-Destroy-1408013181" daemon [_thread_blocked, id=6880, stack(0x0000000061370000,0x0000000061470000)]
  0x00000000570bb800 JavaThread "Druid-ConnectionPool-Create-1408013181" daemon [_thread_blocked, id=3004, stack(0x0000000060c20000,0x0000000060d20000)]
  0x00000000574ed000 JavaThread "TimerQueue" daemon [_thread_blocked, id=5096, stack(0x0000000060df0000,0x0000000060ef0000)]
  0x00000000004de800 JavaThread "DestroyJavaVM" [_thread_blocked, id=5700, stack(0x0000000002740000,0x0000000002840000)]
  0x000000005663b800 JavaThread "AWT-EventQueue-0" [_thread_blocked, id=4120, stack(0x0000000057880000,0x0000000057980000)]
  0x0000000056631800 JavaThread "AWT-Shutdown" [_thread_blocked, id=4148, stack(0x0000000055d00000,0x0000000055e00000)]
  0x000000005662c000 JavaThread "Java2D Disposer" daemon [_thread_blocked, id=6456, stack(0x00000000569a0000,0x0000000056aa0000)]
  0x0000000054dbe800 JavaThread "Service Thread" daemon [_thread_blocked, id=6120, stack(0x0000000056680000,0x0000000056780000)]
  0x0000000054d98000 JavaThread "C1 CompilerThread1" daemon [_thread_blocked, id=1420, stack(0x0000000056140000,0x0000000056240000)]
  0x0000000054d7b000 JavaThread "C2 CompilerThread0" daemon [_thread_blocked, id=4256, stack(0x0000000055fb0000,0x00000000560b0000)]
  0x0000000054d69000 JavaThread "Attach Listener" daemon [_thread_blocked, id=5736, stack(0x0000000055e40000,0x0000000055f40000)]
  0x0000000054d52800 JavaThread "Signal Dispatcher" daemon [_thread_blocked, id=360, stack(0x00000000558b0000,0x00000000559b0000)]
  0x0000000054d3f000 JavaThread "Finalizer" daemon [_thread_blocked, id=5684, stack(0x0000000055b70000,0x0000000055c70000)]
  0x0000000054cf6000 JavaThread "Reference Handler" daemon [_thread_blocked, id=5088, stack(0x0000000055a70000,0x0000000055b70000)]

Other Threads:
  0x0000000054cee000 VMThread [stack: 0x00000000557a0000,0x00000000558a0000] [id=5160]
  0x0000000056287000 WatcherThread [stack: 0x0000000056830000,0x0000000056930000] [id=5344]

VM state:not at safepoint (normal execution)

VM Mutex/Monitor currently owned by a thread: None

Heap:
 PSYoungGen      total 42496K, used 16904K [0x00000000eaf00000, 0x00000000ede80000, 0x0000000100000000)
  eden space 38400K, 36% used [0x00000000eaf00000,0x00000000ebcaade0,0x00000000ed480000)
  from space 4096K, 71% used [0x00000000eda80000,0x00000000edd57220,0x00000000ede80000)
  to   space 5120K, 0% used [0x00000000ed480000,0x00000000ed480000,0x00000000ed980000)
 ParOldGen       total 44032K, used 10055K [0x00000000c0c00000, 0x00000000c3700000, 0x00000000eaf00000)
  object space 44032K, 22% used [0x00000000c0c00000,0x00000000c15d1f60,0x00000000c3700000)
 Metaspace       used 19980K, capacity 20298K, committed 20480K, reserved 1067008K
  class space    used 2399K, capacity 2493K, committed 2560K, reserved 1048576K

Card table byte_map: [0x0000000011c00000,0x0000000011e00000] byte_map_base: 0x00000000115fa000

Marking Bits: (ParMarkBitMap*) 0x000000005a47d850
 Begin Bits: [0x0000000012220000, 0x00000000131f0000)
 End Bits:   [0x00000000131f0000, 0x00000000141c0000)

Polling page: 0x0000000000340000

CodeCache: size=245760Kb used=6351Kb max_used=6351Kb free=239408Kb
 bounds [0x0000000002840000, 0x0000000002e80000, 0x0000000011840000]
 total_blobs=2572 nmethods=1806 adapters=679
 compilation: enabled

Compilation events (10 events):
Event: 26.757 Thread 0x0000000054d98000 1952   !   3       java.util.logging.LogManager::ensureLogManagerInitialized (128 bytes)
Event: 26.758 Thread 0x0000000054d98000 nmethod 1952 0x0000000002e77750 code [0x0000000002e77900, 0x0000000002e77f88]
Event: 26.758 Thread 0x0000000054d98000 1954  s    3       java.util.Hashtable::containsKey (65 bytes)
Event: 26.758 Thread 0x0000000054d98000 nmethod 1954 0x0000000002e78190 code [0x0000000002e78320, 0x0000000002e78938]
Event: 26.758 Thread 0x0000000054d98000 1953       3       java.util.logging.LogManager::access$100 (4 bytes)
Event: 26.758 Thread 0x0000000054d98000 nmethod 1953 0x0000000002bdd050 code [0x0000000002bdd1a0, 0x0000000002bdd2d0]
Event: 26.758 Thread 0x0000000054d98000 1955       3       java.util.logging.LogManager$LoggerContext::requiresDefaultLoggers (29 bytes)
Event: 26.758 Thread 0x0000000054d98000 nmethod 1955 0x0000000002e78b90 code [0x0000000002e78d00, 0x0000000002e79128]
Event: 26.758 Thread 0x0000000054d98000 1956       1       java.util.concurrent.CopyOnWriteArrayList::getArray (5 bytes)
Event: 26.758 Thread 0x0000000054d98000 nmethod 1956 0x0000000002bb6850 code [0x0000000002bb69a0, 0x0000000002bb6ab0]

GC Heap History (10 events):
Event: 24.893 GC heap before
{Heap before GC invocations=18 (full 0):
 PSYoungGen      total 47616K, used 46065K [0x00000000eaf00000, 0x00000000ee580000, 0x0000000100000000)
  eden space 44544K, 96% used [0x00000000eaf00000,0x00000000ed925508,0x00000000eda80000)
  from space 3072K, 94% used [0x00000000edc00000,0x00000000eded7220,0x00000000edf00000)
  to   space 5632K, 0% used [0x00000000ee000000,0x00000000ee000000,0x00000000ee580000)
 ParOldGen       total 44032K, used 10007K [0x00000000c0c00000, 0x00000000c3700000, 0x00000000eaf00000)
  object space 44032K, 22% used [0x00000000c0c00000,0x00000000c15c5f60,0x00000000c3700000)
 Metaspace       used 19923K, capacity 20234K, committed 20480K, reserved 1067008K
  class space    used 2399K, capacity 2493K, committed 2560K, reserved 1048576K
Event: 24.894 GC heap after
Heap after GC invocations=18 (full 0):
 PSYoungGen      total 47104K, used 2908K [0x00000000eaf00000, 0x00000000ee400000, 0x0000000100000000)
  eden space 43008K, 0% used [0x00000000eaf00000,0x00000000eaf00000,0x00000000ed900000)
  from space 4096K, 71% used [0x00000000ee000000,0x00000000ee2d7220,0x00000000ee400000)
  to   space 5632K, 0% used [0x00000000ed900000,0x00000000ed900000,0x00000000ede80000)
 ParOldGen       total 44032K, used 10023K [0x00000000c0c00000, 0x00000000c3700000, 0x00000000eaf00000)
  object space 44032K, 22% used [0x00000000c0c00000,0x00000000c15c9f60,0x00000000c3700000)
 Metaspace       used 19923K, capacity 20234K, committed 20480K, reserved 1067008K
  class space    used 2399K, capacity 2493K, committed 2560K, reserved 1048576K
}
Event: 25.388 GC heap before
{Heap before GC invocations=19 (full 0):
 PSYoungGen      total 47104K, used 44595K [0x00000000eaf00000, 0x00000000ee400000, 0x0000000100000000)
  eden space 43008K, 96% used [0x00000000eaf00000,0x00000000ed7b5d20,0x00000000ed900000)
  from space 4096K, 71% used [0x00000000ee000000,0x00000000ee2d7220,0x00000000ee400000)
  to   space 5632K, 0% used [0x00000000ed900000,0x00000000ed900000,0x00000000ede80000)
 ParOldGen       total 44032K, used 10023K [0x00000000c0c00000, 0x00000000c3700000, 0x00000000eaf00000)
  object space 44032K, 22% used [0x00000000c0c00000,0x00000000c15c9f60,0x00000000c3700000)
 Metaspace       used 19963K, capacity 20234K, committed 20480K, reserved 1067008K
  class space    used 2399K, capacity 2493K, committed 2560K, reserved 1048576K
Event: 25.389 GC heap after
Heap after GC invocations=19 (full 0):
 PSYoungGen      total 43008K, used 1502K [0x00000000eaf00000, 0x00000000ee280000, 0x0000000100000000)
  eden space 41472K, 0% used [0x00000000eaf00000,0x00000000eaf00000,0x00000000ed780000)
  from space 1536K, 97% used [0x00000000ed900000,0x00000000eda77910,0x00000000eda80000)
  to   space 5632K, 0% used [0x00000000edd00000,0x00000000edd00000,0x00000000ee280000)
 ParOldGen       total 44032K, used 10031K [0x00000000c0c00000, 0x00000000c3700000, 0x00000000eaf00000)
  object space 44032K, 22% used [0x00000000c0c00000,0x00000000c15cbf60,0x00000000c3700000)
 Metaspace       used 19963K, capacity 20234K, committed 20480K, reserved 1067008K
  class space    used 2399K, capacity 2493K, committed 2560K, reserved 1048576K
}
Event: 25.852 GC heap before
{Heap before GC invocations=20 (full 0):
 PSYoungGen      total 43008K, used 41738K [0x00000000eaf00000, 0x00000000ee280000, 0x0000000100000000)
  eden space 41472K, 97% used [0x00000000eaf00000,0x00000000ed64b100,0x00000000ed780000)
  from space 1536K, 97% used [0x00000000ed900000,0x00000000eda77910,0x00000000eda80000)
  to   space 5632K, 0% used [0x00000000edd00000,0x00000000edd00000,0x00000000ee280000)
 ParOldGen       total 44032K, used 10031K [0x00000000c0c00000, 0x00000000c3700000, 0x00000000eaf00000)
  object space 44032K, 22% used [0x00000000c0c00000,0x00000000c15cbf60,0x00000000c3700000)
 Metaspace       used 19970K, capacity 20234K, committed 20480K, reserved 1067008K
  class space    used 2399K, capacity 2493K, committed 2560K, reserved 1048576K
Event: 25.854 GC heap after
Heap after GC invocations=20 (full 0):
 PSYoungGen      total 45056K, used 1502K [0x00000000eaf00000, 0x00000000ee180000, 0x0000000100000000)
  eden space 40448K, 0% used [0x00000000eaf00000,0x00000000eaf00000,0x00000000ed680000)
  from space 4608K, 32% used [0x00000000edd00000,0x00000000ede77910,0x00000000ee180000)
  to   space 5632K, 0% used [0x00000000ed680000,0x00000000ed680000,0x00000000edc00000)
 ParOldGen       total 44032K, used 10039K [0x00000000c0c00000, 0x00000000c3700000, 0x00000000eaf00000)
  object space 44032K, 22% used [0x00000000c0c00000,0x00000000c15cdf60,0x00000000c3700000)
 Metaspace       used 19970K, capacity 20234K, committed 20480K, reserved 1067008K
  class space    used 2399K, capacity 2493K, committed 2560K, reserved 1048576K
}
Event: 26.316 GC heap before
{Heap before GC invocations=21 (full 0):
 PSYoungGen      total 45056K, used 41712K [0x00000000eaf00000, 0x00000000ee180000, 0x0000000100000000)
  eden space 40448K, 99% used [0x00000000eaf00000,0x00000000ed644870,0x00000000ed680000)
  from space 4608K, 32% used [0x00000000edd00000,0x00000000ede77910,0x00000000ee180000)
  to   space 5632K, 0% used [0x00000000ed680000,0x00000000ed680000,0x00000000edc00000)
 ParOldGen       total 44032K, used 10039K [0x00000000c0c00000, 0x00000000c3700000, 0x00000000eaf00000)
  object space 44032K, 22% used [0x00000000c0c00000,0x00000000c15cdf60,0x00000000c3700000)
 Metaspace       used 19972K, capacity 20234K, committed 20480K, reserved 1067008K
  class space    used 2399K, capacity 2493K, committed 2560K, reserved 1048576K
Event: 26.317 GC heap after
Heap after GC invocations=21 (full 0):
 PSYoungGen      total 40960K, used 1502K [0x00000000eaf00000, 0x00000000edf80000, 0x0000000100000000)
  eden space 39424K, 0% used [0x00000000eaf00000,0x00000000eaf00000,0x00000000ed580000)
  from space 1536K, 97% used [0x00000000ed680000,0x00000000ed7f7910,0x00000000ed800000)
  to   space 5120K, 0% used [0x00000000eda80000,0x00000000eda80000,0x00000000edf80000)
 ParOldGen       total 44032K, used 10047K [0x00000000c0c00000, 0x00000000c3700000, 0x00000000eaf00000)
  object space 44032K, 22% used [0x00000000c0c00000,0x00000000c15cff60,0x00000000c3700000)
 Metaspace       used 19972K, capacity 20234K, committed 20480K, reserved 1067008K
  class space    used 2399K, capacity 2493K, committed 2560K, reserved 1048576K
}
Event: 26.749 GC heap before
{Heap before GC invocations=22 (full 0):
 PSYoungGen      total 40960K, used 40286K [0x00000000eaf00000, 0x00000000edf80000, 0x0000000100000000)
  eden space 39424K, 98% used [0x00000000eaf00000,0x00000000ed4e0118,0x00000000ed580000)
  from space 1536K, 97% used [0x00000000ed680000,0x00000000ed7f7910,0x00000000ed800000)
  to   space 5120K, 0% used [0x00000000eda80000,0x00000000eda80000,0x00000000edf80000)
 ParOldGen       total 44032K, used 10047K [0x00000000c0c00000, 0x00000000c3700000, 0x00000000eaf00000)
  object space 44032K, 22% used [0x00000000c0c00000,0x00000000c15cff60,0x00000000c3700000)
 Metaspace       used 19975K, capacity 20298K, committed 20480K, reserved 1067008K
  class space    used 2399K, capacity 2493K, committed 2560K, reserved 1048576K
Event: 26.750 GC heap after
Heap after GC invocations=22 (full 0):
 PSYoungGen      total 42496K, used 2908K [0x00000000eaf00000, 0x00000000ede80000, 0x0000000100000000)
  eden space 38400K, 0% used [0x00000000eaf00000,0x00000000eaf00000,0x00000000ed480000)
  from space 4096K, 71% used [0x00000000eda80000,0x00000000edd57220,0x00000000ede80000)
  to   space 5120K, 0% used [0x00000000ed480000,0x00000000ed480000,0x00000000ed980000)
 ParOldGen       total 44032K, used 10055K [0x00000000c0c00000, 0x00000000c3700000, 0x00000000eaf00000)
  object space 44032K, 22% used [0x00000000c0c00000,0x00000000c15d1f60,0x00000000c3700000)
 Metaspace       used 19975K, capacity 20298K, committed 20480K, reserved 1067008K
  class space    used 2399K, capacity 2493K, committed 2560K, reserved 1048576K
}

Deoptimization events (10 events):
Event: 5.692 Thread 0x000000005663b800 Uncommon trap: reason=unstable_if action=reinterpret pc=0x0000000002bbbc4c method=sun.nio.cs.UTF_8$Encoder.encode([CII[B)I @ 33
Event: 6.240 Thread 0x000000005663b800 Uncommon trap: reason=unstable_if action=reinterpret pc=0x0000000002aea790 method=sun.font.TrueTypeFont.getDirectoryEntry(I)Lsun/font/TrueTypeFont$DirectoryEntry; @ 7
Event: 9.617 Thread 0x000000005663b800 Uncommon trap: reason=unstable_if action=reinterpret pc=0x0000000002bda928 method=java.util.HashMap.putVal(ILjava/lang/Object;Ljava/lang/Object;ZZ)Ljava/lang/Object; @ 94
Event: 9.700 Thread 0x000000005776e000 Uncommon trap: reason=unstable_if action=reinterpret pc=0x0000000002d6636c method=com.dx.util.CameraUtil.mat2BI(Lorg/opencv/core/Mat;)Ljava/awt/image/BufferedImage; @ 88
Event: 9.726 Thread 0x000000005776e000 Uncommon trap: reason=unstable_if action=reinterpret pc=0x0000000002d64704 method=sun.awt.image.ByteInterleavedRaster.putByteData(IIII[B)V @ 446
Event: 15.301 Thread 0x000000005f9d6800 Uncommon trap: reason=null_check action=make_not_entrant pc=0x0000000002c8ccb8 method=java.lang.StringCoding.decode(Ljava/lang/String;[BII)[C @ 6
Event: 22.895 Thread 0x000000005776e000 Uncommon trap: reason=unstable_if action=reinterpret pc=0x0000000002c4c0fc method=java.lang.ThreadLocal$ThreadLocalMap.getEntry(Ljava/lang/ThreadLocal;)Ljava/lang/ThreadLocal$ThreadLocalMap$Entry; @ 29
Event: 22.936 Thread 0x000000005776e000 Uncommon trap: reason=unstable_if action=reinterpret pc=0x0000000002b0bab0 method=sun.awt.image.ByteInterleavedRaster.getByteData(IIII[B)[B @ 97
Event: 22.937 Thread 0x000000005776e000 Uncommon trap: reason=unstable_if action=reinterpret pc=0x0000000002e1cfa0 method=sun.awt.image.ByteInterleavedRaster.getDataElements(IILjava/lang/Object;)Ljava/lang/Object; @ 43
Event: 22.937 Thread 0x000000005776e000 Uncommon trap: reason=unstable_if action=reinterpret pc=0x0000000002962bac method=java.awt.image.ComponentColorModel.getRGB(Ljava/lang/Object;)I @ 4

Internal exceptions (10 events):
Event: 5.277 Thread 0x000000005663b800 Exception <a 'java/lang/ArrayIndexOutOfBoundsException'> (0x00000000eb532148) thrown at [C:\re\workspace\8-2-build-windows-amd64-cygwin\jdk8u144\9417\hotspot\src\share\vm\runtime\sharedRuntime.cpp, line 605]
Event: 5.277 Thread 0x000000005663b800 Exception <a 'java/lang/ArrayIndexOutOfBoundsException'> (0x00000000eb533290) thrown at [C:\re\workspace\8-2-build-windows-amd64-cygwin\jdk8u144\9417\hotspot\src\share\vm\runtime\sharedRuntime.cpp, line 605]
Event: 5.278 Thread 0x000000005663b800 Exception <a 'java/lang/ArrayIndexOutOfBoundsException'> (0x00000000eb534618) thrown at [C:\re\workspace\8-2-build-windows-amd64-cygwin\jdk8u144\9417\hotspot\src\share\vm\runtime\sharedRuntime.cpp, line 605]
Event: 5.278 Thread 0x000000005663b800 Exception <a 'java/lang/ArrayIndexOutOfBoundsException'> (0x00000000eb536248) thrown at [C:\re\workspace\8-2-build-windows-amd64-cygwin\jdk8u144\9417\hotspot\src\share\vm\runtime\sharedRuntime.cpp, line 605]
Event: 5.283 Thread 0x000000005663b800 Exception <a 'java/lang/ArrayIndexOutOfBoundsException'> (0x00000000eb55c9c8) thrown at [C:\re\workspace\8-2-build-windows-amd64-cygwin\jdk8u144\9417\hotspot\src\share\vm\runtime\sharedRuntime.cpp, line 605]
Event: 5.283 Thread 0x000000005663b800 Exception <a 'java/lang/ArrayIndexOutOfBoundsException'> (0x00000000eb55de18) thrown at [C:\re\workspace\8-2-build-windows-amd64-cygwin\jdk8u144\9417\hotspot\src\share\vm\runtime\sharedRuntime.cpp, line 605]
Event: 5.283 Thread 0x000000005663b800 Exception <a 'java/lang/ArrayIndexOutOfBoundsException'> (0x00000000eb55fad0) thrown at [C:\re\workspace\8-2-build-windows-amd64-cygwin\jdk8u144\9417\hotspot\src\share\vm\runtime\sharedRuntime.cpp, line 605]
Event: 5.289 Thread 0x000000005663b800 Exception <a 'java/lang/ArrayIndexOutOfBoundsException'> (0x00000000eb585de8) thrown at [C:\re\workspace\8-2-build-windows-amd64-cygwin\jdk8u144\9417\hotspot\src\share\vm\runtime\sharedRuntime.cpp, line 605]
Event: 5.292 Thread 0x000000005663b800 Exception <a 'java/lang/ArrayIndexOutOfBoundsException'> (0x00000000eb593f40) thrown at [C:\re\workspace\8-2-build-windows-amd64-cygwin\jdk8u144\9417\hotspot\src\share\vm\runtime\sharedRuntime.cpp, line 605]
Event: 15.301 Thread 0x000000005f9d6800 Implicit null exception at 0x0000000002c8bac9 to 0x0000000002c8cca9

Events (10 events):
Event: 26.757 Executing VM operation: RevokeBias done
Event: 26.757 Executing VM operation: RevokeBias
Event: 26.757 Executing VM operation: RevokeBias done
Event: 26.757 Executing VM operation: RevokeBias
Event: 26.757 Executing VM operation: RevokeBias done
Event: 26.757 Thread 0x000000005f9da800 Thread exited: 0x000000005f9da800
Event: 26.758 loading class sun/java2d/pipe/hw/AccelDeviceEventNotifier
Event: 26.758 loading class sun/java2d/pipe/hw/AccelDeviceEventNotifier done
Event: 26.760 Thread 0x000000005f9d8000 Thread exited: 0x000000005f9d8000
Event: 26.775 Thread 0x0000000056634800 Thread exited: 0x0000000056634800


Dynamic libraries:
0x000000013f5f0000 - 0x000000013f627000 	C:\Program Files\Java\jdk1.8.0_144\bin\javaw.exe
0x0000000077cb0000 - 0x0000000077e4f000 	C:\Windows\SYSTEM32\ntdll.dll
0x0000000077b90000 - 0x0000000077caf000 	C:\Windows\system32\kernel32.dll
0x000007fefd860000 - 0x000007fefd8ca000 	C:\Windows\system32\KERNELBASE.dll
0x000007fefea90000 - 0x000007fefeb6b000 	C:\Windows\system32\ADVAPI32.dll
0x000007fefe620000 - 0x000007fefe6bf000 	C:\Windows\system32\msvcrt.dll
0x000007fefde70000 - 0x000007fefde8f000 	C:\Windows\SYSTEM32\sechost.dll
0x000007feffc60000 - 0x000007feffd8c000 	C:\Windows\system32\RPCRT4.dll
0x0000000077a90000 - 0x0000000077b8a000 	C:\Windows\system32\USER32.dll
0x000007fefea20000 - 0x000007fefea87000 	C:\Windows\system32\GDI32.dll
0x000007fefde90000 - 0x000007fefde9e000 	C:\Windows\system32\LPK.dll
0x000007fefe6c0000 - 0x000007fefe789000 	C:\Windows\system32\USP10.dll
0x000007fefbf70000 - 0x000007fefc165000 	C:\Windows\WinSxS\amd64_microsoft.windows.common-controls_6595b64144ccf1df_6.0.7601.24380_none_e3731d0b30fb6b11\COMCTL32.dll
0x000007fefe790000 - 0x000007fefe801000 	C:\Windows\system32\SHLWAPI.dll
0x000007fefd5d0000 - 0x000007fefd627000 	C:\Windows\system32\apphelp.dll
0x000007fef2610000 - 0x000007fef2661000 	C:\Windows\AppPatch\AppPatch64\AcGenral.DLL
0x000007fefd590000 - 0x000007fefd5b5000 	C:\Windows\system32\SspiCli.dll
0x000007fefe810000 - 0x000007fefea0f000 	C:\Windows\system32\ole32.dll
0x000007fefec00000 - 0x000007feff98b000 	C:\Windows\system32\SHELL32.dll
0x0000000072a70000 - 0x0000000072a73000 	C:\Windows\system32\sfc.dll
0x000007fef75d0000 - 0x000007fef75e0000 	C:\Windows\system32\sfc_os.DLL
0x000007fefd830000 - 0x000007fefd84e000 	C:\Windows\system32\USERENV.dll
0x000007fefd800000 - 0x000007fefd80f000 	C:\Windows\system32\profapi.dll
0x000007fefb700000 - 0x000007fefb718000 	C:\Windows\system32\dwmapi.dll
0x000007fefbf50000 - 0x000007fefbf68000 	C:\Windows\system32\MPR.dll
0x000007fefeb70000 - 0x000007fefeb9e000 	C:\Windows\system32\IMM32.DLL
0x000007fefdd60000 - 0x000007fefde69000 	C:\Windows\system32\MSCTF.dll
0x000000006d430000 - 0x000000006d502000 	C:\Program Files\Java\jdk1.8.0_144\jre\bin\msvcr100.dll
0x0000000059c60000 - 0x000000005a4fd000 	C:\Program Files\Java\jdk1.8.0_144\jre\bin\server\jvm.dll
0x000007fef67e0000 - 0x000007fef67e9000 	C:\Windows\system32\WSOCK32.dll
0x000007fefe5d0000 - 0x000007fefe61d000 	C:\Windows\system32\WS2_32.dll
0x000007fefea10000 - 0x000007fefea18000 	C:\Windows\system32\NSI.dll
0x000007fef6300000 - 0x000007fef633b000 	C:\Windows\system32\WINMM.dll
0x000007fefc880000 - 0x000007fefc88c000 	C:\Windows\system32\VERSION.dll
0x0000000077e60000 - 0x0000000077e67000 	C:\Windows\system32\PSAPI.DLL
0x000000006e770000 - 0x000000006e77f000 	C:\Program Files\Java\jdk1.8.0_144\jre\bin\verify.dll
0x000000006e740000 - 0x000000006e769000 	C:\Program Files\Java\jdk1.8.0_144\jre\bin\java.dll
0x000000006e720000 - 0x000000006e736000 	C:\Program Files\Java\jdk1.8.0_144\jre\bin\zip.dll
0x0000000068040000 - 0x00000000681d8000 	C:\Program Files\Java\jdk1.8.0_144\jre\bin\awt.dll
0x000007fefdbc0000 - 0x000007fefdc9a000 	C:\Windows\system32\OLEAUT32.dll
0x000007fefbd10000 - 0x000007fefbd66000 	C:\Windows\system32\uxtheme.dll
0x000007fef5f60000 - 0x000007fef6283000 	C:\Windows\system32\PALMINPUTIME.IME
0x000007fefb160000 - 0x000007fefb167000 	C:\Windows\system32\MSIMG32.dll
0x000007fefb010000 - 0x000007fefb135000 	C:\Windows\system32\dbghelp.dll
0x000007fefc2e0000 - 0x000007fefc30d000 	C:\Windows\system32\ntmarta.dll
0x000007fefeba0000 - 0x000007fefebf2000 	C:\Windows\system32\WLDAP32.dll
0x000007fefd630000 - 0x000007fefd63f000 	C:\Windows\system32\CRYPTBASE.dll
0x000007fef1980000 - 0x000007fef1a9d000 	C:\Windows\system32\opengl32.dll
0x000007fef7a30000 - 0x000007fef7a5d000 	C:\Windows\system32\GLU32.dll
0x000007fef11f0000 - 0x000007fef12e1000 	C:\Windows\system32\DDRAW.dll
0x000007fef7970000 - 0x000007fef7978000 	C:\Windows\system32\DCIMAN32.dll
0x000007fefe350000 - 0x000007fefe527000 	C:\Windows\system32\SETUPAPI.dll
0x000007fefdb20000 - 0x000007fefdb56000 	C:\Windows\system32\CFGMGR32.dll
0x000007fefdaf0000 - 0x000007fefdb0a000 	C:\Windows\system32\DEVOBJ.dll
0x000007feef7f0000 - 0x000007feef9ef000 	C:\Windows\system32\d3d9.dll
0x000007fef7960000 - 0x000007fef7967000 	C:\Windows\system32\d3d8thk.dll
0x000000006d3f0000 - 0x000000006d421000 	C:\Program Files\Java\jdk1.8.0_144\jre\bin\jpeg.dll
0x0000000068c20000 - 0x0000000068c67000 	C:\Program Files\Java\jdk1.8.0_144\jre\bin\fontmanager.dll
0x000007fefdca0000 - 0x000007fefdd39000 	C:\Windows\system32\CLBCatQ.DLL
0x000007fefb550000 - 0x000007fefb6b1000 	C:\Windows\system32\WindowsCodecs.dll
0x000007fef5d60000 - 0x000007fef5db6000 	C:\Users\Administrator\AppData\Local\Microsoft\OneDrive\17.3.4604.0120\amd64\FileSyncShell64.dll
0x000007fef5cb0000 - 0x000007fef5d57000 	C:\Users\Administrator\AppData\Local\Microsoft\OneDrive\17.3.4604.0120\amd64\MSVCP110.dll
0x000007fef5950000 - 0x000007fef5a1e000 	C:\Users\Administrator\AppData\Local\Microsoft\OneDrive\17.3.4604.0120\amd64\MSVCR110.dll
0x000007fefdea0000 - 0x000007fefe34c000 	C:\Windows\system32\WININET.dll
0x000007fefd850000 - 0x000007fefd854000 	C:\Windows\system32\api-ms-win-downlevel-user32-l1-1-0.dll
0x000007fefdb10000 - 0x000007fefdb14000 	C:\Windows\system32\api-ms-win-downlevel-shlwapi-l1-1-0.dll
0x000007fefdb60000 - 0x000007fefdb64000 	C:\Windows\system32\api-ms-win-downlevel-version-l1-1-0.dll
0x000007fefd8d0000 - 0x000007fefd8d3000 	C:\Windows\system32\api-ms-win-downlevel-normaliz-l1-1-0.dll
0x0000000077e50000 - 0x0000000077e53000 	C:\Windows\system32\normaliz.DLL
0x000007feff990000 - 0x000007feffc5a000 	C:\Windows\system32\iertutil.dll
0x000007fefd820000 - 0x000007fefd825000 	C:\Windows\system32\api-ms-win-downlevel-advapi32-l1-1-0.dll
0x0000000072850000 - 0x0000000072870000 	C:\Program Files\Common Files\TortoiseOverlays\TortoiseOverlays.dll
0x000007fefb150000 - 0x000007fefb153000 	C:\Windows\system32\api-ms-win-core-synch-l1-2-0.DLL
0x0000000072870000 - 0x000000007288b000 	C:\Program Files\TortoiseSVN\bin\TortoiseStub.dll
0x00000000721e0000 - 0x0000000072268000 	C:\Program Files\TortoiseSVN\bin\TortoiseSVN.dll
0x000007fef53a0000 - 0x000007fef594e000 	C:\Program Files\TortoiseSVN\bin\libsvn_tsvn.dll
0x00000000727d0000 - 0x0000000072802000 	C:\Program Files\TortoiseSVN\bin\libapr_tsvn.dll
0x000007fefcee0000 - 0x000007fefcf35000 	C:\Windows\system32\MSWSOCK.dll
0x000007fef5c90000 - 0x000007fef5ca7000 	C:\Program Files\TortoiseSVN\bin\VCRUNTIME140.dll
0x000007fef6910000 - 0x000007fef6914000 	C:\Program Files\TortoiseSVN\bin\api-ms-win-crt-runtime-l1-1-0.dll
0x000007fef52a0000 - 0x000007fef5394000 	C:\Windows\system32\ucrtbase.DLL
0x000007fef66e0000 - 0x000007fef66e3000 	C:\Windows\system32\api-ms-win-core-timezone-l1-1-0.dll
0x000007fef66d0000 - 0x000007fef66d3000 	C:\Windows\system32\api-ms-win-core-file-l2-1-0.dll
0x000007fef6290000 - 0x000007fef6293000 	C:\Windows\system32\api-ms-win-core-localization-l1-2-0.dll
0x000007fef5c80000 - 0x000007fef5c83000 	C:\Windows\system32\api-ms-win-core-processthreads-l1-1-1.dll
0x000007fef5c70000 - 0x000007fef5c73000 	C:\Windows\system32\api-ms-win-core-file-l1-2-0.dll
0x000007fef5c60000 - 0x000007fef5c64000 	C:\Program Files\TortoiseSVN\bin\api-ms-win-crt-string-l1-1-0.dll
0x000007fef5c50000 - 0x000007fef5c53000 	C:\Program Files\TortoiseSVN\bin\api-ms-win-crt-heap-l1-1-0.dll
0x000007fef5c40000 - 0x000007fef5c44000 	C:\Program Files\TortoiseSVN\bin\api-ms-win-crt-stdio-l1-1-0.dll
0x000007fef5c30000 - 0x000007fef5c34000 	C:\Program Files\TortoiseSVN\bin\api-ms-win-crt-convert-l1-1-0.dll
0x000007fef5c20000 - 0x000007fef5c23000 	C:\Program Files\TortoiseSVN\bin\api-ms-win-crt-conio-l1-1-0.dll
0x000007fef5c10000 - 0x000007fef5c13000 	C:\Program Files\TortoiseSVN\bin\api-ms-win-crt-utility-l1-1-0.dll
0x000007fef5c00000 - 0x000007fef5c05000 	C:\Program Files\TortoiseSVN\bin\api-ms-win-crt-math-l1-1-0.dll
0x000007fef5bf0000 - 0x000007fef5bf3000 	C:\Program Files\TortoiseSVN\bin\api-ms-win-crt-environment-l1-1-0.dll
0x000007fef5290000 - 0x000007fef5293000 	C:\Program Files\TortoiseSVN\bin\api-ms-win-crt-time-l1-1-0.dll
0x00000000722b0000 - 0x00000000722f4000 	C:\Program Files\TortoiseSVN\bin\libaprutil_tsvn.dll
0x000007fef5270000 - 0x000007fef5282000 	C:\Program Files\TortoiseSVN\bin\intl3_tsvn.dll
0x000007fef5260000 - 0x000007fef5263000 	C:\Program Files\TortoiseSVN\bin\api-ms-win-crt-filesystem-l1-1-0.dll
0x000007fef5240000 - 0x000007fef525a000 	C:\Program Files\TortoiseSVN\bin\libsasl.dll
0x000007fefd290000 - 0x000007fefd29b000 	C:\Windows\system32\Secur32.dll
0x000007fefd980000 - 0x000007fefdaea000 	C:\Windows\system32\CRYPT32.dll
0x000007fefd810000 - 0x000007fefd81f000 	C:\Windows\system32\MSASN1.dll
0x000007fef5230000 - 0x000007fef5233000 	C:\Program Files\TortoiseSVN\bin\api-ms-win-crt-locale-l1-1-0.dll
0x000007fef5190000 - 0x000007fef522e000 	C:\Program Files\TortoiseSVN\bin\MSVCP140.dll
0x000007fef5180000 - 0x000007fef5185000 	C:\Program Files\TortoiseSVN\bin\api-ms-win-crt-multibyte-l1-1-0.dll
0x000007fee0e80000 - 0x000007fee11f1000 	C:\Program Files (x86)\Microsoft Office\root\VFS\ProgramFilesX64\Microsoft Office\Office16\GROOVEEX.DLL
0x000007fef9b90000 - 0x000007fef9eae000 	C:\Windows\system32\msi.dll
0x000007fee0610000 - 0x000007fee0e74000 	C:\Program Files (x86)\Microsoft Office\root\VFS\ProgramFilesX64\Microsoft Office\Office16\2052\GrooveIntlResource.dll
0x000000006e700000 - 0x000000006e71a000 	C:\Program Files\Java\jdk1.8.0_144\jre\bin\net.dll
0x000007fefced0000 - 0x000007fefced7000 	C:\Windows\System32\wship6.dll
0x000000006a6c0000 - 0x000000006a6d1000 	C:\Program Files\Java\jdk1.8.0_144\jre\bin\nio.dll
0x0000000068bd0000 - 0x0000000068c12000 	C:\Program Files\Java\jdk1.8.0_144\jre\bin\t2k.dll
0x000000006d3e0000 - 0x000000006d3ed000 	C:\Program Files\Java\jdk1.8.0_144\jre\bin\management.dll
0x000007fefcf40000 - 0x000007fefcf57000 	C:\Windows\system32\CRYPTSP.dll
0x000007fefcc40000 - 0x000007fefcc87000 	C:\Windows\system32\rsaenh.dll
0x000007fefaf80000 - 0x000007fefafa7000 	C:\Windows\system32\IPHLPAPI.DLL
0x000007fefaf70000 - 0x000007fefaf7b000 	C:\Windows\system32\WINNSI.DLL
0x000007fefad70000 - 0x000007fefad88000 	C:\Windows\system32\dhcpcsvc.DLL
0x000007fefad50000 - 0x000007fefad61000 	C:\Windows\system32\dhcpcsvc6.DLL
0x000000006adc0000 - 0x000000006aeb2000 	C:\Users\Administrator\AppData\Local\Temp\sqlite-3.20.1-31e40f92-2e31-4c88-b5f3-0515727ba376-sqlitejdbc.dll
0x000007fed4310000 - 0x000007fed6fe2000 	C:\Program Files\Java\jre1.8.0_144\bin\opencv_java341.dll
0x000007fef85d0000 - 0x000007fef85f9000 	C:\Windows\system32\MSVFW32.dll
0x000007fef8a70000 - 0x000007fef8a8f000 	C:\Windows\system32\AVIFIL32.dll
0x000007fef17a0000 - 0x000007fef17b8000 	C:\Windows\system32\MSACM32.dll
0x000007fef01b0000 - 0x000007fef01c7000 	C:\Windows\system32\AVICAP32.dll
0x000007fef0040000 - 0x000007fef0056000 	C:\Windows\system32\devenum.dll
0x000007fefdb80000 - 0x000007fefdbba000 	C:\Windows\system32\WINTRUST.dll
0x000007fef8a60000 - 0x000007fef8a6d000 	C:\Windows\system32\msdmo.dll

VM Arguments:
jvm_args: -Dfile.encoding=GBK 
java_command: com.dx.FaceMainFrame
java_class_path (initial): C:\Program Files\Java\jdk1.8.0_144\jre\lib\resources.jar;C:\Program Files\Java\jdk1.8.0_144\jre\lib\rt.jar;C:\Program Files\Java\jdk1.8.0_144\jre\lib\jsse.jar;C:\Program Files\Java\jdk1.8.0_144\jre\lib\jce.jar;C:\Program Files\Java\jdk1.8.0_144\jre\lib\charsets.jar;C:\Program Files\Java\jdk1.8.0_144\jre\lib\jfr.jar;C:\Program Files\Java\jdk1.8.0_144\jre\lib\ext\access-bridge-64.jar;C:\Program Files\Java\jdk1.8.0_144\jre\lib\ext\cldrdata.jar;C:\Program Files\Java\jdk1.8.0_144\jre\lib\ext\dnsns.jar;C:\Program Files\Java\jdk1.8.0_144\jre\lib\ext\jaccess.jar;C:\Program Files\Java\jdk1.8.0_144\jre\lib\ext\jfxrt.jar;C:\Program Files\Java\jdk1.8.0_144\jre\lib\ext\localedata.jar;C:\Program Files\Java\jdk1.8.0_144\jre\lib\ext\nashorn.jar;C:\Program Files\Java\jdk1.8.0_144\jre\lib\ext\sunec.jar;C:\Program Files\Java\jdk1.8.0_144\jre\lib\ext\sunjce_provider.jar;C:\Program Files\Java\jdk1.8.0_144\jre\lib\ext\sunmscapi.jar;C:\Program Files\Java\jdk1.8.0_144\jre\lib\ext\sunpkcs11.jar;C:\Program Files\Java\jdk1.8.0_144\jre\lib\ext\zipfs.jar;D:\eclipse\workspace\FaceRecongnition\bin;D:\eclipse\workspace\FaceRecongnition\lib\dom4j-1.6.1.jar;D:\eclipse\workspace\FaceRecongnition\lib\fr-server-7.0.jar;D:\eclipse\workspace\FaceRecongnition\lib\fr-third-7.0.jar;D:\eclipse\workspace\FaceRecongnition\lib\jacob.jar;D:\eclipse\workspace\FaceRecongnition\lib\druid-1.1.10.jar;D:\eclipse\workspace\FaceRecongnition\lib\opencv-341.jar;D:\eclipse\workspace\FaceRecongnition\lib\commons-dbcp-1.4.jar;D:\eclipse\workspace\FaceRecongnition\lib\commons-pool-1.5.6.jar;D:\eclipse\workspace\FaceRecongnition\lib\lombok.jar;D:\eclipse\workspace\FaceRecongnition\lib\sqlite-jdbc-3.20.1.jar;C:\Users\Administrator\.p2\pool\plugins\org.junit_4.12.0.v201504281640\junit.jar;C:\Users\Administrator\.p2\pool\plugins\org.hamcrest.core_1.3.0.v201303031735.jar
Launcher Type: SUN_STANDARD

Environment Variables:
JAVA_HOME=C:\Program Files\Java\jdk1.8.0_144
CLASSPATH=.;C:\Program Files\Java\jdk1.8.0_144\lib\dt.jar;C:\Program Files\Java\jdk1.8.0_144\lib\tools.jar;
PATH=C:/Program Files/Java/jre1.8.0_144/bin/server;C:/Program Files/Java/jre1.8.0_144/bin;C:/Program Files/Java/jre1.8.0_144/lib/amd64;C:\ProgramData\Oracle\Java\javapath;C:\Windows\system32;C:\Windows;C:\Windows\System32\Wbem;C:\Windows\System32\WindowsPowerShell\v1.0\;C:\strawberry\c\bin;C:\strawberry\perl\bin;C:\Python27;C:\Program Files\Java\jdk1.8.0_144\bin;C:\Program Files\Java\jdk1.8.0_144\jre\bin;D:\apache-maven-3.2.5\bin;C:\Program Files\TortoiseSVN\bin;D:\Program Files\Git\cmd;D:\Program Files\bandzip\;D:\eclipse\eclipse;
USERNAME=Administrator
OS=Windows_NT
PROCESSOR_IDENTIFIER=Intel64 Family 6 Model 60 Stepping 3, GenuineIntel



---------------  S Y S T E M  ---------------

OS: Windows 7 , 64 bit Build 7601 (6.1.7601.24387)

CPU:total 2 (initial active 2) (2 cores per cpu, 1 threads per core) family 6 model 60 stepping 3, cmov, cx8, fxsr, mmx, sse, sse2, sse3, ssse3, sse4.1, sse4.2, popcnt, clmul, erms, lzcnt, tsc, tscinvbit

Memory: 4k page, physical 4139892k(923468k free), swap 8277884k(1524392k free)

vm_info: Java HotSpot(TM) 64-Bit Server VM (25.144-b01) for windows-amd64 JRE (1.8.0_144-b01), built on Jul 21 2017 21:57:33 by "java_re" with MS VC++ 10.0 (VS2010)

time: Tue Jun 04 14:28:27 2019
elapsed time: 26 seconds (0d 0h 0m 26s)

