#
# A fatal error has been detected by the Java Runtime Environment:
#
#  EXCEPTION_ACCESS_VIOLATION (0xc0000005) at pc=0x0000000180003b10, pid=5316, tid=0x0000000000000a38
#
# JRE version: Java(TM) SE Runtime Environment (8.0_144-b01) (build 1.8.0_144-b01)
# Java VM: Java HotSpot(TM) 64-Bit Server VM (25.144-b01 mixed mode windows-amd64 compressed oops)
# Problematic frame:
# C  0x0000000180003b10
#
# Failed to write core dump. Minidumps are not enabled by default on client versions of Windows
#
# If you would like to submit a bug report, please visit:
#   http://bugreport.java.com/bugreport/crash.jsp
# The crash happened outside the Java Virtual Machine in native code.
# See problematic frame for where to report the bug.
#

---------------  T H R E A D  ---------------

Current thread (0x0000000054e8f000):  JavaThread "Finalizer" daemon [_thread_in_native, id=2616, stack(0x0000000055d40000,0x0000000055e40000)]

siginfo: ExceptionCode=0xc0000005, ExceptionInformation=0x0000000000000008 0x0000000180003b10

Registers:
RAX=0x0000000014749398, RBX=0x0000000060dbf1c8, RCX=0x0000000054e8f1f8, RDX=0x0000000055e3eff0
RSP=0x0000000055e3ef98, RBP=0x0000000055e3f000, RSI=0x0000000065686ce0, RDI=0x0000000065b0a000
R8 =0x0000000065686ce0, R9 =0x00000000ee300418, R10=0x0000000180003b10, R11=0x0000000002d38b40
R12=0x0000000000000000, R13=0x0000000055e3f110, R14=0x0000000055e3eff0, R15=0x0000000054e8f000
RIP=0x0000000180003b10, EFLAGS=0x0000000000010246

Top of Stack: (sp=0x0000000055e3ef98)
0x0000000055e3ef98:   0000000002fca703 0000000054e8f000
0x0000000055e3efa8:   0000000000000000 0000000055e3f118
0x0000000055e3efb8:   0000000000000000 00000000000002e6
0x0000000055e3efc8:   00000000c0c1b540 00000000ee300418
0x0000000055e3efd8:   0000000000000002 00000000c0e1ae80
0x0000000055e3efe8:   00000000ee300418 00000000c111cac8
0x0000000055e3eff8:   0000000055e3f020 0000000055e3f160
0x0000000055e3f008:   0000000002fcaa44 00000000116aa000
0x0000000055e3f018:   0000000055e3f0a8 0000000000000001
0x0000000055e3f028:   00000000c0c22970 00000000ee467950
0x0000000055e3f038:   00000000c0e1ae80 0000000055e3f160
0x0000000055e3f048:   0000000002fc996c ffffffffffffffff
0x0000000055e3f058:   000000005453a1e8 00000000c1410788
0x0000000055e3f068:   00000000c122f938 0000000000000000
0x0000000055e3f078:   00000000c0e1ae60 00000000ee300418
0x0000000055e3f088:   00000000c10ac810 0000000000000000 

Instructions: (pc=0x0000000180003b10)
0x0000000180003af0:   
[error occurred during error reporting (printing registers, top of stack, instructions near pc), id 0xc0000005]

Register to memory mapping:

RAX=0x0000000014749398 is pointing into metadata
RBX={method} {0x0000000060dbf1d0} 'finalize' '()V' in 'com/sun/jna/Memory'
RCX=0x0000000054e8f1f8 is an unknown value
RDX=0x0000000055e3eff0 is pointing into the stack for thread: 0x0000000054e8f000
RSP=0x0000000055e3ef98 is pointing into the stack for thread: 0x0000000054e8f000
RBP=0x0000000055e3f000 is pointing into the stack for thread: 0x0000000054e8f000
RSI=0x0000000065686ce0 is an unknown value
RDI=0x0000000065b0a000 is pointing into metadata
R8 =0x0000000065686ce0 is an unknown value
R9 =0x00000000ee300418 is an oop
java.lang.ref.Finalizer 
 - klass: 'java/lang/ref/Finalizer'
R10=0x0000000180003b10 is an unknown value
R11=0x0000000002d38b40 is at entry_point+0 in (nmethod*)0x0000000002d389d0
R12=0x0000000000000000 is an unknown value
R13=0x0000000055e3f110 is pointing into the stack for thread: 0x0000000054e8f000
R14=0x0000000055e3eff0 is pointing into the stack for thread: 0x0000000054e8f000
R15=0x0000000054e8f000 is a thread


Stack: [0x0000000055d40000,0x0000000055e40000],  sp=0x0000000055e3ef98,  free space=1019k
Native frames: (J=compiled Java code, j=interpreted, Vv=VM code, C=native code)
C  0x0000000180003b10

Java frames: (J=compiled Java code, j=interpreted, Vv=VM code)
J 2264  com.sun.jna.Memory.free(J)V (0 bytes) @ 0x0000000002fca681 [0x0000000002fca640+0x41]
J 2263 C1 com.sun.jna.Memory.finalize()V (13 bytes) @ 0x0000000002fcaa44 [0x0000000002fca9c0+0x84]
J 2232 C1 java.lang.ref.Finalizer.runFinalizer(Lsun/misc/JavaLangAccess;)V (62 bytes) @ 0x0000000002fc996c [0x0000000002fc9400+0x56c]
J 2123 C1 java.lang.ref.Finalizer.access$100(Ljava/lang/ref/Finalizer;Lsun/misc/JavaLangAccess;)V (6 bytes) @ 0x0000000002d38b9c [0x0000000002d38b40+0x5c]
j  java.lang.ref.Finalizer$FinalizerThread.run()V+45
v  ~StubRoutines::call_stub

---------------  P R O C E S S  ---------------

Java Threads: ( => current thread )
  0x0000000057072000 JavaThread "Thread-0" daemon [_thread_in_native, id=2068, stack(0x0000000061060000,0x0000000061160000)]
  0x0000000057073800 JavaThread "Timer-0" [_thread_in_native, id=6892, stack(0x0000000065d40000,0x0000000065e40000)]
  0x0000000057072800 JavaThread "cameraThread" daemon [_thread_in_Java, id=3284, stack(0x00000000650b0000,0x00000000651b0000)]
  0x0000000057071000 JavaThread "Druid-ConnectionPool-Destroy-2035536088" daemon [_thread_blocked, id=372, stack(0x000000005fb80000,0x000000005fc80000)]
  0x0000000057020800 JavaThread "Druid-ConnectionPool-Create-2035536088" daemon [_thread_blocked, id=2900, stack(0x000000005fa00000,0x000000005fb00000)]
  0x0000000056ec5800 JavaThread "TimerQueue" daemon [_thread_blocked, id=4920, stack(0x000000005f4b0000,0x000000005f5b0000)]
  0x000000000256e800 JavaThread "DestroyJavaVM" [_thread_blocked, id=4316, stack(0x00000000027f0000,0x00000000028f0000)]
  0x000000005687c800 JavaThread "AWT-EventQueue-0" [_thread_blocked, id=5024, stack(0x0000000057bd0000,0x0000000057cd0000)]
  0x0000000056871800 JavaThread "AWT-Shutdown" [_thread_blocked, id=7052, stack(0x0000000057590000,0x0000000057690000)]
  0x0000000056870800 JavaThread "Java2D Disposer" daemon [_thread_blocked, id=6064, stack(0x00000000573a0000,0x00000000574a0000)]
  0x00000000564d0000 JavaThread "Service Thread" daemon [_thread_blocked, id=5240, stack(0x00000000568f0000,0x00000000569f0000)]
  0x0000000054ee2000 JavaThread "C1 CompilerThread1" daemon [_thread_blocked, id=1736, stack(0x0000000056380000,0x0000000056480000)]
  0x0000000054ecb000 JavaThread "C2 CompilerThread0" daemon [_thread_blocked, id=2876, stack(0x00000000561d0000,0x00000000562d0000)]
  0x0000000054eb9000 JavaThread "Attach Listener" daemon [_thread_blocked, id=4532, stack(0x0000000056060000,0x0000000056160000)]
  0x0000000054ea2800 JavaThread "Signal Dispatcher" daemon [_thread_blocked, id=900, stack(0x0000000055e90000,0x0000000055f90000)]
=>0x0000000054e8f000 JavaThread "Finalizer" daemon [_thread_in_native, id=2616, stack(0x0000000055d40000,0x0000000055e40000)]
  0x0000000054e46000 JavaThread "Reference Handler" daemon [_thread_blocked, id=4256, stack(0x0000000055b50000,0x0000000055c50000)]

Other Threads:
  0x0000000054e3e000 VMThread [stack: 0x0000000055970000,0x0000000055a70000] [id=5760]
  0x0000000054f0f000 WatcherThread [stack: 0x00000000569f0000,0x0000000056af0000] [id=4324]

VM state:not at safepoint (normal execution)

VM Mutex/Monitor currently owned by a thread: None

Heap:
 PSYoungGen      total 54784K, used 14298K [0x00000000eaf00000, 0x00000000ee980000, 0x0000000100000000)
  eden space 53248K, 24% used [0x00000000eaf00000,0x00000000ebb87218,0x00000000ee300000)
  from space 1536K, 95% used [0x00000000ee300000,0x00000000ee46f910,0x00000000ee480000)
  to   space 1536K, 0% used [0x00000000ee800000,0x00000000ee800000,0x00000000ee980000)
 ParOldGen       total 52224K, used 22175K [0x00000000c0c00000, 0x00000000c3f00000, 0x00000000eaf00000)
  object space 52224K, 42% used [0x00000000c0c00000,0x00000000c21a7eb8,0x00000000c3f00000)
 Metaspace       used 20259K, capacity 20568K, committed 20736K, reserved 1067008K
  class space    used 2411K, capacity 2496K, committed 2560K, reserved 1048576K

Card table byte_map: [0x0000000011cb0000,0x0000000011eb0000] byte_map_base: 0x00000000116aa000

Marking Bits: (ParMarkBitMap*) 0x000000006e51d850
 Begin Bits: [0x0000000012370000, 0x0000000013340000)
 End Bits:   [0x0000000013340000, 0x0000000014310000)

Polling page: 0x0000000000240000

CodeCache: size=245760Kb used=7273Kb max_used=7285Kb free=238486Kb
 bounds [0x00000000028f0000, 0x0000000003020000, 0x00000000118f0000]
 total_blobs=2846 nmethods=2078 adapters=681
 compilation: enabled

Compilation events (10 events):
Event: 140.018 Thread 0x0000000054ecb000 2342       4       sun.java2d.SunGraphics2D::transformShape (36 bytes)
Event: 140.020 Thread 0x0000000054ecb000 nmethod 2342 0x0000000002bff890 code [0x0000000002bff9e0, 0x0000000002bffbd8]
Event: 140.242 Thread 0x0000000054ecb000 2343       4       sun.java2d.d3d.D3DSurfaceData::validatePipe (414 bytes)
Event: 140.244 Thread 0x0000000054ecb000 nmethod 2343 0x0000000002e2e110 code [0x0000000002e2e280, 0x0000000002e2e598]
Event: 140.476 Thread 0x0000000054ee2000 2344       3       java.lang.ClassLoader::getClassLoader (11 bytes)
Event: 140.476 Thread 0x0000000054ee2000 nmethod 2344 0x0000000002e30910 code [0x0000000002e30a60, 0x0000000002e30c70]
Event: 140.479 Thread 0x0000000054ee2000 2345  s    3       java.util.Hashtable::containsKey (65 bytes)
Event: 140.479 Thread 0x0000000054ee2000 nmethod 2345 0x0000000002eac150 code [0x0000000002eac2e0, 0x0000000002eac8f8]
Event: 140.479 Thread 0x0000000054ee2000 2346       1       java.util.concurrent.CopyOnWriteArrayList::getArray (5 bytes)
Event: 140.479 Thread 0x0000000054ee2000 nmethod 2346 0x0000000002c032d0 code [0x0000000002c03420, 0x0000000002c03530]

GC Heap History (10 events):
Event: 138.176 GC heap before
{Heap before GC invocations=448 (full 5):
 PSYoungGen      total 47616K, used 46053K [0x00000000eaf00000, 0x00000000edf00000, 0x0000000100000000)
  eden space 46080K, 99% used [0x00000000eaf00000,0x00000000edbf95e8,0x00000000edc00000)
  from space 1536K, 0% used [0x00000000edd80000,0x00000000edd80000,0x00000000edf00000)
  to   space 1536K, 0% used [0x00000000edc00000,0x00000000edc00000,0x00000000edd80000)
 ParOldGen       total 52224K, used 9519K [0x00000000c0c00000, 0x00000000c3f00000, 0x00000000eaf00000)
  object space 52224K, 18% used [0x00000000c0c00000,0x00000000c154bd28,0x00000000c3f00000)
 Metaspace       used 20257K, capacity 20568K, committed 20736K, reserved 1067008K
  class space    used 2410K, capacity 2496K, committed 2560K, reserved 1048576K
Event: 138.178 GC heap after
Heap after GC invocations=448 (full 5):
 PSYoungGen      total 47616K, used 1502K [0x00000000eaf00000, 0x00000000ee280000, 0x0000000100000000)
  eden space 46080K, 0% used [0x00000000eaf00000,0x00000000eaf00000,0x00000000edc00000)
  from space 1536K, 97% used [0x00000000edc00000,0x00000000edd77910,0x00000000edd80000)
  to   space 1536K, 0% used [0x00000000ee100000,0x00000000ee100000,0x00000000ee280000)
 ParOldGen       total 52224K, used 13738K [0x00000000c0c00000, 0x00000000c3f00000, 0x00000000eaf00000)
  object space 52224K, 26% used [0x00000000c0c00000,0x00000000c196a858,0x00000000c3f00000)
 Metaspace       used 20257K, capacity 20568K, committed 20736K, reserved 1067008K
  class space    used 2410K, capacity 2496K, committed 2560K, reserved 1048576K
}
Event: 138.719 GC heap before
{Heap before GC invocations=449 (full 5):
 PSYoungGen      total 47616K, used 47493K [0x00000000eaf00000, 0x00000000ee280000, 0x0000000100000000)
  eden space 46080K, 99% used [0x00000000eaf00000,0x00000000edbe9b08,0x00000000edc00000)
  from space 1536K, 97% used [0x00000000edc00000,0x00000000edd77910,0x00000000edd80000)
  to   space 1536K, 0% used [0x00000000ee100000,0x00000000ee100000,0x00000000ee280000)
 ParOldGen       total 52224K, used 13738K [0x00000000c0c00000, 0x00000000c3f00000, 0x00000000eaf00000)
  object space 52224K, 26% used [0x00000000c0c00000,0x00000000c196a858,0x00000000c3f00000)
 Metaspace       used 20257K, capacity 20568K, committed 20736K, reserved 1067008K
  class space    used 2410K, capacity 2496K, committed 2560K, reserved 1048576K
Event: 138.721 GC heap after
Heap after GC invocations=449 (full 5):
 PSYoungGen      total 51200K, used 1502K [0x00000000eaf00000, 0x00000000ee280000, 0x0000000100000000)
  eden space 49664K, 0% used [0x00000000eaf00000,0x00000000eaf00000,0x00000000edf80000)
  from space 1536K, 97% used [0x00000000ee100000,0x00000000ee277910,0x00000000ee280000)
  to   space 1536K, 0% used [0x00000000edf80000,0x00000000edf80000,0x00000000ee100000)
 ParOldGen       total 52224K, used 16550K [0x00000000c0c00000, 0x00000000c3f00000, 0x00000000eaf00000)
  object space 52224K, 31% used [0x00000000c0c00000,0x00000000c1c29a78,0x00000000c3f00000)
 Metaspace       used 20257K, capacity 20568K, committed 20736K, reserved 1067008K
  class space    used 2410K, capacity 2496K, committed 2560K, reserved 1048576K
}
Event: 139.280 GC heap before
{Heap before GC invocations=450 (full 5):
 PSYoungGen      total 51200K, used 50393K [0x00000000eaf00000, 0x00000000ee280000, 0x0000000100000000)
  eden space 49664K, 98% used [0x00000000eaf00000,0x00000000edebec48,0x00000000edf80000)
  from space 1536K, 97% used [0x00000000ee100000,0x00000000ee277910,0x00000000ee280000)
  to   space 1536K, 0% used [0x00000000edf80000,0x00000000edf80000,0x00000000ee100000)
 ParOldGen       total 52224K, used 16550K [0x00000000c0c00000, 0x00000000c3f00000, 0x00000000eaf00000)
  object space 52224K, 31% used [0x00000000c0c00000,0x00000000c1c29a78,0x00000000c3f00000)
 Metaspace       used 20257K, capacity 20568K, committed 20736K, reserved 1067008K
  class space    used 2410K, capacity 2496K, committed 2560K, reserved 1048576K
Event: 139.281 GC heap after
Heap after GC invocations=450 (full 5):
 PSYoungGen      total 51200K, used 1502K [0x00000000eaf00000, 0x00000000ee600000, 0x0000000100000000)
  eden space 49664K, 0% used [0x00000000eaf00000,0x00000000eaf00000,0x00000000edf80000)
  from space 1536K, 97% used [0x00000000edf80000,0x00000000ee0f7910,0x00000000ee100000)
  to   space 1536K, 0% used [0x00000000ee480000,0x00000000ee480000,0x00000000ee600000)
 ParOldGen       total 52224K, used 19363K [0x00000000c0c00000, 0x00000000c3f00000, 0x00000000eaf00000)
  object space 52224K, 37% used [0x00000000c0c00000,0x00000000c1ee8c98,0x00000000c3f00000)
 Metaspace       used 20257K, capacity 20568K, committed 20736K, reserved 1067008K
  class space    used 2410K, capacity 2496K, committed 2560K, reserved 1048576K
}
Event: 139.840 GC heap before
{Heap before GC invocations=451 (full 5):
 PSYoungGen      total 51200K, used 50339K [0x00000000eaf00000, 0x00000000ee600000, 0x0000000100000000)
  eden space 49664K, 98% used [0x00000000eaf00000,0x00000000edeb1468,0x00000000edf80000)
  from space 1536K, 97% used [0x00000000edf80000,0x00000000ee0f7910,0x00000000ee100000)
  to   space 1536K, 0% used [0x00000000ee480000,0x00000000ee480000,0x00000000ee600000)
 ParOldGen       total 52224K, used 19363K [0x00000000c0c00000, 0x00000000c3f00000, 0x00000000eaf00000)
  object space 52224K, 37% used [0x00000000c0c00000,0x00000000c1ee8c98,0x00000000c3f00000)
 Metaspace       used 20257K, capacity 20568K, committed 20736K, reserved 1067008K
  class space    used 2410K, capacity 2496K, committed 2560K, reserved 1048576K
Event: 139.841 GC heap after
Heap after GC invocations=451 (full 5):
 PSYoungGen      total 54784K, used 1502K [0x00000000eaf00000, 0x00000000ee600000, 0x0000000100000000)
  eden space 53248K, 0% used [0x00000000eaf00000,0x00000000eaf00000,0x00000000ee300000)
  from space 1536K, 97% used [0x00000000ee480000,0x00000000ee5f7910,0x00000000ee600000)
  to   space 1536K, 0% used [0x00000000ee300000,0x00000000ee300000,0x00000000ee480000)
 ParOldGen       total 52224K, used 22175K [0x00000000c0c00000, 0x00000000c3f00000, 0x00000000eaf00000)
  object space 52224K, 42% used [0x00000000c0c00000,0x00000000c21a7eb8,0x00000000c3f00000)
 Metaspace       used 20257K, capacity 20568K, committed 20736K, reserved 1067008K
  class space    used 2410K, capacity 2496K, committed 2560K, reserved 1048576K
}
Event: 140.473 GC heap before
{Heap before GC invocations=452 (full 5):
 PSYoungGen      total 54784K, used 54750K [0x00000000eaf00000, 0x00000000ee600000, 0x0000000100000000)
  eden space 53248K, 100% used [0x00000000eaf00000,0x00000000ee300000,0x00000000ee300000)
  from space 1536K, 97% used [0x00000000ee480000,0x00000000ee5f7910,0x00000000ee600000)
  to   space 1536K, 0% used [0x00000000ee300000,0x00000000ee300000,0x00000000ee480000)
 ParOldGen       total 52224K, used 22175K [0x00000000c0c00000, 0x00000000c3f00000, 0x00000000eaf00000)
  object space 52224K, 42% used [0x00000000c0c00000,0x00000000c21a7eb8,0x00000000c3f00000)
 Metaspace       used 20258K, capacity 20568K, committed 20736K, reserved 1067008K
  class space    used 2410K, capacity 2496K, committed 2560K, reserved 1048576K
Event: 140.475 GC heap after
Heap after GC invocations=452 (full 5):
 PSYoungGen      total 54784K, used 1470K [0x00000000eaf00000, 0x00000000ee980000, 0x0000000100000000)
  eden space 53248K, 0% used [0x00000000eaf00000,0x00000000eaf00000,0x00000000ee300000)
  from space 1536K, 95% used [0x00000000ee300000,0x00000000ee46f910,0x00000000ee480000)
  to   space 1536K, 0% used [0x00000000ee800000,0x00000000ee800000,0x00000000ee980000)
 ParOldGen       total 52224K, used 22175K [0x00000000c0c00000, 0x00000000c3f00000, 0x00000000eaf00000)
  object space 52224K, 42% used [0x00000000c0c00000,0x00000000c21a7eb8,0x00000000c3f00000)
 Metaspace       used 20258K, capacity 20568K, committed 20736K, reserved 1067008K
  class space    used 2410K, capacity 2496K, committed 2560K, reserved 1048576K
}

Deoptimization events (10 events):
Event: 9.266 Thread 0x0000000057072800 Uncommon trap: reason=unstable_if action=reinterpret pc=0x0000000002e0a72c method=com.dx.util.CameraUtil.mat2BI(Lorg/opencv/core/Mat;)Ljava/awt/image/BufferedImage; @ 88
Event: 9.284 Thread 0x0000000057072800 Uncommon trap: reason=unstable_if action=reinterpret pc=0x0000000002e08ac4 method=sun.awt.image.ByteInterleavedRaster.putByteData(IIII[B)V @ 446
Event: 20.859 Thread 0x0000000057073800 Uncommon trap: reason=null_check action=make_not_entrant pc=0x0000000002d1b0b8 method=java.lang.StringCoding.decode(Ljava/lang/String;[BII)[C @ 6
Event: 27.833 Thread 0x0000000057072800 Uncommon trap: reason=unstable_if action=reinterpret pc=0x0000000002b1fc70 method=sun.awt.image.ByteInterleavedRaster.getByteData(IIII[B)[B @ 97
Event: 27.839 Thread 0x0000000057072800 Uncommon trap: reason=unstable_if action=reinterpret pc=0x0000000002a13fe0 method=sun.awt.image.ByteInterleavedRaster.getDataElements(IILjava/lang/Object;)Ljava/lang/Object; @ 43
Event: 27.839 Thread 0x0000000057072800 Uncommon trap: reason=unstable_if action=reinterpret pc=0x0000000002b4306c method=java.awt.image.ComponentColorModel.getRGB(Ljava/lang/Object;)I @ 4
Event: 43.354 Thread 0x000000005687c800 Uncommon trap: reason=unstable_if action=reinterpret pc=0x0000000002f697c0 method=sun.awt.PostEventQueue.flush()V @ 23
Event: 43.356 Thread 0x0000000057073800 Uncommon trap: reason=unstable_if action=reinterpret pc=0x0000000002bbc99c method=java.awt.image.ComponentColorModel.getRGB(Ljava/lang/Object;)I @ 4
Event: 54.054 Thread 0x0000000057072800 Uncommon trap: reason=unstable_if action=reinterpret pc=0x0000000002fa2b98 method=java.awt.image.BufferedImage.getRGB(IIII[III)[I @ 163
Event: 77.364 Thread 0x000000005687c800 Uncommon trap: reason=range_check action=make_not_entrant pc=0x0000000002bc7ac0 method=java.awt.image.DirectColorModel.setFields()V @ 65

Internal exceptions (10 events):
Event: 4.820 Thread 0x000000005687c800 Exception <a 'java/lang/ArrayIndexOutOfBoundsException'> (0x00000000eb55c9a0) thrown at [C:\re\workspace\8-2-build-windows-amd64-cygwin\jdk8u144\9417\hotspot\src\share\vm\runtime\sharedRuntime.cpp, line 605]
Event: 4.820 Thread 0x000000005687c800 Exception <a 'java/lang/ArrayIndexOutOfBoundsException'> (0x00000000eb55e658) thrown at [C:\re\workspace\8-2-build-windows-amd64-cygwin\jdk8u144\9417\hotspot\src\share\vm\runtime\sharedRuntime.cpp, line 605]
Event: 4.823 Thread 0x000000005687c800 Exception <a 'java/lang/ArrayIndexOutOfBoundsException'> (0x00000000eb584988) thrown at [C:\re\workspace\8-2-build-windows-amd64-cygwin\jdk8u144\9417\hotspot\src\share\vm\runtime\sharedRuntime.cpp, line 605]
Event: 4.826 Thread 0x000000005687c800 Exception <a 'java/lang/ArrayIndexOutOfBoundsException'> (0x00000000eb592ae0) thrown at [C:\re\workspace\8-2-build-windows-amd64-cygwin\jdk8u144\9417\hotspot\src\share\vm\runtime\sharedRuntime.cpp, line 605]
Event: 4.962 Thread 0x0000000057020800 Implicit null exception at 0x0000000002c9a150 to 0x0000000002c9a1d1
Event: 5.077 Thread 0x0000000057020800 Implicit null exception at 0x0000000002b89ca0 to 0x0000000002b89d0d
Event: 20.859 Thread 0x0000000057073800 Implicit null exception at 0x0000000002d19ec9 to 0x0000000002d1b0a9
Event: 28.114 Thread 0x0000000057072000 Exception <a 'java/io/FileNotFoundException'> (0x00000000eb2b79d0) thrown at [C:\re\workspace\8-2-build-windows-amd64-cygwin\jdk8u144\9417\hotspot\src\share\vm\prims\jni.cpp, line 709]
Event: 28.114 Thread 0x0000000057072000 Exception <a 'java/io/FileNotFoundException'> (0x00000000eb2b80b0) thrown at [C:\re\workspace\8-2-build-windows-amd64-cygwin\jdk8u144\9417\hotspot\src\share\vm\prims\jni.cpp, line 709]
Event: 54.265 Thread 0x0000000057072000 Exception <a 'java/io/FileNotFoundException'> (0x00000000eb10fd98) thrown at [C:\re\workspace\8-2-build-windows-amd64-cygwin\jdk8u144\9417\hotspot\src\share\vm\prims\jni.cpp, line 709]

Events (10 events):
Event: 140.479 Thread 0x0000000054ee2000 flushing nmethod 0x0000000002d16dd0
Event: 140.479 Thread 0x0000000054ee2000 flushing nmethod 0x0000000002d44d90
Event: 140.480 Executing VM operation: RevokeBias
Event: 140.480 Executing VM operation: RevokeBias done
Event: 140.480 Executing VM operation: RevokeBias
Event: 140.480 Executing VM operation: RevokeBias done
Event: 140.481 Thread 0x0000000057075000 Thread exited: 0x0000000057075000
Event: 140.481 Thread 0x0000000056ca7800 Thread exited: 0x0000000056ca7800
Event: 140.482 loading class sun/java2d/pipe/hw/AccelDeviceEventNotifier
Event: 140.483 loading class sun/java2d/pipe/hw/AccelDeviceEventNotifier done


Dynamic libraries:
0x000000013f3d0000 - 0x000000013f407000 	C:\Program Files\Java\jdk1.8.0_144\bin\javaw.exe
0x0000000077cb0000 - 0x0000000077e4f000 	C:\Windows\SYSTEM32\ntdll.dll
0x0000000077b90000 - 0x0000000077caf000 	C:\Windows\system32\kernel32.dll
0x000007fefd860000 - 0x000007fefd8ca000 	C:\Windows\system32\KERNELBASE.dll
0x000007fefea90000 - 0x000007fefeb6b000 	C:\Windows\system32\ADVAPI32.dll
0x000007fefe620000 - 0x000007fefe6bf000 	C:\Windows\system32\msvcrt.dll
0x000007fefde70000 - 0x000007fefde8f000 	C:\Windows\SYSTEM32\sechost.dll
0x000007feffc60000 - 0x000007feffd8c000 	C:\Windows\system32\RPCRT4.dll
0x0000000077a90000 - 0x0000000077b8a000 	C:\Windows\system32\USER32.dll
0x000007fefea20000 - 0x000007fefea87000 	C:\Windows\system32\GDI32.dll
0x000007fefde90000 - 0x000007fefde9e000 	C:\Windows\system32\LPK.dll
0x000007fefe6c0000 - 0x000007fefe789000 	C:\Windows\system32\USP10.dll
0x000007fefbf70000 - 0x000007fefc165000 	C:\Windows\WinSxS\amd64_microsoft.windows.common-controls_6595b64144ccf1df_6.0.7601.24380_none_e3731d0b30fb6b11\COMCTL32.dll
0x000007fefe790000 - 0x000007fefe801000 	C:\Windows\system32\SHLWAPI.dll
0x000007fefd5d0000 - 0x000007fefd627000 	C:\Windows\system32\apphelp.dll
0x000007fef2610000 - 0x000007fef2661000 	C:\Windows\AppPatch\AppPatch64\AcGenral.DLL
0x000007fefd590000 - 0x000007fefd5b5000 	C:\Windows\system32\SspiCli.dll
0x000007fefe810000 - 0x000007fefea0f000 	C:\Windows\system32\ole32.dll
0x000007fefec00000 - 0x000007feff98b000 	C:\Windows\system32\SHELL32.dll
0x0000000072a70000 - 0x0000000072a73000 	C:\Windows\system32\sfc.dll
0x000007fef75d0000 - 0x000007fef75e0000 	C:\Windows\system32\sfc_os.DLL
0x000007fefd830000 - 0x000007fefd84e000 	C:\Windows\system32\USERENV.dll
0x000007fefd800000 - 0x000007fefd80f000 	C:\Windows\system32\profapi.dll
0x000007fefb700000 - 0x000007fefb718000 	C:\Windows\system32\dwmapi.dll
0x000007fefbf50000 - 0x000007fefbf68000 	C:\Windows\system32\MPR.dll
0x000007fefeb70000 - 0x000007fefeb9e000 	C:\Windows\system32\IMM32.DLL
0x000007fefdd60000 - 0x000007fefde69000 	C:\Windows\system32\MSCTF.dll
0x0000000074a70000 - 0x0000000074b42000 	C:\Program Files\Java\jdk1.8.0_144\jre\bin\msvcr100.dll
0x000000006dd00000 - 0x000000006e59d000 	C:\Program Files\Java\jdk1.8.0_144\jre\bin\server\jvm.dll
0x000007fef67e0000 - 0x000007fef67e9000 	C:\Windows\system32\WSOCK32.dll
0x000007fefe5d0000 - 0x000007fefe61d000 	C:\Windows\system32\WS2_32.dll
0x000007fefea10000 - 0x000007fefea18000 	C:\Windows\system32\NSI.dll
0x000007fef6300000 - 0x000007fef633b000 	C:\Windows\system32\WINMM.dll
0x000007fefc880000 - 0x000007fefc88c000 	C:\Windows\system32\VERSION.dll
0x0000000077e60000 - 0x0000000077e67000 	C:\Windows\system32\PSAPI.DLL
0x0000000075300000 - 0x000000007530f000 	C:\Program Files\Java\jdk1.8.0_144\jre\bin\verify.dll
0x0000000074c00000 - 0x0000000074c29000 	C:\Program Files\Java\jdk1.8.0_144\jre\bin\java.dll
0x0000000074be0000 - 0x0000000074bf6000 	C:\Program Files\Java\jdk1.8.0_144\jre\bin\zip.dll
0x0000000074080000 - 0x0000000074218000 	C:\Program Files\Java\jdk1.8.0_144\jre\bin\awt.dll
0x000007fefdbc0000 - 0x000007fefdc9a000 	C:\Windows\system32\OLEAUT32.dll
0x000007fefbd10000 - 0x000007fefbd66000 	C:\Windows\system32\uxtheme.dll
0x000007fef5f60000 - 0x000007fef6283000 	C:\Windows\system32\PALMINPUTIME.IME
0x000007fefb160000 - 0x000007fefb167000 	C:\Windows\system32\MSIMG32.dll
0x000007fefb010000 - 0x000007fefb135000 	C:\Windows\system32\dbghelp.dll
0x000007fefc2e0000 - 0x000007fefc30d000 	C:\Windows\system32\ntmarta.dll
0x000007fefeba0000 - 0x000007fefebf2000 	C:\Windows\system32\WLDAP32.dll
0x000007fefd630000 - 0x000007fefd63f000 	C:\Windows\system32\CRYPTBASE.dll
0x000007fef1980000 - 0x000007fef1a9d000 	C:\Windows\system32\opengl32.dll
0x000007fef7a30000 - 0x000007fef7a5d000 	C:\Windows\system32\GLU32.dll
0x000007fef11f0000 - 0x000007fef12e1000 	C:\Windows\system32\DDRAW.dll
0x000007fef7970000 - 0x000007fef7978000 	C:\Windows\system32\DCIMAN32.dll
0x000007fefe350000 - 0x000007fefe527000 	C:\Windows\system32\SETUPAPI.dll
0x000007fefdb20000 - 0x000007fefdb56000 	C:\Windows\system32\CFGMGR32.dll
0x000007fefdaf0000 - 0x000007fefdb0a000 	C:\Windows\system32\DEVOBJ.dll
0x000007feef7f0000 - 0x000007feef9ef000 	C:\Windows\system32\d3d9.dll
0x000007fef7960000 - 0x000007fef7967000 	C:\Windows\system32\d3d8thk.dll
0x0000000074ba0000 - 0x0000000074bd1000 	C:\Program Files\Java\jdk1.8.0_144\jre\bin\jpeg.dll
0x0000000074b50000 - 0x0000000074b97000 	C:\Program Files\Java\jdk1.8.0_144\jre\bin\fontmanager.dll
0x000007fefdca0000 - 0x000007fefdd39000 	C:\Windows\system32\CLBCatQ.DLL
0x000007fefb550000 - 0x000007fefb6b1000 	C:\Windows\system32\WindowsCodecs.dll
0x000007fef5d60000 - 0x000007fef5db6000 	C:\Users\Administrator\AppData\Local\Microsoft\OneDrive\17.3.4604.0120\amd64\FileSyncShell64.dll
0x000007fef5cb0000 - 0x000007fef5d57000 	C:\Users\Administrator\AppData\Local\Microsoft\OneDrive\17.3.4604.0120\amd64\MSVCP110.dll
0x000007fef5950000 - 0x000007fef5a1e000 	C:\Users\Administrator\AppData\Local\Microsoft\OneDrive\17.3.4604.0120\amd64\MSVCR110.dll
0x000007fefdea0000 - 0x000007fefe34c000 	C:\Windows\system32\WININET.dll
0x000007fefd850000 - 0x000007fefd854000 	C:\Windows\system32\api-ms-win-downlevel-user32-l1-1-0.dll
0x000007fefdb10000 - 0x000007fefdb14000 	C:\Windows\system32\api-ms-win-downlevel-shlwapi-l1-1-0.dll
0x000007fefdb60000 - 0x000007fefdb64000 	C:\Windows\system32\api-ms-win-downlevel-version-l1-1-0.dll
0x000007fefd8d0000 - 0x000007fefd8d3000 	C:\Windows\system32\api-ms-win-downlevel-normaliz-l1-1-0.dll
0x0000000077e50000 - 0x0000000077e53000 	C:\Windows\system32\normaliz.DLL
0x000007feff990000 - 0x000007feffc5a000 	C:\Windows\system32\iertutil.dll
0x000007fefd820000 - 0x000007fefd825000 	C:\Windows\system32\api-ms-win-downlevel-advapi32-l1-1-0.dll
0x0000000072850000 - 0x0000000072870000 	C:\Program Files\Common Files\TortoiseOverlays\TortoiseOverlays.dll
0x000007fefb150000 - 0x000007fefb153000 	C:\Windows\system32\api-ms-win-core-synch-l1-2-0.DLL
0x0000000072870000 - 0x000000007288b000 	C:\Program Files\TortoiseSVN\bin\TortoiseStub.dll
0x00000000721e0000 - 0x0000000072268000 	C:\Program Files\TortoiseSVN\bin\TortoiseSVN.dll
0x000007fef53a0000 - 0x000007fef594e000 	C:\Program Files\TortoiseSVN\bin\libsvn_tsvn.dll
0x00000000727d0000 - 0x0000000072802000 	C:\Program Files\TortoiseSVN\bin\libapr_tsvn.dll
0x000007fefcee0000 - 0x000007fefcf35000 	C:\Windows\system32\MSWSOCK.dll
0x000007fef5c90000 - 0x000007fef5ca7000 	C:\Program Files\TortoiseSVN\bin\VCRUNTIME140.dll
0x000007fef6910000 - 0x000007fef6914000 	C:\Program Files\TortoiseSVN\bin\api-ms-win-crt-runtime-l1-1-0.dll
0x000007fef52a0000 - 0x000007fef5394000 	C:\Windows\system32\ucrtbase.DLL
0x000007fef66e0000 - 0x000007fef66e3000 	C:\Windows\system32\api-ms-win-core-timezone-l1-1-0.dll
0x000007fef66d0000 - 0x000007fef66d3000 	C:\Windows\system32\api-ms-win-core-file-l2-1-0.dll
0x000007fef6290000 - 0x000007fef6293000 	C:\Windows\system32\api-ms-win-core-localization-l1-2-0.dll
0x000007fef5c80000 - 0x000007fef5c83000 	C:\Windows\system32\api-ms-win-core-processthreads-l1-1-1.dll
0x000007fef5c70000 - 0x000007fef5c73000 	C:\Windows\system32\api-ms-win-core-file-l1-2-0.dll
0x000007fef5c60000 - 0x000007fef5c64000 	C:\Program Files\TortoiseSVN\bin\api-ms-win-crt-string-l1-1-0.dll
0x000007fef5c50000 - 0x000007fef5c53000 	C:\Program Files\TortoiseSVN\bin\api-ms-win-crt-heap-l1-1-0.dll
0x000007fef5c40000 - 0x000007fef5c44000 	C:\Program Files\TortoiseSVN\bin\api-ms-win-crt-stdio-l1-1-0.dll
0x000007fef5c30000 - 0x000007fef5c34000 	C:\Program Files\TortoiseSVN\bin\api-ms-win-crt-convert-l1-1-0.dll
0x000007fef5c20000 - 0x000007fef5c23000 	C:\Program Files\TortoiseSVN\bin\api-ms-win-crt-conio-l1-1-0.dll
0x000007fef5c10000 - 0x000007fef5c13000 	C:\Program Files\TortoiseSVN\bin\api-ms-win-crt-utility-l1-1-0.dll
0x000007fef5c00000 - 0x000007fef5c05000 	C:\Program Files\TortoiseSVN\bin\api-ms-win-crt-math-l1-1-0.dll
0x000007fef5bf0000 - 0x000007fef5bf3000 	C:\Program Files\TortoiseSVN\bin\api-ms-win-crt-environment-l1-1-0.dll
0x000007fef5290000 - 0x000007fef5293000 	C:\Program Files\TortoiseSVN\bin\api-ms-win-crt-time-l1-1-0.dll
0x00000000722b0000 - 0x00000000722f4000 	C:\Program Files\TortoiseSVN\bin\libaprutil_tsvn.dll
0x000007fef5270000 - 0x000007fef5282000 	C:\Program Files\TortoiseSVN\bin\intl3_tsvn.dll
0x000007fef5260000 - 0x000007fef5263000 	C:\Program Files\TortoiseSVN\bin\api-ms-win-crt-filesystem-l1-1-0.dll
0x000007fef5240000 - 0x000007fef525a000 	C:\Program Files\TortoiseSVN\bin\libsasl.dll
0x000007fefd290000 - 0x000007fefd29b000 	C:\Windows\system32\Secur32.dll
0x000007fefd980000 - 0x000007fefdaea000 	C:\Windows\system32\CRYPT32.dll
0x000007fefd810000 - 0x000007fefd81f000 	C:\Windows\system32\MSASN1.dll
0x000007fef5230000 - 0x000007fef5233000 	C:\Program Files\TortoiseSVN\bin\api-ms-win-crt-locale-l1-1-0.dll
0x000007fef5190000 - 0x000007fef522e000 	C:\Program Files\TortoiseSVN\bin\MSVCP140.dll
0x000007fef5180000 - 0x000007fef5185000 	C:\Program Files\TortoiseSVN\bin\api-ms-win-crt-multibyte-l1-1-0.dll
0x000007fee3330000 - 0x000007fee36a1000 	C:\Program Files (x86)\Microsoft Office\root\VFS\ProgramFilesX64\Microsoft Office\Office16\GROOVEEX.DLL
0x000007fef9b90000 - 0x000007fef9eae000 	C:\Windows\system32\msi.dll
0x000007fee0c50000 - 0x000007fee14b4000 	C:\Program Files (x86)\Microsoft Office\root\VFS\ProgramFilesX64\Microsoft Office\Office16\2052\GrooveIntlResource.dll
0x00000000750d0000 - 0x00000000750ea000 	C:\Program Files\Java\jdk1.8.0_144\jre\bin\net.dll
0x000007fefced0000 - 0x000007fefced7000 	C:\Windows\System32\wship6.dll
0x0000000074480000 - 0x0000000074491000 	C:\Program Files\Java\jdk1.8.0_144\jre\bin\nio.dll
0x0000000074430000 - 0x0000000074472000 	C:\Program Files\Java\jdk1.8.0_144\jre\bin\t2k.dll
0x0000000074a50000 - 0x0000000074a5d000 	C:\Program Files\Java\jdk1.8.0_144\jre\bin\management.dll
0x000007fefcf40000 - 0x000007fefcf57000 	C:\Windows\system32\CRYPTSP.dll
0x000007fefcc40000 - 0x000007fefcc87000 	C:\Windows\system32\rsaenh.dll
0x000007fefaf80000 - 0x000007fefafa7000 	C:\Windows\system32\IPHLPAPI.DLL
0x000007fefaf70000 - 0x000007fefaf7b000 	C:\Windows\system32\WINNSI.DLL
0x000007fefad70000 - 0x000007fefad88000 	C:\Windows\system32\dhcpcsvc.DLL
0x000007fefad50000 - 0x000007fefad61000 	C:\Windows\system32\dhcpcsvc6.DLL
0x000000006adc0000 - 0x000000006aeb2000 	C:\Users\Administrator\AppData\Local\Temp\sqlite-3.20.1-43292601-1780-4f24-bb65-dbc5f776b9c0-sqlitejdbc.dll
0x000007fed6ff0000 - 0x000007fed9cc2000 	C:\Program Files\Java\jre1.8.0_144\bin\opencv_java341.dll
0x000007fef8a70000 - 0x000007fef8a99000 	C:\Windows\system32\MSVFW32.dll
0x000007fef9430000 - 0x000007fef944f000 	C:\Windows\system32\AVIFIL32.dll
0x000007fef17a0000 - 0x000007fef17b8000 	C:\Windows\system32\MSACM32.dll
0x000007fef9eb0000 - 0x000007fef9ec7000 	C:\Windows\system32\AVICAP32.dll
0x000007fef8610000 - 0x000007fef8626000 	C:\Windows\system32\devenum.dll
0x000007fefdb80000 - 0x000007fefdbba000 	C:\Windows\system32\WINTRUST.dll
0x000007fefbd90000 - 0x000007fefbd9d000 	C:\Windows\system32\msdmo.dll

VM Arguments:
jvm_args: -Dfile.encoding=GBK 
java_command: com.dx.FaceMainFrame
java_class_path (initial): C:\Program Files\Java\jdk1.8.0_144\jre\lib\resources.jar;C:\Program Files\Java\jdk1.8.0_144\jre\lib\rt.jar;C:\Program Files\Java\jdk1.8.0_144\jre\lib\jsse.jar;C:\Program Files\Java\jdk1.8.0_144\jre\lib\jce.jar;C:\Program Files\Java\jdk1.8.0_144\jre\lib\charsets.jar;C:\Program Files\Java\jdk1.8.0_144\jre\lib\jfr.jar;C:\Program Files\Java\jdk1.8.0_144\jre\lib\ext\access-bridge-64.jar;C:\Program Files\Java\jdk1.8.0_144\jre\lib\ext\cldrdata.jar;C:\Program Files\Java\jdk1.8.0_144\jre\lib\ext\dnsns.jar;C:\Program Files\Java\jdk1.8.0_144\jre\lib\ext\jaccess.jar;C:\Program Files\Java\jdk1.8.0_144\jre\lib\ext\jfxrt.jar;C:\Program Files\Java\jdk1.8.0_144\jre\lib\ext\localedata.jar;C:\Program Files\Java\jdk1.8.0_144\jre\lib\ext\nashorn.jar;C:\Program Files\Java\jdk1.8.0_144\jre\lib\ext\sunec.jar;C:\Program Files\Java\jdk1.8.0_144\jre\lib\ext\sunjce_provider.jar;C:\Program Files\Java\jdk1.8.0_144\jre\lib\ext\sunmscapi.jar;C:\Program Files\Java\jdk1.8.0_144\jre\lib\ext\sunpkcs11.jar;C:\Program Files\Java\jdk1.8.0_144\jre\lib\ext\zipfs.jar;D:\eclipse\workspace\FaceRecongnition\bin;D:\eclipse\workspace\FaceRecongnition\lib\dom4j-1.6.1.jar;D:\eclipse\workspace\FaceRecongnition\lib\fr-server-7.0.jar;D:\eclipse\workspace\FaceRecongnition\lib\fr-third-7.0.jar;D:\eclipse\workspace\FaceRecongnition\lib\jacob.jar;D:\eclipse\workspace\FaceRecongnition\lib\druid-1.1.10.jar;D:\eclipse\workspace\FaceRecongnition\lib\opencv-341.jar;D:\eclipse\workspace\FaceRecongnition\lib\commons-dbcp-1.4.jar;D:\eclipse\workspace\FaceRecongnition\lib\commons-pool-1.5.6.jar;D:\eclipse\workspace\FaceRecongnition\lib\lombok.jar;D:\eclipse\workspace\FaceRecongnition\lib\sqlite-jdbc-3.20.1.jar;C:\Users\Administrator\.p2\pool\plugins\org.junit_4.12.0.v201504281640\junit.jar;C:\Users\Administrator\.p2\pool\plugins\org.hamcrest.core_1.3.0.v201303031735.jar
Launcher Type: SUN_STANDARD

Environment Variables:
JAVA_HOME=C:\Program Files\Java\jdk1.8.0_144
CLASSPATH=.;C:\Program Files\Java\jdk1.8.0_144\lib\dt.jar;C:\Program Files\Java\jdk1.8.0_144\lib\tools.jar;
PATH=C:/Program Files/Java/jre1.8.0_144/bin/server;C:/Program Files/Java/jre1.8.0_144/bin;C:/Program Files/Java/jre1.8.0_144/lib/amd64;C:\ProgramData\Oracle\Java\javapath;C:\Windows\system32;C:\Windows;C:\Windows\System32\Wbem;C:\Windows\System32\WindowsPowerShell\v1.0\;C:\strawberry\c\bin;C:\strawberry\perl\bin;C:\Python27;C:\Program Files\Java\jdk1.8.0_144\bin;C:\Program Files\Java\jdk1.8.0_144\jre\bin;D:\apache-maven-3.2.5\bin;C:\Program Files\TortoiseSVN\bin;D:\Program Files\Git\cmd;D:\Program Files\bandzip\;D:\eclipse\eclipse;
USERNAME=Administrator
OS=Windows_NT
PROCESSOR_IDENTIFIER=Intel64 Family 6 Model 60 Stepping 3, GenuineIntel



---------------  S Y S T E M  ---------------

OS: Windows 7 , 64 bit Build 7601 (6.1.7601.24387)

CPU:total 2 (initial active 2) (2 cores per cpu, 1 threads per core) family 6 model 60 stepping 3, cmov, cx8, fxsr, mmx, sse, sse2, sse3, ssse3, sse4.1, sse4.2, popcnt, clmul, erms, lzcnt, tsc, tscinvbit

Memory: 4k page, physical 4139892k(1037332k free), swap 8277884k(2239560k free)

vm_info: Java HotSpot(TM) 64-Bit Server VM (25.144-b01) for windows-amd64 JRE (1.8.0_144-b01), built on Jul 21 2017 21:57:33 by "java_re" with MS VC++ 10.0 (VS2010)

time: Tue Jun 04 11:00:30 2019
elapsed time: 140 seconds (0d 0h 2m 20s)

