#
# A fatal error has been detected by the Java Runtime Environment:
#
#  EXCEPTION_ACCESS_VIOLATION (0xc0000005) at pc=0x0000000180003ae0, pid=5296, tid=0x00000000000005d8
#
# JRE version: Java(TM) SE Runtime Environment (8.0_144-b01) (build 1.8.0_144-b01)
# Java VM: Java HotSpot(TM) 64-Bit Server VM (25.144-b01 mixed mode windows-amd64 compressed oops)
# Problematic frame:
# C  0x0000000180003ae0
#
# Failed to write core dump. Minidumps are not enabled by default on client versions of Windows
#
# If you would like to submit a bug report, please visit:
#   http://bugreport.java.com/bugreport/crash.jsp
# The crash happened outside the Java Virtual Machine in native code.
# See problematic frame for where to report the bug.
#

---------------  T H R E A D  ---------------

Current thread (0x0000000056c1d800):  JavaThread "Timer-0" [_thread_in_native, id=1496, stack(0x0000000063710000,0x0000000063810000)]

siginfo: ExceptionCode=0xc0000005, ExceptionInformation=0x0000000000000008 0x0000000180003ae0

Registers:
RAX=0x0000000180003ae0, RBX=0x0000000062843470, RCX=0x0000000056c1d9f8, RDX=0x000000006380ed48
RSP=0x000000006380ecb8, RBP=0x000000006380ed38, RSI=0x0000000060200021, RDI=0x0000000000000001
R8 =0x0000000000000004, R9 =0x00000000c0c1f7f8, R10=0x0000000002987968, R11=0x0000000063f6bc50
R12=0x0000000000000000, R13=0x0000000062843470, R14=0x000000006380ed60, R15=0x0000000056c1d800
RIP=0x0000000180003ae0, EFLAGS=0x0000000000010206

Top of Stack: (sp=0x000000006380ecb8)
0x000000006380ecb8:   0000000002987994 000000006380ecc0
0x000000006380ecc8:   0000000062827965 000000006380ed28
0x000000006380ecd8:   000000006282b8a8 00000000f85da950
0x000000006380ece8:   0000000062827990 000000006380ed58
0x000000006380ecf8:   000000006380ecf8 0000000000000000
0x000000006380ed08:   000000006380ed60 0000000062951778
0x000000006380ed18:   0000000000000000 0000000062843470
0x000000006380ed28:   0000000000000000 000000006380ed58
0x000000006380ed38:   000000006380edb0 0000000002977e50
0x000000006380ed48:   00000000c0c1f778 00000000029819b7
0x000000006380ed58:   0000000000000004 0000000000000004
0x000000006380ed68:   00000000f85da950 000000006380ed70
0x000000006380ed78:   0000000062840f83 000000006380edd0
0x000000006380ed88:   0000000062951778 0000000000000000
0x000000006380ed98:   0000000062840fe0 000000006380ed58
0x000000006380eda8:   000000006380edc0 000000006380ee28 

Instructions: (pc=0x0000000180003ae0)
0x0000000180003ac0:   
[error occurred during error reporting (printing registers, top of stack, instructions near pc), id 0xc0000005]

Register to memory mapping:

RAX=0x0000000180003ae0 is an unknown value
RBX={method} {0x0000000062843478} 'malloc' '(J)J' in 'com/sun/jna/Memory'
RCX=0x0000000056c1d9f8 is an unknown value
RDX=0x000000006380ed48 is pointing into the stack for thread: 0x0000000056c1d800
RSP=0x000000006380ecb8 is pointing into the stack for thread: 0x0000000056c1d800
RBP=0x000000006380ed38 is pointing into the stack for thread: 0x0000000056c1d800
RSI=0x0000000060200021 is an unknown value
RDI=0x0000000000000001 is an unknown value
R8 =0x0000000000000004 is an unknown value
R9 =0x00000000c0c1f7f8 is an oop
java.lang.Class 
 - klass: 'java/lang/Class'
R10=0x0000000002987968 is at code_begin+840 in an Interpreter codelet
method entry point (kind = native)  [0x0000000002987620, 0x0000000002987f80]  2400 bytes
R11=0x0000000063f6bc50 is an unknown value
R12=0x0000000000000000 is an unknown value
R13={method} {0x0000000062843478} 'malloc' '(J)J' in 'com/sun/jna/Memory'
R14=0x000000006380ed60 is pointing into the stack for thread: 0x0000000056c1d800
R15=0x0000000056c1d800 is a thread


Stack: [0x0000000063710000,0x0000000063810000],  sp=0x000000006380ecb8,  free space=1019k
Native frames: (J=compiled Java code, j=interpreted, Vv=VM code, C=native code)
C  0x0000000180003ae0

Java frames: (J=compiled Java code, j=interpreted, Vv=VM code)
j  com.sun.jna.Memory.malloc(J)J+0
j  com.sun.jna.Memory.<init>(J)V+27
j  com.sun.jna.ptr.ByReference.<init>(I)V+11
j  com.sun.jna.ptr.IntByReference.<init>(I)V+2
j  com.sun.jna.ptr.IntByReference.<init>()V+2
j  com.dx.Person.verfiyCard()I+22
j  com.dx.Person.doRead()Lcom/dx/pojo/PersonCard;+2
j  com.dx.Person.setPersonCards()V+2
j  com.dx.Person$1.run()V+4
j  java.util.TimerThread.mainLoop()V+221
j  java.util.TimerThread.run()V+1
v  ~StubRoutines::call_stub

---------------  P R O C E S S  ---------------

Java Threads: ( => current thread )
  0x000000005704f000 JavaThread "TimerQueue" daemon [_thread_blocked, id=5484, stack(0x000000006ac70000,0x000000006ad70000)]
  0x0000000056c7e800 JavaThread "Druid-ConnectionPool-Destroy-2061688116" daemon [_thread_blocked, id=4720, stack(0x000000006a2a0000,0x000000006a3a0000)]
  0x0000000056c7e000 JavaThread "Druid-ConnectionPool-Create-2061688116" daemon [_thread_blocked, id=3484, stack(0x000000006a460000,0x000000006a560000)]
  0x00000000004be800 JavaThread "DestroyJavaVM" [_thread_blocked, id=4836, stack(0x0000000002870000,0x0000000002970000)]
=>0x0000000056c1d800 JavaThread "Timer-0" [_thread_in_native, id=1496, stack(0x0000000063710000,0x0000000063810000)]
  0x0000000056a0a800 JavaThread "AWT-EventQueue-0" [_thread_blocked, id=4256, stack(0x000000005d110000,0x000000005d210000)]
  0x0000000056a0a000 JavaThread "AWT-Shutdown" [_thread_blocked, id=3156, stack(0x0000000062a50000,0x0000000062b50000)]
  0x00000000569bb000 JavaThread "cameraThread" daemon [_thread_in_native, id=3800, stack(0x00000000620d0000,0x00000000621d0000)]
  0x00000000568f9800 JavaThread "Java2D Disposer" daemon [_thread_blocked, id=5192, stack(0x0000000055690000,0x0000000055790000)]
  0x0000000054e0f000 JavaThread "Service Thread" daemon [_thread_blocked, id=6020, stack(0x00000000559e0000,0x0000000055ae0000)]
  0x0000000054e0e800 JavaThread "C1 CompilerThread1" daemon [_thread_blocked, id=1156, stack(0x00000000564e0000,0x00000000565e0000)]
  0x0000000054dcd000 JavaThread "C2 CompilerThread0" daemon [_thread_blocked, id=324, stack(0x0000000055f70000,0x0000000056070000)]
  0x0000000054dbb000 JavaThread "Attach Listener" daemon [_thread_blocked, id=5492, stack(0x0000000055e40000,0x0000000055f40000)]
  0x0000000054da4800 JavaThread "Signal Dispatcher" daemon [_thread_blocked, id=932, stack(0x0000000055d10000,0x0000000055e10000)]
  0x0000000054d91000 JavaThread "Finalizer" daemon [_thread_blocked, id=4864, stack(0x0000000055ae0000,0x0000000055be0000)]
  0x0000000054d48000 JavaThread "Reference Handler" daemon [_thread_blocked, id=5816, stack(0x00000000558a0000,0x00000000559a0000)]

Other Threads:
  0x0000000054d40000 VMThread [stack: 0x0000000055790000,0x0000000055890000] [id=3004]
  0x00000000560b8800 WatcherThread [stack: 0x0000000056760000,0x0000000056860000] [id=5252]

VM state:not at safepoint (normal execution)

VM Mutex/Monitor currently owned by a thread: None

Heap:
 PSYoungGen      total 261632K, used 35481K [0x00000000eaf00000, 0x00000000fb480000, 0x0000000100000000)
  eden space 258560K, 13% used [0x00000000eaf00000,0x00000000ed196408,0x00000000fab80000)
  from space 3072K, 2% used [0x00000000fb180000,0x00000000fb190000,0x00000000fb480000)
  to   space 4608K, 0% used [0x00000000fab80000,0x00000000fab80000,0x00000000fb000000)
 ParOldGen       total 145920K, used 59436K [0x00000000c0c00000, 0x00000000c9a80000, 0x00000000eaf00000)
  object space 145920K, 40% used [0x00000000c0c00000,0x00000000c460b1d8,0x00000000c9a80000)
 Metaspace       used 18009K, capacity 18314K, committed 18560K, reserved 1064960K
  class space    used 2076K, capacity 2173K, committed 2176K, reserved 1048576K

Card table byte_map: [0x0000000011d30000,0x0000000011f30000] byte_map_base: 0x000000001172a000

Marking Bits: (ParMarkBitMap*) 0x000000006455d850
 Begin Bits: [0x0000000012270000, 0x0000000013240000)
 End Bits:   [0x0000000013240000, 0x0000000014210000)

Polling page: 0x0000000000130000

CodeCache: size=245760Kb used=5456Kb max_used=5460Kb free=240303Kb
 bounds [0x0000000002970000, 0x0000000002ed0000, 0x0000000011970000]
 total_blobs=2335 nmethods=1625 adapters=623
 compilation: enabled

Compilation events (10 events):
Event: 18.987 Thread 0x0000000054e0e800 1700       3       java.lang.ClassLoader::getClassLoader (11 bytes)
Event: 18.988 Thread 0x0000000054e0e800 nmethod 1700 0x0000000002ec2310 code [0x0000000002ec2460, 0x0000000002ec2670]
Event: 19.005 Thread 0x0000000054e0e800 1701  s    3       java.util.Hashtable::containsKey (65 bytes)
Event: 19.005 Thread 0x0000000054e0e800 nmethod 1701 0x0000000002ec9290 code [0x0000000002ec9420, 0x0000000002ec9a38]
Event: 19.011 Thread 0x0000000054e0e800 1702       3       java.util.Hashtable$Enumerator::hasMoreElements (53 bytes)
Event: 19.012 Thread 0x0000000054e0e800 nmethod 1702 0x0000000002ec8d10 code [0x0000000002ec8e80, 0x0000000002ec9150]
Event: 19.012 Thread 0x0000000054e0e800 1704       3       java.util.Hashtable$Enumerator::nextElement (111 bytes)
Event: 19.012 Thread 0x0000000054e0e800 nmethod 1704 0x0000000002ec8590 code [0x0000000002ec8720, 0x0000000002ec8b48]
Event: 19.012 Thread 0x0000000054e0e800 1703       1       java.util.concurrent.CopyOnWriteArrayList::getArray (5 bytes)
Event: 19.012 Thread 0x0000000054e0e800 nmethod 1703 0x0000000002ec4ad0 code [0x0000000002ec4c20, 0x0000000002ec4d30]

GC Heap History (10 events):
Event: 16.591 GC heap before
{Heap before GC invocations=37 (full 7):
 PSYoungGen      total 225792K, used 219648K [0x00000000eaf00000, 0x00000000f9e00000, 0x0000000100000000)
  eden space 221184K, 98% used [0x00000000eaf00000,0x00000000f82f1930,0x00000000f8700000)
  from space 4608K, 56% used [0x00000000f8700000,0x00000000f898e6f8,0x00000000f8b80000)
  to   space 5120K, 0% used [0x00000000f9900000,0x00000000f9900000,0x00000000f9e00000)
 ParOldGen       total 125952K, used 100098K [0x00000000c0c00000, 0x00000000c8700000, 0x00000000eaf00000)
  object space 125952K, 79% used [0x00000000c0c00000,0x00000000c6dc0bf0,0x00000000c8700000)
 Metaspace       used 17924K, capacity 18246K, committed 18560K, reserved 1064960K
  class space    used 2068K, capacity 2173K, committed 2176K, reserved 1048576K
Event: 16.595 GC heap after
Heap after GC invocations=37 (full 7):
 PSYoungGen      total 236544K, used 2617K [0x00000000eaf00000, 0x00000000f9c80000, 0x0000000100000000)
  eden space 232960K, 0% used [0x00000000eaf00000,0x00000000eaf00000,0x00000000f9280000)
  from space 3584K, 73% used [0x00000000f9900000,0x00000000f9b8e6f8,0x00000000f9c80000)
  to   space 5120K, 0% used [0x00000000f9280000,0x00000000f9280000,0x00000000f9780000)
 ParOldGen       total 125952K, used 106174K [0x00000000c0c00000, 0x00000000c8700000, 0x00000000eaf00000)
  object space 125952K, 84% used [0x00000000c0c00000,0x00000000c73af800,0x00000000c8700000)
 Metaspace       used 17924K, capacity 18246K, committed 18560K, reserved 1064960K
  class space    used 2068K, capacity 2173K, committed 2176K, reserved 1048576K
}
Event: 16.596 GC heap before
{Heap before GC invocations=38 (full 8):
 PSYoungGen      total 236544K, used 2617K [0x00000000eaf00000, 0x00000000f9c80000, 0x0000000100000000)
  eden space 232960K, 0% used [0x00000000eaf00000,0x00000000eaf00000,0x00000000f9280000)
  from space 3584K, 73% used [0x00000000f9900000,0x00000000f9b8e6f8,0x00000000f9c80000)
  to   space 5120K, 0% used [0x00000000f9280000,0x00000000f9280000,0x00000000f9780000)
 ParOldGen       total 125952K, used 106174K [0x00000000c0c00000, 0x00000000c8700000, 0x00000000eaf00000)
  object space 125952K, 84% used [0x00000000c0c00000,0x00000000c73af800,0x00000000c8700000)
 Metaspace       used 17924K, capacity 18246K, committed 18560K, reserved 1064960K
  class space    used 2068K, capacity 2173K, committed 2176K, reserved 1048576K
Event: 16.627 GC heap after
Heap after GC invocations=38 (full 8):
 PSYoungGen      total 236544K, used 0K [0x00000000eaf00000, 0x00000000f9c80000, 0x0000000100000000)
  eden space 232960K, 0% used [0x00000000eaf00000,0x00000000eaf00000,0x00000000f9280000)
  from space 3584K, 0% used [0x00000000f9900000,0x00000000f9900000,0x00000000f9c80000)
  to   space 5120K, 0% used [0x00000000f9280000,0x00000000f9280000,0x00000000f9780000)
 ParOldGen       total 145920K, used 16887K [0x00000000c0c00000, 0x00000000c9a80000, 0x00000000eaf00000)
  object space 145920K, 11% used [0x00000000c0c00000,0x00000000c1c7dd68,0x00000000c9a80000)
 Metaspace       used 17924K, capacity 18246K, committed 18560K, reserved 1064960K
  class space    used 2068K, capacity 2173K, committed 2176K, reserved 1048576K
}
Event: 17.232 GC heap before
{Heap before GC invocations=39 (full 8):
 PSYoungGen      total 236544K, used 229406K [0x00000000eaf00000, 0x00000000f9c80000, 0x0000000100000000)
  eden space 232960K, 98% used [0x00000000eaf00000,0x00000000f8f07ad0,0x00000000f9280000)
  from space 3584K, 0% used [0x00000000f9900000,0x00000000f9900000,0x00000000f9c80000)
  to   space 5120K, 0% used [0x00000000f9280000,0x00000000f9280000,0x00000000f9780000)
 ParOldGen       total 145920K, used 16887K [0x00000000c0c00000, 0x00000000c9a80000, 0x00000000eaf00000)
  object space 145920K, 11% used [0x00000000c0c00000,0x00000000c1c7dd68,0x00000000c9a80000)
 Metaspace       used 17924K, capacity 18246K, committed 18560K, reserved 1064960K
  class space    used 2068K, capacity 2173K, committed 2176K, reserved 1048576K
Event: 17.247 GC heap after
Heap after GC invocations=39 (full 8):
 PSYoungGen      total 238080K, used 96K [0x00000000eaf00000, 0x00000000fad80000, 0x0000000100000000)
  eden space 232960K, 0% used [0x00000000eaf00000,0x00000000eaf00000,0x00000000f9280000)
  from space 5120K, 1% used [0x00000000f9280000,0x00000000f9298000,0x00000000f9780000)
  to   space 5120K, 0% used [0x00000000fa880000,0x00000000fa880000,0x00000000fad80000)
 ParOldGen       total 145920K, used 29037K [0x00000000c0c00000, 0x00000000c9a80000, 0x00000000eaf00000)
  object space 145920K, 19% used [0x00000000c0c00000,0x00000000c285b588,0x00000000c9a80000)
 Metaspace       used 17924K, capacity 18246K, committed 18560K, reserved 1064960K
  class space    used 2068K, capacity 2173K, committed 2176K, reserved 1048576K
}
Event: 17.863 GC heap before
{Heap before GC invocations=40 (full 8):
 PSYoungGen      total 238080K, used 230753K [0x00000000eaf00000, 0x00000000fad80000, 0x0000000100000000)
  eden space 232960K, 99% used [0x00000000eaf00000,0x00000000f9040470,0x00000000f9280000)
  from space 5120K, 1% used [0x00000000f9280000,0x00000000f9298000,0x00000000f9780000)
  to   space 5120K, 0% used [0x00000000fa880000,0x00000000fa880000,0x00000000fad80000)
 ParOldGen       total 145920K, used 29037K [0x00000000c0c00000, 0x00000000c9a80000, 0x00000000eaf00000)
  object space 145920K, 19% used [0x00000000c0c00000,0x00000000c285b588,0x00000000c9a80000)
 Metaspace       used 17981K, capacity 18250K, committed 18560K, reserved 1064960K
  class space    used 2074K, capacity 2173K, committed 2176K, reserved 1048576K
Event: 17.866 GC heap after
Heap after GC invocations=40 (full 8):
 PSYoungGen      total 250368K, used 96K [0x00000000eaf00000, 0x00000000fab00000, 0x0000000100000000)
  eden space 247808K, 0% used [0x00000000eaf00000,0x00000000eaf00000,0x00000000fa100000)
  from space 2560K, 3% used [0x00000000fa880000,0x00000000fa898000,0x00000000fab00000)
  to   space 5120K, 0% used [0x00000000fa100000,0x00000000fa100000,0x00000000fa600000)
 ParOldGen       total 145920K, used 41195K [0x00000000c0c00000, 0x00000000c9a80000, 0x00000000eaf00000)
  object space 145920K, 28% used [0x00000000c0c00000,0x00000000c343ada8,0x00000000c9a80000)
 Metaspace       used 17981K, capacity 18250K, committed 18560K, reserved 1064960K
  class space    used 2074K, capacity 2173K, committed 2176K, reserved 1048576K
}
Event: 18.497 GC heap before
{Heap before GC invocations=41 (full 8):
 PSYoungGen      total 250368K, used 242607K [0x00000000eaf00000, 0x00000000fab00000, 0x0000000100000000)
  eden space 247808K, 97% used [0x00000000eaf00000,0x00000000f9bd3cb0,0x00000000fa100000)
  from space 2560K, 3% used [0x00000000fa880000,0x00000000fa898000,0x00000000fab00000)
  to   space 5120K, 0% used [0x00000000fa100000,0x00000000fa100000,0x00000000fa600000)
 ParOldGen       total 145920K, used 41195K [0x00000000c0c00000, 0x00000000c9a80000, 0x00000000eaf00000)
  object space 145920K, 28% used [0x00000000c0c00000,0x00000000c343ada8,0x00000000c9a80000)
 Metaspace       used 18002K, capacity 18314K, committed 18560K, reserved 1064960K
  class space    used 2075K, capacity 2173K, committed 2176K, reserved 1048576K
Event: 18.503 GC heap after
Heap after GC invocations=41 (full 8):
 PSYoungGen      total 252928K, used 64K [0x00000000eaf00000, 0x00000000fb600000, 0x0000000100000000)
  eden space 247808K, 0% used [0x00000000eaf00000,0x00000000eaf00000,0x00000000fa100000)
  from space 5120K, 1% used [0x00000000fa100000,0x00000000fa110000,0x00000000fa600000)
  to   space 4608K, 0% used [0x00000000fb180000,0x00000000fb180000,0x00000000fb600000)
 ParOldGen       total 145920K, used 53353K [0x00000000c0c00000, 0x00000000c9a80000, 0x00000000eaf00000)
  object space 145920K, 36% used [0x00000000c0c00000,0x00000000c401a5c8,0x00000000c9a80000)
 Metaspace       used 18002K, capacity 18314K, committed 18560K, reserved 1064960K
  class space    used 2075K, capacity 2173K, committed 2176K, reserved 1048576K
}

Deoptimization events (10 events):
Event: 10.340 Thread 0x00000000569bb000 Uncommon trap: reason=bimorphic action=maybe_recompile pc=0x0000000002d49618 method=java.util.HashMap.putVal(ILjava/lang/Object;Ljava/lang/Object;ZZ)Ljava/lang/Object; @ 203
Event: 10.346 Thread 0x00000000569bb000 Uncommon trap: reason=bimorphic action=maybe_recompile pc=0x0000000002d49618 method=java.util.HashMap.putVal(ILjava/lang/Object;Ljava/lang/Object;ZZ)Ljava/lang/Object; @ 203
Event: 10.373 Thread 0x00000000569bb000 Uncommon trap: reason=unstable_if action=reinterpret pc=0x0000000002aa4280 method=java.lang.CharacterData.of(I)Ljava/lang/CharacterData; @ 4
Event: 10.410 Thread 0x00000000569bb000 Uncommon trap: reason=bimorphic action=maybe_recompile pc=0x0000000002d49618 method=java.util.HashMap.putVal(ILjava/lang/Object;Ljava/lang/Object;ZZ)Ljava/lang/Object; @ 203
Event: 10.410 Thread 0x00000000569bb000 Uncommon trap: reason=bimorphic action=maybe_recompile pc=0x0000000002d3609c method=java.util.HashMap.putVal(ILjava/lang/Object;Ljava/lang/Object;ZZ)Ljava/lang/Object; @ 203
Event: 10.585 Thread 0x0000000056c7e000 Uncommon trap: reason=unstable_if action=reinterpret pc=0x0000000002db6ec0 method=org.sqlite.SQLiteJDBCLoader.contentsEquals(Ljava/io/InputStream;Ljava/io/InputStream;)Z @ 39
Event: 12.276 Thread 0x00000000569bb000 Uncommon trap: reason=unstable_if action=reinterpret pc=0x0000000002c3cb78 method=java.lang.Integer.equals(Ljava/lang/Object;)Z @ 18
Event: 12.551 Thread 0x00000000569bb000 Uncommon trap: reason=unstable_if action=reinterpret pc=0x0000000002d18e20 method=sun.awt.image.ByteInterleavedRaster.getDataElements(IILjava/lang/Object;)Ljava/lang/Object; @ 43
Event: 12.551 Thread 0x00000000569bb000 Uncommon trap: reason=unstable_if action=reinterpret pc=0x0000000002d13c2c method=java.awt.image.ComponentColorModel.getRGB(Ljava/lang/Object;)I @ 4
Event: 12.845 Thread 0x00000000569bb000 Uncommon trap: reason=unstable_if action=reinterpret pc=0x0000000002b3934c method=sun.nio.cs.UTF_8$Encoder.encode([CII[B)I @ 33

Internal exceptions (10 events):
Event: 2.677 Thread 0x0000000056a0a800 Implicit null exception at 0x0000000002c33441 to 0x0000000002c336a1
Event: 10.335 Thread 0x00000000569bb000 Exception <a 'java/lang/ArrayIndexOutOfBoundsException'> (0x00000000eb603fc0) thrown at [C:\re\workspace\8-2-build-windows-amd64-cygwin\jdk8u144\9417\hotspot\src\share\vm\runtime\sharedRuntime.cpp, line 605]
Event: 10.336 Thread 0x00000000569bb000 Exception <a 'java/lang/ArrayIndexOutOfBoundsException'> (0x00000000eb604d38) thrown at [C:\re\workspace\8-2-build-windows-amd64-cygwin\jdk8u144\9417\hotspot\src\share\vm\runtime\sharedRuntime.cpp, line 605]
Event: 10.336 Thread 0x00000000569bb000 Exception <a 'java/lang/ArrayIndexOutOfBoundsException'> (0x00000000eb605ed8) thrown at [C:\re\workspace\8-2-build-windows-amd64-cygwin\jdk8u144\9417\hotspot\src\share\vm\runtime\sharedRuntime.cpp, line 605]
Event: 10.338 Thread 0x00000000569bb000 Exception <a 'java/lang/ArrayIndexOutOfBoundsException'> (0x00000000eb607840) thrown at [C:\re\workspace\8-2-build-windows-amd64-cygwin\jdk8u144\9417\hotspot\src\share\vm\runtime\sharedRuntime.cpp, line 605]
Event: 10.342 Thread 0x00000000569bb000 Exception <a 'java/lang/ArrayIndexOutOfBoundsException'> (0x00000000eb62d9b8) thrown at [C:\re\workspace\8-2-build-windows-amd64-cygwin\jdk8u144\9417\hotspot\src\share\vm\runtime\sharedRuntime.cpp, line 605]
Event: 10.343 Thread 0x00000000569bb000 Exception <a 'java/lang/ArrayIndexOutOfBoundsException'> (0x00000000eb62ec20) thrown at [C:\re\workspace\8-2-build-windows-amd64-cygwin\jdk8u144\9417\hotspot\src\share\vm\runtime\sharedRuntime.cpp, line 605]
Event: 10.343 Thread 0x00000000569bb000 Exception <a 'java/lang/ArrayIndexOutOfBoundsException'> (0x00000000eb6306f0) thrown at [C:\re\workspace\8-2-build-windows-amd64-cygwin\jdk8u144\9417\hotspot\src\share\vm\runtime\sharedRuntime.cpp, line 605]
Event: 10.347 Thread 0x00000000569bb000 Exception <a 'java/lang/ArrayIndexOutOfBoundsException'> (0x00000000eb6568a8) thrown at [C:\re\workspace\8-2-build-windows-amd64-cygwin\jdk8u144\9417\hotspot\src\share\vm\runtime\sharedRuntime.cpp, line 605]
Event: 10.353 Thread 0x00000000569bb000 Exception <a 'java/lang/ArrayIndexOutOfBoundsException'> (0x00000000eb6647d0) thrown at [C:\re\workspace\8-2-build-windows-amd64-cygwin\jdk8u144\9417\hotspot\src\share\vm\runtime\sharedRuntime.cpp, line 605]

Events (10 events):
Event: 18.983 Thread 0x0000000056d75800 Thread exited: 0x0000000056d75800
Event: 19.005 Executing VM operation: RevokeBias
Event: 19.007 Thread 0x000000005704e000 Thread exited: 0x000000005704e000
Event: 19.007 Executing VM operation: RevokeBias done
Event: 19.008 loading class sun/java2d/pipe/hw/AccelDeviceEventNotifier
Event: 19.009 loading class sun/java2d/pipe/hw/AccelDeviceEventNotifier done
Event: 19.011 Executing VM operation: RevokeBias
Event: 19.011 Executing VM operation: RevokeBias done
Event: 19.012 Thread 0x0000000057051800 Thread exited: 0x0000000057051800
Event: 19.039 Thread 0x000000005646f000 Thread exited: 0x000000005646f000


Dynamic libraries:
0x000000013f6c0000 - 0x000000013f6f7000 	C:\Program Files\Java\jdk1.8.0_144\bin\javaw.exe
0x0000000076f90000 - 0x000000007712f000 	C:\Windows\SYSTEM32\ntdll.dll
0x0000000076e70000 - 0x0000000076f8f000 	C:\Windows\system32\kernel32.dll
0x000007fefcb50000 - 0x000007fefcbba000 	C:\Windows\system32\KERNELBASE.dll
0x000007fefd090000 - 0x000007fefd16b000 	C:\Windows\system32\ADVAPI32.dll
0x000007fefeb10000 - 0x000007fefebaf000 	C:\Windows\system32\msvcrt.dll
0x000007feff1e0000 - 0x000007feff1ff000 	C:\Windows\SYSTEM32\sechost.dll
0x000007fefcf60000 - 0x000007fefd08c000 	C:\Windows\system32\RPCRT4.dll
0x0000000076d70000 - 0x0000000076e6a000 	C:\Windows\system32\USER32.dll
0x000007fefdf00000 - 0x000007fefdf67000 	C:\Windows\system32\GDI32.dll
0x000007feff1a0000 - 0x000007feff1ae000 	C:\Windows\system32\LPK.dll
0x000007fefe950000 - 0x000007fefea19000 	C:\Windows\system32\USP10.dll
0x000007fefaf90000 - 0x000007fefb185000 	C:\Windows\WinSxS\amd64_microsoft.windows.common-controls_6595b64144ccf1df_6.0.7601.24380_none_e3731d0b30fb6b11\COMCTL32.dll
0x000007feff010000 - 0x000007feff081000 	C:\Windows\system32\SHLWAPI.dll
0x000007fefc8b0000 - 0x000007fefc907000 	C:\Windows\system32\apphelp.dll
0x000007fef08d0000 - 0x000007fef0921000 	C:\Windows\AppPatch\AppPatch64\AcGenral.DLL
0x000007fefc870000 - 0x000007fefc895000 	C:\Windows\system32\SspiCli.dll
0x000007fefe6b0000 - 0x000007fefe8af000 	C:\Windows\system32\ole32.dll
0x000007fefd170000 - 0x000007fefdefb000 	C:\Windows\system32\SHELL32.dll
0x0000000071b40000 - 0x0000000071b43000 	C:\Windows\system32\sfc.dll
0x000007fef0dc0000 - 0x000007fef0dd0000 	C:\Windows\system32\sfc_os.DLL
0x000007fefcd80000 - 0x000007fefcd9e000 	C:\Windows\system32\USERENV.dll
0x000007fefcae0000 - 0x000007fefcaef000 	C:\Windows\system32\profapi.dll
0x000007fefa6a0000 - 0x000007fefa6b8000 	C:\Windows\system32\dwmapi.dll
0x000007fef09b0000 - 0x000007fef09c8000 	C:\Windows\system32\MPR.dll
0x000007feff1b0000 - 0x000007feff1de000 	C:\Windows\system32\IMM32.DLL
0x000007feff090000 - 0x000007feff199000 	C:\Windows\system32\MSCTF.dll
0x000000006cfb0000 - 0x000000006d082000 	C:\Program Files\Java\jdk1.8.0_144\jre\bin\msvcr100.dll
0x0000000063d40000 - 0x00000000645dd000 	C:\Program Files\Java\jdk1.8.0_144\jre\bin\server\jvm.dll
0x000007fef08c0000 - 0x000007fef08c9000 	C:\Windows\system32\WSOCK32.dll
0x000007fefe600000 - 0x000007fefe64d000 	C:\Windows\system32\WS2_32.dll
0x000007fefeb00000 - 0x000007fefeb08000 	C:\Windows\system32\NSI.dll
0x000007feeffe0000 - 0x000007fef001b000 	C:\Windows\system32\WINMM.dll
0x000007fefbb60000 - 0x000007fefbb6c000 	C:\Windows\system32\VERSION.dll
0x0000000077140000 - 0x0000000077147000 	C:\Windows\system32\PSAPI.DLL
0x000000006d5f0000 - 0x000000006d5ff000 	C:\Program Files\Java\jdk1.8.0_144\jre\bin\verify.dll
0x000000006d5c0000 - 0x000000006d5e9000 	C:\Program Files\Java\jdk1.8.0_144\jre\bin\java.dll
0x000000006d5a0000 - 0x000000006d5b6000 	C:\Program Files\Java\jdk1.8.0_144\jre\bin\zip.dll
0x000000006ce10000 - 0x000000006cfa8000 	C:\Program Files\Java\jdk1.8.0_144\jre\bin\awt.dll
0x000007fefea20000 - 0x000007fefeafa000 	C:\Windows\system32\OLEAUT32.dll
0x000007fee90c0000 - 0x000007fee91dd000 	C:\Windows\system32\opengl32.dll
0x000007feeb3d0000 - 0x000007feeb3fd000 	C:\Windows\system32\GLU32.dll
0x000007fee8fc0000 - 0x000007fee90b1000 	C:\Windows\system32\DDRAW.dll
0x000007fefb8d0000 - 0x000007fefb8d8000 	C:\Windows\system32\DCIMAN32.dll
0x000007fefe420000 - 0x000007fefe5f7000 	C:\Windows\system32\SETUPAPI.dll
0x000007fefcbc0000 - 0x000007fefcbf6000 	C:\Windows\system32\CFGMGR32.dll
0x000007fefce60000 - 0x000007fefce7a000 	C:\Windows\system32\DEVOBJ.dll
0x000007fefaee0000 - 0x000007fefaf36000 	C:\Windows\system32\uxtheme.dll
0x000007fef0100000 - 0x000007fef0423000 	C:\Windows\system32\PALMINPUTIME.IME
0x000007fefa030000 - 0x000007fefa037000 	C:\Windows\system32\MSIMG32.dll
0x000007fefb2a0000 - 0x000007fefb3c5000 	C:\Windows\system32\dbghelp.dll
0x000007fefb3f0000 - 0x000007fefb41d000 	C:\Windows\system32\ntmarta.dll
0x000007fefe650000 - 0x000007fefe6a2000 	C:\Windows\system32\WLDAP32.dll
0x000007fefc910000 - 0x000007fefc91f000 	C:\Windows\system32\CRYPTBASE.dll
0x000007fee5660000 - 0x000007fee585f000 	C:\Windows\system32\d3d9.dll
0x000007feebe90000 - 0x000007feebe97000 	C:\Windows\system32\d3d8thk.dll
0x000007fede010000 - 0x000007fee0ce2000 	D:\eclipse\workspace\FaceRecongnition\opencv_java341.dll
0x000007fefaf60000 - 0x000007fefaf89000 	C:\Windows\system32\MSVFW32.dll
0x000007fef1d70000 - 0x000007fef1d8f000 	C:\Windows\system32\AVIFIL32.dll
0x000007feeb040000 - 0x000007feeb058000 	C:\Windows\system32\MSACM32.dll
0x000007fef0fa0000 - 0x000007fef0fb7000 	C:\Windows\system32\AVICAP32.dll
0x000007fefb3e0000 - 0x000007fefb3e3000 	C:\Windows\system32\api-ms-win-core-synch-l1-2-0.DLL
0x000007fefe8b0000 - 0x000007fefe949000 	C:\Windows\system32\CLBCatQ.DLL
0x000007feebe10000 - 0x000007feebe26000 	C:\Windows\system32\devenum.dll
0x000007fefcb10000 - 0x000007fefcb4a000 	C:\Windows\system32\WINTRUST.dll
0x000007fefcc10000 - 0x000007fefcd7a000 	C:\Windows\system32\CRYPT32.dll
0x000007fefcaf0000 - 0x000007fefcaff000 	C:\Windows\system32\MSASN1.dll
0x000007fef1d40000 - 0x000007fef1d4d000 	C:\Windows\system32\msdmo.dll
0x000007feeb9c0000 - 0x000007feeb9ef000 	C:\Windows\system32\qcap.dll
0x000007fee6bf0000 - 0x000007fee6da3000 	C:\Windows\system32\quartz.dll
0x000007feeb780000 - 0x000007feeb7c1000 	C:\Windows\system32\ksproxy.ax
0x0000000071a60000 - 0x0000000071a66000 	C:\Windows\system32\ksuser.dll
0x000007feebaf0000 - 0x000007feebafb000 	C:\Windows\system32\vidcap.ax
0x000007feeb990000 - 0x000007feeb9b4000 	C:\Windows\system32\kswdmcap.ax
0x000007fee6a90000 - 0x000007fee6bec000 	C:\Windows\system32\MFC42.dll
0x000007feeb6c0000 - 0x000007feeb771000 	C:\Windows\system32\ODBC32.dll
0x000000006d560000 - 0x000000006d598000 	C:\Windows\system32\odbcint.dll
0x000007fee7530000 - 0x000007fee75cb000 	C:\Windows\System32\qedit.dll
0x000007fefcec0000 - 0x000007fefcf57000 	C:\Windows\system32\COMDLG32.dll
0x000007fefacc0000 - 0x000007fefaed9000 	C:\Windows\WinSxS\amd64_microsoft.windows.gdiplus_6595b64144ccf1df_1.1.7601.24385_none_145d9e088b8e6504\gdiplus.dll
0x000007fefc220000 - 0x000007fefc237000 	C:\Windows\system32\CRYPTSP.dll
0x000007fefbf20000 - 0x000007fefbf67000 	C:\Windows\system32\rsaenh.dll
0x000000006d540000 - 0x000000006d55a000 	C:\Program Files\Java\jdk1.8.0_144\jre\bin\net.dll
0x000007fefc1c0000 - 0x000007fefc215000 	C:\Windows\system32\mswsock.dll
0x000007fefc1b0000 - 0x000007fefc1b7000 	C:\Windows\System32\wship6.dll
0x000007fefa7f0000 - 0x000007fefa817000 	C:\Windows\system32\IPHLPAPI.DLL
0x000007fefa7e0000 - 0x000007fefa7eb000 	C:\Windows\system32\WINNSI.DLL
0x000007fefa2e0000 - 0x000007fefa2f1000 	C:\Windows\system32\dhcpcsvc6.DLL
0x000007fefa2c0000 - 0x000007fefa2d8000 	C:\Windows\system32\dhcpcsvc.DLL
0x000000006d520000 - 0x000000006d531000 	C:\Program Files\Java\jdk1.8.0_144\jre\bin\nio.dll
0x000007feeae00000 - 0x000007feeae60000 	D:\eclipse\workspace\FaceRecongnition\RdCard.dll
0x0000000002840000 - 0x000000000285c000 	D:\eclipse\workspace\FaceRecongnition\sdtapi.dll
0x000007feeb8e0000 - 0x000007feeb8f6000 	D:\eclipse\workspace\FaceRecongnition\WltRS.dll
0x000007feeb8c0000 - 0x000007feeb8e0000 	D:\eclipse\workspace\FaceRecongnition\unpack.dll
0x000000006cdc0000 - 0x000000006ce07000 	C:\Program Files\Java\jdk1.8.0_144\jre\bin\fontmanager.dll
0x000000006cd70000 - 0x000000006cdb2000 	C:\Program Files\Java\jdk1.8.0_144\jre\bin\t2k.dll
0x000000006cd30000 - 0x000000006cd61000 	C:\Program Files\Java\jdk1.8.0_144\jre\bin\jpeg.dll
0x000000006ccf0000 - 0x000000006cd2c000 	C:\Program Files\Java\jdk1.8.0_144\jre\bin\lcms.dll
0x000000006d500000 - 0x000000006d50d000 	C:\Program Files\Java\jdk1.8.0_144\jre\bin\management.dll
0x000000006adc0000 - 0x000000006aeb2000 	C:\Users\Administrator\AppData\Local\Temp\sqlite-3.20.1-5e389c7f-360f-4ca4-bbf5-1ca3b5f35bfe-sqlitejdbc.dll
0x000007fee3060000 - 0x000007fee3296000 	D:\eclipse\workspace\FaceRecongnition\libarcsoft_fsdk_face_detection.dll
0x000007fee6510000 - 0x000007fee65b6000 	C:\Windows\system32\MSVCP120.dll
0x000007fee6420000 - 0x000007fee650f000 	C:\Windows\system32\MSVCR120.dll
0x000007fedc5c0000 - 0x000007fede009000 	D:\eclipse\workspace\FaceRecongnition\libarcsoft_fsdk_face_recognition.dll

VM Arguments:
jvm_args: -Dfile.encoding=GBK 
java_command: com.dx.frame.FacePhoFrame
java_class_path (initial): C:\Program Files\Java\jdk1.8.0_144\jre\lib\resources.jar;C:\Program Files\Java\jdk1.8.0_144\jre\lib\rt.jar;C:\Program Files\Java\jdk1.8.0_144\jre\lib\jsse.jar;C:\Program Files\Java\jdk1.8.0_144\jre\lib\jce.jar;C:\Program Files\Java\jdk1.8.0_144\jre\lib\charsets.jar;C:\Program Files\Java\jdk1.8.0_144\jre\lib\jfr.jar;C:\Program Files\Java\jdk1.8.0_144\jre\lib\ext\access-bridge-64.jar;C:\Program Files\Java\jdk1.8.0_144\jre\lib\ext\cldrdata.jar;C:\Program Files\Java\jdk1.8.0_144\jre\lib\ext\dnsns.jar;C:\Program Files\Java\jdk1.8.0_144\jre\lib\ext\jaccess.jar;C:\Program Files\Java\jdk1.8.0_144\jre\lib\ext\jfxrt.jar;C:\Program Files\Java\jdk1.8.0_144\jre\lib\ext\localedata.jar;C:\Program Files\Java\jdk1.8.0_144\jre\lib\ext\nashorn.jar;C:\Program Files\Java\jdk1.8.0_144\jre\lib\ext\sunec.jar;C:\Program Files\Java\jdk1.8.0_144\jre\lib\ext\sunjce_provider.jar;C:\Program Files\Java\jdk1.8.0_144\jre\lib\ext\sunmscapi.jar;C:\Program Files\Java\jdk1.8.0_144\jre\lib\ext\sunpkcs11.jar;C:\Program Files\Java\jdk1.8.0_144\jre\lib\ext\zipfs.jar;D:\eclipse\workspace\FaceRecongnition\bin;D:\eclipse\workspace\FaceRecongnition\lib\dom4j-1.6.1.jar;D:\eclipse\workspace\FaceRecongnition\lib\fr-server-7.0.jar;D:\eclipse\workspace\FaceRecongnition\lib\fr-third-7.0.jar;D:\eclipse\workspace\FaceRecongnition\lib\jacob.jar;D:\eclipse\workspace\FaceRecongnition\lib\druid-1.1.10.jar;D:\eclipse\workspace\FaceRecongnition\lib\opencv-341.jar;D:\eclipse\workspace\FaceRecongnition\lib\commons-dbcp-1.4.jar;D:\eclipse\workspace\FaceRecongnition\lib\commons-pool-1.5.6.jar;D:\eclipse\workspace\FaceRecongnition\lib\lombok.jar;D:\eclipse\workspace\FaceRecongnition\lib\sqlite-jdbc-3.20.1.jar;D:\eclipse\workspace\FaceRecongnition\lib\helpMoreTony.jar;C:\Users\Administrator\.p2\pool\plugins\org.junit_4.12.0.v201504281640\junit.jar;C:\Users\Administrator\.p2\pool\plugins\org.hamcrest.core_1.3.0.v201303031735.jar
Launcher Type: SUN_STANDARD

Environment Variables:
JAVA_HOME=C:\Program Files\Java\jdk1.8.0_144
CLASSPATH=.;C:\Program Files\Java\jdk1.8.0_144\lib\dt.jar;C:\Program Files\Java\jdk1.8.0_144\lib\tools.jar;
PATH=C:/Program Files/Java/jre1.8.0_144/bin/server;C:/Program Files/Java/jre1.8.0_144/bin;C:/Program Files/Java/jre1.8.0_144/lib/amd64;C:\ProgramData\Oracle\Java\javapath;C:\Windows\system32;C:\Windows;C:\Windows\System32\Wbem;C:\Windows\System32\WindowsPowerShell\v1.0\;C:\strawberry\c\bin;C:\strawberry\perl\bin;C:\Python27;C:\Program Files\Java\jdk1.8.0_144\bin;C:\Program Files\Java\jdk1.8.0_144\jre\bin;D:\apache-maven-3.2.5\bin;C:\Program Files\TortoiseSVN\bin;D:\Program Files\Git\cmd;D:\Program Files\bandzip\;D:\eclipse\eclipse;
USERNAME=Administrator
OS=Windows_NT
PROCESSOR_IDENTIFIER=Intel64 Family 6 Model 60 Stepping 3, GenuineIntel



---------------  S Y S T E M  ---------------

OS: Windows 7 , 64 bit Build 7601 (6.1.7601.24387)

CPU:total 2 (initial active 2) (2 cores per cpu, 1 threads per core) family 6 model 60 stepping 3, cmov, cx8, fxsr, mmx, sse, sse2, sse3, ssse3, sse4.1, sse4.2, popcnt, clmul, erms, lzcnt, tsc, tscinvbit

Memory: 4k page, physical 4139892k(846932k free), swap 8277884k(1535452k free)

vm_info: Java HotSpot(TM) 64-Bit Server VM (25.144-b01) for windows-amd64 JRE (1.8.0_144-b01), built on Jul 21 2017 21:57:33 by "java_re" with MS VC++ 10.0 (VS2010)

time: Fri Jun 14 16:21:09 2019
elapsed time: 19 seconds (0d 0h 0m 19s)

