#
# A fatal error has been detected by the Java Runtime Environment:
#
#  EXCEPTION_ACCESS_VIOLATION (0xc0000005) at pc=0x0000000180003b10, pid=4336, tid=0x0000000000000d64
#
# JRE version: Java(TM) SE Runtime Environment (8.0_144-b01) (build 1.8.0_144-b01)
# Java VM: Java HotSpot(TM) 64-Bit Server VM (25.144-b01 mixed mode windows-amd64 compressed oops)
# Problematic frame:
# C  0x0000000180003b10
#
# Failed to write core dump. Minidumps are not enabled by default on client versions of Windows
#
# If you would like to submit a bug report, please visit:
#   http://bugreport.java.com/bugreport/crash.jsp
# The crash happened outside the Java Virtual Machine in native code.
# See problematic frame for where to report the bug.
#

---------------  T H R E A D  ---------------

Current thread (0x0000000054edf000):  JavaThread "Finalizer" daemon [_thread_in_native, id=3428, stack(0x00000000557f0000,0x00000000558f0000)]

siginfo: ExceptionCode=0xc0000005, ExceptionInformation=0x0000000000000008 0x0000000180003b10

Registers:
RAX=0x00000000147829e0, RBX=0x0000000060cac1e8, RCX=0x0000000054edf1f8, RDX=0x00000000558ef270
RSP=0x00000000558ef218, RBP=0x00000000558ef280, RSI=0x0000000064fde6a0, RDI=0x0000000065a196e0
R8 =0x0000000064fde6a0, R9 =0x00000000558ef139, R10=0x0000000180003b10, R11=0x0000000002a604c0
R12=0x0000000000000000, R13=0x00000000558ef390, R14=0x00000000558ef270, R15=0x0000000054edf000
RIP=0x0000000180003b10, EFLAGS=0x0000000000010246

Top of Stack: (sp=0x00000000558ef218)
0x00000000558ef218:   0000000002b33243 0000000054edf000
0x00000000558ef228:   0000000000000000 00000000558ef398
0x00000000558ef238:   0000000000000000 0000000002c1ac60
0x00000000558ef248:   0000000000000001 00000000558ef139
0x00000000558ef258:   0000000000000000 00000000c0e70bb0
0x00000000558ef268:   00000000ec2003b0 00000000c1364a10
0x00000000558ef278:   00000000558ef2a0 00000000558ef3e0
0x00000000558ef288:   0000000002b66084 0000000000000cd4
0x00000000558ef298:   00000000558ef328 0000000000000001
0x00000000558ef2a8:   00000000c0c59168 00000000ec36f930
0x00000000558ef2b8:   00000000c0e70bb0 00000000558ef3e0
0x00000000558ef2c8:   0000000002f3b63c 00000000558ef398
0x00000000558ef2d8:   0000000000000000 0000000002c1ac60
0x00000000558ef2e8:   00000000674cf240 0000000000000000
0x00000000558ef2f8:   00000000c0e70bc0 00000000ec2003b0
0x00000000558ef308:   00000000c0e70be0 0000000000000000 

Instructions: (pc=0x0000000180003b10)
0x0000000180003af0:   
[error occurred during error reporting (printing registers, top of stack, instructions near pc), id 0xc0000005]

Register to memory mapping:

RAX=0x00000000147829e0 is pointing into metadata
RBX={method} {0x0000000060cac1f0} 'finalize' '()V' in 'com/sun/jna/Memory'
RCX=0x0000000054edf1f8 is an unknown value
RDX=0x00000000558ef270 is pointing into the stack for thread: 0x0000000054edf000
RSP=0x00000000558ef218 is pointing into the stack for thread: 0x0000000054edf000
RBP=0x00000000558ef280 is pointing into the stack for thread: 0x0000000054edf000
RSI=0x0000000064fde6a0 is an unknown value
RDI=0x0000000065a196e0 is pointing into metadata
R8 =0x0000000064fde6a0 is an unknown value
R9 =0x00000000558ef139 is pointing into the stack for thread: 0x0000000054edf000
R10=0x0000000180003b10 is an unknown value
R11=0x0000000002a604c0 is at entry_point+0 in (nmethod*)0x0000000002a60350
R12=0x0000000000000000 is an unknown value
R13=0x00000000558ef390 is pointing into the stack for thread: 0x0000000054edf000
R14=0x00000000558ef270 is pointing into the stack for thread: 0x0000000054edf000
R15=0x0000000054edf000 is a thread


Stack: [0x00000000557f0000,0x00000000558f0000],  sp=0x00000000558ef218,  free space=1020k
Native frames: (J=compiled Java code, j=interpreted, Vv=VM code, C=native code)
C  0x0000000180003b10

Java frames: (J=compiled Java code, j=interpreted, Vv=VM code)
J 2111  com.sun.jna.Memory.free(J)V (0 bytes) @ 0x0000000002b331c1 [0x0000000002b33180+0x41]
J 2110 C1 com.sun.jna.Memory.finalize()V (13 bytes) @ 0x0000000002b66084 [0x0000000002b66000+0x84]
J 1856 C1 java.lang.ref.Finalizer.runFinalizer(Lsun/misc/JavaLangAccess;)V (62 bytes) @ 0x0000000002f3b63c [0x0000000002f3b0c0+0x57c]
J 1855 C1 java.lang.ref.Finalizer.access$100(Ljava/lang/ref/Finalizer;Lsun/misc/JavaLangAccess;)V (6 bytes) @ 0x0000000002a6051c [0x0000000002a604c0+0x5c]
j  java.lang.ref.Finalizer$FinalizerThread.run()V+45
v  ~StubRoutines::call_stub

---------------  P R O C E S S  ---------------

Java Threads: ( => current thread )
  0x000000005ebdd000 JavaThread "Thread-0" daemon [_thread_in_native, id=3212, stack(0x0000000069290000,0x0000000069390000)]
  0x000000005ebdb000 JavaThread "Timer-1" [_thread_in_native, id=4564, stack(0x00000000657b0000,0x00000000658b0000)]
  0x000000005ebda000 JavaThread "cameraThread" daemon [_thread_in_native, id=1992, stack(0x0000000065420000,0x0000000065520000)]
  0x0000000056e97000 JavaThread "Druid-ConnectionPool-Destroy-2082743031" daemon [_thread_blocked, id=3216, stack(0x0000000060a70000,0x0000000060b70000)]
  0x0000000056e38000 JavaThread "Druid-ConnectionPool-Create-2082743031" daemon [_thread_blocked, id=4476, stack(0x0000000060850000,0x0000000060950000)]
  0x0000000056f82000 JavaThread "TimerQueue" daemon [_thread_blocked, id=2856, stack(0x00000000602b0000,0x00000000603b0000)]
  0x00000000026be800 JavaThread "DestroyJavaVM" [_thread_blocked, id=2484, stack(0x0000000002860000,0x0000000002960000)]
  0x0000000056994800 JavaThread "AWT-EventQueue-0" [_thread_blocked, id=3932, stack(0x0000000057180000,0x0000000057280000)]
  0x000000005698c800 JavaThread "AWT-Shutdown" [_thread_blocked, id=4784, stack(0x00000000574b0000,0x00000000575b0000)]
  0x0000000056988000 JavaThread "Java2D Disposer" daemon [_thread_blocked, id=1140, stack(0x00000000572e0000,0x00000000573e0000)]
  0x0000000056218800 JavaThread "Service Thread" daemon [_thread_blocked, id=3168, stack(0x0000000056710000,0x0000000056810000)]
  0x0000000054f23800 JavaThread "C1 CompilerThread1" daemon [_thread_blocked, id=1612, stack(0x00000000560e0000,0x00000000561e0000)]
  0x0000000054f1b000 JavaThread "C2 CompilerThread0" daemon [_thread_blocked, id=3400, stack(0x0000000055ef0000,0x0000000055ff0000)]
  0x0000000054f09000 JavaThread "Attach Listener" daemon [_thread_blocked, id=3888, stack(0x0000000055c40000,0x0000000055d40000)]
  0x0000000054ef2800 JavaThread "Signal Dispatcher" daemon [_thread_blocked, id=4268, stack(0x0000000055d40000,0x0000000055e40000)]
=>0x0000000054edf000 JavaThread "Finalizer" daemon [_thread_in_native, id=3428, stack(0x00000000557f0000,0x00000000558f0000)]
  0x0000000054e96000 JavaThread "Reference Handler" daemon [_thread_blocked, id=4796, stack(0x0000000055a90000,0x0000000055b90000)]

Other Threads:
  0x0000000054e8e000 VMThread [stack: 0x0000000055990000,0x0000000055a90000] [id=2656]
  0x000000005621f000 WatcherThread [stack: 0x0000000056880000,0x0000000056980000] [id=4800]

VM state:not at safepoint (normal execution)

VM Mutex/Monitor currently owned by a thread: None

Heap:
 PSYoungGen      total 19456K, used 1574K [0x00000000eaf00000, 0x00000000ec400000, 0x0000000100000000)
  eden space 17408K, 0% used [0x00000000eaf00000,0x00000000eaf11f78,0x00000000ec000000)
  from space 2048K, 73% used [0x00000000ec200000,0x00000000ec377910,0x00000000ec400000)
  to   space 2048K, 0% used [0x00000000ec000000,0x00000000ec000000,0x00000000ec200000)
 ParOldGen       total 44032K, used 29586K [0x00000000c0c00000, 0x00000000c3700000, 0x00000000eaf00000)
  object space 44032K, 67% used [0x00000000c0c00000,0x00000000c28e4ae8,0x00000000c3700000)
 Metaspace       used 20194K, capacity 20526K, committed 20736K, reserved 1067008K
  class space    used 2410K, capacity 2497K, committed 2560K, reserved 1048576K

Card table byte_map: [0x0000000011d20000,0x0000000011f20000] byte_map_base: 0x000000001171a000

Marking Bits: (ParMarkBitMap*) 0x00000000674ed850
 Begin Bits: [0x00000000123c0000, 0x0000000013390000)
 End Bits:   [0x0000000013390000, 0x0000000014360000)

Polling page: 0x0000000000330000

CodeCache: size=245760Kb used=7098Kb max_used=7106Kb free=238661Kb
 bounds [0x0000000002960000, 0x0000000003070000, 0x0000000011960000]
 total_blobs=2779 nmethods=2013 adapters=678
 compilation: enabled

Compilation events (10 events):
Event: 136.326 Thread 0x0000000054f23800 2240       3       java.util.regex.Pattern$BranchConn::match (11 bytes)
Event: 136.326 Thread 0x0000000054f23800 nmethod 2240 0x0000000002efc550 code [0x0000000002efc6c0, 0x0000000002efc8e8]
Event: 137.295 Thread 0x0000000054f1b000 2241   !   4       java.util.WeakHashMap::expungeStaleEntries (139 bytes)
Event: 137.302 Thread 0x0000000054f1b000 nmethod 2241 0x0000000002ac4990 code [0x0000000002ac4b00, 0x0000000002ac54f8]
Event: 138.536 Thread 0x0000000054f23800 2242       3       java.util.logging.LogManager$LoggerContext::requiresDefaultLoggers (29 bytes)
Event: 138.536 Thread 0x0000000054f23800 nmethod 2242 0x0000000002efbed0 code [0x0000000002efc040, 0x0000000002efc468]
Event: 138.536 Thread 0x0000000054f23800 2243  s    3       java.util.Hashtable::containsKey (65 bytes)
Event: 138.537 Thread 0x0000000054f23800 nmethod 2243 0x0000000002f1e150 code [0x0000000002f1e2e0, 0x0000000002f1e8f8]
Event: 138.537 Thread 0x0000000054f23800 2244       1       java.util.concurrent.CopyOnWriteArrayList::getArray (5 bytes)
Event: 138.537 Thread 0x0000000054f23800 nmethod 2244 0x0000000002a868d0 code [0x0000000002a86a20, 0x0000000002a86b30]

GC Heap History (10 events):
Event: 132.201 GC heap before
{Heap before GC invocations=222 (full 0):
 PSYoungGen      total 19456K, used 18730K [0x00000000eaf00000, 0x00000000ec400000, 0x0000000100000000)
  eden space 17408K, 99% used [0x00000000eaf00000,0x00000000ebfdb0f0,0x00000000ec000000)
  from space 2048K, 71% used [0x00000000ec000000,0x00000000ec16f910,0x00000000ec200000)
  to   space 2048K, 0% used [0x00000000ec200000,0x00000000ec200000,0x00000000ec400000)
 ParOldGen       total 44032K, used 25251K [0x00000000c0c00000, 0x00000000c3700000, 0x00000000eaf00000)
  object space 44032K, 57% used [0x00000000c0c00000,0x00000000c24a8cb8,0x00000000c3700000)
 Metaspace       used 20187K, capacity 20526K, committed 20736K, reserved 1067008K
  class space    used 2410K, capacity 2497K, committed 2560K, reserved 1048576K
Event: 132.203 GC heap after
Heap after GC invocations=222 (full 0):
 PSYoungGen      total 19456K, used 1502K [0x00000000eaf00000, 0x00000000ec400000, 0x0000000100000000)
  eden space 17408K, 0% used [0x00000000eaf00000,0x00000000eaf00000,0x00000000ec000000)
  from space 2048K, 73% used [0x00000000ec200000,0x00000000ec377910,0x00000000ec400000)
  to   space 2048K, 0% used [0x00000000ec000000,0x00000000ec000000,0x00000000ec200000)
 ParOldGen       total 44032K, used 28071K [0x00000000c0c00000, 0x00000000c3700000, 0x00000000eaf00000)
  object space 44032K, 63% used [0x00000000c0c00000,0x00000000c2769ed8,0x00000000c3700000)
 Metaspace       used 20187K, capacity 20526K, committed 20736K, reserved 1067008K
  class space    used 2410K, capacity 2497K, committed 2560K, reserved 1048576K
}
Event: 133.809 GC heap before
{Heap before GC invocations=223 (full 0):
 PSYoungGen      total 19456K, used 18202K [0x00000000eaf00000, 0x00000000ec400000, 0x0000000100000000)
  eden space 17408K, 95% used [0x00000000eaf00000,0x00000000ebf4f118,0x00000000ec000000)
  from space 2048K, 73% used [0x00000000ec200000,0x00000000ec377910,0x00000000ec400000)
  to   space 2048K, 0% used [0x00000000ec000000,0x00000000ec000000,0x00000000ec200000)
 ParOldGen       total 44032K, used 28071K [0x00000000c0c00000, 0x00000000c3700000, 0x00000000eaf00000)
  object space 44032K, 63% used [0x00000000c0c00000,0x00000000c2769ed8,0x00000000c3700000)
 Metaspace       used 20188K, capacity 20526K, committed 20736K, reserved 1067008K
  class space    used 2410K, capacity 2497K, committed 2560K, reserved 1048576K
Event: 133.811 GC heap after
Heap after GC invocations=223 (full 0):
 PSYoungGen      total 19456K, used 1547K [0x00000000eaf00000, 0x00000000ec400000, 0x0000000100000000)
  eden space 17408K, 0% used [0x00000000eaf00000,0x00000000eaf00000,0x00000000ec000000)
  from space 2048K, 75% used [0x00000000ec000000,0x00000000ec182c10,0x00000000ec200000)
  to   space 2048K, 0% used [0x00000000ec200000,0x00000000ec200000,0x00000000ec400000)
 ParOldGen       total 44032K, used 28079K [0x00000000c0c00000, 0x00000000c3700000, 0x00000000eaf00000)
  object space 44032K, 63% used [0x00000000c0c00000,0x00000000c276bed8,0x00000000c3700000)
 Metaspace       used 20188K, capacity 20526K, committed 20736K, reserved 1067008K
  class space    used 2410K, capacity 2497K, committed 2560K, reserved 1048576K
}
Event: 135.467 GC heap before
{Heap before GC invocations=224 (full 0):
 PSYoungGen      total 19456K, used 18860K [0x00000000eaf00000, 0x00000000ec400000, 0x0000000100000000)
  eden space 17408K, 99% used [0x00000000eaf00000,0x00000000ebfe8758,0x00000000ec000000)
  from space 2048K, 75% used [0x00000000ec000000,0x00000000ec182c10,0x00000000ec200000)
  to   space 2048K, 0% used [0x00000000ec200000,0x00000000ec200000,0x00000000ec400000)
 ParOldGen       total 44032K, used 28079K [0x00000000c0c00000, 0x00000000c3700000, 0x00000000eaf00000)
  object space 44032K, 63% used [0x00000000c0c00000,0x00000000c276bed8,0x00000000c3700000)
 Metaspace       used 20189K, capacity 20526K, committed 20736K, reserved 1067008K
  class space    used 2410K, capacity 2497K, committed 2560K, reserved 1048576K
Event: 135.469 GC heap after
Heap after GC invocations=224 (full 0):
 PSYoungGen      total 19456K, used 1470K [0x00000000eaf00000, 0x00000000ec400000, 0x0000000100000000)
  eden space 17408K, 0% used [0x00000000eaf00000,0x00000000eaf00000,0x00000000ec000000)
  from space 2048K, 71% used [0x00000000ec200000,0x00000000ec36f910,0x00000000ec400000)
  to   space 2048K, 0% used [0x00000000ec000000,0x00000000ec000000,0x00000000ec200000)
 ParOldGen       total 44032K, used 28164K [0x00000000c0c00000, 0x00000000c3700000, 0x00000000eaf00000)
  object space 44032K, 63% used [0x00000000c0c00000,0x00000000c27811d8,0x00000000c3700000)
 Metaspace       used 20189K, capacity 20526K, committed 20736K, reserved 1067008K
  class space    used 2410K, capacity 2497K, committed 2560K, reserved 1048576K
}
Event: 137.062 GC heap before
{Heap before GC invocations=225 (full 0):
 PSYoungGen      total 19456K, used 18728K [0x00000000eaf00000, 0x00000000ec400000, 0x0000000100000000)
  eden space 17408K, 99% used [0x00000000eaf00000,0x00000000ebfda7d8,0x00000000ec000000)
  from space 2048K, 71% used [0x00000000ec200000,0x00000000ec36f910,0x00000000ec400000)
  to   space 2048K, 0% used [0x00000000ec000000,0x00000000ec000000,0x00000000ec200000)
 ParOldGen       total 44032K, used 28164K [0x00000000c0c00000, 0x00000000c3700000, 0x00000000eaf00000)
  object space 44032K, 63% used [0x00000000c0c00000,0x00000000c27811d8,0x00000000c3700000)
 Metaspace       used 20189K, capacity 20526K, committed 20736K, reserved 1067008K
  class space    used 2410K, capacity 2497K, committed 2560K, reserved 1048576K
Event: 137.064 GC heap after
Heap after GC invocations=225 (full 0):
 PSYoungGen      total 19456K, used 1470K [0x00000000eaf00000, 0x00000000ec400000, 0x0000000100000000)
  eden space 17408K, 0% used [0x00000000eaf00000,0x00000000eaf00000,0x00000000ec000000)
  from space 2048K, 71% used [0x00000000ec000000,0x00000000ec16f910,0x00000000ec200000)
  to   space 2048K, 0% used [0x00000000ec200000,0x00000000ec200000,0x00000000ec400000)
 ParOldGen       total 44032K, used 28172K [0x00000000c0c00000, 0x00000000c3700000, 0x00000000eaf00000)
  object space 44032K, 63% used [0x00000000c0c00000,0x00000000c27831d8,0x00000000c3700000)
 Metaspace       used 20189K, capacity 20526K, committed 20736K, reserved 1067008K
  class space    used 2410K, capacity 2497K, committed 2560K, reserved 1048576K
}
Event: 138.528 GC heap before
{Heap before GC invocations=226 (full 0):
 PSYoungGen      total 19456K, used 18878K [0x00000000eaf00000, 0x00000000ec400000, 0x0000000100000000)
  eden space 17408K, 100% used [0x00000000eaf00000,0x00000000ec000000,0x00000000ec000000)
  from space 2048K, 71% used [0x00000000ec000000,0x00000000ec16f910,0x00000000ec200000)
  to   space 2048K, 0% used [0x00000000ec200000,0x00000000ec200000,0x00000000ec400000)
 ParOldGen       total 44032K, used 28172K [0x00000000c0c00000, 0x00000000c3700000, 0x00000000eaf00000)
  object space 44032K, 63% used [0x00000000c0c00000,0x00000000c27831d8,0x00000000c3700000)
 Metaspace       used 20190K, capacity 20526K, committed 20736K, reserved 1067008K
  class space    used 2410K, capacity 2497K, committed 2560K, reserved 1048576K
Event: 138.533 GC heap after
Heap after GC invocations=226 (full 0):
 PSYoungGen      total 19456K, used 1502K [0x00000000eaf00000, 0x00000000ec400000, 0x0000000100000000)
  eden space 17408K, 0% used [0x00000000eaf00000,0x00000000eaf00000,0x00000000ec000000)
  from space 2048K, 73% used [0x00000000ec200000,0x00000000ec377910,0x00000000ec400000)
  to   space 2048K, 0% used [0x00000000ec000000,0x00000000ec000000,0x00000000ec200000)
 ParOldGen       total 44032K, used 29586K [0x00000000c0c00000, 0x00000000c3700000, 0x00000000eaf00000)
  object space 44032K, 67% used [0x00000000c0c00000,0x00000000c28e4ae8,0x00000000c3700000)
 Metaspace       used 20190K, capacity 20526K, committed 20736K, reserved 1067008K
  class space    used 2410K, capacity 2497K, committed 2560K, reserved 1048576K
}

Deoptimization events (10 events):
Event: 9.528 Thread 0x000000005eb28800 Uncommon trap: reason=unstable_if action=reinterpret pc=0x0000000002a6052c method=com.dx.util.CameraUtil.mat2BI(Lorg/opencv/core/Mat;)Ljava/awt/image/BufferedImage; @ 88
Event: 9.545 Thread 0x000000005eb28800 Uncommon trap: reason=unstable_if action=reinterpret pc=0x0000000002a96e84 method=sun.awt.image.ByteInterleavedRaster.putByteData(IIII[B)V @ 446
Event: 9.643 Thread 0x0000000056994800 Uncommon trap: reason=unstable_if action=reinterpret pc=0x0000000002c00050 method=sun.font.TrueTypeFont.getDirectoryEntry(I)Lsun/font/TrueTypeFont$DirectoryEntry; @ 7
Event: 21.661 Thread 0x000000005ebda000 Uncommon trap: reason=unstable_if action=reinterpret pc=0x0000000002ec551c method=java.awt.image.ComponentColorModel.getRGB(Ljava/lang/Object;)I @ 4
Event: 43.269 Thread 0x000000005ebdb000 Uncommon trap: reason=unstable_if action=reinterpret pc=0x0000000002ec4b6c method=java.awt.image.ComponentColorModel.getRGB(Ljava/lang/Object;)I @ 4
Event: 50.385 Thread 0x000000005ebdb800 Uncommon trap: reason=unstable_if action=reinterpret pc=0x0000000002e1083c method=sun.awt.image.PNGImageDecoder.produceImage()V @ 867
Event: 50.442 Thread 0x000000005ebda000 Uncommon trap: reason=unstable_if action=reinterpret pc=0x0000000002db7dfc method=java.lang.ThreadLocal$ThreadLocalMap.getEntry(Ljava/lang/ThreadLocal;)Ljava/lang/ThreadLocal$ThreadLocalMap$Entry; @ 29
Event: 50.479 Thread 0x000000005ebda000 Uncommon trap: reason=unstable_if action=reinterpret pc=0x0000000002f49630 method=sun.awt.image.ByteInterleavedRaster.getByteData(IIII[B)[B @ 97
Event: 50.481 Thread 0x000000005ebda000 Uncommon trap: reason=unstable_if action=reinterpret pc=0x0000000002ec01a0 method=sun.awt.image.ByteInterleavedRaster.getDataElements(IILjava/lang/Object;)Ljava/lang/Object; @ 43
Event: 106.689 Thread 0x000000005ebdb800 Uncommon trap: reason=range_check action=make_not_entrant pc=0x0000000002de5240 method=java.awt.image.DirectColorModel.setFields()V @ 65

Internal exceptions (10 events):
Event: 7.333 Thread 0x0000000056994800 Exception <a 'java/lang/NoClassDefFoundError': org/apache/log4j/Category> (0x00000000eb2bfd28) thrown at [C:\re\workspace\8-2-build-windows-amd64-cygwin\jdk8u144\9417\hotspot\src\share\vm\classfile\systemDictionary.cpp, line 199]
Event: 7.404 Thread 0x0000000056994800 Exception <a 'java/lang/ArrayIndexOutOfBoundsException'> (0x00000000eb54e788) thrown at [C:\re\workspace\8-2-build-windows-amd64-cygwin\jdk8u144\9417\hotspot\src\share\vm\runtime\sharedRuntime.cpp, line 605]
Event: 7.405 Thread 0x0000000056994800 Exception <a 'java/lang/ArrayIndexOutOfBoundsException'> (0x00000000eb54f8d0) thrown at [C:\re\workspace\8-2-build-windows-amd64-cygwin\jdk8u144\9417\hotspot\src\share\vm\runtime\sharedRuntime.cpp, line 605]
Event: 7.405 Thread 0x0000000056994800 Exception <a 'java/lang/ArrayIndexOutOfBoundsException'> (0x00000000eb550c58) thrown at [C:\re\workspace\8-2-build-windows-amd64-cygwin\jdk8u144\9417\hotspot\src\share\vm\runtime\sharedRuntime.cpp, line 605]
Event: 7.406 Thread 0x0000000056994800 Exception <a 'java/lang/ArrayIndexOutOfBoundsException'> (0x00000000eb552888) thrown at [C:\re\workspace\8-2-build-windows-amd64-cygwin\jdk8u144\9417\hotspot\src\share\vm\runtime\sharedRuntime.cpp, line 605]
Event: 7.411 Thread 0x0000000056994800 Exception <a 'java/lang/ArrayIndexOutOfBoundsException'> (0x00000000eb5795c0) thrown at [C:\re\workspace\8-2-build-windows-amd64-cygwin\jdk8u144\9417\hotspot\src\share\vm\runtime\sharedRuntime.cpp, line 605]
Event: 7.411 Thread 0x0000000056994800 Exception <a 'java/lang/ArrayIndexOutOfBoundsException'> (0x00000000eb57aa10) thrown at [C:\re\workspace\8-2-build-windows-amd64-cygwin\jdk8u144\9417\hotspot\src\share\vm\runtime\sharedRuntime.cpp, line 605]
Event: 7.411 Thread 0x0000000056994800 Exception <a 'java/lang/ArrayIndexOutOfBoundsException'> (0x00000000eb57c758) thrown at [C:\re\workspace\8-2-build-windows-amd64-cygwin\jdk8u144\9417\hotspot\src\share\vm\runtime\sharedRuntime.cpp, line 605]
Event: 7.417 Thread 0x0000000056994800 Exception <a 'java/lang/ArrayIndexOutOfBoundsException'> (0x00000000eb5a25e8) thrown at [C:\re\workspace\8-2-build-windows-amd64-cygwin\jdk8u144\9417\hotspot\src\share\vm\runtime\sharedRuntime.cpp, line 605]
Event: 7.419 Thread 0x0000000056994800 Exception <a 'java/lang/ArrayIndexOutOfBoundsException'> (0x00000000eb5b0740) thrown at [C:\re\workspace\8-2-build-windows-amd64-cygwin\jdk8u144\9417\hotspot\src\share\vm\runtime\sharedRuntime.cpp, line 605]

Events (10 events):
Event: 138.534 loading class sun/java2d/pipe/hw/AccelDeviceEventNotifier done
Event: 138.535 Executing VM operation: RevokeBias
Event: 138.535 Executing VM operation: RevokeBias done
Event: 138.535 Executing VM operation: RevokeBias
Event: 138.535 Executing VM operation: RevokeBias done
Event: 138.537 Executing VM operation: RevokeBias
Event: 138.537 Executing VM operation: RevokeBias done
Event: 138.537 Executing VM operation: RevokeBias
Event: 138.537 Executing VM operation: RevokeBias done
Event: 138.537 Thread 0x000000005ebdb800 Thread exited: 0x000000005ebdb800


Dynamic libraries:
0x000000013fda0000 - 0x000000013fdd7000 	C:\Program Files\Java\jdk1.8.0_144\bin\javaw.exe
0x0000000076e90000 - 0x000000007702f000 	C:\Windows\SYSTEM32\ntdll.dll
0x0000000076c70000 - 0x0000000076d8f000 	C:\Windows\system32\kernel32.dll
0x000007fefcb70000 - 0x000007fefcbda000 	C:\Windows\system32\KERNELBASE.dll
0x000007fefefe0000 - 0x000007feff0bb000 	C:\Windows\system32\ADVAPI32.dll
0x000007fefee50000 - 0x000007fefeeef000 	C:\Windows\system32\msvcrt.dll
0x000007feff0c0000 - 0x000007feff0df000 	C:\Windows\SYSTEM32\sechost.dll
0x000007fefdd40000 - 0x000007fefde6c000 	C:\Windows\system32\RPCRT4.dll
0x0000000076d90000 - 0x0000000076e8a000 	C:\Windows\system32\USER32.dll
0x000007fefcf30000 - 0x000007fefcf97000 	C:\Windows\system32\GDI32.dll
0x000007fefdd30000 - 0x000007fefdd3e000 	C:\Windows\system32\LPK.dll
0x000007fefe3e0000 - 0x000007fefe4a9000 	C:\Windows\system32\USP10.dll
0x000007fefb3d0000 - 0x000007fefb5c5000 	C:\Windows\WinSxS\amd64_microsoft.windows.common-controls_6595b64144ccf1df_6.0.7601.24380_none_e3731d0b30fb6b11\COMCTL32.dll
0x000007fefe9f0000 - 0x000007fefea61000 	C:\Windows\system32\SHLWAPI.dll
0x000007fefc7b0000 - 0x000007fefc807000 	C:\Windows\system32\apphelp.dll
0x000007fef1e30000 - 0x000007fef1e81000 	C:\Windows\AppPatch\AppPatch64\AcGenral.DLL
0x000007fefc600000 - 0x000007fefc625000 	C:\Windows\system32\SspiCli.dll
0x000007fefe1e0000 - 0x000007fefe3df000 	C:\Windows\system32\ole32.dll
0x000007fefcfa0000 - 0x000007fefdd2b000 	C:\Windows\system32\SHELL32.dll
0x0000000073f50000 - 0x0000000073f53000 	C:\Windows\system32\sfc.dll
0x000007fefadf0000 - 0x000007fefae00000 	C:\Windows\system32\sfc_os.DLL
0x000007fefcd80000 - 0x000007fefcd9e000 	C:\Windows\system32\USERENV.dll
0x000007fefc9f0000 - 0x000007fefc9ff000 	C:\Windows\system32\profapi.dll
0x000007fefae80000 - 0x000007fefae98000 	C:\Windows\system32\dwmapi.dll
0x000007fef8100000 - 0x000007fef8118000 	C:\Windows\system32\MPR.dll
0x000007fefcf00000 - 0x000007fefcf2e000 	C:\Windows\system32\IMM32.DLL
0x000007fefed40000 - 0x000007fefee49000 	C:\Windows\system32\MSCTF.dll
0x0000000073570000 - 0x0000000073642000 	C:\Program Files\Java\jdk1.8.0_144\jre\bin\msvcr100.dll
0x0000000066cd0000 - 0x000000006756d000 	C:\Program Files\Java\jdk1.8.0_144\jre\bin\server\jvm.dll
0x000007fef1ee0000 - 0x000007fef1ee9000 	C:\Windows\system32\WSOCK32.dll
0x000007fefeef0000 - 0x000007fefef3d000 	C:\Windows\system32\WS2_32.dll
0x000007fefe4b0000 - 0x000007fefe4b8000 	C:\Windows\system32\NSI.dll
0x000007fef73b0000 - 0x000007fef73eb000 	C:\Windows\system32\WINMM.dll
0x000007fefba60000 - 0x000007fefba6c000 	C:\Windows\system32\VERSION.dll
0x0000000077040000 - 0x0000000077047000 	C:\Windows\system32\PSAPI.DLL
0x0000000073560000 - 0x000000007356f000 	C:\Program Files\Java\jdk1.8.0_144\jre\bin\verify.dll
0x0000000073530000 - 0x0000000073559000 	C:\Program Files\Java\jdk1.8.0_144\jre\bin\java.dll
0x0000000073510000 - 0x0000000073526000 	C:\Program Files\Java\jdk1.8.0_144\jre\bin\zip.dll
0x000000006df30000 - 0x000000006e0c8000 	C:\Program Files\Java\jdk1.8.0_144\jre\bin\awt.dll
0x000007fefce20000 - 0x000007fefcefa000 	C:\Windows\system32\OLEAUT32.dll
0x000007fefb1c0000 - 0x000007fefb216000 	C:\Windows\system32\uxtheme.dll
0x000007fef7dd0000 - 0x000007fef80f3000 	C:\Windows\system32\PALMINPUTIME.IME
0x000007fefa570000 - 0x000007fefa577000 	C:\Windows\system32\MSIMG32.dll
0x000007fef9590000 - 0x000007fef96b5000 	C:\Windows\system32\dbghelp.dll
0x000007fefb350000 - 0x000007fefb37d000 	C:\Windows\system32\ntmarta.dll
0x000007fefcdc0000 - 0x000007fefce12000 	C:\Windows\system32\WLDAP32.dll
0x000007fefc810000 - 0x000007fefc81f000 	C:\Windows\system32\CRYPTBASE.dll
0x000007fef1230000 - 0x000007fef134d000 	C:\Windows\system32\opengl32.dll
0x000007fefb890000 - 0x000007fefb8bd000 	C:\Windows\system32\GLU32.dll
0x000007fef1760000 - 0x000007fef1851000 	C:\Windows\system32\DDRAW.dll
0x000007fefb840000 - 0x000007fefb848000 	C:\Windows\system32\DCIMAN32.dll
0x000007fefe000000 - 0x000007fefe1d7000 	C:\Windows\system32\SETUPAPI.dll
0x000007fefca40000 - 0x000007fefca76000 	C:\Windows\system32\CFGMGR32.dll
0x000007fefcbe0000 - 0x000007fefcbfa000 	C:\Windows\system32\DEVOBJ.dll
0x000007feebc50000 - 0x000007feebe4f000 	C:\Windows\system32\d3d9.dll
0x000007fefb830000 - 0x000007fefb837000 	C:\Windows\system32\d3d8thk.dll
0x00000000734d0000 - 0x0000000073501000 	C:\Program Files\Java\jdk1.8.0_144\jre\bin\jpeg.dll
0x0000000073480000 - 0x00000000734c7000 	C:\Program Files\Java\jdk1.8.0_144\jre\bin\fontmanager.dll
0x000007fefef40000 - 0x000007fefefd9000 	C:\Windows\system32\CLBCatQ.DLL
0x000007fefab70000 - 0x000007fefacd1000 	C:\Windows\system32\WindowsCodecs.dll
0x000007fef6840000 - 0x000007fef6896000 	C:\Users\Administrator\AppData\Local\Microsoft\OneDrive\17.3.4604.0120\amd64\FileSyncShell64.dll
0x000007fef6790000 - 0x000007fef6837000 	C:\Users\Administrator\AppData\Local\Microsoft\OneDrive\17.3.4604.0120\amd64\MSVCP110.dll
0x000007fef66c0000 - 0x000007fef678e000 	C:\Users\Administrator\AppData\Local\Microsoft\OneDrive\17.3.4604.0120\amd64\MSVCR110.dll
0x000007fefe4c0000 - 0x000007fefe96c000 	C:\Windows\system32\WININET.dll
0x000007fefcc00000 - 0x000007fefcc04000 	C:\Windows\system32\api-ms-win-downlevel-user32-l1-1-0.dll
0x000007fefcb60000 - 0x000007fefcb64000 	C:\Windows\system32\api-ms-win-downlevel-shlwapi-l1-1-0.dll
0x000007fefcaa0000 - 0x000007fefcaa4000 	C:\Windows\system32\api-ms-win-downlevel-version-l1-1-0.dll
0x000007fefcb50000 - 0x000007fefcb53000 	C:\Windows\system32\api-ms-win-downlevel-normaliz-l1-1-0.dll
0x0000000077030000 - 0x0000000077033000 	C:\Windows\system32\normaliz.DLL
0x000007fefea70000 - 0x000007fefed3a000 	C:\Windows\system32\iertutil.dll
0x000007fefca90000 - 0x000007fefca95000 	C:\Windows\system32\api-ms-win-downlevel-advapi32-l1-1-0.dll
0x0000000071500000 - 0x0000000071520000 	C:\Program Files\Common Files\TortoiseOverlays\TortoiseOverlays.dll
0x000007fef96d0000 - 0x000007fef96d3000 	C:\Windows\system32\api-ms-win-core-synch-l1-2-0.DLL
0x00000000714e0000 - 0x00000000714fb000 	C:\Program Files\TortoiseSVN\bin\TortoiseStub.dll
0x0000000071360000 - 0x00000000713e8000 	C:\Program Files\TortoiseSVN\bin\TortoiseSVN.dll
0x000007fef6110000 - 0x000007fef66be000 	C:\Program Files\TortoiseSVN\bin\libsvn_tsvn.dll
0x00000000710b0000 - 0x00000000710e2000 	C:\Program Files\TortoiseSVN\bin\libapr_tsvn.dll
0x000007fefc0a0000 - 0x000007fefc0f5000 	C:\Windows\system32\MSWSOCK.dll
0x000007fef81a0000 - 0x000007fef81b7000 	C:\Program Files\TortoiseSVN\bin\VCRUNTIME140.dll
0x000007fef6100000 - 0x000007fef6104000 	C:\Program Files\TortoiseSVN\bin\api-ms-win-crt-runtime-l1-1-0.dll
0x000007fef4740000 - 0x000007fef4834000 	C:\Windows\system32\ucrtbase.DLL
0x000007fef60f0000 - 0x000007fef60f3000 	C:\Windows\system32\api-ms-win-core-timezone-l1-1-0.dll
0x000007fef4730000 - 0x000007fef4733000 	C:\Windows\system32\api-ms-win-core-file-l2-1-0.dll
0x000007fef4720000 - 0x000007fef4723000 	C:\Windows\system32\api-ms-win-core-localization-l1-2-0.dll
0x000007fef4710000 - 0x000007fef4713000 	C:\Windows\system32\api-ms-win-core-processthreads-l1-1-1.dll
0x000007fef4700000 - 0x000007fef4703000 	C:\Windows\system32\api-ms-win-core-file-l1-2-0.dll
0x000007fef46f0000 - 0x000007fef46f4000 	C:\Program Files\TortoiseSVN\bin\api-ms-win-crt-string-l1-1-0.dll
0x000007fef46e0000 - 0x000007fef46e3000 	C:\Program Files\TortoiseSVN\bin\api-ms-win-crt-heap-l1-1-0.dll
0x000007fef46d0000 - 0x000007fef46d4000 	C:\Program Files\TortoiseSVN\bin\api-ms-win-crt-stdio-l1-1-0.dll
0x000007fef46c0000 - 0x000007fef46c4000 	C:\Program Files\TortoiseSVN\bin\api-ms-win-crt-convert-l1-1-0.dll
0x000007fef46b0000 - 0x000007fef46b3000 	C:\Program Files\TortoiseSVN\bin\api-ms-win-crt-conio-l1-1-0.dll
0x000007fef4650000 - 0x000007fef4653000 	C:\Program Files\TortoiseSVN\bin\api-ms-win-crt-utility-l1-1-0.dll
0x000007fef43e0000 - 0x000007fef43e5000 	C:\Program Files\TortoiseSVN\bin\api-ms-win-crt-math-l1-1-0.dll
0x000007fef43d0000 - 0x000007fef43d3000 	C:\Program Files\TortoiseSVN\bin\api-ms-win-crt-environment-l1-1-0.dll
0x000007fef43c0000 - 0x000007fef43c3000 	C:\Program Files\TortoiseSVN\bin\api-ms-win-crt-time-l1-1-0.dll
0x0000000071060000 - 0x00000000710a4000 	C:\Program Files\TortoiseSVN\bin\libaprutil_tsvn.dll
0x000007fefb7e0000 - 0x000007fefb7f2000 	C:\Program Files\TortoiseSVN\bin\intl3_tsvn.dll
0x000007fefb7d0000 - 0x000007fefb7d3000 	C:\Program Files\TortoiseSVN\bin\api-ms-win-crt-filesystem-l1-1-0.dll
0x000007fefb7b0000 - 0x000007fefb7ca000 	C:\Program Files\TortoiseSVN\bin\libsasl.dll
0x000007fefc420000 - 0x000007fefc42b000 	C:\Windows\system32\Secur32.dll
0x000007fefcc10000 - 0x000007fefcd7a000 	C:\Windows\system32\CRYPT32.dll
0x000007fefc9e0000 - 0x000007fefc9ef000 	C:\Windows\system32\MSASN1.dll
0x000007fefb7a0000 - 0x000007fefb7a3000 	C:\Program Files\TortoiseSVN\bin\api-ms-win-crt-locale-l1-1-0.dll
0x000007fefb700000 - 0x000007fefb79e000 	C:\Program Files\TortoiseSVN\bin\MSVCP140.dll
0x000007fefb6f0000 - 0x000007fefb6f5000 	C:\Program Files\TortoiseSVN\bin\api-ms-win-crt-multibyte-l1-1-0.dll
0x000007fef3870000 - 0x000007fef3bdf000 	C:\Program Files (x86)\Microsoft Office\root\VFS\ProgramFilesX64\Microsoft Office\Office16\GROOVEEX.DLL
0x000007fef8d70000 - 0x000007fef908e000 	C:\Windows\system32\msi.dll
0x000007fef3000000 - 0x000007fef3864000 	C:\Program Files (x86)\Microsoft Office\root\VFS\ProgramFilesX64\Microsoft Office\Office16\2052\GrooveIntlResource.dll
0x0000000073460000 - 0x000000007347a000 	C:\Program Files\Java\jdk1.8.0_144\jre\bin\net.dll
0x000007fefc090000 - 0x000007fefc097000 	C:\Windows\System32\wship6.dll
0x0000000073440000 - 0x0000000073451000 	C:\Program Files\Java\jdk1.8.0_144\jre\bin\nio.dll
0x00000000733f0000 - 0x0000000073432000 	C:\Program Files\Java\jdk1.8.0_144\jre\bin\t2k.dll
0x00000000733e0000 - 0x00000000733ed000 	C:\Program Files\Java\jdk1.8.0_144\jre\bin\management.dll
0x000007fefc100000 - 0x000007fefc117000 	C:\Windows\system32\CRYPTSP.dll
0x000007fefbe00000 - 0x000007fefbe47000 	C:\Windows\system32\rsaenh.dll
0x000007fefa2b0000 - 0x000007fefa2d7000 	C:\Windows\system32\IPHLPAPI.DLL
0x000007fefa2a0000 - 0x000007fefa2ab000 	C:\Windows\system32\WINNSI.DLL
0x000007fefa0a0000 - 0x000007fefa0b8000 	C:\Windows\system32\dhcpcsvc.DLL
0x000007fefa080000 - 0x000007fefa091000 	C:\Windows\system32\dhcpcsvc6.DLL
0x000000006adc0000 - 0x000000006aeb2000 	C:\Users\Administrator\AppData\Local\Temp\sqlite-3.20.1-31ec9f50-4d1d-413d-ad57-10bfb3530239-sqlitejdbc.dll
0x000007fedc860000 - 0x000007fedf532000 	C:\Program Files\Java\jre1.8.0_144\bin\opencv_java341.dll
0x000007fef1730000 - 0x000007fef1759000 	C:\Windows\system32\MSVFW32.dll
0x000007fef1960000 - 0x000007fef197f000 	C:\Windows\system32\AVIFIL32.dll
0x000007feef8b0000 - 0x000007feef8c8000 	C:\Windows\system32\MSACM32.dll
0x000007fef1940000 - 0x000007fef1957000 	C:\Windows\system32\AVICAP32.dll
0x000007fef1350000 - 0x000007fef1366000 	C:\Windows\system32\devenum.dll
0x000007fefca00000 - 0x000007fefca3a000 	C:\Windows\system32\WINTRUST.dll
0x000007fefb800000 - 0x000007fefb80d000 	C:\Windows\system32\msdmo.dll

VM Arguments:
jvm_args: -Dfile.encoding=GBK 
java_command: com.dx.FaceMainFrame
java_class_path (initial): C:\Program Files\Java\jdk1.8.0_144\jre\lib\resources.jar;C:\Program Files\Java\jdk1.8.0_144\jre\lib\rt.jar;C:\Program Files\Java\jdk1.8.0_144\jre\lib\jsse.jar;C:\Program Files\Java\jdk1.8.0_144\jre\lib\jce.jar;C:\Program Files\Java\jdk1.8.0_144\jre\lib\charsets.jar;C:\Program Files\Java\jdk1.8.0_144\jre\lib\jfr.jar;C:\Program Files\Java\jdk1.8.0_144\jre\lib\ext\access-bridge-64.jar;C:\Program Files\Java\jdk1.8.0_144\jre\lib\ext\cldrdata.jar;C:\Program Files\Java\jdk1.8.0_144\jre\lib\ext\dnsns.jar;C:\Program Files\Java\jdk1.8.0_144\jre\lib\ext\jaccess.jar;C:\Program Files\Java\jdk1.8.0_144\jre\lib\ext\jfxrt.jar;C:\Program Files\Java\jdk1.8.0_144\jre\lib\ext\localedata.jar;C:\Program Files\Java\jdk1.8.0_144\jre\lib\ext\nashorn.jar;C:\Program Files\Java\jdk1.8.0_144\jre\lib\ext\sunec.jar;C:\Program Files\Java\jdk1.8.0_144\jre\lib\ext\sunjce_provider.jar;C:\Program Files\Java\jdk1.8.0_144\jre\lib\ext\sunmscapi.jar;C:\Program Files\Java\jdk1.8.0_144\jre\lib\ext\sunpkcs11.jar;C:\Program Files\Java\jdk1.8.0_144\jre\lib\ext\zipfs.jar;D:\eclipse\workspace\FaceRecongnition\bin;D:\eclipse\workspace\FaceRecongnition\lib\dom4j-1.6.1.jar;D:\eclipse\workspace\FaceRecongnition\lib\fr-server-7.0.jar;D:\eclipse\workspace\FaceRecongnition\lib\fr-third-7.0.jar;D:\eclipse\workspace\FaceRecongnition\lib\jacob.jar;D:\eclipse\workspace\FaceRecongnition\lib\druid-1.1.10.jar;D:\eclipse\workspace\FaceRecongnition\lib\opencv-341.jar;D:\eclipse\workspace\FaceRecongnition\lib\commons-dbcp-1.4.jar;D:\eclipse\workspace\FaceRecongnition\lib\commons-pool-1.5.6.jar;D:\eclipse\workspace\FaceRecongnition\lib\lombok.jar;D:\eclipse\workspace\FaceRecongnition\lib\sqlite-jdbc-3.20.1.jar;C:\Users\Administrator\.p2\pool\plugins\org.junit_4.12.0.v201504281640\junit.jar;C:\Users\Administrator\.p2\pool\plugins\org.hamcrest.core_1.3.0.v201303031735.jar
Launcher Type: SUN_STANDARD

Environment Variables:
JAVA_HOME=C:\Program Files\Java\jdk1.8.0_144
CLASSPATH=.;C:\Program Files\Java\jdk1.8.0_144\lib\dt.jar;C:\Program Files\Java\jdk1.8.0_144\lib\tools.jar;
PATH=C:/Program Files/Java/jre1.8.0_144/bin/server;C:/Program Files/Java/jre1.8.0_144/bin;C:/Program Files/Java/jre1.8.0_144/lib/amd64;C:\ProgramData\Oracle\Java\javapath;C:\Windows\system32;C:\Windows;C:\Windows\System32\Wbem;C:\Windows\System32\WindowsPowerShell\v1.0\;C:\strawberry\c\bin;C:\strawberry\perl\bin;C:\Python27;C:\Program Files\Java\jdk1.8.0_144\bin;C:\Program Files\Java\jdk1.8.0_144\jre\bin;D:\apache-maven-3.2.5\bin;C:\Program Files\TortoiseSVN\bin;D:\Program Files\Git\cmd;D:\Program Files\bandzip\;D:\eclipse\eclipse;
USERNAME=Administrator
OS=Windows_NT
PROCESSOR_IDENTIFIER=Intel64 Family 6 Model 60 Stepping 3, GenuineIntel



---------------  S Y S T E M  ---------------

OS: Windows 7 , 64 bit Build 7601 (6.1.7601.24387)

CPU:total 2 (initial active 2) (2 cores per cpu, 1 threads per core) family 6 model 60 stepping 3, cmov, cx8, fxsr, mmx, sse, sse2, sse3, ssse3, sse4.1, sse4.2, popcnt, clmul, erms, lzcnt, tsc, tscinvbit

Memory: 4k page, physical 4139892k(1313448k free), swap 8277884k(2977220k free)

vm_info: Java HotSpot(TM) 64-Bit Server VM (25.144-b01) for windows-amd64 JRE (1.8.0_144-b01), built on Jul 21 2017 21:57:33 by "java_re" with MS VC++ 10.0 (VS2010)

time: Mon Jun 03 08:35:48 2019
elapsed time: 138 seconds (0d 0h 2m 18s)

