#
# A fatal error has been detected by the Java Runtime Environment:
#
#  EXCEPTION_ACCESS_VIOLATION (0xc0000005) at pc=0x0000000180003ae0, pid=7092, tid=0x0000000000001024
#
# JRE version: Java(TM) SE Runtime Environment (8.0_144-b01) (build 1.8.0_144-b01)
# Java VM: Java HotSpot(TM) 64-Bit Server VM (25.144-b01 mixed mode windows-amd64 compressed oops)
# Problematic frame:
# C  0x0000000180003ae0
#
# Failed to write core dump. Minidumps are not enabled by default on client versions of Windows
#
# If you would like to submit a bug report, please visit:
#   http://bugreport.java.com/bugreport/crash.jsp
# The crash happened outside the Java Virtual Machine in native code.
# See problematic frame for where to report the bug.
#

---------------  T H R E A D  ---------------

Current thread (0x0000000057099800):  JavaThread "Timer-0" [_thread_in_native, id=4132, stack(0x0000000065e20000,0x0000000065f20000)]

siginfo: ExceptionCode=0xc0000005, ExceptionInformation=0x0000000000000008 0x0000000180003ae0

Registers:
RAX=0x0000000180003ae0, RBX=0x00000000652bfb80, RCX=0x00000000570999f8, RDX=0x0000000065f1ec58
RSP=0x0000000065f1ebc8, RBP=0x0000000065f1ec48, RSI=0x0000000060200021, RDI=0x0000000000000001
R8 =0x0000000000000004, R9 =0x00000000c1817d40, R10=0x0000000002a57968, R11=0x000000006e60bc50
R12=0x0000000000000000, R13=0x00000000652bfb80, R14=0x0000000065f1ec70, R15=0x0000000057099800
RIP=0x0000000180003ae0, EFLAGS=0x0000000000010206

Top of Stack: (sp=0x0000000065f1ebc8)
0x0000000065f1ebc8:   0000000002a57994 0000000065f1ebd0
0x0000000065f1ebd8:   00000000605f40bd 0000000065f1ec38
0x0000000065f1ebe8:   00000000605f7bd0 00000000eb0ff4d0
0x0000000065f1ebf8:   00000000605f40c8 0000000065f1ec68
0x0000000065f1ec08:   0000000065f1ec08 0000000000000000
0x0000000065f1ec18:   0000000065f1ec70 0000000065359548
0x0000000065f1ec28:   0000000000000000 00000000652bfb80
0x0000000065f1ec38:   0000000000000000 0000000065f1ec68
0x0000000065f1ec48:   0000000065f1ecc0 0000000002a47e50
0x0000000065f1ec58:   00000000c181ad58 0000000002a519b7
0x0000000065f1ec68:   0000000000000004 0000000000000004
0x0000000065f1ec78:   00000000eb0ff4d0 0000000065f1ec80
0x0000000065f1ec88:   00000000652bd693 0000000065f1ece0
0x0000000065f1ec98:   0000000065359548 0000000000000000
0x0000000065f1eca8:   00000000652bd6f0 0000000065f1ec68
0x0000000065f1ecb8:   0000000065f1ecd0 0000000065f1ed38 

Instructions: (pc=0x0000000180003ae0)
0x0000000180003ac0:   
[error occurred during error reporting (printing registers, top of stack, instructions near pc), id 0xc0000005]

Register to memory mapping:

RAX=0x0000000180003ae0 is an unknown value
RBX={method} {0x00000000652bfb88} 'malloc' '(J)J' in 'com/sun/jna/Memory'
RCX=0x00000000570999f8 is an unknown value
RDX=0x0000000065f1ec58 is pointing into the stack for thread: 0x0000000057099800
RSP=0x0000000065f1ebc8 is pointing into the stack for thread: 0x0000000057099800
RBP=0x0000000065f1ec48 is pointing into the stack for thread: 0x0000000057099800
RSI=0x0000000060200021 is an unknown value
RDI=0x0000000000000001 is an unknown value
R8 =0x0000000000000004 is an unknown value
R9 =0x00000000c1817d40 is an oop
java.lang.Class 
 - klass: 'java/lang/Class'
R10=0x0000000002a57968 is at code_begin+840 in an Interpreter codelet
method entry point (kind = native)  [0x0000000002a57620, 0x0000000002a57f80]  2400 bytes
R11=0x000000006e60bc50 is an unknown value
R12=0x0000000000000000 is an unknown value
R13={method} {0x00000000652bfb88} 'malloc' '(J)J' in 'com/sun/jna/Memory'
R14=0x0000000065f1ec70 is pointing into the stack for thread: 0x0000000057099800
R15=0x0000000057099800 is a thread


Stack: [0x0000000065e20000,0x0000000065f20000],  sp=0x0000000065f1ebc8,  free space=1018k
Native frames: (J=compiled Java code, j=interpreted, Vv=VM code, C=native code)
C  0x0000000180003ae0

Java frames: (J=compiled Java code, j=interpreted, Vv=VM code)
j  com.sun.jna.Memory.malloc(J)J+0
j  com.sun.jna.Memory.<init>(J)V+27
j  com.sun.jna.ptr.ByReference.<init>(I)V+11
j  com.sun.jna.ptr.IntByReference.<init>(I)V+2
j  com.sun.jna.ptr.IntByReference.<init>()V+2
j  com.dx.Person.verfiyCard()I+22
j  com.dx.Person.doRead()Lcom/dx/pojo/PersonCard;+2
j  com.dx.Person.setPersonCards()V+2
j  com.dx.Person$1.run()V+4
j  java.util.TimerThread.mainLoop()V+221
j  java.util.TimerThread.run()V+1
v  ~StubRoutines::call_stub

---------------  P R O C E S S  ---------------

Java Threads: ( => current thread )
=>0x0000000057099800 JavaThread "Timer-0" [_thread_in_native, id=4132, stack(0x0000000065e20000,0x0000000065f20000)]
  0x0000000057099000 JavaThread "cameraThread" daemon [_thread_in_native, id=6548, stack(0x0000000065190000,0x0000000065290000)]
  0x0000000057379000 JavaThread "Druid-ConnectionPool-Destroy-623444387" daemon [_thread_blocked, id=5392, stack(0x0000000060a40000,0x0000000060b40000)]
  0x000000005643d800 JavaThread "Druid-ConnectionPool-Create-623444387" daemon [_thread_blocked, id=7136, stack(0x0000000060750000,0x0000000060850000)]
  0x00000000571e6800 JavaThread "Abandoned connection cleanup thread" daemon [_thread_blocked, id=780, stack(0x00000000608b0000,0x00000000609b0000)]
  0x000000005722c800 JavaThread "TimerQueue" daemon [_thread_blocked, id=6540, stack(0x00000000603c0000,0x00000000604c0000)]
  0x000000000251e800 JavaThread "DestroyJavaVM" [_thread_blocked, id=6876, stack(0x0000000002940000,0x0000000002a40000)]
  0x0000000056516000 JavaThread "AWT-EventQueue-0" [_thread_blocked, id=5100, stack(0x0000000057c40000,0x0000000057d40000)]
  0x0000000056b8f000 JavaThread "AWT-Shutdown" [_thread_blocked, id=5192, stack(0x0000000056900000,0x0000000056a00000)]
  0x0000000056b8a000 JavaThread "Java2D Disposer" daemon [_thread_blocked, id=1040, stack(0x00000000573a0000,0x00000000574a0000)]
  0x0000000054e0f000 JavaThread "Service Thread" daemon [_thread_blocked, id=5836, stack(0x00000000567d0000,0x00000000568d0000)]
  0x0000000054e0e000 JavaThread "C1 CompilerThread1" daemon [_thread_blocked, id=4540, stack(0x0000000056620000,0x0000000056720000)]
  0x0000000054dc2800 JavaThread "C2 CompilerThread0" daemon [_thread_blocked, id=6560, stack(0x0000000055b20000,0x0000000055c20000)]
  0x0000000054dc1000 JavaThread "Attach Listener" daemon [_thread_blocked, id=6520, stack(0x0000000055f40000,0x0000000056040000)]
  0x0000000054da2000 JavaThread "Signal Dispatcher" daemon [_thread_blocked, id=4652, stack(0x0000000055dd0000,0x0000000055ed0000)]
  0x0000000054d8f000 JavaThread "Finalizer" daemon [_thread_blocked, id=4708, stack(0x0000000055c60000,0x0000000055d60000)]
  0x0000000054d47800 JavaThread "Reference Handler" daemon [_thread_blocked, id=5588, stack(0x00000000559a0000,0x0000000055aa0000)]

Other Threads:
  0x0000000054d3e000 VMThread [stack: 0x00000000557a0000,0x00000000558a0000] [id=2200]
  0x0000000056158800 WatcherThread [stack: 0x0000000056a80000,0x0000000056b80000] [id=5704]

VM state:not at safepoint (normal execution)

VM Mutex/Monitor currently owned by a thread: None

Heap:
 PSYoungGen      total 37376K, used 21801K [0x00000000eaf00000, 0x00000000eda00000, 0x0000000100000000)
  eden space 32768K, 57% used [0x00000000eaf00000,0x00000000ec17b2f8,0x00000000ecf00000)
  from space 4608K, 62% used [0x00000000ed580000,0x00000000ed84f220,0x00000000eda00000)
  to   space 5632K, 0% used [0x00000000ecf00000,0x00000000ecf00000,0x00000000ed480000)
 ParOldGen       total 44032K, used 15464K [0x00000000c0c00000, 0x00000000c3700000, 0x00000000eaf00000)
  object space 44032K, 35% used [0x00000000c0c00000,0x00000000c1b1a160,0x00000000c3700000)
 Metaspace       used 20163K, capacity 20488K, committed 20736K, reserved 1067008K
  class space    used 2405K, capacity 2492K, committed 2560K, reserved 1048576K

Card table byte_map: [0x0000000011e00000,0x0000000012000000] byte_map_base: 0x00000000117fa000

Marking Bits: (ParMarkBitMap*) 0x000000006ebfd850
 Begin Bits: [0x0000000012270000, 0x0000000013240000)
 End Bits:   [0x0000000013240000, 0x0000000014210000)

Polling page: 0x0000000000130000

CodeCache: size=245760Kb used=6390Kb max_used=6492Kb free=239369Kb
 bounds [0x0000000002a40000, 0x00000000030a0000, 0x0000000011a40000]
 total_blobs=2641 nmethods=1849 adapters=705
 compilation: enabled

Compilation events (10 events):
Event: 32.443 Thread 0x0000000054e0e000 1979   !   3       sun.java2d.SunGraphics2D::drawImage (197 bytes)
Event: 32.444 Thread 0x0000000054e0e000 nmethod 1979 0x0000000002d2f1d0 code [0x0000000002d2f460, 0x0000000002d30b28]
Event: 32.666 Thread 0x0000000054dc2800 1980       4       javax.swing.JComponent::getX (5 bytes)
Event: 32.667 Thread 0x0000000054dc2800 nmethod 1980 0x0000000002b61a50 code [0x0000000002b61b80, 0x0000000002b61bd8]
Event: 32.702 Thread 0x0000000054e0e000 1981       3       java.util.logging.LogManager$LoggerContext::requiresDefaultLoggers (29 bytes)
Event: 32.702 Thread 0x0000000054e0e000 nmethod 1981 0x0000000002c9fbd0 code [0x0000000002c9fd40, 0x0000000002ca0168]
Event: 32.702 Thread 0x0000000054e0e000 1982  s    3       java.util.Hashtable::containsKey (65 bytes)
Event: 32.703 Thread 0x0000000054e0e000 nmethod 1982 0x0000000002c6c910 code [0x0000000002c6caa0, 0x0000000002c6d0b8]
Event: 32.703 Thread 0x0000000054e0e000 1983       1       java.util.concurrent.CopyOnWriteArrayList::getArray (5 bytes)
Event: 32.703 Thread 0x0000000054e0e000 nmethod 1983 0x0000000002e999d0 code [0x0000000002e99b20, 0x0000000002e99c30]

GC Heap History (10 events):
Event: 31.178 GC heap before
{Heap before GC invocations=26 (full 0):
 PSYoungGen      total 42496K, used 41720K [0x00000000eaf00000, 0x00000000ee000000, 0x0000000100000000)
  eden space 37888K, 98% used [0x00000000eaf00000,0x00000000ed3875b0,0x00000000ed400000)
  from space 4608K, 93% used [0x00000000ed500000,0x00000000ed936b30,0x00000000ed980000)
  to   space 6144K, 0% used [0x00000000eda00000,0x00000000eda00000,0x00000000ee000000)
 ParOldGen       total 44032K, used 15424K [0x00000000c0c00000, 0x00000000c3700000, 0x00000000eaf00000)
  object space 44032K, 35% used [0x00000000c0c00000,0x00000000c1b10160,0x00000000c3700000)
 Metaspace       used 20145K, capacity 20424K, committed 20736K, reserved 1067008K
  class space    used 2404K, capacity 2492K, committed 2560K, reserved 1048576K
Event: 31.179 GC heap after
Heap after GC invocations=26 (full 0):
 PSYoungGen      total 41984K, used 2876K [0x00000000eaf00000, 0x00000000edf00000, 0x0000000100000000)
  eden space 36864K, 0% used [0x00000000eaf00000,0x00000000eaf00000,0x00000000ed300000)
  from space 5120K, 56% used [0x00000000eda00000,0x00000000edccf220,0x00000000edf00000)
  to   space 6144K, 0% used [0x00000000ed300000,0x00000000ed300000,0x00000000ed900000)
 ParOldGen       total 44032K, used 15432K [0x00000000c0c00000, 0x00000000c3700000, 0x00000000eaf00000)
  object space 44032K, 35% used [0x00000000c0c00000,0x00000000c1b12160,0x00000000c3700000)
 Metaspace       used 20145K, capacity 20424K, committed 20736K, reserved 1067008K
  class space    used 2404K, capacity 2492K, committed 2560K, reserved 1048576K
}
Event: 31.607 GC heap before
{Heap before GC invocations=27 (full 0):
 PSYoungGen      total 41984K, used 38836K [0x00000000eaf00000, 0x00000000edf00000, 0x0000000100000000)
  eden space 36864K, 97% used [0x00000000eaf00000,0x00000000ed21dde0,0x00000000ed300000)
  from space 5120K, 56% used [0x00000000eda00000,0x00000000edccf220,0x00000000edf00000)
  to   space 6144K, 0% used [0x00000000ed300000,0x00000000ed300000,0x00000000ed900000)
 ParOldGen       total 44032K, used 15432K [0x00000000c0c00000, 0x00000000c3700000, 0x00000000eaf00000)
  object space 44032K, 35% used [0x00000000c0c00000,0x00000000c1b12160,0x00000000c3700000)
 Metaspace       used 20145K, capacity 20424K, committed 20736K, reserved 1067008K
  class space    used 2404K, capacity 2492K, committed 2560K, reserved 1048576K
Event: 31.608 GC heap after
Heap after GC invocations=27 (full 0):
 PSYoungGen      total 37376K, used 1502K [0x00000000eaf00000, 0x00000000ede00000, 0x0000000100000000)
  eden space 35840K, 0% used [0x00000000eaf00000,0x00000000eaf00000,0x00000000ed200000)
  from space 1536K, 97% used [0x00000000ed300000,0x00000000ed477910,0x00000000ed480000)
  to   space 6144K, 0% used [0x00000000ed800000,0x00000000ed800000,0x00000000ede00000)
 ParOldGen       total 44032K, used 15440K [0x00000000c0c00000, 0x00000000c3700000, 0x00000000eaf00000)
  object space 44032K, 35% used [0x00000000c0c00000,0x00000000c1b14160,0x00000000c3700000)
 Metaspace       used 20145K, capacity 20424K, committed 20736K, reserved 1067008K
  class space    used 2404K, capacity 2492K, committed 2560K, reserved 1048576K
}
Event: 32.008 GC heap before
{Heap before GC invocations=28 (full 0):
 PSYoungGen      total 37376K, used 36037K [0x00000000eaf00000, 0x00000000ede00000, 0x0000000100000000)
  eden space 35840K, 96% used [0x00000000eaf00000,0x00000000ed0b9ed0,0x00000000ed200000)
  from space 1536K, 97% used [0x00000000ed300000,0x00000000ed477910,0x00000000ed480000)
  to   space 6144K, 0% used [0x00000000ed800000,0x00000000ed800000,0x00000000ede00000)
 ParOldGen       total 44032K, used 15440K [0x00000000c0c00000, 0x00000000c3700000, 0x00000000eaf00000)
  object space 44032K, 35% used [0x00000000c0c00000,0x00000000c1b14160,0x00000000c3700000)
 Metaspace       used 20145K, capacity 20424K, committed 20736K, reserved 1067008K
  class space    used 2404K, capacity 2492K, committed 2560K, reserved 1048576K
Event: 32.009 GC heap after
Heap after GC invocations=28 (full 0):
 PSYoungGen      total 39936K, used 1502K [0x00000000eaf00000, 0x00000000edd00000, 0x0000000100000000)
  eden space 34816K, 0% used [0x00000000eaf00000,0x00000000eaf00000,0x00000000ed100000)
  from space 5120K, 29% used [0x00000000ed800000,0x00000000ed977910,0x00000000edd00000)
  to   space 6144K, 0% used [0x00000000ed100000,0x00000000ed100000,0x00000000ed700000)
 ParOldGen       total 44032K, used 15448K [0x00000000c0c00000, 0x00000000c3700000, 0x00000000eaf00000)
  object space 44032K, 35% used [0x00000000c0c00000,0x00000000c1b16160,0x00000000c3700000)
 Metaspace       used 20145K, capacity 20424K, committed 20736K, reserved 1067008K
  class space    used 2404K, capacity 2492K, committed 2560K, reserved 1048576K
}
Event: 32.407 GC heap before
{Heap before GC invocations=29 (full 0):
 PSYoungGen      total 39936K, used 35972K [0x00000000eaf00000, 0x00000000edd00000, 0x0000000100000000)
  eden space 34816K, 99% used [0x00000000eaf00000,0x00000000ed0a99b0,0x00000000ed100000)
  from space 5120K, 29% used [0x00000000ed800000,0x00000000ed977910,0x00000000edd00000)
  to   space 6144K, 0% used [0x00000000ed100000,0x00000000ed100000,0x00000000ed700000)
 ParOldGen       total 44032K, used 15448K [0x00000000c0c00000, 0x00000000c3700000, 0x00000000eaf00000)
  object space 44032K, 35% used [0x00000000c0c00000,0x00000000c1b16160,0x00000000c3700000)
 Metaspace       used 20154K, capacity 20488K, committed 20736K, reserved 1067008K
  class space    used 2404K, capacity 2492K, committed 2560K, reserved 1048576K
Event: 32.408 GC heap after
Heap after GC invocations=29 (full 0):
 PSYoungGen      total 35328K, used 1470K [0x00000000eaf00000, 0x00000000edb00000, 0x0000000100000000)
  eden space 33792K, 0% used [0x00000000eaf00000,0x00000000eaf00000,0x00000000ed000000)
  from space 1536K, 95% used [0x00000000ed100000,0x00000000ed26f910,0x00000000ed280000)
  to   space 5632K, 0% used [0x00000000ed580000,0x00000000ed580000,0x00000000edb00000)
 ParOldGen       total 44032K, used 15456K [0x00000000c0c00000, 0x00000000c3700000, 0x00000000eaf00000)
  object space 44032K, 35% used [0x00000000c0c00000,0x00000000c1b18160,0x00000000c3700000)
 Metaspace       used 20154K, capacity 20488K, committed 20736K, reserved 1067008K
  class space    used 2404K, capacity 2492K, committed 2560K, reserved 1048576K
}
Event: 32.777 GC heap before
{Heap before GC invocations=30 (full 0):
 PSYoungGen      total 35328K, used 35013K [0x00000000eaf00000, 0x00000000edb00000, 0x0000000100000000)
  eden space 33792K, 99% used [0x00000000eaf00000,0x00000000ecfc1d08,0x00000000ed000000)
  from space 1536K, 95% used [0x00000000ed100000,0x00000000ed26f910,0x00000000ed280000)
  to   space 5632K, 0% used [0x00000000ed580000,0x00000000ed580000,0x00000000edb00000)
 ParOldGen       total 44032K, used 15456K [0x00000000c0c00000, 0x00000000c3700000, 0x00000000eaf00000)
  object space 44032K, 35% used [0x00000000c0c00000,0x00000000c1b18160,0x00000000c3700000)
 Metaspace       used 20163K, capacity 20488K, committed 20736K, reserved 1067008K
  class space    used 2405K, capacity 2492K, committed 2560K, reserved 1048576K
Event: 32.779 GC heap after
Heap after GC invocations=30 (full 0):
 PSYoungGen      total 37376K, used 2876K [0x00000000eaf00000, 0x00000000eda00000, 0x0000000100000000)
  eden space 32768K, 0% used [0x00000000eaf00000,0x00000000eaf00000,0x00000000ecf00000)
  from space 4608K, 62% used [0x00000000ed580000,0x00000000ed84f220,0x00000000eda00000)
  to   space 5632K, 0% used [0x00000000ecf00000,0x00000000ecf00000,0x00000000ed480000)
 ParOldGen       total 44032K, used 15464K [0x00000000c0c00000, 0x00000000c3700000, 0x00000000eaf00000)
  object space 44032K, 35% used [0x00000000c0c00000,0x00000000c1b1a160,0x00000000c3700000)
 Metaspace       used 20163K, capacity 20488K, committed 20736K, reserved 1067008K
  class space    used 2405K, capacity 2492K, committed 2560K, reserved 1048576K
}

Deoptimization events (10 events):
Event: 19.471 Thread 0x0000000056516000 Uncommon trap: reason=class_check action=maybe_recompile pc=0x0000000002e1900c method=java.util.HashSet.add(Ljava/lang/Object;)Z @ 8
Event: 19.591 Thread 0x0000000057099000 Uncommon trap: reason=unstable_if action=reinterpret pc=0x0000000002f77844 method=sun.awt.image.ByteInterleavedRaster.putByteData(IIII[B)V @ 446
Event: 19.593 Thread 0x0000000057099000 Uncommon trap: reason=unstable_if action=reinterpret pc=0x0000000002f794ac method=com.dx.util.CameraUtil.mat2BI(Lorg/opencv/core/Mat;)Ljava/awt/image/BufferedImage; @ 88
Event: 19.664 Thread 0x0000000056516000 Uncommon trap: reason=unstable_if action=reinterpret pc=0x0000000002e3c428 method=java.util.HashMap.putVal(ILjava/lang/Object;Ljava/lang/Object;ZZ)Ljava/lang/Object; @ 94
Event: 19.665 Thread 0x0000000056516000 Uncommon trap: reason=unstable_if action=reinterpret pc=0x0000000002eaccd8 method=java.util.HashMap.getNode(ILjava/lang/Object;)Ljava/util/HashMap$Node; @ 129
Event: 19.665 Thread 0x0000000056516000 Uncommon trap: reason=bimorphic action=maybe_recompile pc=0x0000000002d062a4 method=java.util.HashMap.putVal(ILjava/lang/Object;Ljava/lang/Object;ZZ)Ljava/lang/Object; @ 203
Event: 19.665 Thread 0x0000000056516000 Uncommon trap: reason=bimorphic action=maybe_recompile pc=0x0000000002d062a4 method=java.util.HashMap.putVal(ILjava/lang/Object;Ljava/lang/Object;ZZ)Ljava/lang/Object; @ 203
Event: 19.665 Thread 0x0000000056516000 Uncommon trap: reason=bimorphic action=maybe_recompile pc=0x0000000002d062a4 method=java.util.HashMap.putVal(ILjava/lang/Object;Ljava/lang/Object;ZZ)Ljava/lang/Object; @ 203
Event: 19.665 Thread 0x0000000056516000 Uncommon trap: reason=bimorphic action=maybe_recompile pc=0x0000000002d062a4 method=java.util.HashMap.putVal(ILjava/lang/Object;Ljava/lang/Object;ZZ)Ljava/lang/Object; @ 203
Event: 19.806 Thread 0x0000000056516000 Uncommon trap: reason=unstable_if action=reinterpret pc=0x0000000002ceafd0 method=sun.font.TrueTypeFont.getDirectoryEntry(I)Lsun/font/TrueTypeFont$DirectoryEntry; @ 7

Internal exceptions (10 events):
Event: 17.975 Thread 0x0000000056516000 Exception <a 'java/lang/ArrayIndexOutOfBoundsException'> (0x00000000eb59f508) thrown at [C:\re\workspace\8-2-build-windows-amd64-cygwin\jdk8u144\9417\hotspot\src\share\vm\runtime\sharedRuntime.cpp, line 605]
Event: 17.975 Thread 0x0000000056516000 Exception <a 'java/lang/ArrayIndexOutOfBoundsException'> (0x00000000eb5a0650) thrown at [C:\re\workspace\8-2-build-windows-amd64-cygwin\jdk8u144\9417\hotspot\src\share\vm\runtime\sharedRuntime.cpp, line 605]
Event: 17.975 Thread 0x0000000056516000 Exception <a 'java/lang/ArrayIndexOutOfBoundsException'> (0x00000000eb5a19d8) thrown at [C:\re\workspace\8-2-build-windows-amd64-cygwin\jdk8u144\9417\hotspot\src\share\vm\runtime\sharedRuntime.cpp, line 605]
Event: 17.975 Thread 0x0000000056516000 Exception <a 'java/lang/ArrayIndexOutOfBoundsException'> (0x00000000eb5a3608) thrown at [C:\re\workspace\8-2-build-windows-amd64-cygwin\jdk8u144\9417\hotspot\src\share\vm\runtime\sharedRuntime.cpp, line 605]
Event: 17.980 Thread 0x0000000056516000 Exception <a 'java/lang/ArrayIndexOutOfBoundsException'> (0x00000000eb5c9ce0) thrown at [C:\re\workspace\8-2-build-windows-amd64-cygwin\jdk8u144\9417\hotspot\src\share\vm\runtime\sharedRuntime.cpp, line 605]
Event: 17.980 Thread 0x0000000056516000 Exception <a 'java/lang/ArrayIndexOutOfBoundsException'> (0x00000000eb5cb130) thrown at [C:\re\workspace\8-2-build-windows-amd64-cygwin\jdk8u144\9417\hotspot\src\share\vm\runtime\sharedRuntime.cpp, line 605]
Event: 17.980 Thread 0x0000000056516000 Exception <a 'java/lang/ArrayIndexOutOfBoundsException'> (0x00000000eb5ccde8) thrown at [C:\re\workspace\8-2-build-windows-amd64-cygwin\jdk8u144\9417\hotspot\src\share\vm\runtime\sharedRuntime.cpp, line 605]
Event: 17.984 Thread 0x0000000056516000 Exception <a 'java/lang/ArrayIndexOutOfBoundsException'> (0x00000000eb5f31c8) thrown at [C:\re\workspace\8-2-build-windows-amd64-cygwin\jdk8u144\9417\hotspot\src\share\vm\runtime\sharedRuntime.cpp, line 605]
Event: 17.986 Thread 0x0000000056516000 Exception <a 'java/lang/ArrayIndexOutOfBoundsException'> (0x00000000eb601320) thrown at [C:\re\workspace\8-2-build-windows-amd64-cygwin\jdk8u144\9417\hotspot\src\share\vm\runtime\sharedRuntime.cpp, line 605]
Event: 18.135 Thread 0x000000005643d800 Implicit null exception at 0x0000000002ce8c6b to 0x0000000002ce8ce1

Events (10 events):
Event: 32.703 Executing VM operation: RevokeBias
Event: 32.703 Executing VM operation: RevokeBias done
Event: 32.703 Executing VM operation: RevokeBias
Event: 32.703 Executing VM operation: RevokeBias done
Event: 32.703 Thread 0x0000000054e0e000 flushing nmethod 0x0000000002ee5e10
Event: 32.704 Thread 0x000000005709c000 Thread exited: 0x000000005709c000
Event: 32.707 Thread 0x0000000057098000 Thread exited: 0x0000000057098000
Event: 32.722 Thread 0x0000000056b92800 Thread exited: 0x0000000056b92800
Event: 32.777 Executing VM operation: ParallelGCFailedAllocation
Event: 32.779 Executing VM operation: ParallelGCFailedAllocation done


Dynamic libraries:
0x000000013f6b0000 - 0x000000013f6e7000 	C:\Program Files\Java\jre1.8.0_144\bin\javaw.exe
0x0000000077a80000 - 0x0000000077c1f000 	C:\Windows\SYSTEM32\ntdll.dll
0x0000000077960000 - 0x0000000077a7f000 	C:\Windows\system32\kernel32.dll
0x000007fefd6b0000 - 0x000007fefd71a000 	C:\Windows\system32\KERNELBASE.dll
0x000007fefdea0000 - 0x000007fefdf7b000 	C:\Windows\system32\ADVAPI32.dll
0x000007fefe370000 - 0x000007fefe40f000 	C:\Windows\system32\msvcrt.dll
0x000007fefd990000 - 0x000007fefd9af000 	C:\Windows\SYSTEM32\sechost.dll
0x000007feff710000 - 0x000007feff83c000 	C:\Windows\system32\RPCRT4.dll
0x0000000077860000 - 0x000000007795a000 	C:\Windows\system32\USER32.dll
0x000007feff650000 - 0x000007feff6b7000 	C:\Windows\system32\GDI32.dll
0x000007fefe410000 - 0x000007fefe41e000 	C:\Windows\system32\LPK.dll
0x000007feff260000 - 0x000007feff329000 	C:\Windows\system32\USP10.dll
0x000007fefbfc0000 - 0x000007fefc1b5000 	C:\Windows\WinSxS\amd64_microsoft.windows.common-controls_6595b64144ccf1df_6.0.7601.24380_none_e3731d0b30fb6b11\COMCTL32.dll
0x000007fefdf80000 - 0x000007fefdff1000 	C:\Windows\system32\SHLWAPI.dll
0x000007fefd3a0000 - 0x000007fefd3f7000 	C:\Windows\system32\apphelp.dll
0x000007fef0fe0000 - 0x000007fef1031000 	C:\Windows\AppPatch\AppPatch64\AcGenral.DLL
0x000007fefd360000 - 0x000007fefd385000 	C:\Windows\system32\SspiCli.dll
0x000007feff450000 - 0x000007feff64f000 	C:\Windows\system32\ole32.dll
0x000007fefe420000 - 0x000007feff1ab000 	C:\Windows\system32\SHELL32.dll
0x0000000072000000 - 0x0000000072003000 	C:\Windows\system32\sfc.dll
0x000007fef5750000 - 0x000007fef5760000 	C:\Windows\system32\sfc_os.DLL
0x000007fefd5f0000 - 0x000007fefd60e000 	C:\Windows\system32\USERENV.dll
0x000007fefd5e0000 - 0x000007fefd5ef000 	C:\Windows\system32\profapi.dll
0x000007fefb0a0000 - 0x000007fefb0b8000 	C:\Windows\system32\dwmapi.dll
0x000007fef7350000 - 0x000007fef7368000 	C:\Windows\system32\MPR.dll
0x000007feff1b0000 - 0x000007feff1de000 	C:\Windows\system32\IMM32.DLL
0x000007feff340000 - 0x000007feff449000 	C:\Windows\system32\MSCTF.dll
0x0000000056040000 - 0x0000000056112000 	C:\Program Files\Java\jre1.8.0_144\bin\msvcr100.dll
0x000000006e3e0000 - 0x000000006ec7d000 	C:\Program Files\Java\jre1.8.0_144\bin\server\jvm.dll
0x000007fefbfa0000 - 0x000007fefbfa9000 	C:\Windows\system32\WSOCK32.dll
0x000007feff6c0000 - 0x000007feff70d000 	C:\Windows\system32\WS2_32.dll
0x000007feff330000 - 0x000007feff338000 	C:\Windows\system32\NSI.dll
0x000007fef6ae0000 - 0x000007fef6b1b000 	C:\Windows\system32\WINMM.dll
0x000007fefc650000 - 0x000007fefc65c000 	C:\Windows\system32\VERSION.dll
0x0000000077c20000 - 0x0000000077c27000 	C:\Windows\system32\PSAPI.DLL
0x00000000749f0000 - 0x00000000749ff000 	C:\Program Files\Java\jre1.8.0_144\bin\verify.dll
0x00000000749c0000 - 0x00000000749e9000 	C:\Program Files\Java\jre1.8.0_144\bin\java.dll
0x0000000074970000 - 0x0000000074986000 	C:\Program Files\Java\jre1.8.0_144\bin\zip.dll
0x00000000746a0000 - 0x0000000074838000 	C:\Program Files\Java\jre1.8.0_144\bin\awt.dll
0x000007fefdc30000 - 0x000007fefdd0a000 	C:\Windows\system32\OLEAUT32.dll
0x000007fefb480000 - 0x000007fefb4d6000 	C:\Windows\system32\uxtheme.dll
0x000007fef7370000 - 0x000007fef7693000 	C:\Windows\system32\PALMINPUTIME.IME
0x000007fefab20000 - 0x000007fefab27000 	C:\Windows\system32\MSIMG32.dll
0x000007fef9c80000 - 0x000007fef9da5000 	C:\Windows\system32\dbghelp.dll
0x000007fefbd00000 - 0x000007fefbd2d000 	C:\Windows\system32\ntmarta.dll
0x000007feff1e0000 - 0x000007feff232000 	C:\Windows\system32\WLDAP32.dll
0x000007fefd400000 - 0x000007fefd40f000 	C:\Windows\system32\CRYPTBASE.dll
0x000007fef2400000 - 0x000007fef251d000 	C:\Windows\system32\opengl32.dll
0x000007fefb500000 - 0x000007fefb52d000 	C:\Windows\system32\GLU32.dll
0x000007fef2300000 - 0x000007fef23f1000 	C:\Windows\system32\DDRAW.dll
0x000007fef6d10000 - 0x000007fef6d18000 	C:\Windows\system32\DCIMAN32.dll
0x000007fefd9b0000 - 0x000007fefdb87000 	C:\Windows\system32\SETUPAPI.dll
0x000007fefd740000 - 0x000007fefd776000 	C:\Windows\system32\CFGMGR32.dll
0x000007fefd7f0000 - 0x000007fefd80a000 	C:\Windows\system32\DEVOBJ.dll
0x000007feef5f0000 - 0x000007feef7ef000 	C:\Windows\system32\d3d9.dll
0x000007fef6d00000 - 0x000007fef6d07000 	C:\Windows\system32\d3d8thk.dll
0x0000000066fe0000 - 0x0000000067011000 	C:\Program Files\Java\jre1.8.0_144\bin\jpeg.dll
0x0000000074920000 - 0x0000000074967000 	C:\Program Files\Java\jre1.8.0_144\bin\fontmanager.dll
0x000007fefdb90000 - 0x000007fefdc29000 	C:\Windows\system32\CLBCatQ.DLL
0x000007fefaef0000 - 0x000007fefb051000 	C:\Windows\system32\WindowsCodecs.dll
0x000007fef76a0000 - 0x000007fef76f6000 	C:\Users\Administrator\AppData\Local\Microsoft\OneDrive\17.3.4604.0120\amd64\FileSyncShell64.dll
0x000007fef6620000 - 0x000007fef66c7000 	C:\Users\Administrator\AppData\Local\Microsoft\OneDrive\17.3.4604.0120\amd64\MSVCP110.dll
0x000007fef5230000 - 0x000007fef52fe000 	C:\Users\Administrator\AppData\Local\Microsoft\OneDrive\17.3.4604.0120\amd64\MSVCR110.dll
0x000007feff840000 - 0x000007feffcec000 	C:\Windows\system32\WININET.dll
0x000007fefd780000 - 0x000007fefd784000 	C:\Windows\system32\api-ms-win-downlevel-user32-l1-1-0.dll
0x000007fefd7e0000 - 0x000007fefd7e4000 	C:\Windows\system32\api-ms-win-downlevel-shlwapi-l1-1-0.dll
0x000007fefd810000 - 0x000007fefd814000 	C:\Windows\system32\api-ms-win-downlevel-version-l1-1-0.dll
0x000007fefd730000 - 0x000007fefd733000 	C:\Windows\system32\api-ms-win-downlevel-normaliz-l1-1-0.dll
0x0000000077c30000 - 0x0000000077c33000 	C:\Windows\system32\normaliz.DLL
0x000007fefe000000 - 0x000007fefe2ca000 	C:\Windows\system32\iertutil.dll
0x000007fefd720000 - 0x000007fefd725000 	C:\Windows\system32\api-ms-win-downlevel-advapi32-l1-1-0.dll
0x00000000722e0000 - 0x0000000072300000 	C:\Program Files\Common Files\TortoiseOverlays\TortoiseOverlays.dll
0x000007fef9dc0000 - 0x000007fef9dc3000 	C:\Windows\system32\api-ms-win-core-synch-l1-2-0.DLL
0x0000000072260000 - 0x000000007227b000 	C:\Program Files\TortoiseSVN\bin\TortoiseStub.dll
0x00000000721d0000 - 0x0000000072258000 	C:\Program Files\TortoiseSVN\bin\TortoiseSVN.dll
0x000007fef5ea0000 - 0x000007fef644e000 	C:\Program Files\TortoiseSVN\bin\libsvn_tsvn.dll
0x00000000720a0000 - 0x00000000720d2000 	C:\Program Files\TortoiseSVN\bin\libapr_tsvn.dll
0x000007fefccb0000 - 0x000007fefcd05000 	C:\Windows\system32\MSWSOCK.dll
0x000007fef5e80000 - 0x000007fef5e97000 	C:\Program Files\TortoiseSVN\bin\VCRUNTIME140.dll
0x000007fef5e70000 - 0x000007fef5e74000 	C:\Program Files\TortoiseSVN\bin\api-ms-win-crt-runtime-l1-1-0.dll
0x000007fef5d70000 - 0x000007fef5e64000 	C:\Windows\system32\ucrtbase.DLL
0x000007fef5d60000 - 0x000007fef5d63000 	C:\Windows\system32\api-ms-win-core-timezone-l1-1-0.dll
0x000007fef5d50000 - 0x000007fef5d53000 	C:\Windows\system32\api-ms-win-core-file-l2-1-0.dll
0x000007fef5d40000 - 0x000007fef5d43000 	C:\Windows\system32\api-ms-win-core-localization-l1-2-0.dll
0x000007fef5d30000 - 0x000007fef5d33000 	C:\Windows\system32\api-ms-win-core-processthreads-l1-1-1.dll
0x000007fef5d20000 - 0x000007fef5d23000 	C:\Windows\system32\api-ms-win-core-file-l1-2-0.dll
0x000007fef5d10000 - 0x000007fef5d14000 	C:\Program Files\TortoiseSVN\bin\api-ms-win-crt-string-l1-1-0.dll
0x000007fef5d00000 - 0x000007fef5d03000 	C:\Program Files\TortoiseSVN\bin\api-ms-win-crt-heap-l1-1-0.dll
0x000007fef5cf0000 - 0x000007fef5cf4000 	C:\Program Files\TortoiseSVN\bin\api-ms-win-crt-stdio-l1-1-0.dll
0x000007fef5ce0000 - 0x000007fef5ce4000 	C:\Program Files\TortoiseSVN\bin\api-ms-win-crt-convert-l1-1-0.dll
0x000007fef5cd0000 - 0x000007fef5cd3000 	C:\Program Files\TortoiseSVN\bin\api-ms-win-crt-conio-l1-1-0.dll
0x000007fef5cc0000 - 0x000007fef5cc3000 	C:\Program Files\TortoiseSVN\bin\api-ms-win-crt-utility-l1-1-0.dll
0x000007fef5cb0000 - 0x000007fef5cb5000 	C:\Program Files\TortoiseSVN\bin\api-ms-win-crt-math-l1-1-0.dll
0x000007fef5ca0000 - 0x000007fef5ca3000 	C:\Program Files\TortoiseSVN\bin\api-ms-win-crt-environment-l1-1-0.dll
0x000007fef5c90000 - 0x000007fef5c93000 	C:\Program Files\TortoiseSVN\bin\api-ms-win-crt-time-l1-1-0.dll
0x0000000072050000 - 0x0000000072094000 	C:\Program Files\TortoiseSVN\bin\libaprutil_tsvn.dll
0x000007fef5c70000 - 0x000007fef5c82000 	C:\Program Files\TortoiseSVN\bin\intl3_tsvn.dll
0x000007fef5c60000 - 0x000007fef5c63000 	C:\Program Files\TortoiseSVN\bin\api-ms-win-crt-filesystem-l1-1-0.dll
0x000007fef5c40000 - 0x000007fef5c5a000 	C:\Program Files\TortoiseSVN\bin\libsasl.dll
0x000007fefd170000 - 0x000007fefd17b000 	C:\Windows\system32\Secur32.dll
0x000007fefd820000 - 0x000007fefd98a000 	C:\Windows\system32\CRYPT32.dll
0x000007fefd5d0000 - 0x000007fefd5df000 	C:\Windows\system32\MSASN1.dll
0x000007fef5c30000 - 0x000007fef5c33000 	C:\Program Files\TortoiseSVN\bin\api-ms-win-crt-locale-l1-1-0.dll
0x000007fef5b90000 - 0x000007fef5c2e000 	C:\Program Files\TortoiseSVN\bin\MSVCP140.dll
0x000007fef5b80000 - 0x000007fef5b85000 	C:\Program Files\TortoiseSVN\bin\api-ms-win-crt-multibyte-l1-1-0.dll
0x000007fef3940000 - 0x000007fef3caf000 	C:\Program Files (x86)\Microsoft Office\root\VFS\ProgramFilesX64\Microsoft Office\Office16\GROOVEEX.DLL
0x000007fef9960000 - 0x000007fef9c7e000 	C:\Windows\system32\msi.dll
0x000007fef30d0000 - 0x000007fef3934000 	C:\Program Files (x86)\Microsoft Office\root\VFS\ProgramFilesX64\Microsoft Office\Office16\2052\GrooveIntlResource.dll
0x0000000074a30000 - 0x0000000074a4a000 	C:\Program Files\Java\jre1.8.0_144\bin\net.dll
0x000007fefcca0000 - 0x000007fefcca7000 	C:\Windows\System32\wship6.dll
0x0000000074a10000 - 0x0000000074a21000 	C:\Program Files\Java\jre1.8.0_144\bin\nio.dll
0x0000000071c80000 - 0x0000000071cc2000 	C:\Program Files\Java\jre1.8.0_144\bin\t2k.dll
0x0000000074a00000 - 0x0000000074a0d000 	C:\Program Files\Java\jre1.8.0_144\bin\management.dll
0x000007fee0ca0000 - 0x000007fee3972000 	C:\Program Files\Java\jre1.8.0_144\bin\opencv_java341.dll
0x000007fef58c0000 - 0x000007fef58e9000 	C:\Windows\system32\MSVFW32.dll
0x000007fef5830000 - 0x000007fef584f000 	C:\Windows\system32\AVIFIL32.dll
0x000007fefab30000 - 0x000007fefab48000 	C:\Windows\system32\MSACM32.dll
0x000007fef6c00000 - 0x000007fef6c17000 	C:\Windows\system32\AVICAP32.dll
0x000007fef5810000 - 0x000007fef5826000 	C:\Windows\system32\devenum.dll
0x000007fefd7a0000 - 0x000007fefd7da000 	C:\Windows\system32\WINTRUST.dll
0x000007fef6bd0000 - 0x000007fef6bdd000 	C:\Windows\system32\msdmo.dll
0x000007fef22d0000 - 0x000007fef22ff000 	C:\Windows\system32\qcap.dll
0x000007feed760000 - 0x000007feed913000 	C:\Windows\system32\quartz.dll
0x000007fef2280000 - 0x000007fef22c1000 	C:\Windows\system32\ksproxy.ax
0x0000000074b40000 - 0x0000000074b46000 	C:\Windows\system32\ksuser.dll
0x000007fef5800000 - 0x000007fef580b000 	C:\Windows\system32\vidcap.ax
0x000007fef1ba0000 - 0x000007fef1bc4000 	C:\Windows\system32\kswdmcap.ax
0x000007feeec70000 - 0x000007feeedcc000 	C:\Windows\system32\MFC42.dll

VM Arguments:
jvm_args: -Dfile.encoding=GBK 
java_command: com.dx.FaceMainFrame
java_class_path (initial): C:\Program Files\Java\jre1.8.0_144\lib\resources.jar;C:\Program Files\Java\jre1.8.0_144\lib\rt.jar;C:\Program Files\Java\jre1.8.0_144\lib\jsse.jar;C:\Program Files\Java\jre1.8.0_144\lib\jce.jar;C:\Program Files\Java\jre1.8.0_144\lib\charsets.jar;C:\Program Files\Java\jre1.8.0_144\lib\jfr.jar;C:\Program Files\Java\jre1.8.0_144\lib\ext\access-bridge-64.jar;C:\Program Files\Java\jre1.8.0_144\lib\ext\cldrdata.jar;C:\Program Files\Java\jre1.8.0_144\lib\ext\dnsns.jar;C:\Program Files\Java\jre1.8.0_144\lib\ext\jaccess.jar;C:\Program Files\Java\jre1.8.0_144\lib\ext\jfxrt.jar;C:\Program Files\Java\jre1.8.0_144\lib\ext\localedata.jar;C:\Program Files\Java\jre1.8.0_144\lib\ext\nashorn.jar;C:\Program Files\Java\jre1.8.0_144\lib\ext\sunec.jar;C:\Program Files\Java\jre1.8.0_144\lib\ext\sunjce_provider.jar;C:\Program Files\Java\jre1.8.0_144\lib\ext\sunmscapi.jar;C:\Program Files\Java\jre1.8.0_144\lib\ext\sunpkcs11.jar;C:\Program Files\Java\jre1.8.0_144\lib\ext\zipfs.jar;D:\eclipse\workspace\FaceRecongnition\bin;D:\eclipse\workspace\FaceRecongnition\lib\dom4j-1.6.1.jar;D:\eclipse\workspace\FaceRecongnition\lib\fr-server-7.0.jar;D:\eclipse\workspace\FaceRecongnition\lib\fr-third-7.0.jar;D:\eclipse\workspace\FaceRecongnition\lib\jacob.jar;D:\eclipse\workspace\FaceRecongnition\lib\druid-1.1.10.jar;D:\eclipse\workspace\FaceRecongnition\lib\mysql-connector-java-5.1.38.jar;D:\eclipse\workspace\FaceRecongnition\lib\opencv-341.jar;D:\eclipse\workspace\FaceRecongnition\lib\commons-dbcp-1.4.jar;D:\eclipse\workspace\FaceRecongnition\lib\commons-pool-1.5.6.jar;D:\eclipse\workspace\FaceRecongnition\lib\lombok.jar;C:\Users\Administrator\.p2\pool\plugins\org.junit_4.12.0.v201504281640\junit.jar;C:\Users\Administrator\.p2\pool\plugins\org.hamcrest.core_1.3.0.v201303031735.jar
Launcher Type: SUN_STANDARD

Environment Variables:
JAVA_HOME=C:\Program Files\Java\jdk1.8.0_144
CLASSPATH=.;C:\Program Files\Java\jdk1.8.0_144\lib\dt.jar;C:\Program Files\Java\jdk1.8.0_144\lib\tools.jar;
PATH=C:/Program Files/Java/jre1.8.0_144/bin/server;C:/Program Files/Java/jre1.8.0_144/bin;C:/Program Files/Java/jre1.8.0_144/lib/amd64;C:\ProgramData\Oracle\Java\javapath;C:\Windows\system32;C:\Windows;C:\Windows\System32\Wbem;C:\Windows\System32\WindowsPowerShell\v1.0\;C:\strawberry\c\bin;C:\strawberry\perl\bin;C:\Python27;C:\Program Files\Java\jdk1.8.0_144\bin;C:\Program Files\Java\jdk1.8.0_144\jre\bin;D:\apache-maven-3.2.5\bin;C:\Program Files\TortoiseSVN\bin;D:\Program Files\Git\cmd;D:\Program Files\bandzip\;D:\eclipse\eclipse;
USERNAME=Administrator
OS=Windows_NT
PROCESSOR_IDENTIFIER=Intel64 Family 6 Model 60 Stepping 3, GenuineIntel



---------------  S Y S T E M  ---------------

OS: Windows 7 , 64 bit Build 7601 (6.1.7601.24387)

CPU:total 2 (initial active 2) (2 cores per cpu, 1 threads per core) family 6 model 60 stepping 3, cmov, cx8, fxsr, mmx, sse, sse2, sse3, ssse3, sse4.1, sse4.2, popcnt, clmul, erms, lzcnt, tsc, tscinvbit

Memory: 4k page, physical 4139892k(920032k free), swap 8277884k(1475288k free)

vm_info: Java HotSpot(TM) 64-Bit Server VM (25.144-b01) for windows-amd64 JRE (1.8.0_144-b01), built on Jul 21 2017 21:57:33 by "java_re" with MS VC++ 10.0 (VS2010)

time: Fri May 24 11:09:40 2019
elapsed time: 33 seconds (0d 0h 0m 33s)

