#
# A fatal error has been detected by the Java Runtime Environment:
#
#  EXCEPTION_ACCESS_VIOLATION (0xc0000005) at pc=0x0000000180003b10, pid=5780, tid=0x0000000000001668
#
# JRE version: Java(TM) SE Runtime Environment (8.0_144-b01) (build 1.8.0_144-b01)
# Java VM: Java HotSpot(TM) 64-Bit Server VM (25.144-b01 mixed mode windows-amd64 compressed oops)
# Problematic frame:
# C  0x0000000180003b10
#
# Failed to write core dump. Minidumps are not enabled by default on client versions of Windows
#
# If you would like to submit a bug report, please visit:
#   http://bugreport.java.com/bugreport/crash.jsp
# The crash happened outside the Java Virtual Machine in native code.
# See problematic frame for where to report the bug.
#

---------------  T H R E A D  ---------------

Current thread (0x0000000054daf000):  JavaThread "Finalizer" daemon [_thread_in_native, id=5736, stack(0x0000000055bc0000,0x0000000055cc0000)]

siginfo: ExceptionCode=0xc0000005, ExceptionInformation=0x0000000000000008 0x0000000180003b10

Registers:
RAX=0x0000000180003b10, RBX=0x0000000060cd1d10, RCX=0x0000000054daf1f8, RDX=0x0000000055cbf618
RSP=0x0000000055cbf588, RBP=0x0000000055cbf608, RSI=0x00000000ecc6f950, RDI=0x0000000014686c28
R8 =0x0000000065337150, R9 =0x0000000055cbf4f9, R10=0x00000000028a7968, R11=0x0000000072d7bc50
R12=0x0000000000000000, R13=0x0000000060cd1d10, R14=0x0000000055cbf630, R15=0x0000000054daf000
RIP=0x0000000180003b10, EFLAGS=0x0000000000010206

Top of Stack: (sp=0x0000000055cbf588)
0x0000000055cbf588:   00000000028a7994 0000000054daf000
0x0000000055cbf598:   0000000072cd739d 0000000054daf988
0x0000000055cbf5a8:   0000000054daf988 0000000000000000
0x0000000055cbf5b8:   0000000000000000 0000000000000005
0x0000000055cbf5c8:   0000000055cbf5c8 0000000000000000
0x0000000055cbf5d8:   0000000055cbf630 0000000060d7b870
0x0000000055cbf5e8:   0000000000000000 0000000060cd1d10
0x0000000055cbf5f8:   0000000000000000 0000000055cbf628
0x0000000055cbf608:   0000000055cbf678 0000000002898331
0x0000000055cbf618:   00000000c1540920 00000000028a19b8
0x0000000055cbf628:   0000000065337150 0000000055cbf660
0x0000000055cbf638:   0000000055cbf638 0000000060ccfc24
0x0000000055cbf648:   0000000055cbf688 0000000060d7b870
0x0000000055cbf658:   0000000000000000 0000000060ccfc48
0x0000000055cbf668:   0000000055cbf628 0000000055cbf690
0x0000000055cbf678:   0000000055cbf7a0 0000000002b8852c 

Instructions: (pc=0x0000000180003b10)
0x0000000180003af0:   
[error occurred during error reporting (printing registers, top of stack, instructions near pc), id 0xc0000005]

Register to memory mapping:

RAX=0x0000000180003b10 is an unknown value
RBX={method} {0x0000000060cd1d18} 'free' '(J)V' in 'com/sun/jna/Memory'
RCX=0x0000000054daf1f8 is an unknown value
RDX=0x0000000055cbf618 is pointing into the stack for thread: 0x0000000054daf000
RSP=0x0000000055cbf588 is pointing into the stack for thread: 0x0000000054daf000
RBP=0x0000000055cbf608 is pointing into the stack for thread: 0x0000000054daf000
RSI=0x00000000ecc6f950 is an oop
com.sun.jna.Memory 
 - klass: 'com/sun/jna/Memory'
RDI=0x0000000014686c28 is pointing into metadata
R8 =0x0000000065337150 is an unknown value
R9 =0x0000000055cbf4f9 is pointing into the stack for thread: 0x0000000054daf000
R10=0x00000000028a7968 is at code_begin+840 in an Interpreter codelet
method entry point (kind = native)  [0x00000000028a7620, 0x00000000028a7f80]  2400 bytes
R11=0x0000000072d7bc50 is an unknown value
R12=0x0000000000000000 is an unknown value
R13={method} {0x0000000060cd1d18} 'free' '(J)V' in 'com/sun/jna/Memory'
R14=0x0000000055cbf630 is pointing into the stack for thread: 0x0000000054daf000
R15=0x0000000054daf000 is a thread


Stack: [0x0000000055bc0000,0x0000000055cc0000],  sp=0x0000000055cbf588,  free space=1021k
Native frames: (J=compiled Java code, j=interpreted, Vv=VM code, C=native code)
C  0x0000000180003b10

Java frames: (J=compiled Java code, j=interpreted, Vv=VM code)
j  com.sun.jna.Memory.free(J)V+0
j  com.sun.jna.Memory.finalize()V+4
J 2371 C1 java.lang.ref.Finalizer.runFinalizer(Lsun/misc/JavaLangAccess;)V (62 bytes) @ 0x0000000002b8852c [0x0000000002b87fc0+0x56c]
J 2370 C1 java.lang.ref.Finalizer.access$100(Ljava/lang/ref/Finalizer;Lsun/misc/JavaLangAccess;)V (6 bytes) @ 0x0000000002bfa0dc [0x0000000002bfa080+0x5c]
j  java.lang.ref.Finalizer$FinalizerThread.run()V+45
v  ~StubRoutines::call_stub

---------------  P R O C E S S  ---------------

Java Threads: ( => current thread )
  0x0000000056f4b800 JavaThread "Timer-3" [_thread_in_native, id=5080, stack(0x0000000065c60000,0x0000000065d60000)]
  0x0000000056f4a800 JavaThread "cameraThread" daemon [_thread_in_native, id=2908, stack(0x00000000658b0000,0x00000000659b0000)]
  0x0000000056e85000 JavaThread "Druid-ConnectionPool-Destroy-171773837" daemon [_thread_blocked, id=4288, stack(0x00000000594b0000,0x00000000595b0000)]
  0x0000000056e84800 JavaThread "Druid-ConnectionPool-Create-171773837" daemon [_thread_blocked, id=5692, stack(0x0000000059120000,0x0000000059220000)]
  0x00000000562bf000 JavaThread "Abandoned connection cleanup thread" daemon [_thread_blocked, id=5916, stack(0x0000000058e10000,0x0000000058f10000)]
  0x0000000056e88800 JavaThread "TimerQueue" daemon [_thread_blocked, id=1968, stack(0x00000000603e0000,0x00000000604e0000)]
  0x000000000016e800 JavaThread "DestroyJavaVM" [_thread_blocked, id=4188, stack(0x0000000002790000,0x0000000002890000)]
  0x0000000056826000 JavaThread "AWT-EventQueue-0" [_thread_blocked, id=1896, stack(0x0000000057680000,0x0000000057780000)]
  0x000000005681d800 JavaThread "AWT-Shutdown" [_thread_blocked, id=5744, stack(0x0000000056570000,0x0000000056670000)]
  0x000000005681d000 JavaThread "Java2D Disposer" daemon [_thread_blocked, id=4772, stack(0x0000000056fe0000,0x00000000570e0000)]
  0x0000000056028800 JavaThread "Service Thread" daemon [_thread_blocked, id=7164, stack(0x0000000056420000,0x0000000056520000)]
  0x0000000054df0800 JavaThread "C1 CompilerThread1" daemon [_thread_blocked, id=5296, stack(0x0000000055ef0000,0x0000000055ff0000)]
  0x0000000054de6800 JavaThread "C2 CompilerThread0" daemon [_thread_blocked, id=5464, stack(0x0000000055980000,0x0000000055a80000)]
  0x0000000054de1000 JavaThread "Attach Listener" daemon [_thread_blocked, id=6684, stack(0x0000000055dc0000,0x0000000055ec0000)]
  0x0000000054dc3000 JavaThread "Signal Dispatcher" daemon [_thread_blocked, id=6172, stack(0x00000000556b0000,0x00000000557b0000)]
=>0x0000000054daf000 JavaThread "Finalizer" daemon [_thread_in_native, id=5736, stack(0x0000000055bc0000,0x0000000055cc0000)]
  0x0000000054d67800 JavaThread "Reference Handler" daemon [_thread_blocked, id=2708, stack(0x0000000055a90000,0x0000000055b90000)]

Other Threads:
  0x0000000054d5e000 VMThread [stack: 0x0000000055860000,0x0000000055960000] [id=4648]
  0x0000000054e2f800 WatcherThread [stack: 0x00000000566d0000,0x00000000567d0000] [id=848]

VM state:not at safepoint (normal execution)

VM Mutex/Monitor currently owned by a thread: None

Heap:
 PSYoungGen      total 23552K, used 13183K [0x00000000eaf00000, 0x00000000ece00000, 0x0000000100000000)
  eden space 22016K, 53% used [0x00000000eaf00000,0x00000000eba68318,0x00000000ec480000)
  from space 1536K, 97% used [0x00000000ecb00000,0x00000000ecc77910,0x00000000ecc80000)
  to   space 1536K, 0% used [0x00000000ecc80000,0x00000000ecc80000,0x00000000ece00000)
 ParOldGen       total 34304K, used 21142K [0x00000000c0c00000, 0x00000000c2d80000, 0x00000000eaf00000)
  object space 34304K, 61% used [0x00000000c0c00000,0x00000000c20a5af0,0x00000000c2d80000)
 Metaspace       used 21007K, capacity 21296K, committed 21552K, reserved 1069056K
  class space    used 2496K, capacity 2590K, committed 2608K, reserved 1048576K

Card table byte_map: [0x0000000011c50000,0x0000000011e50000] byte_map_base: 0x000000001164a000

Marking Bits: (ParMarkBitMap*) 0x000000007336d850
 Begin Bits: [0x0000000012290000, 0x0000000013260000)
 End Bits:   [0x0000000013260000, 0x0000000014230000)

Polling page: 0x0000000000140000

CodeCache: size=245760Kb used=7460Kb max_used=7484Kb free=238299Kb
 bounds [0x0000000002890000, 0x0000000002ff0000, 0x0000000011890000]
 total_blobs=3045 nmethods=2236 adapters=721
 compilation: enabled

Compilation events (10 events):
Event: 61.128 Thread 0x0000000054de6800 2460   !   4       java.awt.EventQueue::setCurrentEventAndMostRecentTimeImpl (185 bytes)
Event: 61.134 Thread 0x0000000054de6800 nmethod 2460 0x0000000002fe0810 code [0x0000000002fe09c0, 0x0000000002fe0f30]
Event: 61.134 Thread 0x0000000054de6800 2461       4       java.util.ArrayList::remove (69 bytes)
Event: 61.135 Thread 0x0000000054de6800 nmethod 2461 0x0000000002b66290 code [0x0000000002b663e0, 0x0000000002b66578]
Event: 61.322 Thread 0x0000000054de6800 2462       4       javax.swing.JComponent::getBounds (50 bytes)
Event: 61.323 Thread 0x0000000054de6800 nmethod 2462 0x0000000002b66010 code [0x0000000002b66140, 0x0000000002b661d8]
Event: 62.065 Thread 0x0000000054df0800 2463  s    3       java.util.Hashtable::containsKey (65 bytes)
Event: 62.065 Thread 0x0000000054df0800 nmethod 2463 0x0000000002a6f090 code [0x0000000002a6f220, 0x0000000002a6f838]
Event: 62.065 Thread 0x0000000054df0800 2464       1       java.util.concurrent.CopyOnWriteArrayList::getArray (5 bytes)
Event: 62.065 Thread 0x0000000054df0800 nmethod 2464 0x0000000002a6edd0 code [0x0000000002a6ef20, 0x0000000002a6f030]

GC Heap History (10 events):
Event: 61.097 GC heap before
{Heap before GC invocations=163 (full 2):
 PSYoungGen      total 25600K, used 1470K [0x00000000eaf00000, 0x00000000ecf80000, 0x0000000100000000)
  eden space 24064K, 0% used [0x00000000eaf00000,0x00000000eaf00000,0x00000000ec680000)
  from space 1536K, 95% used [0x00000000ecd80000,0x00000000eceef910,0x00000000ecf00000)
  to   space 512K, 0% used [0x00000000ecf00000,0x00000000ecf00000,0x00000000ecf80000)
 ParOldGen       total 29696K, used 26994K [0x00000000c0c00000, 0x00000000c2900000, 0x00000000eaf00000)
  object space 29696K, 90% used [0x00000000c0c00000,0x00000000c265c948,0x00000000c2900000)
 Metaspace       used 20998K, capacity 21296K, committed 21552K, reserved 1069056K
  class space    used 2495K, capacity 2590K, committed 2608K, reserved 1048576K
Event: 61.116 GC heap after
Heap after GC invocations=163 (full 2):
 PSYoungGen      total 25600K, used 0K [0x00000000eaf00000, 0x00000000ecf80000, 0x0000000100000000)
  eden space 24064K, 0% used [0x00000000eaf00000,0x00000000eaf00000,0x00000000ec680000)
  from space 1536K, 0% used [0x00000000ecd80000,0x00000000ecd80000,0x00000000ecf00000)
  to   space 512K, 0% used [0x00000000ecf00000,0x00000000ecf00000,0x00000000ecf80000)
 ParOldGen       total 34304K, used 12689K [0x00000000c0c00000, 0x00000000c2d80000, 0x00000000eaf00000)
  object space 34304K, 36% used [0x00000000c0c00000,0x00000000c1864490,0x00000000c2d80000)
 Metaspace       used 20998K, capacity 21296K, committed 21552K, reserved 1069056K
  class space    used 2495K, capacity 2590K, committed 2608K, reserved 1048576K
}
Event: 61.368 GC heap before
{Heap before GC invocations=164 (full 2):
 PSYoungGen      total 25600K, used 23039K [0x00000000eaf00000, 0x00000000ecf80000, 0x0000000100000000)
  eden space 24064K, 95% used [0x00000000eaf00000,0x00000000ec57fde0,0x00000000ec680000)
  from space 1536K, 0% used [0x00000000ecd80000,0x00000000ecd80000,0x00000000ecf00000)
  to   space 512K, 0% used [0x00000000ecf00000,0x00000000ecf00000,0x00000000ecf80000)
 ParOldGen       total 34304K, used 12689K [0x00000000c0c00000, 0x00000000c2d80000, 0x00000000eaf00000)
  object space 34304K, 36% used [0x00000000c0c00000,0x00000000c1864490,0x00000000c2d80000)
 Metaspace       used 20998K, capacity 21296K, committed 21552K, reserved 1069056K
  class space    used 2495K, capacity 2590K, committed 2608K, reserved 1048576K
Event: 61.369 GC heap after
Heap after GC invocations=164 (full 2):
 PSYoungGen      total 24064K, used 64K [0x00000000eaf00000, 0x00000000ecf80000, 0x0000000100000000)
  eden space 23552K, 0% used [0x00000000eaf00000,0x00000000eaf00000,0x00000000ec600000)
  from space 512K, 12% used [0x00000000ecf00000,0x00000000ecf10000,0x00000000ecf80000)
  to   space 2048K, 0% used [0x00000000ecb80000,0x00000000ecb80000,0x00000000ecd80000)
 ParOldGen       total 34304K, used 18314K [0x00000000c0c00000, 0x00000000c2d80000, 0x00000000eaf00000)
  object space 34304K, 53% used [0x00000000c0c00000,0x00000000c1de28d0,0x00000000c2d80000)
 Metaspace       used 20998K, capacity 21296K, committed 21552K, reserved 1069056K
  class space    used 2495K, capacity 2590K, committed 2608K, reserved 1048576K
}
Event: 61.624 GC heap before
{Heap before GC invocations=165 (full 2):
 PSYoungGen      total 24064K, used 23070K [0x00000000eaf00000, 0x00000000ecf80000, 0x0000000100000000)
  eden space 23552K, 97% used [0x00000000eaf00000,0x00000000ec577ad0,0x00000000ec600000)
  from space 512K, 12% used [0x00000000ecf00000,0x00000000ecf10000,0x00000000ecf80000)
  to   space 2048K, 0% used [0x00000000ecb80000,0x00000000ecb80000,0x00000000ecd80000)
 ParOldGen       total 34304K, used 18314K [0x00000000c0c00000, 0x00000000c2d80000, 0x00000000eaf00000)
  object space 34304K, 53% used [0x00000000c0c00000,0x00000000c1de28d0,0x00000000c2d80000)
 Metaspace       used 20998K, capacity 21296K, committed 21552K, reserved 1069056K
  class space    used 2495K, capacity 2590K, committed 2608K, reserved 1048576K
Event: 61.625 GC heap after
Heap after GC invocations=165 (full 2):
 PSYoungGen      total 25088K, used 1470K [0x00000000eaf00000, 0x00000000ecf80000, 0x0000000100000000)
  eden space 23040K, 0% used [0x00000000eaf00000,0x00000000eaf00000,0x00000000ec580000)
  from space 2048K, 71% used [0x00000000ecb80000,0x00000000eccef910,0x00000000ecd80000)
  to   space 2048K, 0% used [0x00000000ecd80000,0x00000000ecd80000,0x00000000ecf80000)
 ParOldGen       total 34304K, used 19728K [0x00000000c0c00000, 0x00000000c2d80000, 0x00000000eaf00000)
  object space 34304K, 57% used [0x00000000c0c00000,0x00000000c1f441e0,0x00000000c2d80000)
 Metaspace       used 20998K, capacity 21296K, committed 21552K, reserved 1069056K
  class space    used 2495K, capacity 2590K, committed 2608K, reserved 1048576K
}
Event: 61.896 GC heap before
{Heap before GC invocations=166 (full 2):
 PSYoungGen      total 25088K, used 24448K [0x00000000eaf00000, 0x00000000ecf80000, 0x0000000100000000)
  eden space 23040K, 99% used [0x00000000eaf00000,0x00000000ec570750,0x00000000ec580000)
  from space 2048K, 71% used [0x00000000ecb80000,0x00000000eccef910,0x00000000ecd80000)
  to   space 2048K, 0% used [0x00000000ecd80000,0x00000000ecd80000,0x00000000ecf80000)
 ParOldGen       total 34304K, used 19728K [0x00000000c0c00000, 0x00000000c2d80000, 0x00000000eaf00000)
  object space 34304K, 57% used [0x00000000c0c00000,0x00000000c1f441e0,0x00000000c2d80000)
 Metaspace       used 20998K, capacity 21296K, committed 21552K, reserved 1069056K
  class space    used 2495K, capacity 2590K, committed 2608K, reserved 1048576K
Event: 61.897 GC heap after
Heap after GC invocations=166 (full 2):
 PSYoungGen      total 24064K, used 1470K [0x00000000eaf00000, 0x00000000ecf00000, 0x0000000100000000)
  eden space 22528K, 0% used [0x00000000eaf00000,0x00000000eaf00000,0x00000000ec500000)
  from space 1536K, 95% used [0x00000000ecd80000,0x00000000eceef910,0x00000000ecf00000)
  to   space 2048K, 0% used [0x00000000ecb00000,0x00000000ecb00000,0x00000000ecd00000)
 ParOldGen       total 34304K, used 21134K [0x00000000c0c00000, 0x00000000c2d80000, 0x00000000eaf00000)
  object space 34304K, 61% used [0x00000000c0c00000,0x00000000c20a3af0,0x00000000c2d80000)
 Metaspace       used 20998K, capacity 21296K, committed 21552K, reserved 1069056K
  class space    used 2495K, capacity 2590K, committed 2608K, reserved 1048576K
}
Event: 62.166 GC heap before
{Heap before GC invocations=167 (full 2):
 PSYoungGen      total 24064K, used 23368K [0x00000000eaf00000, 0x00000000ecf00000, 0x0000000100000000)
  eden space 22528K, 97% used [0x00000000eaf00000,0x00000000ec4628c8,0x00000000ec500000)
  from space 1536K, 95% used [0x00000000ecd80000,0x00000000eceef910,0x00000000ecf00000)
  to   space 2048K, 0% used [0x00000000ecb00000,0x00000000ecb00000,0x00000000ecd00000)
 ParOldGen       total 34304K, used 21134K [0x00000000c0c00000, 0x00000000c2d80000, 0x00000000eaf00000)
  object space 34304K, 61% used [0x00000000c0c00000,0x00000000c20a3af0,0x00000000c2d80000)
 Metaspace       used 21007K, capacity 21296K, committed 21552K, reserved 1069056K
  class space    used 2496K, capacity 2590K, committed 2608K, reserved 1048576K
Event: 62.168 GC heap after
Heap after GC invocations=167 (full 2):
 PSYoungGen      total 23552K, used 1502K [0x00000000eaf00000, 0x00000000ece00000, 0x0000000100000000)
  eden space 22016K, 0% used [0x00000000eaf00000,0x00000000eaf00000,0x00000000ec480000)
  from space 1536K, 97% used [0x00000000ecb00000,0x00000000ecc77910,0x00000000ecc80000)
  to   space 1536K, 0% used [0x00000000ecc80000,0x00000000ecc80000,0x00000000ece00000)
 ParOldGen       total 34304K, used 21142K [0x00000000c0c00000, 0x00000000c2d80000, 0x00000000eaf00000)
  object space 34304K, 61% used [0x00000000c0c00000,0x00000000c20a5af0,0x00000000c2d80000)
 Metaspace       used 21007K, capacity 21296K, committed 21552K, reserved 1069056K
  class space    used 2496K, capacity 2590K, committed 2608K, reserved 1048576K
}

Deoptimization events (10 events):
Event: 7.069 Thread 0x0000000056826000 Uncommon trap: reason=unstable_if action=reinterpret pc=0x0000000002bf264c method=java.util.HashMap.getNode(ILjava/lang/Object;)Ljava/util/HashMap$Node; @ 62
Event: 7.069 Thread 0x0000000056826000 Uncommon trap: reason=bimorphic action=maybe_recompile pc=0x0000000002b54a84 method=java.util.HashMap.putVal(ILjava/lang/Object;Ljava/lang/Object;ZZ)Ljava/lang/Object; @ 91
Event: 7.069 Thread 0x0000000056826000 Uncommon trap: reason=bimorphic action=maybe_recompile pc=0x0000000002b54a84 method=java.util.HashMap.putVal(ILjava/lang/Object;Ljava/lang/Object;ZZ)Ljava/lang/Object; @ 91
Event: 7.069 Thread 0x0000000056826000 Uncommon trap: reason=bimorphic action=maybe_recompile pc=0x0000000002b54a84 method=java.util.HashMap.putVal(ILjava/lang/Object;Ljava/lang/Object;ZZ)Ljava/lang/Object; @ 91
Event: 7.070 Thread 0x0000000056826000 Uncommon trap: reason=unstable_if action=reinterpret pc=0x0000000002bfb3a8 method=java.util.HashMap.putVal(ILjava/lang/Object;Ljava/lang/Object;ZZ)Ljava/lang/Object; @ 94
Event: 7.389 Thread 0x0000000056826000 Uncommon trap: reason=unstable_if action=reinterpret pc=0x0000000002ca5c34 method=java.nio.charset.CoderResult.isOverflow()Z @ 5
Event: 10.467 Thread 0x0000000056826000 Uncommon trap: reason=unstable_if action=reinterpret pc=0x0000000002ae5680 method=java.io.WinNTFileSystem.normalize(Ljava/lang/String;)Ljava/lang/String; @ 128
Event: 10.574 Thread 0x0000000056f4a800 Uncommon trap: reason=unstable_if action=reinterpret pc=0x0000000002d9066c method=com.dx.CameraCore.mat2BI(Lorg/opencv/core/Mat;)Ljava/awt/image/BufferedImage; @ 90
Event: 10.576 Thread 0x0000000056f4a800 Uncommon trap: reason=unstable_if action=reinterpret pc=0x0000000002d8ea04 method=sun.awt.image.ByteInterleavedRaster.putByteData(IIII[B)V @ 446
Event: 10.679 Thread 0x0000000056826000 Uncommon trap: reason=unstable_if action=reinterpret pc=0x0000000002d6ff34 method=java.util.HashMap.getNode(ILjava/lang/Object;)Ljava/util/HashMap$Node; @ 129

Internal exceptions (10 events):
Event: 7.009 Thread 0x0000000056826000 Exception <a 'java/lang/NoClassDefFoundError': org/apache/log4j/Category> (0x00000000eb2c8878) thrown at [C:\re\workspace\8-2-build-windows-amd64-cygwin\jdk8u144\9417\hotspot\src\share\vm\classfile\systemDictionary.cpp, line 199]
Event: 7.073 Thread 0x0000000056826000 Exception <a 'java/lang/ArrayIndexOutOfBoundsException'> (0x00000000eb552e10) thrown at [C:\re\workspace\8-2-build-windows-amd64-cygwin\jdk8u144\9417\hotspot\src\share\vm\runtime\sharedRuntime.cpp, line 605]
Event: 7.073 Thread 0x0000000056826000 Exception <a 'java/lang/ArrayIndexOutOfBoundsException'> (0x00000000eb553f58) thrown at [C:\re\workspace\8-2-build-windows-amd64-cygwin\jdk8u144\9417\hotspot\src\share\vm\runtime\sharedRuntime.cpp, line 605]
Event: 7.073 Thread 0x0000000056826000 Exception <a 'java/lang/ArrayIndexOutOfBoundsException'> (0x00000000eb5552e0) thrown at [C:\re\workspace\8-2-build-windows-amd64-cygwin\jdk8u144\9417\hotspot\src\share\vm\runtime\sharedRuntime.cpp, line 605]
Event: 7.074 Thread 0x0000000056826000 Exception <a 'java/lang/ArrayIndexOutOfBoundsException'> (0x00000000eb556f10) thrown at [C:\re\workspace\8-2-build-windows-amd64-cygwin\jdk8u144\9417\hotspot\src\share\vm\runtime\sharedRuntime.cpp, line 605]
Event: 7.078 Thread 0x0000000056826000 Exception <a 'java/lang/ArrayIndexOutOfBoundsException'> (0x00000000eb57dc98) thrown at [C:\re\workspace\8-2-build-windows-amd64-cygwin\jdk8u144\9417\hotspot\src\share\vm\runtime\sharedRuntime.cpp, line 605]
Event: 7.078 Thread 0x0000000056826000 Exception <a 'java/lang/ArrayIndexOutOfBoundsException'> (0x00000000eb57f0e8) thrown at [C:\re\workspace\8-2-build-windows-amd64-cygwin\jdk8u144\9417\hotspot\src\share\vm\runtime\sharedRuntime.cpp, line 605]
Event: 7.079 Thread 0x0000000056826000 Exception <a 'java/lang/ArrayIndexOutOfBoundsException'> (0x00000000eb580e30) thrown at [C:\re\workspace\8-2-build-windows-amd64-cygwin\jdk8u144\9417\hotspot\src\share\vm\runtime\sharedRuntime.cpp, line 605]
Event: 7.082 Thread 0x0000000056826000 Exception <a 'java/lang/ArrayIndexOutOfBoundsException'> (0x00000000eb5a6b60) thrown at [C:\re\workspace\8-2-build-windows-amd64-cygwin\jdk8u144\9417\hotspot\src\share\vm\runtime\sharedRuntime.cpp, line 605]
Event: 7.084 Thread 0x0000000056826000 Exception <a 'java/lang/ArrayIndexOutOfBoundsException'> (0x00000000eb5b4cb8) thrown at [C:\re\workspace\8-2-build-windows-amd64-cygwin\jdk8u144\9417\hotspot\src\share\vm\runtime\sharedRuntime.cpp, line 605]

Events (10 events):
Event: 62.065 Executing VM operation: RevokeBias
Event: 62.065 Executing VM operation: RevokeBias done
Event: 62.066 Thread 0x0000000056f4a000 Thread exited: 0x0000000056f4a000
Event: 62.066 loading class sun/java2d/pipe/hw/AccelDeviceEventNotifier
Event: 62.066 loading class sun/java2d/pipe/hw/AccelDeviceEventNotifier done
Event: 62.066 Thread 0x00000000568cc000 Thread exited: 0x00000000568cc000
Event: 62.068 Thread 0x0000000056f4d800 Thread exited: 0x0000000056f4d800
Event: 62.082 Thread 0x0000000056820800 Thread exited: 0x0000000056820800
Event: 62.166 Executing VM operation: ParallelGCFailedAllocation
Event: 62.168 Executing VM operation: ParallelGCFailedAllocation done


Dynamic libraries:
0x000000013fa50000 - 0x000000013fa87000 	C:\Program Files\Java\jre1.8.0_144\bin\javaw.exe
0x0000000076d00000 - 0x0000000076e9f000 	C:\Windows\SYSTEM32\ntdll.dll
0x0000000076ae0000 - 0x0000000076bff000 	C:\Windows\system32\kernel32.dll
0x000007fefc880000 - 0x000007fefc8ea000 	C:\Windows\system32\KERNELBASE.dll
0x000007fefd610000 - 0x000007fefd6eb000 	C:\Windows\system32\ADVAPI32.dll
0x000007fefda00000 - 0x000007fefda9f000 	C:\Windows\system32\msvcrt.dll
0x000007fefd550000 - 0x000007fefd56f000 	C:\Windows\SYSTEM32\sechost.dll
0x000007fefcc80000 - 0x000007fefcdac000 	C:\Windows\system32\RPCRT4.dll
0x0000000076c00000 - 0x0000000076cfa000 	C:\Windows\system32\USER32.dll
0x000007fefd6f0000 - 0x000007fefd757000 	C:\Windows\system32\GDI32.dll
0x000007fefcc20000 - 0x000007fefcc2e000 	C:\Windows\system32\LPK.dll
0x000007fefeba0000 - 0x000007fefec69000 	C:\Windows\system32\USP10.dll
0x000007fefb240000 - 0x000007fefb435000 	C:\Windows\WinSxS\amd64_microsoft.windows.common-controls_6595b64144ccf1df_6.0.7601.24380_none_e3731d0b30fb6b11\COMCTL32.dll
0x000007fefd370000 - 0x000007fefd3e1000 	C:\Windows\system32\SHLWAPI.dll
0x000007fefc620000 - 0x000007fefc677000 	C:\Windows\system32\apphelp.dll
0x000007fef1b00000 - 0x000007fef1b51000 	C:\Windows\AppPatch\AppPatch64\AcGenral.DLL
0x000007fefc430000 - 0x000007fefc455000 	C:\Windows\system32\SspiCli.dll
0x000007fefd800000 - 0x000007fefd9ff000 	C:\Windows\system32\ole32.dll
0x000007fefde10000 - 0x000007fefeb9b000 	C:\Windows\system32\SHELL32.dll
0x00000000719a0000 - 0x00000000719a3000 	C:\Windows\system32\sfc.dll
0x000007fef67f0000 - 0x000007fef6800000 	C:\Windows\system32\sfc_os.DLL
0x000007fefca60000 - 0x000007fefca7e000 	C:\Windows\system32\USERENV.dll
0x000007fefc860000 - 0x000007fefc86f000 	C:\Windows\system32\profapi.dll
0x000007fefa220000 - 0x000007fefa238000 	C:\Windows\system32\dwmapi.dll
0x000007fef6390000 - 0x000007fef63a8000 	C:\Windows\system32\MPR.dll
0x000007fefcc30000 - 0x000007fefcc5e000 	C:\Windows\system32\IMM32.DLL
0x000007fefcdb0000 - 0x000007fefceb9000 	C:\Windows\system32\MSCTF.dll
0x000000006fe80000 - 0x000000006ff52000 	C:\Program Files\Java\jre1.8.0_144\bin\msvcr100.dll
0x0000000072b50000 - 0x00000000733ed000 	C:\Program Files\Java\jre1.8.0_144\bin\server\jvm.dll
0x000007fefab80000 - 0x000007fefab89000 	C:\Windows\system32\WSOCK32.dll
0x000007fefecd0000 - 0x000007fefed1d000 	C:\Windows\system32\WS2_32.dll
0x000007fefcc10000 - 0x000007fefcc18000 	C:\Windows\system32\NSI.dll
0x000007fef5a70000 - 0x000007fef5aab000 	C:\Windows\system32\WINMM.dll
0x000007fefb8d0000 - 0x000007fefb8dc000 	C:\Windows\system32\VERSION.dll
0x0000000076eb0000 - 0x0000000076eb7000 	C:\Windows\system32\PSAPI.DLL
0x0000000073760000 - 0x000000007376f000 	C:\Program Files\Java\jre1.8.0_144\bin\verify.dll
0x0000000073730000 - 0x0000000073759000 	C:\Program Files\Java\jre1.8.0_144\bin\java.dll
0x00000000736e0000 - 0x00000000736f6000 	C:\Program Files\Java\jre1.8.0_144\bin\zip.dll
0x000000006f610000 - 0x000000006f7a8000 	C:\Program Files\Java\jre1.8.0_144\bin\awt.dll
0x000007fefd3f0000 - 0x000007fefd4ca000 	C:\Windows\system32\OLEAUT32.dll
0x000007fefb060000 - 0x000007fefb0b6000 	C:\Windows\system32\uxtheme.dll
0x000007fef5ef0000 - 0x000007fef6213000 	C:\Windows\system32\PALMINPUTIME.IME
0x000007fef9590000 - 0x000007fef9597000 	C:\Windows\system32\MSIMG32.dll
0x000007fefa350000 - 0x000007fefa475000 	C:\Windows\system32\dbghelp.dll
0x000007fefae10000 - 0x000007fefae3d000 	C:\Windows\system32\ntmarta.dll
0x000007fefec70000 - 0x000007fefecc2000 	C:\Windows\system32\WLDAP32.dll
0x000007fefc680000 - 0x000007fefc68f000 	C:\Windows\system32\CRYPTBASE.dll
0x000007feee850000 - 0x000007feee96d000 	C:\Windows\system32\opengl32.dll
0x000007fef64e0000 - 0x000007fef650d000 	C:\Windows\system32\GLU32.dll
0x000007feee210000 - 0x000007feee301000 	C:\Windows\system32\DDRAW.dll
0x000007fef6730000 - 0x000007fef6738000 	C:\Windows\system32\DCIMAN32.dll
0x000007fefdc30000 - 0x000007fefde07000 	C:\Windows\system32\SETUPAPI.dll
0x000007fefc9e0000 - 0x000007fefca16000 	C:\Windows\system32\CFGMGR32.dll
0x000007fefc900000 - 0x000007fefc91a000 	C:\Windows\system32\DEVOBJ.dll
0x000007fee8b70000 - 0x000007fee8d6f000 	C:\Windows\system32\d3d9.dll
0x000007fef6710000 - 0x000007fef6717000 	C:\Windows\system32\d3d8thk.dll
0x000000006fe40000 - 0x000000006fe71000 	C:\Program Files\Java\jre1.8.0_144\bin\jpeg.dll
0x000000006f5c0000 - 0x000000006f607000 	C:\Program Files\Java\jre1.8.0_144\bin\fontmanager.dll
0x000007fefd760000 - 0x000007fefd7f9000 	C:\Windows\system32\CLBCatQ.DLL
0x000007fef9c40000 - 0x000007fef9da1000 	C:\Windows\system32\WindowsCodecs.dll
0x000007fef52a0000 - 0x000007fef52f6000 	C:\Users\Administrator\AppData\Local\Microsoft\OneDrive\17.3.4604.0120\amd64\FileSyncShell64.dll
0x000007fef51e0000 - 0x000007fef5287000 	C:\Users\Administrator\AppData\Local\Microsoft\OneDrive\17.3.4604.0120\amd64\MSVCP110.dll
0x000007fef5070000 - 0x000007fef513e000 	C:\Users\Administrator\AppData\Local\Microsoft\OneDrive\17.3.4604.0120\amd64\MSVCR110.dll
0x000007fefcec0000 - 0x000007fefd36c000 	C:\Windows\system32\WININET.dll
0x000007fefca80000 - 0x000007fefca84000 	C:\Windows\system32\api-ms-win-downlevel-user32-l1-1-0.dll
0x000007fefc920000 - 0x000007fefc924000 	C:\Windows\system32\api-ms-win-downlevel-shlwapi-l1-1-0.dll
0x000007fefc9d0000 - 0x000007fefc9d4000 	C:\Windows\system32\api-ms-win-downlevel-version-l1-1-0.dll
0x000007fefc870000 - 0x000007fefc873000 	C:\Windows\system32\api-ms-win-downlevel-normaliz-l1-1-0.dll
0x0000000076ea0000 - 0x0000000076ea3000 	C:\Windows\system32\normaliz.DLL
0x000007fefed20000 - 0x000007fefefea000 	C:\Windows\system32\iertutil.dll
0x000007fefc8f0000 - 0x000007fefc8f5000 	C:\Windows\system32\api-ms-win-downlevel-advapi32-l1-1-0.dll
0x00000000718a0000 - 0x00000000718c0000 	C:\Program Files\Common Files\TortoiseOverlays\TortoiseOverlays.dll
0x000007fefa520000 - 0x000007fefa523000 	C:\Windows\system32\api-ms-win-core-synch-l1-2-0.DLL
0x0000000071880000 - 0x000000007189b000 	C:\Program Files\TortoiseSVN\bin\TortoiseStub.dll
0x00000000712d0000 - 0x0000000071358000 	C:\Program Files\TortoiseSVN\bin\TortoiseSVN.dll
0x000007fef48b0000 - 0x000007fef4e5e000 	C:\Program Files\TortoiseSVN\bin\libsvn_tsvn.dll
0x0000000071840000 - 0x0000000071872000 	C:\Program Files\TortoiseSVN\bin\libapr_tsvn.dll
0x000007fefbf30000 - 0x000007fefbf85000 	C:\Windows\system32\MSWSOCK.dll
0x000007fef4890000 - 0x000007fef48a7000 	C:\Program Files\TortoiseSVN\bin\VCRUNTIME140.dll
0x000007fef4880000 - 0x000007fef4884000 	C:\Program Files\TortoiseSVN\bin\api-ms-win-crt-runtime-l1-1-0.dll
0x000007fef4780000 - 0x000007fef4874000 	C:\Windows\system32\ucrtbase.DLL
0x000007fef4770000 - 0x000007fef4773000 	C:\Windows\system32\api-ms-win-core-timezone-l1-1-0.dll
0x000007fef4760000 - 0x000007fef4763000 	C:\Windows\system32\api-ms-win-core-file-l2-1-0.dll
0x000007fef4750000 - 0x000007fef4753000 	C:\Windows\system32\api-ms-win-core-localization-l1-2-0.dll
0x000007fef4740000 - 0x000007fef4743000 	C:\Windows\system32\api-ms-win-core-processthreads-l1-1-1.dll
0x000007fef4730000 - 0x000007fef4733000 	C:\Windows\system32\api-ms-win-core-file-l1-2-0.dll
0x000007fef4720000 - 0x000007fef4724000 	C:\Program Files\TortoiseSVN\bin\api-ms-win-crt-string-l1-1-0.dll
0x000007fef4710000 - 0x000007fef4713000 	C:\Program Files\TortoiseSVN\bin\api-ms-win-crt-heap-l1-1-0.dll
0x000007fef4700000 - 0x000007fef4704000 	C:\Program Files\TortoiseSVN\bin\api-ms-win-crt-stdio-l1-1-0.dll
0x000007fef46f0000 - 0x000007fef46f4000 	C:\Program Files\TortoiseSVN\bin\api-ms-win-crt-convert-l1-1-0.dll
0x000007fef46e0000 - 0x000007fef46e3000 	C:\Program Files\TortoiseSVN\bin\api-ms-win-crt-conio-l1-1-0.dll
0x000007fef46d0000 - 0x000007fef46d3000 	C:\Program Files\TortoiseSVN\bin\api-ms-win-crt-utility-l1-1-0.dll
0x000007fef46c0000 - 0x000007fef46c5000 	C:\Program Files\TortoiseSVN\bin\api-ms-win-crt-math-l1-1-0.dll
0x000007fef46b0000 - 0x000007fef46b3000 	C:\Program Files\TortoiseSVN\bin\api-ms-win-crt-environment-l1-1-0.dll
0x000007fef46a0000 - 0x000007fef46a3000 	C:\Program Files\TortoiseSVN\bin\api-ms-win-crt-time-l1-1-0.dll
0x0000000071280000 - 0x00000000712c4000 	C:\Program Files\TortoiseSVN\bin\libaprutil_tsvn.dll
0x000007fef4680000 - 0x000007fef4692000 	C:\Program Files\TortoiseSVN\bin\intl3_tsvn.dll
0x000007fef4670000 - 0x000007fef4673000 	C:\Program Files\TortoiseSVN\bin\api-ms-win-crt-filesystem-l1-1-0.dll
0x000007fef4650000 - 0x000007fef466a000 	C:\Program Files\TortoiseSVN\bin\libsasl.dll
0x000007fefc2b0000 - 0x000007fefc2bb000 	C:\Windows\system32\Secur32.dll
0x000007fefca90000 - 0x000007fefcbfa000 	C:\Windows\system32\CRYPT32.dll
0x000007fefc850000 - 0x000007fefc85f000 	C:\Windows\system32\MSASN1.dll
0x000007fef4640000 - 0x000007fef4643000 	C:\Program Files\TortoiseSVN\bin\api-ms-win-crt-locale-l1-1-0.dll
0x000007fef45a0000 - 0x000007fef463e000 	C:\Program Files\TortoiseSVN\bin\MSVCP140.dll
0x000007fef4590000 - 0x000007fef4595000 	C:\Program Files\TortoiseSVN\bin\api-ms-win-crt-multibyte-l1-1-0.dll
0x000007fef4210000 - 0x000007fef457f000 	C:\Program Files (x86)\Microsoft Office\root\VFS\ProgramFilesX64\Microsoft Office\Office16\GROOVEEX.DLL
0x000007fef8be0000 - 0x000007fef8efe000 	C:\Windows\system32\msi.dll
0x000007fef24f0000 - 0x000007fef2d54000 	C:\Program Files (x86)\Microsoft Office\root\VFS\ProgramFilesX64\Microsoft Office\Office16\2052\GrooveIntlResource.dll
0x00000000736c0000 - 0x00000000736da000 	C:\Program Files\Java\jre1.8.0_144\bin\net.dll
0x000007fefbf20000 - 0x000007fefbf27000 	C:\Windows\System32\wship6.dll
0x00000000736a0000 - 0x00000000736b1000 	C:\Program Files\Java\jre1.8.0_144\bin\nio.dll
0x000000006f570000 - 0x000000006f5b2000 	C:\Program Files\Java\jre1.8.0_144\bin\t2k.dll
0x0000000073660000 - 0x000000007366d000 	C:\Program Files\Java\jre1.8.0_144\bin\management.dll
0x000007fee2650000 - 0x000007fee5322000 	C:\Program Files\Java\jre1.8.0_144\bin\opencv_java341.dll
0x000007fef1170000 - 0x000007fef1199000 	C:\Windows\system32\MSVFW32.dll
0x000007fef11c0000 - 0x000007fef11df000 	C:\Windows\system32\AVIFIL32.dll
0x000007fef0b20000 - 0x000007fef0b38000 	C:\Windows\system32\MSACM32.dll
0x000007fef1150000 - 0x000007fef1167000 	C:\Windows\system32\AVICAP32.dll
0x000007fef1130000 - 0x000007fef1146000 	C:\Windows\system32\devenum.dll
0x000007fefca20000 - 0x000007fefca5a000 	C:\Windows\system32\WINTRUST.dll
0x000007fef6700000 - 0x000007fef670d000 	C:\Windows\system32\msdmo.dll
0x000007fef1100000 - 0x000007fef112f000 	C:\Windows\system32\qcap.dll
0x000007fee8db0000 - 0x000007fee8f63000 	C:\Windows\system32\quartz.dll
0x000007fef0ff0000 - 0x000007fef1031000 	C:\Windows\system32\ksproxy.ax
0x0000000071830000 - 0x0000000071836000 	C:\Windows\system32\ksuser.dll
0x000007fef6690000 - 0x000007fef669b000 	C:\Windows\system32\vidcap.ax
0x000007feee820000 - 0x000007feee844000 	C:\Windows\system32\kswdmcap.ax
0x000007feee0b0000 - 0x000007feee20c000 	C:\Windows\system32\MFC42.dll

VM Arguments:
jvm_args: -Dfile.encoding=GBK 
java_command: com.dx.FaceMainFrame
java_class_path (initial): C:\Program Files\Java\jre1.8.0_144\lib\resources.jar;C:\Program Files\Java\jre1.8.0_144\lib\rt.jar;C:\Program Files\Java\jre1.8.0_144\lib\jsse.jar;C:\Program Files\Java\jre1.8.0_144\lib\jce.jar;C:\Program Files\Java\jre1.8.0_144\lib\charsets.jar;C:\Program Files\Java\jre1.8.0_144\lib\jfr.jar;C:\Program Files\Java\jre1.8.0_144\lib\ext\access-bridge-64.jar;C:\Program Files\Java\jre1.8.0_144\lib\ext\cldrdata.jar;C:\Program Files\Java\jre1.8.0_144\lib\ext\dnsns.jar;C:\Program Files\Java\jre1.8.0_144\lib\ext\jaccess.jar;C:\Program Files\Java\jre1.8.0_144\lib\ext\jfxrt.jar;C:\Program Files\Java\jre1.8.0_144\lib\ext\localedata.jar;C:\Program Files\Java\jre1.8.0_144\lib\ext\nashorn.jar;C:\Program Files\Java\jre1.8.0_144\lib\ext\sunec.jar;C:\Program Files\Java\jre1.8.0_144\lib\ext\sunjce_provider.jar;C:\Program Files\Java\jre1.8.0_144\lib\ext\sunmscapi.jar;C:\Program Files\Java\jre1.8.0_144\lib\ext\sunpkcs11.jar;C:\Program Files\Java\jre1.8.0_144\lib\ext\zipfs.jar;D:\eclipse\workspace\FaceRecongnition\bin;D:\eclipse\workspace\FaceRecongnition\lib\dom4j-1.6.1.jar;D:\eclipse\workspace\FaceRecongnition\lib\fr-server-7.0.jar;D:\eclipse\workspace\FaceRecongnition\lib\fr-third-7.0.jar;D:\eclipse\workspace\FaceRecongnition\lib\jacob.jar;D:\eclipse\workspace\FaceRecongnition\lib\druid-1.1.10.jar;D:\eclipse\workspace\FaceRecongnition\lib\mysql-connector-java-5.1.38.jar;D:\eclipse\workspace\FaceRecongnition\lib\opencv-341.jar;D:\eclipse\workspace\FaceRecongnition\lib\commons-dbcp-1.4.jar;D:\eclipse\workspace\FaceRecongnition\lib\commons-pool-1.5.6.jar;D:\eclipse\workspace\FaceRecongnition\lib\lombok.jar;C:\Users\Administrator\.p2\pool\plugins\org.junit_4.12.0.v201504281640\junit.jar;C:\Users\Administrator\.p2\pool\plugins\org.hamcrest.core_1.3.0.v201303031735.jar
Launcher Type: SUN_STANDARD

Environment Variables:
JAVA_HOME=C:\Program Files\Java\jdk1.8.0_144
CLASSPATH=.;C:\Program Files\Java\jdk1.8.0_144\lib\dt.jar;C:\Program Files\Java\jdk1.8.0_144\lib\tools.jar;
PATH=C:/Program Files/Java/jre1.8.0_144/bin/server;C:/Program Files/Java/jre1.8.0_144/bin;C:/Program Files/Java/jre1.8.0_144/lib/amd64;C:\ProgramData\Oracle\Java\javapath;C:\Windows\system32;C:\Windows;C:\Windows\System32\Wbem;C:\Windows\System32\WindowsPowerShell\v1.0\;C:\strawberry\c\bin;C:\strawberry\perl\bin;C:\Python27;C:\Program Files\Java\jdk1.8.0_144\bin;C:\Program Files\Java\jdk1.8.0_144\jre\bin;D:\apache-maven-3.2.5\bin;C:\Program Files\TortoiseSVN\bin;D:\Program Files\Git\cmd;D:\Program Files\bandzip\;D:\eclipse\eclipse;
USERNAME=Administrator
OS=Windows_NT
PROCESSOR_IDENTIFIER=Intel64 Family 6 Model 60 Stepping 3, GenuineIntel



---------------  S Y S T E M  ---------------

OS: Windows 7 , 64 bit Build 7601 (6.1.7601.24387)

CPU:total 2 (initial active 2) (2 cores per cpu, 1 threads per core) family 6 model 60 stepping 3, cmov, cx8, fxsr, mmx, sse, sse2, sse3, ssse3, sse4.1, sse4.2, popcnt, clmul, erms, lzcnt, tsc, tscinvbit

Memory: 4k page, physical 4139892k(868688k free), swap 8277884k(1741940k free)

vm_info: Java HotSpot(TM) 64-Bit Server VM (25.144-b01) for windows-amd64 JRE (1.8.0_144-b01), built on Jul 21 2017 21:57:33 by "java_re" with MS VC++ 10.0 (VS2010)

time: Fri May 17 15:33:15 2019
elapsed time: 62 seconds (0d 0h 1m 2s)

