#
# A fatal error has been detected by the Java Runtime Environment:
#
#  EXCEPTION_ACCESS_VIOLATION (0xc0000005) at pc=0x0000000180003ae0, pid=5960, tid=0x00000000000019dc
#
# JRE version: Java(TM) SE Runtime Environment (8.0_144-b01) (build 1.8.0_144-b01)
# Java VM: Java HotSpot(TM) 64-Bit Server VM (25.144-b01 mixed mode windows-amd64 compressed oops)
# Problematic frame:
# C  0x0000000180003ae0
#
# Failed to write core dump. Minidumps are not enabled by default on client versions of Windows
#
# If you would like to submit a bug report, please visit:
#   http://bugreport.java.com/bugreport/crash.jsp
# The crash happened outside the Java Virtual Machine in native code.
# See problematic frame for where to report the bug.
#

---------------  T H R E A D  ---------------

Current thread (0x000000005ee17000):  JavaThread "Timer-0" [_thread_in_native, id=6620, stack(0x0000000065dc0000,0x0000000065ec0000)]

siginfo: ExceptionCode=0xc0000005, ExceptionInformation=0x0000000000000008 0x0000000180003ae0

Registers:
RAX=0x0000000180003ae0, RBX=0x00000000613d7688, RCX=0x000000005ee171f8, RDX=0x0000000065ebf008
RSP=0x0000000065ebef78, RBP=0x0000000065ebeff8, RSI=0x0000000060200021, RDI=0x0000000000000001
R8 =0x0000000000000004, R9 =0x00000000c1d86850, R10=0x0000000002877968, R11=0x0000000072d7bc50
R12=0x0000000000000000, R13=0x00000000613d7688, R14=0x0000000065ebf020, R15=0x000000005ee17000
RIP=0x0000000180003ae0, EFLAGS=0x0000000000010206

Top of Stack: (sp=0x0000000065ebef78)
0x0000000065ebef78:   0000000002877994 0000000065ebef80
0x0000000065ebef88:   0000000060752ba5 0000000065ebefe8
0x0000000065ebef98:   00000000607566b8 00000000efeac828
0x0000000065ebefa8:   0000000060752bb0 0000000065ebf018
0x0000000065ebefb8:   0000000065ebefb8 0000000000000000
0x0000000065ebefc8:   0000000065ebf020 0000000061431560
0x0000000065ebefd8:   0000000000000000 00000000613d7688
0x0000000065ebefe8:   0000000000000000 0000000065ebf018
0x0000000065ebeff8:   0000000065ebf070 0000000002867e50
0x0000000065ebf008:   00000000c1d95ee0 00000000028719b7
0x0000000065ebf018:   0000000000000004 0000000000000004
0x0000000065ebf028:   00000000efeac828 0000000065ebf030
0x0000000065ebf038:   00000000613d519b 0000000065ebf090
0x0000000065ebf048:   0000000061431560 0000000000000000
0x0000000065ebf058:   00000000613d51f8 0000000065ebf018
0x0000000065ebf068:   0000000065ebf080 0000000065ebf0e8 

Instructions: (pc=0x0000000180003ae0)
0x0000000180003ac0:   
[error occurred during error reporting (printing registers, top of stack, instructions near pc), id 0xc0000005]

Register to memory mapping:

RAX=0x0000000180003ae0 is an unknown value
RBX={method} {0x00000000613d7690} 'malloc' '(J)J' in 'com/sun/jna/Memory'
RCX=0x000000005ee171f8 is an unknown value
RDX=0x0000000065ebf008 is pointing into the stack for thread: 0x000000005ee17000
RSP=0x0000000065ebef78 is pointing into the stack for thread: 0x000000005ee17000
RBP=0x0000000065ebeff8 is pointing into the stack for thread: 0x000000005ee17000
RSI=0x0000000060200021 is pointing into the stack for thread: 0x0000000056dcb800
RDI=0x0000000000000001 is an unknown value
R8 =0x0000000000000004 is an unknown value
R9 =0x00000000c1d86850 is an oop
java.lang.Class 
 - klass: 'java/lang/Class'
R10=0x0000000002877968 is at code_begin+840 in an Interpreter codelet
method entry point (kind = native)  [0x0000000002877620, 0x0000000002877f80]  2400 bytes
R11=0x0000000072d7bc50 is an unknown value
R12=0x0000000000000000 is an unknown value
R13={method} {0x00000000613d7690} 'malloc' '(J)J' in 'com/sun/jna/Memory'
R14=0x0000000065ebf020 is pointing into the stack for thread: 0x000000005ee17000
R15=0x000000005ee17000 is a thread


Stack: [0x0000000065dc0000,0x0000000065ec0000],  sp=0x0000000065ebef78,  free space=1019k
Native frames: (J=compiled Java code, j=interpreted, Vv=VM code, C=native code)
C  0x0000000180003ae0

Java frames: (J=compiled Java code, j=interpreted, Vv=VM code)
j  com.sun.jna.Memory.malloc(J)J+0
j  com.sun.jna.Memory.<init>(J)V+27
j  com.sun.jna.ptr.ByReference.<init>(I)V+11
j  com.sun.jna.ptr.IntByReference.<init>(I)V+2
j  com.sun.jna.ptr.IntByReference.<init>()V+2
j  com.dx.Person.verfiyCard()I+22
j  com.dx.Person.doRead()Lcom/dx/pojo/PersonCard;+2
j  com.dx.Person.setPersonCards()V+2
j  com.dx.Person$1.run()V+4
j  java.util.TimerThread.mainLoop()V+221
j  java.util.TimerThread.run()V+1
v  ~StubRoutines::call_stub

---------------  P R O C E S S  ---------------

Java Threads: ( => current thread )
=>0x000000005ee17000 JavaThread "Timer-0" [_thread_in_native, id=6620, stack(0x0000000065dc0000,0x0000000065ec0000)]
  0x000000005ee16000 JavaThread "cameraThread" daemon [_thread_in_native, id=5224, stack(0x0000000065610000,0x0000000065710000)]
  0x00000000570a4000 JavaThread "Druid-ConnectionPool-Destroy-1586301081" daemon [_thread_blocked, id=4740, stack(0x0000000060ac0000,0x0000000060bc0000)]
  0x0000000056e24800 JavaThread "Druid-ConnectionPool-Create-1586301081" daemon [_thread_blocked, id=1988, stack(0x0000000060880000,0x0000000060980000)]
  0x0000000057063000 JavaThread "Abandoned connection cleanup thread" daemon [_thread_blocked, id=4200, stack(0x0000000060540000,0x0000000060640000)]
  0x0000000056dcb800 JavaThread "TimerQueue" daemon [_thread_blocked, id=6252, stack(0x00000000601c0000,0x00000000602c0000)]
  0x000000000027e800 JavaThread "DestroyJavaVM" [_thread_blocked, id=5376, stack(0x0000000002760000,0x0000000002860000)]
  0x000000005694e800 JavaThread "AWT-EventQueue-0" [_thread_blocked, id=6860, stack(0x0000000057350000,0x0000000057450000)]
  0x0000000056942000 JavaThread "AWT-Shutdown" [_thread_blocked, id=5004, stack(0x0000000057240000,0x0000000057340000)]
  0x000000005693d000 JavaThread "Java2D Disposer" daemon [_thread_blocked, id=6940, stack(0x00000000556b0000,0x00000000557b0000)]
  0x00000000563b2000 JavaThread "Service Thread" daemon [_thread_blocked, id=6240, stack(0x0000000055f80000,0x0000000056080000)]
  0x0000000054ded800 JavaThread "C1 CompilerThread1" daemon [_thread_blocked, id=6552, stack(0x0000000056270000,0x0000000056370000)]
  0x0000000054dd4000 JavaThread "C2 CompilerThread0" daemon [_thread_blocked, id=3608, stack(0x0000000056080000,0x0000000056180000)]
  0x0000000054dd2800 JavaThread "Attach Listener" daemon [_thread_blocked, id=6944, stack(0x0000000055e80000,0x0000000055f80000)]
  0x0000000054db3800 JavaThread "Signal Dispatcher" daemon [_thread_blocked, id=6304, stack(0x0000000055d40000,0x0000000055e40000)]
  0x0000000054da0000 JavaThread "Finalizer" daemon [_thread_blocked, id=5404, stack(0x0000000055b60000,0x0000000055c60000)]
  0x0000000054d59000 JavaThread "Reference Handler" daemon [_thread_blocked, id=5484, stack(0x0000000055a50000,0x0000000055b50000)]

Other Threads:
  0x0000000054d4f000 VMThread [stack: 0x0000000055840000,0x0000000055940000] [id=5628]
  0x0000000054e1f800 WatcherThread [stack: 0x00000000567d0000,0x00000000568d0000] [id=7048]

VM state:not at safepoint (normal execution)

VM Mutex/Monitor currently owned by a thread: None

Heap:
 PSYoungGen      total 97280K, used 85950K [0x00000000eaf00000, 0x00000000f1a00000, 0x0000000100000000)
  eden space 92672K, 88% used [0x00000000eaf00000,0x00000000efeb9028,0x00000000f0980000)
  from space 4608K, 93% used [0x00000000f0e00000,0x00000000f1236b30,0x00000000f1280000)
  to   space 7680K, 0% used [0x00000000f1280000,0x00000000f1280000,0x00000000f1a00000)
 ParOldGen       total 44032K, used 19533K [0x00000000c0c00000, 0x00000000c3700000, 0x00000000eaf00000)
  object space 44032K, 44% used [0x00000000c0c00000,0x00000000c1f13538,0x00000000c3700000)
 Metaspace       used 20209K, capacity 20506K, committed 20736K, reserved 1067008K
  class space    used 2422K, capacity 2523K, committed 2560K, reserved 1048576K

Card table byte_map: [0x0000000011c20000,0x0000000011e20000] byte_map_base: 0x000000001161a000

Marking Bits: (ParMarkBitMap*) 0x000000007336d850
 Begin Bits: [0x0000000012280000, 0x0000000013250000)
 End Bits:   [0x0000000013250000, 0x0000000014220000)

Polling page: 0x0000000000230000

CodeCache: size=245760Kb used=6542Kb max_used=6543Kb free=239217Kb
 bounds [0x0000000002860000, 0x0000000002ed0000, 0x0000000011860000]
 total_blobs=2635 nmethods=1839 adapters=709
 compilation: enabled

Compilation events (10 events):
Event: 15.625 Thread 0x0000000054ded800 1949       3       sun.java2d.pipe.RenderQueue::addReference (12 bytes)
Event: 15.625 Thread 0x0000000054ded800 nmethod 1949 0x0000000002ec8690 code [0x0000000002ec8800, 0x0000000002ec8a28]
Event: 15.768 Thread 0x0000000054ded800 1950       3       sun.java2d.pipe.ValidatePipe::copyImage (37 bytes)
Event: 15.769 Thread 0x0000000054ded800 nmethod 1950 0x0000000002ec8ad0 code [0x0000000002ec8c80, 0x0000000002ec92c8]
Event: 15.819 Thread 0x0000000054ded800 1951  s    3       java.util.Hashtable::containsKey (65 bytes)
Event: 15.820 Thread 0x0000000054ded800 nmethod 1951 0x0000000002ec9650 code [0x0000000002ec97e0, 0x0000000002ec9df8]
Event: 15.820 Thread 0x0000000054ded800 1952       3       java.util.logging.LogManager::access$100 (4 bytes)
Event: 15.820 Thread 0x0000000054ded800 nmethod 1952 0x0000000002981450 code [0x00000000029815a0, 0x00000000029816d0]
Event: 15.820 Thread 0x0000000054ded800 1953       1       java.util.concurrent.CopyOnWriteArrayList::getArray (5 bytes)
Event: 15.820 Thread 0x0000000054ded800 nmethod 1953 0x0000000002e93fd0 code [0x0000000002e94120, 0x0000000002e94230]

GC Heap History (10 events):
Event: 10.694 GC heap before
{Heap before GC invocations=9 (full 0):
 PSYoungGen      total 73728K, used 69364K [0x00000000eaf00000, 0x00000000eff00000, 0x0000000100000000)
  eden space 65536K, 99% used [0x00000000eaf00000,0x00000000eee86830,0x00000000eef00000)
  from space 8192K, 52% used [0x00000000ef700000,0x00000000efb36b30,0x00000000eff00000)
  to   space 8192K, 0% used [0x00000000eef00000,0x00000000eef00000,0x00000000ef700000)
 ParOldGen       total 44032K, used 18039K [0x00000000c0c00000, 0x00000000c3700000, 0x00000000eaf00000)
  object space 44032K, 40% used [0x00000000c0c00000,0x00000000c1d9dc28,0x00000000c3700000)
 Metaspace       used 20060K, capacity 20370K, committed 20480K, reserved 1067008K
  class space    used 2421K, capacity 2523K, committed 2560K, reserved 1048576K
Event: 10.698 GC heap after
Heap after GC invocations=9 (full 0):
 PSYoungGen      total 73728K, used 2908K [0x00000000eaf00000, 0x00000000f2580000, 0x0000000100000000)
  eden space 65536K, 0% used [0x00000000eaf00000,0x00000000eaf00000,0x00000000eef00000)
  from space 8192K, 35% used [0x00000000eef00000,0x00000000ef1d7220,0x00000000ef700000)
  to   space 8192K, 0% used [0x00000000f1d80000,0x00000000f1d80000,0x00000000f2580000)
 ParOldGen       total 44032K, used 19461K [0x00000000c0c00000, 0x00000000c3700000, 0x00000000eaf00000)
  object space 44032K, 44% used [0x00000000c0c00000,0x00000000c1f01538,0x00000000c3700000)
 Metaspace       used 20060K, capacity 20370K, committed 20480K, reserved 1067008K
  class space    used 2421K, capacity 2523K, committed 2560K, reserved 1048576K
}
Event: 11.430 GC heap before
{Heap before GC invocations=10 (full 0):
 PSYoungGen      total 73728K, used 67938K [0x00000000eaf00000, 0x00000000f2580000, 0x0000000100000000)
  eden space 65536K, 99% used [0x00000000eaf00000,0x00000000eee816e8,0x00000000eef00000)
  from space 8192K, 35% used [0x00000000eef00000,0x00000000ef1d7220,0x00000000ef700000)
  to   space 8192K, 0% used [0x00000000f1d80000,0x00000000f1d80000,0x00000000f2580000)
 ParOldGen       total 44032K, used 19461K [0x00000000c0c00000, 0x00000000c3700000, 0x00000000eaf00000)
  object space 44032K, 44% used [0x00000000c0c00000,0x00000000c1f01538,0x00000000c3700000)
 Metaspace       used 20120K, capacity 20442K, committed 20736K, reserved 1067008K
  class space    used 2421K, capacity 2523K, committed 2560K, reserved 1048576K
Event: 11.432 GC heap after
Heap after GC invocations=10 (full 0):
 PSYoungGen      total 113152K, used 2908K [0x00000000eaf00000, 0x00000000f2580000, 0x0000000100000000)
  eden space 104960K, 0% used [0x00000000eaf00000,0x00000000eaf00000,0x00000000f1580000)
  from space 8192K, 35% used [0x00000000f1d80000,0x00000000f2057220,0x00000000f2580000)
  to   space 8192K, 0% used [0x00000000f1580000,0x00000000f1580000,0x00000000f1d80000)
 ParOldGen       total 44032K, used 19477K [0x00000000c0c00000, 0x00000000c3700000, 0x00000000eaf00000)
  object space 44032K, 44% used [0x00000000c0c00000,0x00000000c1f05538,0x00000000c3700000)
 Metaspace       used 20120K, capacity 20442K, committed 20736K, reserved 1067008K
  class space    used 2421K, capacity 2523K, committed 2560K, reserved 1048576K
}
Event: 12.661 GC heap before
{Heap before GC invocations=11 (full 0):
 PSYoungGen      total 113152K, used 106590K [0x00000000eaf00000, 0x00000000f2580000, 0x0000000100000000)
  eden space 104960K, 98% used [0x00000000eaf00000,0x00000000f1440740,0x00000000f1580000)
  from space 8192K, 35% used [0x00000000f1d80000,0x00000000f2057220,0x00000000f2580000)
  to   space 8192K, 0% used [0x00000000f1580000,0x00000000f1580000,0x00000000f1d80000)
 ParOldGen       total 44032K, used 19477K [0x00000000c0c00000, 0x00000000c3700000, 0x00000000eaf00000)
  object space 44032K, 44% used [0x00000000c0c00000,0x00000000c1f05538,0x00000000c3700000)
 Metaspace       used 20136K, capacity 20442K, committed 20736K, reserved 1067008K
  class space    used 2421K, capacity 2523K, committed 2560K, reserved 1048576K
Event: 12.663 GC heap after
Heap after GC invocations=11 (full 0):
 PSYoungGen      total 103936K, used 2908K [0x00000000eaf00000, 0x00000000f2180000, 0x0000000100000000)
  eden space 100864K, 0% used [0x00000000eaf00000,0x00000000eaf00000,0x00000000f1180000)
  from space 3072K, 94% used [0x00000000f1580000,0x00000000f1857220,0x00000000f1880000)
  to   space 8192K, 0% used [0x00000000f1980000,0x00000000f1980000,0x00000000f2180000)
 ParOldGen       total 44032K, used 19493K [0x00000000c0c00000, 0x00000000c3700000, 0x00000000eaf00000)
  object space 44032K, 44% used [0x00000000c0c00000,0x00000000c1f09538,0x00000000c3700000)
 Metaspace       used 20136K, capacity 20442K, committed 20736K, reserved 1067008K
  class space    used 2421K, capacity 2523K, committed 2560K, reserved 1048576K
}
Event: 13.830 GC heap before
{Heap before GC invocations=12 (full 0):
 PSYoungGen      total 103936K, used 103520K [0x00000000eaf00000, 0x00000000f2180000, 0x0000000100000000)
  eden space 100864K, 99% used [0x00000000eaf00000,0x00000000f11410e8,0x00000000f1180000)
  from space 3072K, 94% used [0x00000000f1580000,0x00000000f1857220,0x00000000f1880000)
  to   space 8192K, 0% used [0x00000000f1980000,0x00000000f1980000,0x00000000f2180000)
 ParOldGen       total 44032K, used 19493K [0x00000000c0c00000, 0x00000000c3700000, 0x00000000eaf00000)
  object space 44032K, 44% used [0x00000000c0c00000,0x00000000c1f09538,0x00000000c3700000)
 Metaspace       used 20162K, capacity 20442K, committed 20736K, reserved 1067008K
  class space    used 2421K, capacity 2523K, committed 2560K, reserved 1048576K
Event: 13.833 GC heap after
Heap after GC invocations=12 (full 0):
 PSYoungGen      total 101376K, used 4314K [0x00000000eaf00000, 0x00000000f1e00000, 0x0000000100000000)
  eden space 96768K, 0% used [0x00000000eaf00000,0x00000000eaf00000,0x00000000f0d80000)
  from space 4608K, 93% used [0x00000000f1980000,0x00000000f1db6b30,0x00000000f1e00000)
  to   space 8192K, 0% used [0x00000000f0e00000,0x00000000f0e00000,0x00000000f1600000)
 ParOldGen       total 44032K, used 19517K [0x00000000c0c00000, 0x00000000c3700000, 0x00000000eaf00000)
  object space 44032K, 44% used [0x00000000c0c00000,0x00000000c1f0f538,0x00000000c3700000)
 Metaspace       used 20162K, capacity 20442K, committed 20736K, reserved 1067008K
  class space    used 2421K, capacity 2523K, committed 2560K, reserved 1048576K
}
Event: 14.966 GC heap before
{Heap before GC invocations=13 (full 0):
 PSYoungGen      total 101376K, used 100762K [0x00000000eaf00000, 0x00000000f1e00000, 0x0000000100000000)
  eden space 96768K, 99% used [0x00000000eaf00000,0x00000000f0d2fe18,0x00000000f0d80000)
  from space 4608K, 93% used [0x00000000f1980000,0x00000000f1db6b30,0x00000000f1e00000)
  to   space 8192K, 0% used [0x00000000f0e00000,0x00000000f0e00000,0x00000000f1600000)
 ParOldGen       total 44032K, used 19517K [0x00000000c0c00000, 0x00000000c3700000, 0x00000000eaf00000)
  object space 44032K, 44% used [0x00000000c0c00000,0x00000000c1f0f538,0x00000000c3700000)
 Metaspace       used 20181K, capacity 20506K, committed 20736K, reserved 1067008K
  class space    used 2421K, capacity 2523K, committed 2560K, reserved 1048576K
Event: 14.968 GC heap after
Heap after GC invocations=13 (full 0):
 PSYoungGen      total 97280K, used 4314K [0x00000000eaf00000, 0x00000000f1a00000, 0x0000000100000000)
  eden space 92672K, 0% used [0x00000000eaf00000,0x00000000eaf00000,0x00000000f0980000)
  from space 4608K, 93% used [0x00000000f0e00000,0x00000000f1236b30,0x00000000f1280000)
  to   space 7680K, 0% used [0x00000000f1280000,0x00000000f1280000,0x00000000f1a00000)
 ParOldGen       total 44032K, used 19533K [0x00000000c0c00000, 0x00000000c3700000, 0x00000000eaf00000)
  object space 44032K, 44% used [0x00000000c0c00000,0x00000000c1f13538,0x00000000c3700000)
 Metaspace       used 20181K, capacity 20506K, committed 20736K, reserved 1067008K
  class space    used 2421K, capacity 2523K, committed 2560K, reserved 1048576K
}

Deoptimization events (10 events):
Event: 8.524 Thread 0x000000005694e800 Uncommon trap: reason=unstable_if action=reinterpret pc=0x0000000002abb080 method=java.io.WinNTFileSystem.normalize(Ljava/lang/String;)Ljava/lang/String; @ 128
Event: 8.527 Thread 0x000000005694e800 Uncommon trap: reason=class_check action=maybe_recompile pc=0x0000000002c23d8c method=java.util.HashSet.add(Ljava/lang/Object;)Z @ 8
Event: 8.527 Thread 0x000000005694e800 Uncommon trap: reason=class_check action=maybe_recompile pc=0x0000000002c23d8c method=java.util.HashSet.add(Ljava/lang/Object;)Z @ 8
Event: 8.527 Thread 0x000000005694e800 Uncommon trap: reason=class_check action=maybe_recompile pc=0x0000000002c23d8c method=java.util.HashSet.add(Ljava/lang/Object;)Z @ 8
Event: 8.527 Thread 0x000000005694e800 Uncommon trap: reason=class_check action=maybe_recompile pc=0x0000000002c23d8c method=java.util.HashSet.add(Ljava/lang/Object;)Z @ 8
Event: 8.639 Thread 0x000000005ee16000 Uncommon trap: reason=unstable_if action=reinterpret pc=0x0000000002dccaac method=com.dx.util.CameraUtil.mat2BI(Lorg/opencv/core/Mat;)Ljava/awt/image/BufferedImage; @ 88
Event: 8.664 Thread 0x000000005ee16000 Uncommon trap: reason=unstable_if action=reinterpret pc=0x0000000002dcae44 method=sun.awt.image.ByteInterleavedRaster.putByteData(IIII[B)V @ 446
Event: 8.742 Thread 0x000000005694e800 Uncommon trap: reason=unstable_if action=reinterpret pc=0x0000000002bd2b68 method=java.util.HashMap.putVal(ILjava/lang/Object;Ljava/lang/Object;ZZ)Ljava/lang/Object; @ 94
Event: 8.744 Thread 0x000000005694e800 Uncommon trap: reason=unstable_if action=reinterpret pc=0x0000000002dade30 method=java.util.HashMap.getNode(ILjava/lang/Object;)Ljava/util/HashMap$Node; @ 129
Event: 8.745 Thread 0x000000005694e800 Uncommon trap: reason=unstable_if action=reinterpret pc=0x0000000002e09598 method=java.util.HashMap.getNode(ILjava/lang/Object;)Ljava/util/HashMap$Node; @ 129

Internal exceptions (10 events):
Event: 4.534 Thread 0x000000005694e800 Exception <a 'java/lang/ArrayIndexOutOfBoundsException': 71> (0x00000000eb55e4f8) thrown at [C:\re\workspace\8-2-build-windows-amd64-cygwin\jdk8u144\9417\hotspot\src\share\vm\interpreter\interpreterRuntime.cpp, line 366]
Event: 4.534 Thread 0x000000005694e800 Exception <a 'java/lang/ArrayIndexOutOfBoundsException': 18> (0x00000000eb55f640) thrown at [C:\re\workspace\8-2-build-windows-amd64-cygwin\jdk8u144\9417\hotspot\src\share\vm\interpreter\interpreterRuntime.cpp, line 366]
Event: 4.534 Thread 0x000000005694e800 Exception <a 'java/lang/ArrayIndexOutOfBoundsException': 60> (0x00000000eb5609c8) thrown at [C:\re\workspace\8-2-build-windows-amd64-cygwin\jdk8u144\9417\hotspot\src\share\vm\interpreter\interpreterRuntime.cpp, line 366]
Event: 4.535 Thread 0x000000005694e800 Exception <a 'java/lang/ArrayIndexOutOfBoundsException': 71> (0x00000000eb5625f8) thrown at [C:\re\workspace\8-2-build-windows-amd64-cygwin\jdk8u144\9417\hotspot\src\share\vm\interpreter\interpreterRuntime.cpp, line 366]
Event: 4.539 Thread 0x000000005694e800 Exception <a 'java/lang/ArrayIndexOutOfBoundsException'> (0x00000000eb589368) thrown at [C:\re\workspace\8-2-build-windows-amd64-cygwin\jdk8u144\9417\hotspot\src\share\vm\runtime\sharedRuntime.cpp, line 605]
Event: 4.539 Thread 0x000000005694e800 Exception <a 'java/lang/ArrayIndexOutOfBoundsException'> (0x00000000eb58a7b8) thrown at [C:\re\workspace\8-2-build-windows-amd64-cygwin\jdk8u144\9417\hotspot\src\share\vm\runtime\sharedRuntime.cpp, line 605]
Event: 4.539 Thread 0x000000005694e800 Exception <a 'java/lang/ArrayIndexOutOfBoundsException'> (0x00000000eb58c500) thrown at [C:\re\workspace\8-2-build-windows-amd64-cygwin\jdk8u144\9417\hotspot\src\share\vm\runtime\sharedRuntime.cpp, line 605]
Event: 4.544 Thread 0x000000005694e800 Exception <a 'java/lang/ArrayIndexOutOfBoundsException'> (0x00000000eb5b2448) thrown at [C:\re\workspace\8-2-build-windows-amd64-cygwin\jdk8u144\9417\hotspot\src\share\vm\runtime\sharedRuntime.cpp, line 605]
Event: 4.546 Thread 0x000000005694e800 Exception <a 'java/lang/ArrayIndexOutOfBoundsException'> (0x00000000eb5c05a0) thrown at [C:\re\workspace\8-2-build-windows-amd64-cygwin\jdk8u144\9417\hotspot\src\share\vm\runtime\sharedRuntime.cpp, line 605]
Event: 4.680 Thread 0x0000000056e24800 Implicit null exception at 0x0000000002b0bc60 to 0x0000000002b0bccd

Events (10 events):
Event: 15.818 Executing VM operation: RevokeBias done
Event: 15.818 Executing VM operation: RevokeBias
Event: 15.818 Executing VM operation: RevokeBias done
Event: 15.820 Thread 0x0000000054ded800 flushing nmethod 0x0000000002980ed0
Event: 15.820 Executing VM operation: RevokeBias
Event: 15.820 Executing VM operation: RevokeBias done
Event: 15.820 Executing VM operation: RevokeBias
Event: 15.820 Executing VM operation: RevokeBias done
Event: 15.820 Thread 0x000000005ee18800 Thread exited: 0x000000005ee18800
Event: 15.838 Thread 0x0000000056949000 Thread exited: 0x0000000056949000


Dynamic libraries:
0x000000013ff40000 - 0x000000013ff77000 	C:\Program Files\Java\jre1.8.0_144\bin\javaw.exe
0x0000000076d00000 - 0x0000000076e9f000 	C:\Windows\SYSTEM32\ntdll.dll
0x0000000076ae0000 - 0x0000000076bff000 	C:\Windows\system32\kernel32.dll
0x000007fefc880000 - 0x000007fefc8ea000 	C:\Windows\system32\KERNELBASE.dll
0x000007fefd610000 - 0x000007fefd6eb000 	C:\Windows\system32\ADVAPI32.dll
0x000007fefda00000 - 0x000007fefda9f000 	C:\Windows\system32\msvcrt.dll
0x000007fefd550000 - 0x000007fefd56f000 	C:\Windows\SYSTEM32\sechost.dll
0x000007fefcc80000 - 0x000007fefcdac000 	C:\Windows\system32\RPCRT4.dll
0x0000000076c00000 - 0x0000000076cfa000 	C:\Windows\system32\USER32.dll
0x000007fefd6f0000 - 0x000007fefd757000 	C:\Windows\system32\GDI32.dll
0x000007fefcc20000 - 0x000007fefcc2e000 	C:\Windows\system32\LPK.dll
0x000007fefeba0000 - 0x000007fefec69000 	C:\Windows\system32\USP10.dll
0x000007fefb240000 - 0x000007fefb435000 	C:\Windows\WinSxS\amd64_microsoft.windows.common-controls_6595b64144ccf1df_6.0.7601.24380_none_e3731d0b30fb6b11\COMCTL32.dll
0x000007fefd370000 - 0x000007fefd3e1000 	C:\Windows\system32\SHLWAPI.dll
0x000007fefc620000 - 0x000007fefc677000 	C:\Windows\system32\apphelp.dll
0x000007fef1b00000 - 0x000007fef1b51000 	C:\Windows\AppPatch\AppPatch64\AcGenral.DLL
0x000007fefc430000 - 0x000007fefc455000 	C:\Windows\system32\SspiCli.dll
0x000007fefd800000 - 0x000007fefd9ff000 	C:\Windows\system32\ole32.dll
0x000007fefde10000 - 0x000007fefeb9b000 	C:\Windows\system32\SHELL32.dll
0x00000000719a0000 - 0x00000000719a3000 	C:\Windows\system32\sfc.dll
0x000007fef67f0000 - 0x000007fef6800000 	C:\Windows\system32\sfc_os.DLL
0x000007fefca60000 - 0x000007fefca7e000 	C:\Windows\system32\USERENV.dll
0x000007fefc860000 - 0x000007fefc86f000 	C:\Windows\system32\profapi.dll
0x000007fefa220000 - 0x000007fefa238000 	C:\Windows\system32\dwmapi.dll
0x000007fef6390000 - 0x000007fef63a8000 	C:\Windows\system32\MPR.dll
0x000007fefcc30000 - 0x000007fefcc5e000 	C:\Windows\system32\IMM32.DLL
0x000007fefcdb0000 - 0x000007fefceb9000 	C:\Windows\system32\MSCTF.dll
0x0000000070000000 - 0x00000000700d2000 	C:\Program Files\Java\jre1.8.0_144\bin\msvcr100.dll
0x0000000072b50000 - 0x00000000733ed000 	C:\Program Files\Java\jre1.8.0_144\bin\server\jvm.dll
0x000007fefab80000 - 0x000007fefab89000 	C:\Windows\system32\WSOCK32.dll
0x000007fefecd0000 - 0x000007fefed1d000 	C:\Windows\system32\WS2_32.dll
0x000007fefcc10000 - 0x000007fefcc18000 	C:\Windows\system32\NSI.dll
0x000007fef5a70000 - 0x000007fef5aab000 	C:\Windows\system32\WINMM.dll
0x000007fefb8d0000 - 0x000007fefb8dc000 	C:\Windows\system32\VERSION.dll
0x0000000076eb0000 - 0x0000000076eb7000 	C:\Windows\system32\PSAPI.DLL
0x0000000073760000 - 0x000000007376f000 	C:\Program Files\Java\jre1.8.0_144\bin\verify.dll
0x0000000073730000 - 0x0000000073759000 	C:\Program Files\Java\jre1.8.0_144\bin\java.dll
0x00000000736e0000 - 0x00000000736f6000 	C:\Program Files\Java\jre1.8.0_144\bin\zip.dll
0x000000006fe60000 - 0x000000006fff8000 	C:\Program Files\Java\jre1.8.0_144\bin\awt.dll
0x000007fefd3f0000 - 0x000007fefd4ca000 	C:\Windows\system32\OLEAUT32.dll
0x000007fefb060000 - 0x000007fefb0b6000 	C:\Windows\system32\uxtheme.dll
0x000007fef5ef0000 - 0x000007fef6213000 	C:\Windows\system32\PALMINPUTIME.IME
0x000007fef9590000 - 0x000007fef9597000 	C:\Windows\system32\MSIMG32.dll
0x000007fefa350000 - 0x000007fefa475000 	C:\Windows\system32\dbghelp.dll
0x000007fefae10000 - 0x000007fefae3d000 	C:\Windows\system32\ntmarta.dll
0x000007fefec70000 - 0x000007fefecc2000 	C:\Windows\system32\WLDAP32.dll
0x000007fefc680000 - 0x000007fefc68f000 	C:\Windows\system32\CRYPTBASE.dll
0x000007feee850000 - 0x000007feee96d000 	C:\Windows\system32\opengl32.dll
0x000007fef1170000 - 0x000007fef119d000 	C:\Windows\system32\GLU32.dll
0x000007feee4b0000 - 0x000007feee5a1000 	C:\Windows\system32\DDRAW.dll
0x000007fef6700000 - 0x000007fef6708000 	C:\Windows\system32\DCIMAN32.dll
0x000007fefdc30000 - 0x000007fefde07000 	C:\Windows\system32\SETUPAPI.dll
0x000007fefc9e0000 - 0x000007fefca16000 	C:\Windows\system32\CFGMGR32.dll
0x000007fefc900000 - 0x000007fefc91a000 	C:\Windows\system32\DEVOBJ.dll
0x000007fee8b70000 - 0x000007fee8d6f000 	C:\Windows\system32\d3d9.dll
0x000007fef6710000 - 0x000007fef6717000 	C:\Windows\system32\d3d8thk.dll
0x0000000070180000 - 0x00000000701b1000 	C:\Program Files\Java\jre1.8.0_144\bin\jpeg.dll
0x0000000070130000 - 0x0000000070177000 	C:\Program Files\Java\jre1.8.0_144\bin\fontmanager.dll
0x000007fefd760000 - 0x000007fefd7f9000 	C:\Windows\system32\CLBCatQ.DLL
0x000007fef9c40000 - 0x000007fef9da1000 	C:\Windows\system32\WindowsCodecs.dll
0x000007fef52a0000 - 0x000007fef52f6000 	C:\Users\Administrator\AppData\Local\Microsoft\OneDrive\17.3.4604.0120\amd64\FileSyncShell64.dll
0x000007fef51e0000 - 0x000007fef5287000 	C:\Users\Administrator\AppData\Local\Microsoft\OneDrive\17.3.4604.0120\amd64\MSVCP110.dll
0x000007fef5070000 - 0x000007fef513e000 	C:\Users\Administrator\AppData\Local\Microsoft\OneDrive\17.3.4604.0120\amd64\MSVCR110.dll
0x000007fefcec0000 - 0x000007fefd36c000 	C:\Windows\system32\WININET.dll
0x000007fefca80000 - 0x000007fefca84000 	C:\Windows\system32\api-ms-win-downlevel-user32-l1-1-0.dll
0x000007fefc920000 - 0x000007fefc924000 	C:\Windows\system32\api-ms-win-downlevel-shlwapi-l1-1-0.dll
0x000007fefc9d0000 - 0x000007fefc9d4000 	C:\Windows\system32\api-ms-win-downlevel-version-l1-1-0.dll
0x000007fefc870000 - 0x000007fefc873000 	C:\Windows\system32\api-ms-win-downlevel-normaliz-l1-1-0.dll
0x0000000076ea0000 - 0x0000000076ea3000 	C:\Windows\system32\normaliz.DLL
0x000007fefed20000 - 0x000007fefefea000 	C:\Windows\system32\iertutil.dll
0x000007fefc8f0000 - 0x000007fefc8f5000 	C:\Windows\system32\api-ms-win-downlevel-advapi32-l1-1-0.dll
0x00000000718a0000 - 0x00000000718c0000 	C:\Program Files\Common Files\TortoiseOverlays\TortoiseOverlays.dll
0x000007fefa520000 - 0x000007fefa523000 	C:\Windows\system32\api-ms-win-core-synch-l1-2-0.DLL
0x0000000071880000 - 0x000000007189b000 	C:\Program Files\TortoiseSVN\bin\TortoiseStub.dll
0x00000000712d0000 - 0x0000000071358000 	C:\Program Files\TortoiseSVN\bin\TortoiseSVN.dll
0x000007fef48b0000 - 0x000007fef4e5e000 	C:\Program Files\TortoiseSVN\bin\libsvn_tsvn.dll
0x0000000071840000 - 0x0000000071872000 	C:\Program Files\TortoiseSVN\bin\libapr_tsvn.dll
0x000007fefbf30000 - 0x000007fefbf85000 	C:\Windows\system32\MSWSOCK.dll
0x000007fef4890000 - 0x000007fef48a7000 	C:\Program Files\TortoiseSVN\bin\VCRUNTIME140.dll
0x000007fef4880000 - 0x000007fef4884000 	C:\Program Files\TortoiseSVN\bin\api-ms-win-crt-runtime-l1-1-0.dll
0x000007fef4780000 - 0x000007fef4874000 	C:\Windows\system32\ucrtbase.DLL
0x000007fef4770000 - 0x000007fef4773000 	C:\Windows\system32\api-ms-win-core-timezone-l1-1-0.dll
0x000007fef4760000 - 0x000007fef4763000 	C:\Windows\system32\api-ms-win-core-file-l2-1-0.dll
0x000007fef4750000 - 0x000007fef4753000 	C:\Windows\system32\api-ms-win-core-localization-l1-2-0.dll
0x000007fef4740000 - 0x000007fef4743000 	C:\Windows\system32\api-ms-win-core-processthreads-l1-1-1.dll
0x000007fef4730000 - 0x000007fef4733000 	C:\Windows\system32\api-ms-win-core-file-l1-2-0.dll
0x000007fef4720000 - 0x000007fef4724000 	C:\Program Files\TortoiseSVN\bin\api-ms-win-crt-string-l1-1-0.dll
0x000007fef4710000 - 0x000007fef4713000 	C:\Program Files\TortoiseSVN\bin\api-ms-win-crt-heap-l1-1-0.dll
0x000007fef4700000 - 0x000007fef4704000 	C:\Program Files\TortoiseSVN\bin\api-ms-win-crt-stdio-l1-1-0.dll
0x000007fef46f0000 - 0x000007fef46f4000 	C:\Program Files\TortoiseSVN\bin\api-ms-win-crt-convert-l1-1-0.dll
0x000007fef46e0000 - 0x000007fef46e3000 	C:\Program Files\TortoiseSVN\bin\api-ms-win-crt-conio-l1-1-0.dll
0x000007fef46d0000 - 0x000007fef46d3000 	C:\Program Files\TortoiseSVN\bin\api-ms-win-crt-utility-l1-1-0.dll
0x000007fef46c0000 - 0x000007fef46c5000 	C:\Program Files\TortoiseSVN\bin\api-ms-win-crt-math-l1-1-0.dll
0x000007fef46b0000 - 0x000007fef46b3000 	C:\Program Files\TortoiseSVN\bin\api-ms-win-crt-environment-l1-1-0.dll
0x000007fef46a0000 - 0x000007fef46a3000 	C:\Program Files\TortoiseSVN\bin\api-ms-win-crt-time-l1-1-0.dll
0x0000000071280000 - 0x00000000712c4000 	C:\Program Files\TortoiseSVN\bin\libaprutil_tsvn.dll
0x000007fef4680000 - 0x000007fef4692000 	C:\Program Files\TortoiseSVN\bin\intl3_tsvn.dll
0x000007fef4670000 - 0x000007fef4673000 	C:\Program Files\TortoiseSVN\bin\api-ms-win-crt-filesystem-l1-1-0.dll
0x000007fef4650000 - 0x000007fef466a000 	C:\Program Files\TortoiseSVN\bin\libsasl.dll
0x000007fefc2b0000 - 0x000007fefc2bb000 	C:\Windows\system32\Secur32.dll
0x000007fefca90000 - 0x000007fefcbfa000 	C:\Windows\system32\CRYPT32.dll
0x000007fefc850000 - 0x000007fefc85f000 	C:\Windows\system32\MSASN1.dll
0x000007fef4640000 - 0x000007fef4643000 	C:\Program Files\TortoiseSVN\bin\api-ms-win-crt-locale-l1-1-0.dll
0x000007fef45a0000 - 0x000007fef463e000 	C:\Program Files\TortoiseSVN\bin\MSVCP140.dll
0x000007fef4590000 - 0x000007fef4595000 	C:\Program Files\TortoiseSVN\bin\api-ms-win-crt-multibyte-l1-1-0.dll
0x000007fef4210000 - 0x000007fef457f000 	C:\Program Files (x86)\Microsoft Office\root\VFS\ProgramFilesX64\Microsoft Office\Office16\GROOVEEX.DLL
0x000007fef8be0000 - 0x000007fef8efe000 	C:\Windows\system32\msi.dll
0x000007fef24f0000 - 0x000007fef2d54000 	C:\Program Files (x86)\Microsoft Office\root\VFS\ProgramFilesX64\Microsoft Office\Office16\2052\GrooveIntlResource.dll
0x00000000736c0000 - 0x00000000736da000 	C:\Program Files\Java\jre1.8.0_144\bin\net.dll
0x000007fefbf20000 - 0x000007fefbf27000 	C:\Windows\System32\wship6.dll
0x00000000736a0000 - 0x00000000736b1000 	C:\Program Files\Java\jre1.8.0_144\bin\nio.dll
0x00000000700e0000 - 0x0000000070122000 	C:\Program Files\Java\jre1.8.0_144\bin\t2k.dll
0x0000000073660000 - 0x000000007366d000 	C:\Program Files\Java\jre1.8.0_144\bin\management.dll
0x000007fee0ba0000 - 0x000007fee3872000 	C:\Program Files\Java\jre1.8.0_144\bin\opencv_java341.dll
0x000007fef0fe0000 - 0x000007fef1009000 	C:\Windows\system32\MSVFW32.dll
0x000007fef1020000 - 0x000007fef103f000 	C:\Windows\system32\AVIFIL32.dll
0x000007fef0b20000 - 0x000007fef0b38000 	C:\Windows\system32\MSACM32.dll
0x000007fef11c0000 - 0x000007fef11d7000 	C:\Windows\system32\AVICAP32.dll
0x000007feee7b0000 - 0x000007feee7c6000 	C:\Windows\system32\devenum.dll
0x000007fefca20000 - 0x000007fefca5a000 	C:\Windows\system32\WINTRUST.dll
0x000007fef6690000 - 0x000007fef669d000 	C:\Windows\system32\msdmo.dll
0x000007feee480000 - 0x000007feee4af000 	C:\Windows\system32\qcap.dll
0x000007fee8300000 - 0x000007fee84b3000 	C:\Windows\system32\quartz.dll
0x000007feee430000 - 0x000007feee471000 	C:\Windows\system32\ksproxy.ax
0x0000000071830000 - 0x0000000071836000 	C:\Windows\system32\ksuser.dll
0x000007fef6730000 - 0x000007fef673b000 	C:\Windows\system32\vidcap.ax
0x000007feee400000 - 0x000007feee424000 	C:\Windows\system32\kswdmcap.ax
0x000007fee90c0000 - 0x000007fee921c000 	C:\Windows\system32\MFC42.dll

VM Arguments:
jvm_args: -Dfile.encoding=GBK 
java_command: com.dx.FaceMainFrame
java_class_path (initial): C:\Program Files\Java\jre1.8.0_144\lib\resources.jar;C:\Program Files\Java\jre1.8.0_144\lib\rt.jar;C:\Program Files\Java\jre1.8.0_144\lib\jsse.jar;C:\Program Files\Java\jre1.8.0_144\lib\jce.jar;C:\Program Files\Java\jre1.8.0_144\lib\charsets.jar;C:\Program Files\Java\jre1.8.0_144\lib\jfr.jar;C:\Program Files\Java\jre1.8.0_144\lib\ext\access-bridge-64.jar;C:\Program Files\Java\jre1.8.0_144\lib\ext\cldrdata.jar;C:\Program Files\Java\jre1.8.0_144\lib\ext\dnsns.jar;C:\Program Files\Java\jre1.8.0_144\lib\ext\jaccess.jar;C:\Program Files\Java\jre1.8.0_144\lib\ext\jfxrt.jar;C:\Program Files\Java\jre1.8.0_144\lib\ext\localedata.jar;C:\Program Files\Java\jre1.8.0_144\lib\ext\nashorn.jar;C:\Program Files\Java\jre1.8.0_144\lib\ext\sunec.jar;C:\Program Files\Java\jre1.8.0_144\lib\ext\sunjce_provider.jar;C:\Program Files\Java\jre1.8.0_144\lib\ext\sunmscapi.jar;C:\Program Files\Java\jre1.8.0_144\lib\ext\sunpkcs11.jar;C:\Program Files\Java\jre1.8.0_144\lib\ext\zipfs.jar;D:\eclipse\workspace\FaceRecongnition\bin;D:\eclipse\workspace\FaceRecongnition\lib\dom4j-1.6.1.jar;D:\eclipse\workspace\FaceRecongnition\lib\fr-server-7.0.jar;D:\eclipse\workspace\FaceRecongnition\lib\fr-third-7.0.jar;D:\eclipse\workspace\FaceRecongnition\lib\jacob.jar;D:\eclipse\workspace\FaceRecongnition\lib\druid-1.1.10.jar;D:\eclipse\workspace\FaceRecongnition\lib\mysql-connector-java-5.1.38.jar;D:\eclipse\workspace\FaceRecongnition\lib\opencv-341.jar;D:\eclipse\workspace\FaceRecongnition\lib\commons-dbcp-1.4.jar;D:\eclipse\workspace\FaceRecongnition\lib\commons-pool-1.5.6.jar;D:\eclipse\workspace\FaceRecongnition\lib\lombok.jar;C:\Users\Administrator\.p2\pool\plugins\org.junit_4.12.0.v201504281640\junit.jar;C:\Users\Administrator\.p2\pool\plugins\org.hamcrest.core_1.3.0.v201303031735.jar
Launcher Type: SUN_STANDARD

Environment Variables:
JAVA_HOME=C:\Program Files\Java\jdk1.8.0_144
CLASSPATH=.;C:\Program Files\Java\jdk1.8.0_144\lib\dt.jar;C:\Program Files\Java\jdk1.8.0_144\lib\tools.jar;
PATH=C:/Program Files/Java/jre1.8.0_144/bin/server;C:/Program Files/Java/jre1.8.0_144/bin;C:/Program Files/Java/jre1.8.0_144/lib/amd64;C:\ProgramData\Oracle\Java\javapath;C:\Windows\system32;C:\Windows;C:\Windows\System32\Wbem;C:\Windows\System32\WindowsPowerShell\v1.0\;C:\strawberry\c\bin;C:\strawberry\perl\bin;C:\Python27;C:\Program Files\Java\jdk1.8.0_144\bin;C:\Program Files\Java\jdk1.8.0_144\jre\bin;D:\apache-maven-3.2.5\bin;C:\Program Files\TortoiseSVN\bin;D:\Program Files\Git\cmd;D:\Program Files\bandzip\;D:\eclipse\eclipse;
USERNAME=Administrator
OS=Windows_NT
PROCESSOR_IDENTIFIER=Intel64 Family 6 Model 60 Stepping 3, GenuineIntel



---------------  S Y S T E M  ---------------

OS: Windows 7 , 64 bit Build 7601 (6.1.7601.24387)

CPU:total 2 (initial active 2) (2 cores per cpu, 1 threads per core) family 6 model 60 stepping 3, cmov, cx8, fxsr, mmx, sse, sse2, sse3, ssse3, sse4.1, sse4.2, popcnt, clmul, erms, lzcnt, tsc, tscinvbit

Memory: 4k page, physical 4139892k(710504k free), swap 8277884k(1544224k free)

vm_info: Java HotSpot(TM) 64-Bit Server VM (25.144-b01) for windows-amd64 JRE (1.8.0_144-b01), built on Jul 21 2017 21:57:33 by "java_re" with MS VC++ 10.0 (VS2010)

time: Fri May 17 16:10:28 2019
elapsed time: 15 seconds (0d 0h 0m 15s)

