#
# A fatal error has been detected by the Java Runtime Environment:
#
#  EXCEPTION_ACCESS_VIOLATION (0xc0000005) at pc=0x00000000635df3e7, pid=6156, tid=0x00000000000019b0
#
# JRE version: Java(TM) SE Runtime Environment (8.0_144-b01) (build 1.8.0_144-b01)
# Java VM: Java HotSpot(TM) 64-Bit Server VM (25.144-b01 mixed mode windows-amd64 compressed oops)
# Problematic frame:
# V  [jvm.dll+0x13f3e7]
#
# Failed to write core dump. Minidumps are not enabled by default on client versions of Windows
#
# If you would like to submit a bug report, please visit:
#   http://bugreport.java.com/bugreport/crash.jsp
#

---------------  T H R E A D  ---------------

Current thread (0x0000000056b61800):  JavaThread "Timer-0" [_thread_in_vm, id=6576, stack(0x0000000063370000,0x0000000063470000)]

siginfo: ExceptionCode=0xc0000005, reading address 0x0000000000000000

Registers:
RAX=0x0000000000000000, RBX=0x0000000056b61800, RCX=0x0000000000000180, RDX=0x0000000056a769a0
RSP=0x000000006346e870, RBP=0x0000000000000000, RSI=0x0000000056a769a0, RDI=0x0000000000000001
R8 =0x0000000000000000, R9 =0x00000000efb97de0, R10=0x00000000000001d0, R11=0x0000000063caf4d8
R12=0x0000000000000000, R13=0x000000006346eb38, R14=0x000000006346ebf0, R15=0x0000000056b61800
RIP=0x00000000635df3e7, EFLAGS=0x0000000000010206

Top of Stack: (sp=0x000000006346e870)
0x000000006346e870:   00002281e0fd700c 00000001800263e8
0x000000006346e880:   0000000000000000 00000000143c1338
0x000000006346e890:   0000000000000000 0000000180001419
0x000000006346e8a0:   0000000062aa0c70 000000006346e920
0x000000006346e8b0:   00000000143c1338 0000000062aa0c70
0x000000006346e8c0:   0000000056b619f8 0000000180002410
0x000000006346e8d0:   0000000002d78ad8 00000001800012c2
0x000000006346e8e0:   0000000002d78ad8 0000000180001289
0x000000006346e8f0:   0000000062aa0c70 00000000557779d0
0x000000006346e900:   000000006a99de30 0000000002829371
0x000000006346e910:   00000000efb97d88 00000000efb97d88
0x000000006346e920:   00000000c0c032e0 0000000a00000060
0x000000006346e930:   00000000c0c058c8 00000000c0c032e0
0x000000006346e940:   000000006346e8f0 0000000000000000
0x000000006346e950:   0000000000000000 0000000000000000
0x000000006346e960:   000000006346e8e0 0000000002ae2f34 

Instructions: (pc=0x00000000635df3e7)
0x00000000635df3c7:   00 00 00 30 74 08 48 8b cb e8 bb 38 10 00 c7 83
0x00000000635df3d7:   70 02 00 00 06 00 00 00 40 b7 01 48 85 f6 74 60
0x00000000635df3e7:   48 8b 4d 00 40 32 ff e8 bd 93 f2 ff 48 8b d0 48
0x00000000635df3f7:   85 c0 74 4c 40 38 3d df f0 6c 00 4c 8b 06 74 16 


Register to memory mapping:

RAX=0x0000000000000000 is an unknown value
RBX=0x0000000056b61800 is a thread
RCX=0x0000000000000180 is an unknown value
RDX=0x0000000056a769a0 is an unknown value
RSP=0x000000006346e870 is pointing into the stack for thread: 0x0000000056b61800
RBP=0x0000000000000000 is an unknown value
RSI=0x0000000056a769a0 is an unknown value
RDI=0x0000000000000001 is an unknown value
R8 =0x0000000000000000 is an unknown value
R9 =0x00000000efb97de0 is an oop
[Ljava.lang.Object; 
 - klass: 'java/lang/Object'[]
 - length: 1
R10=0x00000000000001d0 is an unknown value
R11=0x0000000063caf4d8 is an unknown value
R12=0x0000000000000000 is an unknown value
R13=0x000000006346eb38 is pointing into the stack for thread: 0x0000000056b61800
R14=0x000000006346ebf0 is pointing into the stack for thread: 0x0000000056b61800
R15=0x0000000056b61800 is a thread


Stack: [0x0000000063370000,0x0000000063470000],  sp=0x000000006346e870,  free space=1018k
Native frames: (J=compiled Java code, j=interpreted, Vv=VM code, C=native code)

Java frames: (J=compiled Java code, j=interpreted, Vv=VM code)
J 2079  com.sun.jna.Function.invokeInt(I[Ljava/lang/Object;)I (0 bytes) @ 0x0000000002d78b0f [0x0000000002d78ac0+0x4f]
j  com.sun.jna.Function.invoke([Ljava/lang/Object;Ljava/lang/Class;Z)Ljava/lang/Object;+315
J 2005 C1 com.sun.jna.Function.invoke(Ljava/lang/Class;[Ljava/lang/Object;Ljava/util/Map;)Ljava/lang/Object; (526 bytes) @ 0x0000000002d43aec [0x0000000002d42880+0x126c]
J 2004 C1 com.sun.jna.Library$Handler.invoke(Ljava/lang/Object;Ljava/lang/reflect/Method;[Ljava/lang/Object;)Ljava/lang/Object; (345 bytes) @ 0x0000000002d4aea4 [0x0000000002d48d40+0x2164]
j  com.sun.proxy.$Proxy0.GetName([B)I+16
j  com.dx.Person.getPersonCard()Lcom/dx/pojo/PersonCard;+17
j  com.dx.Person.doRead()Lcom/dx/pojo/PersonCard;+62
j  com.dx.Person.setPersonCards()V+2
j  com.dx.Person$1.run()V+4
j  java.util.TimerThread.mainLoop()V+221
j  java.util.TimerThread.run()V+1
v  ~StubRoutines::call_stub

---------------  P R O C E S S  ---------------

Java Threads: ( => current thread )
  0x0000000056de1000 JavaThread "Thread-1" [_thread_blocked, id=7036, stack(0x000000006cde0000,0x000000006cee0000)]
  0x0000000056de0800 JavaThread "Thread-0" daemon [_thread_in_native, id=5848, stack(0x000000006c9d0000,0x000000006cad0000)]
  0x0000000056ddf000 JavaThread "Thread-3" [_thread_blocked, id=4468, stack(0x000000006ab10000,0x000000006ac10000)]
  0x0000000056dde000 JavaThread "TimerQueue" daemon [_thread_blocked, id=5840, stack(0x000000006c720000,0x000000006c820000)]
  0x0000000056d34000 JavaThread "Druid-ConnectionPool-Destroy-577498813" daemon [_thread_blocked, id=7080, stack(0x00000000690a0000,0x00000000691a0000)]
  0x0000000056d31800 JavaThread "Druid-ConnectionPool-Create-577498813" daemon [_thread_blocked, id=3592, stack(0x000000006a720000,0x000000006a820000)]
  0x0000000056d9d800 JavaThread "D3D Screen Updater" daemon [_thread_in_native, id=5392, stack(0x0000000068360000,0x0000000068460000)]
  0x000000000255e800 JavaThread "DestroyJavaVM" [_thread_blocked, id=2660, stack(0x0000000002570000,0x0000000002670000)]
=>0x0000000056b61800 JavaThread "Timer-0" [_thread_in_vm, id=6576, stack(0x0000000063370000,0x0000000063470000)]
  0x0000000056ad7800 JavaThread "AWT-EventQueue-0" [_thread_blocked, id=7076, stack(0x0000000062bb0000,0x0000000062cb0000)]
  0x0000000056a64800 JavaThread "cameraThread" daemon [_thread_blocked, id=3988, stack(0x00000000621f0000,0x00000000622f0000)]
  0x0000000056a0a800 JavaThread "AWT-Windows" daemon [_thread_blocked, id=6780, stack(0x00000000558e0000,0x00000000559e0000)]
  0x0000000056a07800 JavaThread "AWT-Shutdown" [_thread_blocked, id=6748, stack(0x00000000572a0000,0x00000000573a0000)]
  0x00000000569b9000 JavaThread "Java2D Disposer" daemon [_thread_blocked, id=6784, stack(0x0000000057170000,0x0000000057270000)]
  0x000000005611a800 JavaThread "Service Thread" daemon [_thread_blocked, id=5260, stack(0x0000000056610000,0x0000000056710000)]
  0x0000000054d72800 JavaThread "C1 CompilerThread1" daemon [_thread_blocked, id=4412, stack(0x0000000055640000,0x0000000055740000)]
  0x0000000054d5c000 JavaThread "C2 CompilerThread0" daemon [_thread_blocked, id=5940, stack(0x0000000055ff0000,0x00000000560f0000)]
  0x0000000054d5a800 JavaThread "Attach Listener" daemon [_thread_blocked, id=6768, stack(0x0000000055e40000,0x0000000055f40000)]
  0x0000000054d46000 JavaThread "Signal Dispatcher" daemon [_thread_blocked, id=4892, stack(0x0000000055d10000,0x0000000055e10000)]
  0x0000000054d30800 JavaThread "Finalizer" daemon [_thread_blocked, id=6216, stack(0x0000000055b10000,0x0000000055c10000)]
  0x0000000054ce7000 JavaThread "Reference Handler" daemon [_thread_blocked, id=5648, stack(0x00000000559e0000,0x0000000055ae0000)]

Other Threads:
  0x0000000054cdf800 VMThread [stack: 0x00000000557b0000,0x00000000558b0000] [id=3808]
  0x0000000056136000 WatcherThread [stack: 0x0000000056840000,0x0000000056940000] [id=3040]

VM state:synchronizing (normal execution)

VM Mutex/Monitor currently owned by a thread:  ([mutex/lock_event])
[0x000000000255d070] Threads_lock - owner thread: 0x0000000054cdf800
[0x000000000255d570] Heap_lock - owner thread: 0x0000000056a64800

Heap:
 PSYoungGen      total 311296K, used 300081K [0x00000000eaf00000, 0x0000000100000000, 0x0000000100000000)
  eden space 280576K, 98% used [0x00000000eaf00000,0x00000000fbc39520,0x00000000fc100000)
  from space 30720K, 79% used [0x00000000fe200000,0x00000000ff9d3040,0x0000000100000000)
  to   space 32256K, 0% used [0x00000000fc100000,0x00000000fc100000,0x00000000fe080000)
 ParOldGen       total 223744K, used 39844K [0x00000000c0c00000, 0x00000000ce680000, 0x00000000eaf00000)
  object space 223744K, 17% used [0x00000000c0c00000,0x00000000c32e9190,0x00000000ce680000)
 Metaspace       used 18507K, capacity 18838K, committed 19072K, reserved 1067008K
  class space    used 2078K, capacity 2175K, committed 2176K, reserved 1048576K

Card table byte_map: [0x0000000011ab0000,0x0000000011cb0000] byte_map_base: 0x00000000114aa000

Marking Bits: (ParMarkBitMap*) 0x0000000063cbd850
 Begin Bits: [0x0000000012210000, 0x00000000131e0000)
 End Bits:   [0x00000000131e0000, 0x00000000141b0000)

Polling page: 0x0000000000540000

CodeCache: size=245760Kb used=6718Kb max_used=6731Kb free=239041Kb
 bounds [0x00000000026f0000, 0x0000000002d90000, 0x00000000116f0000]
 total_blobs=2665 nmethods=1944 adapters=634
 compilation: enabled

Compilation events (10 events):
Event: 50.591 Thread 0x0000000054d72800 2112   !   3       javax.swing.Timer::stop (46 bytes)
Event: 50.592 Thread 0x0000000054d72800 nmethod 2112 0x0000000002c5f250 code [0x0000000002c5f420, 0x0000000002c5faa8]
Event: 50.592 Thread 0x0000000054d72800 2113   !   3       javax.swing.TimerQueue::removeTimer (58 bytes)
Event: 50.593 Thread 0x0000000054d72800 nmethod 2113 0x0000000002ab9010 code [0x0000000002ab9240, 0x0000000002ab9df8]
Event: 50.593 Thread 0x0000000054d72800 2114       3       java.util.concurrent.TimeUnit$3::toNanos (11 bytes)
Event: 50.593 Thread 0x0000000054d72800 nmethod 2114 0x0000000002c5ecd0 code [0x0000000002c5ee40, 0x0000000002c5f0b0]
Event: 51.672 Thread 0x0000000054d72800 2115   !   3       com.sun.jna.NativeMappedConverter::getInstance (52 bytes)
Event: 51.673 Thread 0x0000000054d72800 nmethod 2115 0x0000000002ab8590 code [0x0000000002ab8740, 0x0000000002ab8d68]
Event: 52.199 Thread 0x0000000054d72800 2117  s    3       java.util.Hashtable::containsKey (65 bytes)
Event: 52.199 Thread 0x0000000054d72800 nmethod 2117 0x0000000002ab7790 code [0x0000000002ab7920, 0x0000000002ab7f38]

GC Heap History (10 events):
Event: 48.372 GC heap before
{Heap before GC invocations=58 (full 10):
 PSYoungGen      total 318464K, used 309892K [0x00000000eaf00000, 0x0000000100000000, 0x0000000100000000)
  eden space 295424K, 98% used [0x00000000eaf00000,0x00000000fcbbcf90,0x00000000fcf80000)
  from space 23040K, 79% used [0x00000000fcf80000,0x00000000fe164430,0x00000000fe600000)
  to   space 24064K, 0% used [0x00000000fe880000,0x00000000fe880000,0x0000000100000000)
 ParOldGen       total 223744K, used 33761K [0x00000000c0c00000, 0x00000000ce680000, 0x00000000eaf00000)
  object space 223744K, 15% used [0x00000000c0c00000,0x00000000c2cf8580,0x00000000ce680000)
 Metaspace       used 18461K, capacity 18774K, committed 19072K, reserved 1067008K
  class space    used 2078K, capacity 2175K, committed 2176K, reserved 1048576K
Event: 48.397 GC heap after
Heap after GC invocations=58 (full 10):
 PSYoungGen      total 318976K, used 18321K [0x00000000eaf00000, 0x0000000100000000, 0x0000000100000000)
  eden space 294912K, 0% used [0x00000000eaf00000,0x00000000eaf00000,0x00000000fcf00000)
  from space 24064K, 76% used [0x00000000fe880000,0x00000000ffa64430,0x0000000100000000)
  to   space 25088K, 0% used [0x00000000fcf00000,0x00000000fcf00000,0x00000000fe780000)
 ParOldGen       total 223744K, used 39844K [0x00000000c0c00000, 0x00000000ce680000, 0x00000000eaf00000)
  object space 223744K, 17% used [0x00000000c0c00000,0x00000000c32e9190,0x00000000ce680000)
 Metaspace       used 18461K, capacity 18774K, committed 19072K, reserved 1067008K
  class space    used 2078K, capacity 2175K, committed 2176K, reserved 1048576K
}
Event: 49.167 GC heap before
{Heap before GC invocations=59 (full 10):
 PSYoungGen      total 318976K, used 309849K [0x00000000eaf00000, 0x0000000100000000, 0x0000000100000000)
  eden space 294912K, 98% used [0x00000000eaf00000,0x00000000fcbb2010,0x00000000fcf00000)
  from space 24064K, 76% used [0x00000000fe880000,0x00000000ffa64430,0x0000000100000000)
  to   space 25088K, 0% used [0x00000000fcf00000,0x00000000fcf00000,0x00000000fe780000)
 ParOldGen       total 223744K, used 39844K [0x00000000c0c00000, 0x00000000ce680000, 0x00000000eaf00000)
  object space 223744K, 17% used [0x00000000c0c00000,0x00000000c32e9190,0x00000000ce680000)
 Metaspace       used 18479K, capacity 18774K, committed 19072K, reserved 1067008K
  class space    used 2078K, capacity 2175K, committed 2176K, reserved 1048576K
Event: 49.172 GC heap after
Heap after GC invocations=59 (full 10):
 PSYoungGen      total 313344K, used 18321K [0x00000000eaf00000, 0x0000000100000000, 0x0000000100000000)
  eden space 294912K, 0% used [0x00000000eaf00000,0x00000000eaf00000,0x00000000fcf00000)
  from space 18432K, 99% used [0x00000000fcf00000,0x00000000fe0e4430,0x00000000fe100000)
  to   space 25600K, 0% used [0x00000000fe700000,0x00000000fe700000,0x0000000100000000)
 ParOldGen       total 223744K, used 39844K [0x00000000c0c00000, 0x00000000ce680000, 0x00000000eaf00000)
  object space 223744K, 17% used [0x00000000c0c00000,0x00000000c32e9190,0x00000000ce680000)
 Metaspace       used 18479K, capacity 18774K, committed 19072K, reserved 1067008K
  class space    used 2078K, capacity 2175K, committed 2176K, reserved 1048576K
}
Event: 49.938 GC heap before
{Heap before GC invocations=60 (full 10):
 PSYoungGen      total 313344K, used 309789K [0x00000000eaf00000, 0x0000000100000000, 0x0000000100000000)
  eden space 294912K, 98% used [0x00000000eaf00000,0x00000000fcba30a0,0x00000000fcf00000)
  from space 18432K, 99% used [0x00000000fcf00000,0x00000000fe0e4430,0x00000000fe100000)
  to   space 25600K, 0% used [0x00000000fe700000,0x00000000fe700000,0x0000000100000000)
 ParOldGen       total 223744K, used 39844K [0x00000000c0c00000, 0x00000000ce680000, 0x00000000eaf00000)
  object space 223744K, 17% used [0x00000000c0c00000,0x00000000c32e9190,0x00000000ce680000)
 Metaspace       used 18481K, capacity 18774K, committed 19072K, reserved 1067008K
  class space    used 2078K, capacity 2175K, committed 2176K, reserved 1048576K
Event: 49.963 GC heap after
Heap after GC invocations=60 (full 10):
 PSYoungGen      total 313344K, used 24396K [0x00000000eaf00000, 0x0000000100000000, 0x0000000100000000)
  eden space 287744K, 0% used [0x00000000eaf00000,0x00000000eaf00000,0x00000000fc800000)
  from space 25600K, 95% used [0x00000000fe700000,0x00000000ffed3040,0x0000000100000000)
  to   space 28672K, 0% used [0x00000000fc800000,0x00000000fc800000,0x00000000fe400000)
 ParOldGen       total 223744K, used 39844K [0x00000000c0c00000, 0x00000000ce680000, 0x00000000eaf00000)
  object space 223744K, 17% used [0x00000000c0c00000,0x00000000c32e9190,0x00000000ce680000)
 Metaspace       used 18481K, capacity 18774K, committed 19072K, reserved 1067008K
  class space    used 2078K, capacity 2175K, committed 2176K, reserved 1048576K
}
Event: 50.705 GC heap before
{Heap before GC invocations=61 (full 10):
 PSYoungGen      total 313344K, used 309699K [0x00000000eaf00000, 0x0000000100000000, 0x0000000100000000)
  eden space 287744K, 99% used [0x00000000eaf00000,0x00000000fc59def0,0x00000000fc800000)
  from space 25600K, 95% used [0x00000000fe700000,0x00000000ffed3040,0x0000000100000000)
  to   space 28672K, 0% used [0x00000000fc800000,0x00000000fc800000,0x00000000fe400000)
 ParOldGen       total 223744K, used 39844K [0x00000000c0c00000, 0x00000000ce680000, 0x00000000eaf00000)
  object space 223744K, 17% used [0x00000000c0c00000,0x00000000c32e9190,0x00000000ce680000)
 Metaspace       used 18495K, capacity 18838K, committed 19072K, reserved 1067008K
  class space    used 2078K, capacity 2175K, committed 2176K, reserved 1048576K
Event: 50.724 GC heap after
Heap after GC invocations=61 (full 10):
 PSYoungGen      total 312320K, used 24396K [0x00000000eaf00000, 0x0000000100000000, 0x0000000100000000)
  eden space 287744K, 0% used [0x00000000eaf00000,0x00000000eaf00000,0x00000000fc800000)
  from space 24576K, 99% used [0x00000000fc800000,0x00000000fdfd3040,0x00000000fe000000)
  to   space 30720K, 0% used [0x00000000fe200000,0x00000000fe200000,0x0000000100000000)
 ParOldGen       total 223744K, used 39844K [0x00000000c0c00000, 0x00000000ce680000, 0x00000000eaf00000)
  object space 223744K, 17% used [0x00000000c0c00000,0x00000000c32e9190,0x00000000ce680000)
 Metaspace       used 18495K, capacity 18838K, committed 19072K, reserved 1067008K
  class space    used 2078K, capacity 2175K, committed 2176K, reserved 1048576K
}
Event: 51.492 GC heap before
{Heap before GC invocations=62 (full 10):
 PSYoungGen      total 312320K, used 309622K [0x00000000eaf00000, 0x0000000100000000, 0x0000000100000000)
  eden space 287744K, 99% used [0x00000000eaf00000,0x00000000fc58a818,0x00000000fc800000)
  from space 24576K, 99% used [0x00000000fc800000,0x00000000fdfd3040,0x00000000fe000000)
  to   space 30720K, 0% used [0x00000000fe200000,0x00000000fe200000,0x0000000100000000)
 ParOldGen       total 223744K, used 39844K [0x00000000c0c00000, 0x00000000ce680000, 0x00000000eaf00000)
  object space 223744K, 17% used [0x00000000c0c00000,0x00000000c32e9190,0x00000000ce680000)
 Metaspace       used 18495K, capacity 18838K, committed 19072K, reserved 1067008K
  class space    used 2078K, capacity 2175K, committed 2176K, reserved 1048576K
Event: 51.500 GC heap after
Heap after GC invocations=62 (full 10):
 PSYoungGen      total 311296K, used 24396K [0x00000000eaf00000, 0x0000000100000000, 0x0000000100000000)
  eden space 280576K, 0% used [0x00000000eaf00000,0x00000000eaf00000,0x00000000fc100000)
  from space 30720K, 79% used [0x00000000fe200000,0x00000000ff9d3040,0x0000000100000000)
  to   space 32256K, 0% used [0x00000000fc100000,0x00000000fc100000,0x00000000fe080000)
 ParOldGen       total 223744K, used 39844K [0x00000000c0c00000, 0x00000000ce680000, 0x00000000eaf00000)
  object space 223744K, 17% used [0x00000000c0c00000,0x00000000c32e9190,0x00000000ce680000)
 Metaspace       used 18495K, capacity 18838K, committed 19072K, reserved 1067008K
  class space    used 2078K, capacity 2175K, committed 2176K, reserved 1048576K
}

Deoptimization events (10 events):
Event: 8.731 Thread 0x0000000056a64800 Uncommon trap: reason=unstable_if action=reinterpret pc=0x0000000002b2bad8 method=java.awt.image.BufferedImage.setRGB(IIII[III)V @ 16
Event: 8.737 Thread 0x0000000056a64800 Uncommon trap: reason=unstable_if action=reinterpret pc=0x0000000002b338fc method=java.awt.image.BufferedImage.getRGB(IIII[III)[I @ 163
Event: 8.737 Thread 0x0000000056a64800 Uncommon trap: reason=unstable_if action=reinterpret pc=0x0000000002b3fa1c method=java.awt.image.ComponentColorModel.getDataElements(ILjava/lang/Object;)Ljava/lang/Object; @ 30
Event: 9.036 Thread 0x0000000056a64800 Uncommon trap: reason=unstable_if action=reinterpret pc=0x00000000028b98cc method=sun.nio.cs.UTF_8$Encoder.encode([CII[B)I @ 33
Event: 18.197 Thread 0x0000000056b61800 Uncommon trap: reason=unstable_if action=reinterpret pc=0x0000000002a4a49c method=java.awt.image.ComponentColorModel.getRGB(Ljava/lang/Object;)I @ 4
Event: 18.222 Thread 0x0000000056ad7800 Uncommon trap: reason=range_check action=make_not_entrant pc=0x0000000002b13400 method=java.awt.image.DirectColorModel.setFields()V @ 65
Event: 20.189 Thread 0x0000000056eec800 Uncommon trap: reason=unstable_if action=reinterpret pc=0x0000000002c62184 method=sun.awt.image.PNGImageDecoder.produceImage()V @ 867
Event: 26.991 Thread 0x0000000056ad7800 Uncommon trap: reason=unstable_if action=reinterpret pc=0x0000000002c90a78 method=java.awt.Component.inside(II)Z @ 13
Event: 39.705 Thread 0x0000000056ad7800 Uncommon trap: reason=unstable_if action=reinterpret pc=0x00000000029eeb14 method=java.awt.Component.inside(II)Z @ 21
Event: 41.884 Thread 0x0000000056ad7800 Uncommon trap: reason=unstable_if action=reinterpret pc=0x0000000002aa6e8c method=javax.swing.SwingUtilities.computeIntersection(IIIILjava/awt/Rectangle;)Ljava/awt/Rectangle; @ 6

Internal exceptions (10 events):
Event: 2.786 Thread 0x0000000056ad7800 Implicit null exception at 0x00000000029af381 to 0x00000000029af5e1
Event: 6.284 Thread 0x0000000056a64800 Exception <a 'java/lang/ArrayIndexOutOfBoundsException': 71> (0x00000000eb602d90) thrown at [C:\re\workspace\8-2-build-windows-amd64-cygwin\jdk8u144\9417\hotspot\src\share\vm\interpreter\interpreterRuntime.cpp, line 366]
Event: 6.284 Thread 0x0000000056a64800 Exception <a 'java/lang/ArrayIndexOutOfBoundsException': 18> (0x00000000eb603b08) thrown at [C:\re\workspace\8-2-build-windows-amd64-cygwin\jdk8u144\9417\hotspot\src\share\vm\interpreter\interpreterRuntime.cpp, line 366]
Event: 6.284 Thread 0x0000000056a64800 Exception <a 'java/lang/ArrayIndexOutOfBoundsException': 60> (0x00000000eb604ca8) thrown at [C:\re\workspace\8-2-build-windows-amd64-cygwin\jdk8u144\9417\hotspot\src\share\vm\interpreter\interpreterRuntime.cpp, line 366]
Event: 6.285 Thread 0x0000000056a64800 Exception <a 'java/lang/ArrayIndexOutOfBoundsException': 71> (0x00000000eb606610) thrown at [C:\re\workspace\8-2-build-windows-amd64-cygwin\jdk8u144\9417\hotspot\src\share\vm\interpreter\interpreterRuntime.cpp, line 366]
Event: 6.290 Thread 0x0000000056a64800 Exception <a 'java/lang/ArrayIndexOutOfBoundsException': 38> (0x00000000eb62c788) thrown at [C:\re\workspace\8-2-build-windows-amd64-cygwin\jdk8u144\9417\hotspot\src\share\vm\interpreter\interpreterRuntime.cpp, line 366]
Event: 6.291 Thread 0x0000000056a64800 Exception <a 'java/lang/ArrayIndexOutOfBoundsException': 67> (0x00000000eb62d9f0) thrown at [C:\re\workspace\8-2-build-windows-amd64-cygwin\jdk8u144\9417\hotspot\src\share\vm\interpreter\interpreterRuntime.cpp, line 366]
Event: 6.291 Thread 0x0000000056a64800 Exception <a 'java/lang/ArrayIndexOutOfBoundsException': 55> (0x00000000eb62f4c0) thrown at [C:\re\workspace\8-2-build-windows-amd64-cygwin\jdk8u144\9417\hotspot\src\share\vm\interpreter\interpreterRuntime.cpp, line 366]
Event: 6.297 Thread 0x0000000056a64800 Exception <a 'java/lang/ArrayIndexOutOfBoundsException': 38> (0x00000000eb6556c8) thrown at [C:\re\workspace\8-2-build-windows-amd64-cygwin\jdk8u144\9417\hotspot\src\share\vm\interpreter\interpreterRuntime.cpp, line 366]
Event: 6.300 Thread 0x0000000056a64800 Exception <a 'java/lang/ArrayIndexOutOfBoundsException'> (0x00000000eb6635f0) thrown at [C:\re\workspace\8-2-build-windows-amd64-cygwin\jdk8u144\9417\hotspot\src\share\vm\runtime\sharedRuntime.cpp, line 605]

Events (10 events):
Event: 52.188 Thread 0x0000000056ddf000 Thread added: 0x0000000056ddf000
Event: 52.188 Thread 0x0000000056ddf800 Thread added: 0x0000000056ddf800
Event: 52.188 Thread 0x0000000056de0800 Thread added: 0x0000000056de0800
Event: 52.188 Thread 0x0000000056de1000 Thread added: 0x0000000056de1000
Event: 52.197 loading class java/lang/ProcessBuilder
Event: 52.198 loading class sun/java2d/pipe/hw/AccelDeviceEventNotifier
Event: 52.198 loading class java/lang/ProcessBuilder done
Event: 52.198 loading class java/lang/ProcessImpl
Event: 52.199 Thread 0x0000000056ddf800 Thread exited: 0x0000000056ddf800
Event: 52.208 Executing VM operation: ParallelGCFailedAllocation


Dynamic libraries:
0x000000013fd50000 - 0x000000013fd87000 	C:\Program Files\Java\jdk1.8.0_144\bin\javaw.exe
0x0000000076f90000 - 0x000000007712f000 	C:\Windows\SYSTEM32\ntdll.dll
0x0000000076e70000 - 0x0000000076f8f000 	C:\Windows\system32\kernel32.dll
0x000007fefcb50000 - 0x000007fefcbba000 	C:\Windows\system32\KERNELBASE.dll
0x000007fefd090000 - 0x000007fefd16b000 	C:\Windows\system32\ADVAPI32.dll
0x000007fefeb10000 - 0x000007fefebaf000 	C:\Windows\system32\msvcrt.dll
0x000007feff1e0000 - 0x000007feff1ff000 	C:\Windows\SYSTEM32\sechost.dll
0x000007fefcf60000 - 0x000007fefd08c000 	C:\Windows\system32\RPCRT4.dll
0x0000000076d70000 - 0x0000000076e6a000 	C:\Windows\system32\USER32.dll
0x000007fefdf00000 - 0x000007fefdf67000 	C:\Windows\system32\GDI32.dll
0x000007feff1a0000 - 0x000007feff1ae000 	C:\Windows\system32\LPK.dll
0x000007fefe950000 - 0x000007fefea19000 	C:\Windows\system32\USP10.dll
0x000007fefaf90000 - 0x000007fefb185000 	C:\Windows\WinSxS\amd64_microsoft.windows.common-controls_6595b64144ccf1df_6.0.7601.24380_none_e3731d0b30fb6b11\COMCTL32.dll
0x000007feff010000 - 0x000007feff081000 	C:\Windows\system32\SHLWAPI.dll
0x000007fefc8b0000 - 0x000007fefc907000 	C:\Windows\system32\apphelp.dll
0x000007fef08d0000 - 0x000007fef0921000 	C:\Windows\AppPatch\AppPatch64\AcGenral.DLL
0x000007fefc870000 - 0x000007fefc895000 	C:\Windows\system32\SspiCli.dll
0x000007fefe6b0000 - 0x000007fefe8af000 	C:\Windows\system32\ole32.dll
0x000007fefd170000 - 0x000007fefdefb000 	C:\Windows\system32\SHELL32.dll
0x0000000071b40000 - 0x0000000071b43000 	C:\Windows\system32\sfc.dll
0x000007fef0dc0000 - 0x000007fef0dd0000 	C:\Windows\system32\sfc_os.DLL
0x000007fefcd80000 - 0x000007fefcd9e000 	C:\Windows\system32\USERENV.dll
0x000007fefcae0000 - 0x000007fefcaef000 	C:\Windows\system32\profapi.dll
0x000007fefa6a0000 - 0x000007fefa6b8000 	C:\Windows\system32\dwmapi.dll
0x000007fef09b0000 - 0x000007fef09c8000 	C:\Windows\system32\MPR.dll
0x000007feff1b0000 - 0x000007feff1de000 	C:\Windows\system32\IMM32.DLL
0x000007feff090000 - 0x000007feff199000 	C:\Windows\system32\MSCTF.dll
0x0000000067c50000 - 0x0000000067d22000 	C:\Program Files\Java\jdk1.8.0_144\jre\bin\msvcr100.dll
0x00000000634a0000 - 0x0000000063d3d000 	C:\Program Files\Java\jdk1.8.0_144\jre\bin\server\jvm.dll
0x000007fef08c0000 - 0x000007fef08c9000 	C:\Windows\system32\WSOCK32.dll
0x000007fefe600000 - 0x000007fefe64d000 	C:\Windows\system32\WS2_32.dll
0x000007fefeb00000 - 0x000007fefeb08000 	C:\Windows\system32\NSI.dll
0x000007feeffe0000 - 0x000007fef001b000 	C:\Windows\system32\WINMM.dll
0x000007fefbb60000 - 0x000007fefbb6c000 	C:\Windows\system32\VERSION.dll
0x0000000077140000 - 0x0000000077147000 	C:\Windows\system32\PSAPI.DLL
0x000000006cae0000 - 0x000000006caef000 	C:\Program Files\Java\jdk1.8.0_144\jre\bin\verify.dll
0x0000000069420000 - 0x0000000069449000 	C:\Program Files\Java\jdk1.8.0_144\jre\bin\java.dll
0x0000000069400000 - 0x0000000069416000 	C:\Program Files\Java\jdk1.8.0_144\jre\bin\zip.dll
0x0000000067ab0000 - 0x0000000067c48000 	C:\Program Files\Java\jdk1.8.0_144\jre\bin\awt.dll
0x000007fefea20000 - 0x000007fefeafa000 	C:\Windows\system32\OLEAUT32.dll
0x000007fee90c0000 - 0x000007fee91dd000 	C:\Windows\system32\opengl32.dll
0x000007feeb3d0000 - 0x000007feeb3fd000 	C:\Windows\system32\GLU32.dll
0x000007fee8fc0000 - 0x000007fee90b1000 	C:\Windows\system32\DDRAW.dll
0x000007fefb8d0000 - 0x000007fefb8d8000 	C:\Windows\system32\DCIMAN32.dll
0x000007fefe420000 - 0x000007fefe5f7000 	C:\Windows\system32\SETUPAPI.dll
0x000007fefcbc0000 - 0x000007fefcbf6000 	C:\Windows\system32\CFGMGR32.dll
0x000007fefce60000 - 0x000007fefce7a000 	C:\Windows\system32\DEVOBJ.dll
0x000007fefaee0000 - 0x000007fefaf36000 	C:\Windows\system32\uxtheme.dll
0x000007fef0100000 - 0x000007fef0423000 	C:\Windows\system32\PALMINPUTIME.IME
0x000007fefa030000 - 0x000007fefa037000 	C:\Windows\system32\MSIMG32.dll
0x000007fefb2a0000 - 0x000007fefb3c5000 	C:\Windows\system32\dbghelp.dll
0x000007fefb3f0000 - 0x000007fefb41d000 	C:\Windows\system32\ntmarta.dll
0x000007fefe650000 - 0x000007fefe6a2000 	C:\Windows\system32\WLDAP32.dll
0x000007fefc910000 - 0x000007fefc91f000 	C:\Windows\system32\CRYPTBASE.dll
0x000007fee5660000 - 0x000007fee585f000 	C:\Windows\system32\d3d9.dll
0x000007feebe90000 - 0x000007feebe97000 	C:\Windows\system32\d3d8thk.dll
0x000007fee32a0000 - 0x000007fee4338000 	C:\Windows\system32\nvd3dumx.dll
0x000007fefb8e0000 - 0x000007fefb90c000 	C:\Windows\system32\powrprof.dll
0x000007fede010000 - 0x000007fee0ce2000 	D:\eclipse\workspace\FaceRecongnition\opencv_java341.dll
0x000007feeb990000 - 0x000007feeb9b9000 	C:\Windows\system32\MSVFW32.dll
0x000007fef1d70000 - 0x000007fef1d8f000 	C:\Windows\system32\AVIFIL32.dll
0x000007feeb040000 - 0x000007feeb058000 	C:\Windows\system32\MSACM32.dll
0x000007feebe10000 - 0x000007feebe27000 	C:\Windows\system32\AVICAP32.dll
0x000007fefb3e0000 - 0x000007fefb3e3000 	C:\Windows\system32\api-ms-win-core-synch-l1-2-0.DLL
0x000007fefe8b0000 - 0x000007fefe949000 	C:\Windows\system32\CLBCatQ.DLL
0x000007feeb9d0000 - 0x000007feeb9e6000 	C:\Windows\system32\devenum.dll
0x000007fefcb10000 - 0x000007fefcb4a000 	C:\Windows\system32\WINTRUST.dll
0x000007fefcc10000 - 0x000007fefcd7a000 	C:\Windows\system32\CRYPT32.dll
0x000007fefcaf0000 - 0x000007fefcaff000 	C:\Windows\system32\MSASN1.dll
0x000007fefaf60000 - 0x000007fefaf6d000 	C:\Windows\system32\msdmo.dll
0x000007feeb7a0000 - 0x000007feeb7cf000 	C:\Windows\system32\qcap.dll
0x000007fee6bf0000 - 0x000007fee6da3000 	C:\Windows\system32\quartz.dll
0x000007feeb8b0000 - 0x000007feeb8f1000 	C:\Windows\system32\ksproxy.ax
0x0000000071a60000 - 0x0000000071a66000 	C:\Windows\system32\ksuser.dll
0x000007fefaf80000 - 0x000007fefaf8b000 	C:\Windows\system32\vidcap.ax
0x000007feeb770000 - 0x000007feeb794000 	C:\Windows\system32\kswdmcap.ax
0x000007fee6a90000 - 0x000007fee6bec000 	C:\Windows\system32\MFC42.dll
0x000007fee69d0000 - 0x000007fee6a81000 	C:\Windows\system32\ODBC32.dll
0x00000000693c0000 - 0x00000000693f8000 	C:\Windows\system32\odbcint.dll
0x000007fee7530000 - 0x000007fee75cb000 	C:\Windows\System32\qedit.dll
0x000007fefcec0000 - 0x000007fefcf57000 	C:\Windows\system32\COMDLG32.dll
0x000007fefacc0000 - 0x000007fefaed9000 	C:\Windows\WinSxS\amd64_microsoft.windows.gdiplus_6595b64144ccf1df_1.1.7601.24385_none_145d9e088b8e6504\gdiplus.dll
0x000007fefc220000 - 0x000007fefc237000 	C:\Windows\system32\CRYPTSP.dll
0x000007fefbf20000 - 0x000007fefbf67000 	C:\Windows\system32\rsaenh.dll
0x00000000693a0000 - 0x00000000693ba000 	C:\Program Files\Java\jdk1.8.0_144\jre\bin\net.dll
0x000007fefc1c0000 - 0x000007fefc215000 	C:\Windows\system32\mswsock.dll
0x000007fefc1b0000 - 0x000007fefc1b7000 	C:\Windows\System32\wship6.dll
0x000007fefa7f0000 - 0x000007fefa817000 	C:\Windows\system32\IPHLPAPI.DLL
0x000007fefa7e0000 - 0x000007fefa7eb000 	C:\Windows\system32\WINNSI.DLL
0x000007fefa2e0000 - 0x000007fefa2f1000 	C:\Windows\system32\dhcpcsvc6.DLL
0x000007fefa2c0000 - 0x000007fefa2d8000 	C:\Windows\system32\dhcpcsvc.DLL
0x0000000068880000 - 0x0000000068891000 	C:\Program Files\Java\jdk1.8.0_144\jre\bin\nio.dll
0x0000000180000000 - 0x0000000180037000 	C:\Users\Administrator\AppData\Local\Temp\jna6662990825439658275.dll
0x000007feeae00000 - 0x000007feeae60000 	D:\eclipse\workspace\FaceRecongnition\RdCard.dll
0x0000000055740000 - 0x000000005575c000 	D:\eclipse\workspace\FaceRecongnition\sdtapi.dll
0x000007feeb750000 - 0x000007feeb766000 	D:\eclipse\workspace\FaceRecongnition\WltRS.dll
0x000007feeb620000 - 0x000007feeb640000 	D:\eclipse\workspace\FaceRecongnition\unpack.dll
0x0000000068830000 - 0x0000000068877000 	C:\Program Files\Java\jdk1.8.0_144\jre\bin\fontmanager.dll
0x0000000067a60000 - 0x0000000067aa2000 	C:\Program Files\Java\jdk1.8.0_144\jre\bin\t2k.dll
0x0000000067a20000 - 0x0000000067a51000 	C:\Program Files\Java\jdk1.8.0_144\jre\bin\jpeg.dll
0x00000000679e0000 - 0x0000000067a1c000 	C:\Program Files\Java\jdk1.8.0_144\jre\bin\lcms.dll
0x0000000068810000 - 0x000000006881d000 	C:\Program Files\Java\jdk1.8.0_144\jre\bin\management.dll
0x000000006adc0000 - 0x000000006aeb2000 	C:\Users\Administrator\AppData\Local\Temp\sqlite-3.20.1-ad0b6728-dcde-467c-904b-de6fc518678e-sqlitejdbc.dll
0x000007fee6190000 - 0x000007fee63c6000 	D:\eclipse\workspace\FaceRecongnition\libarcsoft_fsdk_face_detection.dll
0x000007fee6510000 - 0x000007fee65b6000 	C:\Windows\system32\MSVCP120.dll
0x000007fee4980000 - 0x000007fee4a6f000 	C:\Windows\system32\MSVCR120.dll
0x000007fedab70000 - 0x000007fedc5b9000 	D:\eclipse\workspace\FaceRecongnition\libarcsoft_fsdk_face_recognition.dll

VM Arguments:
jvm_args: -Dfile.encoding=GBK 
java_command: com.dx.frame.FacePhoFrame
java_class_path (initial): C:\Program Files\Java\jdk1.8.0_144\jre\lib\resources.jar;C:\Program Files\Java\jdk1.8.0_144\jre\lib\rt.jar;C:\Program Files\Java\jdk1.8.0_144\jre\lib\jsse.jar;C:\Program Files\Java\jdk1.8.0_144\jre\lib\jce.jar;C:\Program Files\Java\jdk1.8.0_144\jre\lib\charsets.jar;C:\Program Files\Java\jdk1.8.0_144\jre\lib\jfr.jar;C:\Program Files\Java\jdk1.8.0_144\jre\lib\ext\access-bridge-64.jar;C:\Program Files\Java\jdk1.8.0_144\jre\lib\ext\cldrdata.jar;C:\Program Files\Java\jdk1.8.0_144\jre\lib\ext\dnsns.jar;C:\Program Files\Java\jdk1.8.0_144\jre\lib\ext\jaccess.jar;C:\Program Files\Java\jdk1.8.0_144\jre\lib\ext\jfxrt.jar;C:\Program Files\Java\jdk1.8.0_144\jre\lib\ext\localedata.jar;C:\Program Files\Java\jdk1.8.0_144\jre\lib\ext\nashorn.jar;C:\Program Files\Java\jdk1.8.0_144\jre\lib\ext\sunec.jar;C:\Program Files\Java\jdk1.8.0_144\jre\lib\ext\sunjce_provider.jar;C:\Program Files\Java\jdk1.8.0_144\jre\lib\ext\sunmscapi.jar;C:\Program Files\Java\jdk1.8.0_144\jre\lib\ext\sunpkcs11.jar;C:\Program Files\Java\jdk1.8.0_144\jre\lib\ext\zipfs.jar;D:\eclipse\workspace\FaceRecongnition\bin;D:\eclipse\workspace\FaceRecongnition\lib\dom4j-1.6.1.jar;D:\eclipse\workspace\FaceRecongnition\lib\fr-server-7.0.jar;D:\eclipse\workspace\FaceRecongnition\lib\fr-third-7.0.jar;D:\eclipse\workspace\FaceRecongnition\lib\jacob.jar;D:\eclipse\workspace\FaceRecongnition\lib\druid-1.1.10.jar;D:\eclipse\workspace\FaceRecongnition\lib\opencv-341.jar;D:\eclipse\workspace\FaceRecongnition\lib\commons-dbcp-1.4.jar;D:\eclipse\workspace\FaceRecongnition\lib\commons-pool-1.5.6.jar;D:\eclipse\workspace\FaceRecongnition\lib\lombok.jar;D:\eclipse\workspace\FaceRecongnition\lib\sqlite-jdbc-3.20.1.jar;D:\eclipse\workspace\FaceRecongnition\lib\helpMoreTony.jar;C:\Users\Administrator\.p2\pool\plugins\org.junit_4.12.0.v201504281640\junit.jar;C:\Users\Administrator\.p2\pool\plugins\org.hamcrest.core_1.3.0.v201303031735.jar
Launcher Type: SUN_STANDARD

Environment Variables:
JAVA_HOME=C:\Program Files\Java\jdk1.8.0_144
CLASSPATH=.;C:\Program Files\Java\jdk1.8.0_144\lib\dt.jar;C:\Program Files\Java\jdk1.8.0_144\lib\tools.jar;
PATH=C:/Program Files/Java/jre1.8.0_144/bin/server;C:/Program Files/Java/jre1.8.0_144/bin;C:/Program Files/Java/jre1.8.0_144/lib/amd64;C:\ProgramData\Oracle\Java\javapath;C:\Windows\system32;C:\Windows;C:\Windows\System32\Wbem;C:\Windows\System32\WindowsPowerShell\v1.0\;C:\strawberry\c\bin;C:\strawberry\perl\bin;C:\Python27;C:\Program Files\Java\jdk1.8.0_144\bin;C:\Program Files\Java\jdk1.8.0_144\jre\bin;D:\apache-maven-3.2.5\bin;C:\Program Files\TortoiseSVN\bin;D:\Program Files\Git\cmd;D:\Program Files\bandzip\;D:\eclipse\eclipse;
USERNAME=Administrator
OS=Windows_NT
PROCESSOR_IDENTIFIER=Intel64 Family 6 Model 60 Stepping 3, GenuineIntel



---------------  S Y S T E M  ---------------

OS: Windows 7 , 64 bit Build 7601 (6.1.7601.24387)

CPU:total 2 (initial active 2) (2 cores per cpu, 1 threads per core) family 6 model 60 stepping 3, cmov, cx8, fxsr, mmx, sse, sse2, sse3, ssse3, sse4.1, sse4.2, popcnt, clmul, erms, lzcnt, tsc, tscinvbit

Memory: 4k page, physical 4139892k(432912k free), swap 8458108k(971136k free)

vm_info: Java HotSpot(TM) 64-Bit Server VM (25.144-b01) for windows-amd64 JRE (1.8.0_144-b01), built on Jul 21 2017 21:57:33 by "java_re" with MS VC++ 10.0 (VS2010)

time: Fri Jun 14 17:15:36 2019
elapsed time: 52 seconds (0d 0h 0m 52s)

