#
# A fatal error has been detected by the Java Runtime Environment:
#
#  EXCEPTION_ACCESS_VIOLATION (0xc0000005) at pc=0x0000000180003b10, pid=5768, tid=0x0000000000000d08
#
# JRE version: Java(TM) SE Runtime Environment (8.0_144-b01) (build 1.8.0_144-b01)
# Java VM: Java HotSpot(TM) 64-Bit Server VM (25.144-b01 mixed mode windows-amd64 compressed oops)
# Problematic frame:
# C  0x0000000180003b10
#
# Failed to write core dump. Minidumps are not enabled by default on client versions of Windows
#
# If you would like to submit a bug report, please visit:
#   http://bugreport.java.com/bugreport/crash.jsp
# The crash happened outside the Java Virtual Machine in native code.
# See problematic frame for where to report the bug.
#

---------------  T H R E A D  ---------------

Current thread (0x0000000054e3f000):  JavaThread "Finalizer" daemon [_thread_in_native, id=3336, stack(0x0000000055b20000,0x0000000055c20000)]

siginfo: ExceptionCode=0xc0000005, ExceptionInformation=0x0000000000000008 0x0000000180003b10

Registers:
RAX=0x0000000180003b10, RBX=0x0000000060c46f40, RCX=0x0000000054e3f1f8, RDX=0x0000000055c1ee58
RSP=0x0000000055c1edc8, RBP=0x0000000055c1ee48, RSI=0x00000000ed467910, RDI=0x0000000014717010
R8 =0x0000000063735640, R9 =0x0000000055c1ed39, R10=0x0000000002747968, R11=0x00000000703bbc50
R12=0x0000000000000000, R13=0x0000000060c46f40, R14=0x0000000055c1ee70, R15=0x0000000054e3f000
RIP=0x0000000180003b10, EFLAGS=0x0000000000010206

Top of Stack: (sp=0x0000000055c1edc8)
0x0000000055c1edc8:   0000000002747994 0000000054e3f000
0x0000000055c1edd8:   000000007031739d 0000000054e3f8d8
0x0000000055c1ede8:   0000000054e3f8d8 0000000000000000
0x0000000055c1edf8:   00000000c0cb2d98 0000000000000005
0x0000000055c1ee08:   0000000055c1ee08 0000000000000000
0x0000000055c1ee18:   0000000055c1ee70 0000000060ca0d28
0x0000000055c1ee28:   0000000000000000 0000000060c46f40
0x0000000055c1ee38:   0000000000000000 0000000055c1ee68
0x0000000055c1ee48:   0000000055c1eeb8 0000000002738331
0x0000000055c1ee58:   00000000c1526ff0 00000000027419b8
0x0000000055c1ee68:   0000000063735640 0000000055c1eea0
0x0000000055c1ee78:   0000000055c1ee78 0000000060c44e54
0x0000000055c1ee88:   0000000055c1eec8 0000000060ca0d28
0x0000000055c1ee98:   0000000000000000 0000000060c44e78
0x0000000055c1eea8:   0000000055c1ee68 0000000055c1eed0
0x0000000055c1eeb8:   0000000055c1efe0 0000000002baa6ec 

Instructions: (pc=0x0000000180003b10)
0x0000000180003af0:   
[error occurred during error reporting (printing registers, top of stack, instructions near pc), id 0xc0000005]

Register to memory mapping:

RAX=0x0000000180003b10 is an unknown value
RBX={method} {0x0000000060c46f48} 'free' '(J)V' in 'com/sun/jna/Memory'
RCX=0x0000000054e3f1f8 is an unknown value
RDX=0x0000000055c1ee58 is pointing into the stack for thread: 0x0000000054e3f000
RSP=0x0000000055c1edc8 is pointing into the stack for thread: 0x0000000054e3f000
RBP=0x0000000055c1ee48 is pointing into the stack for thread: 0x0000000054e3f000
RSI=0x00000000ed467910 is an oop
com.sun.jna.Memory 
 - klass: 'com/sun/jna/Memory'
RDI=0x0000000014717010 is pointing into metadata
R8 =0x0000000063735640 is an unknown value
R9 =0x0000000055c1ed39 is pointing into the stack for thread: 0x0000000054e3f000
R10=0x0000000002747968 is at code_begin+840 in an Interpreter codelet
method entry point (kind = native)  [0x0000000002747620, 0x0000000002747f80]  2400 bytes
R11=0x00000000703bbc50 is an unknown value
R12=0x0000000000000000 is an unknown value
R13={method} {0x0000000060c46f48} 'free' '(J)V' in 'com/sun/jna/Memory'
R14=0x0000000055c1ee70 is pointing into the stack for thread: 0x0000000054e3f000
R15=0x0000000054e3f000 is a thread


Stack: [0x0000000055b20000,0x0000000055c20000],  sp=0x0000000055c1edc8,  free space=1019k
Native frames: (J=compiled Java code, j=interpreted, Vv=VM code, C=native code)
C  0x0000000180003b10

Java frames: (J=compiled Java code, j=interpreted, Vv=VM code)
j  com.sun.jna.Memory.free(J)V+0
j  com.sun.jna.Memory.finalize()V+4
J 2107 C1 java.lang.ref.Finalizer.runFinalizer(Lsun/misc/JavaLangAccess;)V (62 bytes) @ 0x0000000002baa6ec [0x0000000002baa180+0x56c]
J 2102 C1 java.lang.ref.Finalizer.access$100(Ljava/lang/ref/Finalizer;Lsun/misc/JavaLangAccess;)V (6 bytes) @ 0x0000000002dbfe9c [0x0000000002dbfe40+0x5c]
j  java.lang.ref.Finalizer$FinalizerThread.run()V+45
v  ~StubRoutines::call_stub

---------------  P R O C E S S  ---------------

Java Threads: ( => current thread )
  0x000000005ede1000 JavaThread "Thread-0" daemon [_thread_in_native, id=3012, stack(0x0000000060870000,0x0000000060970000)]
  0x000000005ede0800 JavaThread "Timer-0" [_thread_in_native, id=4020, stack(0x0000000065a20000,0x0000000065b20000)]
  0x000000005eddf800 JavaThread "cameraThread" daemon [_thread_in_Java, id=4976, stack(0x0000000064d00000,0x0000000064e00000)]
  0x0000000056e4f000 JavaThread "Druid-ConnectionPool-Destroy-1693368270" daemon [_thread_blocked, id=2168, stack(0x000000005ea40000,0x000000005eb40000)]
  0x000000005ec4a000 JavaThread "Druid-ConnectionPool-Create-1693368270" daemon [_thread_blocked, id=1604, stack(0x000000005fc00000,0x000000005fd00000)]
  0x000000005ec35800 JavaThread "Abandoned connection cleanup thread" daemon [_thread_blocked, id=5540, stack(0x00000000602a0000,0x00000000603a0000)]
  0x0000000056d00800 JavaThread "TimerQueue" daemon [_thread_blocked, id=5300, stack(0x000000005fd10000,0x000000005fe10000)]
  0x00000000024ce800 JavaThread "DestroyJavaVM" [_thread_blocked, id=5276, stack(0x0000000002630000,0x0000000002730000)]
  0x00000000569ac800 JavaThread "AWT-EventQueue-0" [_thread_blocked, id=5268, stack(0x0000000057880000,0x0000000057980000)]
  0x00000000569a2800 JavaThread "AWT-Shutdown" [_thread_blocked, id=5020, stack(0x0000000056740000,0x0000000056840000)]
  0x00000000569a1800 JavaThread "Java2D Disposer" daemon [_thread_blocked, id=4352, stack(0x00000000571b0000,0x00000000572b0000)]
  0x0000000054ebf000 JavaThread "Service Thread" daemon [_thread_blocked, id=5040, stack(0x00000000565e0000,0x00000000566e0000)]
  0x0000000054ebe000 JavaThread "C1 CompilerThread1" daemon [_thread_blocked, id=4116, stack(0x00000000563d0000,0x00000000564d0000)]
  0x0000000054e73000 JavaThread "C2 CompilerThread0" daemon [_thread_blocked, id=1488, stack(0x0000000055e00000,0x0000000055f00000)]
  0x0000000054e69000 JavaThread "Attach Listener" daemon [_thread_blocked, id=5744, stack(0x0000000055680000,0x0000000055780000)]
  0x0000000054e54800 JavaThread "Signal Dispatcher" daemon [_thread_blocked, id=1096, stack(0x0000000055cb0000,0x0000000055db0000)]
=>0x0000000054e3f000 JavaThread "Finalizer" daemon [_thread_in_native, id=3336, stack(0x0000000055b20000,0x0000000055c20000)]
  0x0000000054df7800 JavaThread "Reference Handler" daemon [_thread_blocked, id=4500, stack(0x00000000559a0000,0x0000000055aa0000)]

Other Threads:
  0x0000000054dee000 VMThread [stack: 0x00000000557e0000,0x00000000558e0000] [id=6056]
  0x0000000055f3a800 WatcherThread [stack: 0x0000000056850000,0x0000000056950000] [id=4268]

VM state:not at safepoint (normal execution)

VM Mutex/Monitor currently owned by a thread: None

Heap:
 PSYoungGen      total 36864K, used 4860K [0x00000000eaf00000, 0x00000000ee000000, 0x0000000100000000)
  eden space 29696K, 11% used [0x00000000eaf00000,0x00000000eb24fa60,0x00000000ecc00000)
  from space 7168K, 20% used [0x00000000ed300000,0x00000000ed46f910,0x00000000eda00000)
  to   space 7168K, 0% used [0x00000000ecc00000,0x00000000ecc00000,0x00000000ed300000)
 ParOldGen       total 29696K, used 11248K [0x00000000c0c00000, 0x00000000c2900000, 0x00000000eaf00000)
  object space 29696K, 37% used [0x00000000c0c00000,0x00000000c16fc1d0,0x00000000c2900000)
 Metaspace       used 20322K, capacity 20634K, committed 20736K, reserved 1067008K
  class space    used 2424K, capacity 2523K, committed 2560K, reserved 1048576K

Card table byte_map: [0x0000000011af0000,0x0000000011cf0000] byte_map_base: 0x00000000114ea000

Marking Bits: (ParMarkBitMap*) 0x00000000709ad850
 Begin Bits: [0x0000000012320000, 0x00000000132f0000)
 End Bits:   [0x00000000132f0000, 0x00000000142c0000)

Polling page: 0x0000000000240000

CodeCache: size=245760Kb used=6737Kb max_used=6791Kb free=239022Kb
 bounds [0x0000000002730000, 0x0000000002df0000, 0x0000000011730000]
 total_blobs=2778 nmethods=1982 adapters=709
 compilation: enabled

Compilation events (10 events):
Event: 32.147 Thread 0x0000000054ebe000 2142       3       java.util.regex.Pattern$BmpCharProperty::match (50 bytes)
Event: 32.147 Thread 0x0000000054ebe000 nmethod 2142 0x0000000002b9c690 code [0x0000000002b9c820, 0x0000000002b9ccc8]
Event: 32.762 Thread 0x0000000054e73000 2143       4       java.awt.EventQueue::eventToCacheIndex (80 bytes)
Event: 32.763 Thread 0x0000000054e73000 nmethod 2143 0x00000000029df390 code [0x00000000029df4e0, 0x00000000029df598]
Event: 33.122 Thread 0x0000000054e73000 2144       4       java.awt.Component::getCursor_NoClientCode (30 bytes)
Event: 33.123 Thread 0x0000000054e73000 nmethod 2144 0x0000000002b9d3d0 code [0x0000000002b9d520, 0x0000000002b9d5c8]
Event: 34.414 Thread 0x0000000054ebe000 2145  s    3       java.util.Hashtable::containsKey (65 bytes)
Event: 34.415 Thread 0x0000000054ebe000 nmethod 2145 0x0000000002c70f90 code [0x0000000002c71120, 0x0000000002c71738]
Event: 34.415 Thread 0x0000000054ebe000 2146       1       java.util.concurrent.CopyOnWriteArrayList::getArray (5 bytes)
Event: 34.415 Thread 0x0000000054ebe000 nmethod 2146 0x00000000029349d0 code [0x0000000002934b20, 0x0000000002934c30]

GC Heap History (10 events):
Event: 33.103 GC heap before
{Heap before GC invocations=65 (full 1):
 PSYoungGen      total 28672K, used 24471K [0x00000000eaf00000, 0x00000000ed600000, 0x0000000100000000)
  eden space 21504K, 93% used [0x00000000eaf00000,0x00000000ec2af420,0x00000000ec400000)
  from space 7168K, 60% used [0x00000000ec400000,0x00000000ec836b30,0x00000000ecb00000)
  to   space 7168K, 0% used [0x00000000ecf00000,0x00000000ecf00000,0x00000000ed600000)
 ParOldGen       total 29696K, used 11200K [0x00000000c0c00000, 0x00000000c2900000, 0x00000000eaf00000)
  object space 29696K, 37% used [0x00000000c0c00000,0x00000000c16f01d0,0x00000000c2900000)
 Metaspace       used 20318K, capacity 20634K, committed 20736K, reserved 1067008K
  class space    used 2423K, capacity 2523K, committed 2560K, reserved 1048576K
Event: 33.105 GC heap after
Heap after GC invocations=65 (full 1):
 PSYoungGen      total 32768K, used 4314K [0x00000000eaf00000, 0x00000000ed600000, 0x0000000100000000)
  eden space 25600K, 0% used [0x00000000eaf00000,0x00000000eaf00000,0x00000000ec800000)
  from space 7168K, 60% used [0x00000000ecf00000,0x00000000ed336b30,0x00000000ed600000)
  to   space 7168K, 0% used [0x00000000ec800000,0x00000000ec800000,0x00000000ecf00000)
 ParOldGen       total 29696K, used 11216K [0x00000000c0c00000, 0x00000000c2900000, 0x00000000eaf00000)
  object space 29696K, 37% used [0x00000000c0c00000,0x00000000c16f41d0,0x00000000c2900000)
 Metaspace       used 20318K, capacity 20634K, committed 20736K, reserved 1067008K
  class space    used 2423K, capacity 2523K, committed 2560K, reserved 1048576K
}
Event: 33.405 GC heap before
{Heap before GC invocations=66 (full 1):
 PSYoungGen      total 32768K, used 28766K [0x00000000eaf00000, 0x00000000ed600000, 0x0000000100000000)
  eden space 25600K, 95% used [0x00000000eaf00000,0x00000000ec6e0f50,0x00000000ec800000)
  from space 7168K, 60% used [0x00000000ecf00000,0x00000000ed336b30,0x00000000ed600000)
  to   space 7168K, 0% used [0x00000000ec800000,0x00000000ec800000,0x00000000ecf00000)
 ParOldGen       total 29696K, used 11216K [0x00000000c0c00000, 0x00000000c2900000, 0x00000000eaf00000)
  object space 29696K, 37% used [0x00000000c0c00000,0x00000000c16f41d0,0x00000000c2900000)
 Metaspace       used 20318K, capacity 20634K, committed 20736K, reserved 1067008K
  class space    used 2423K, capacity 2523K, committed 2560K, reserved 1048576K
Event: 33.407 GC heap after
Heap after GC invocations=66 (full 1):
 PSYoungGen      total 32768K, used 1470K [0x00000000eaf00000, 0x00000000eda80000, 0x0000000100000000)
  eden space 25600K, 0% used [0x00000000eaf00000,0x00000000eaf00000,0x00000000ec800000)
  from space 7168K, 20% used [0x00000000ec800000,0x00000000ec96f910,0x00000000ecf00000)
  to   space 7168K, 0% used [0x00000000ed380000,0x00000000ed380000,0x00000000eda80000)
 ParOldGen       total 29696K, used 11224K [0x00000000c0c00000, 0x00000000c2900000, 0x00000000eaf00000)
  object space 29696K, 37% used [0x00000000c0c00000,0x00000000c16f61d0,0x00000000c2900000)
 Metaspace       used 20318K, capacity 20634K, committed 20736K, reserved 1067008K
  class space    used 2423K, capacity 2523K, committed 2560K, reserved 1048576K
}
Event: 33.678 GC heap before
{Heap before GC invocations=67 (full 1):
 PSYoungGen      total 32768K, used 25920K [0x00000000eaf00000, 0x00000000eda80000, 0x0000000100000000)
  eden space 25600K, 95% used [0x00000000eaf00000,0x00000000ec6e0890,0x00000000ec800000)
  from space 7168K, 20% used [0x00000000ec800000,0x00000000ec96f910,0x00000000ecf00000)
  to   space 7168K, 0% used [0x00000000ed380000,0x00000000ed380000,0x00000000eda80000)
 ParOldGen       total 29696K, used 11224K [0x00000000c0c00000, 0x00000000c2900000, 0x00000000eaf00000)
  object space 29696K, 37% used [0x00000000c0c00000,0x00000000c16f61d0,0x00000000c2900000)
 Metaspace       used 20318K, capacity 20634K, committed 20736K, reserved 1067008K
  class space    used 2423K, capacity 2523K, committed 2560K, reserved 1048576K
Event: 33.680 GC heap after
Heap after GC invocations=67 (full 1):
 PSYoungGen      total 37376K, used 4314K [0x00000000eaf00000, 0x00000000eda80000, 0x0000000100000000)
  eden space 30208K, 0% used [0x00000000eaf00000,0x00000000eaf00000,0x00000000ecc80000)
  from space 7168K, 60% used [0x00000000ed380000,0x00000000ed7b6b30,0x00000000eda80000)
  to   space 7168K, 0% used [0x00000000ecc80000,0x00000000ecc80000,0x00000000ed380000)
 ParOldGen       total 29696K, used 11232K [0x00000000c0c00000, 0x00000000c2900000, 0x00000000eaf00000)
  object space 29696K, 37% used [0x00000000c0c00000,0x00000000c16f81d0,0x00000000c2900000)
 Metaspace       used 20318K, capacity 20634K, committed 20736K, reserved 1067008K
  class space    used 2423K, capacity 2523K, committed 2560K, reserved 1048576K
}
Event: 34.046 GC heap before
{Heap before GC invocations=68 (full 1):
 PSYoungGen      total 37376K, used 34471K [0x00000000eaf00000, 0x00000000eda80000, 0x0000000100000000)
  eden space 30208K, 99% used [0x00000000eaf00000,0x00000000ecc733f0,0x00000000ecc80000)
  from space 7168K, 60% used [0x00000000ed380000,0x00000000ed7b6b30,0x00000000eda80000)
  to   space 7168K, 0% used [0x00000000ecc80000,0x00000000ecc80000,0x00000000ed380000)
 ParOldGen       total 29696K, used 11232K [0x00000000c0c00000, 0x00000000c2900000, 0x00000000eaf00000)
  object space 29696K, 37% used [0x00000000c0c00000,0x00000000c16f81d0,0x00000000c2900000)
 Metaspace       used 20318K, capacity 20634K, committed 20736K, reserved 1067008K
  class space    used 2423K, capacity 2523K, committed 2560K, reserved 1048576K
Event: 34.048 GC heap after
Heap after GC invocations=68 (full 1):
 PSYoungGen      total 31232K, used 1470K [0x00000000eaf00000, 0x00000000eda00000, 0x0000000100000000)
  eden space 29696K, 0% used [0x00000000eaf00000,0x00000000eaf00000,0x00000000ecc00000)
  from space 1536K, 95% used [0x00000000ecc80000,0x00000000ecdef910,0x00000000ece00000)
  to   space 7168K, 0% used [0x00000000ed300000,0x00000000ed300000,0x00000000eda00000)
 ParOldGen       total 29696K, used 11240K [0x00000000c0c00000, 0x00000000c2900000, 0x00000000eaf00000)
  object space 29696K, 37% used [0x00000000c0c00000,0x00000000c16fa1d0,0x00000000c2900000)
 Metaspace       used 20318K, capacity 20634K, committed 20736K, reserved 1067008K
  class space    used 2423K, capacity 2523K, committed 2560K, reserved 1048576K
}
Event: 34.417 GC heap before
{Heap before GC invocations=69 (full 1):
 PSYoungGen      total 31232K, used 30661K [0x00000000eaf00000, 0x00000000eda00000, 0x0000000100000000)
  eden space 29696K, 98% used [0x00000000eaf00000,0x00000000ecb81d68,0x00000000ecc00000)
  from space 1536K, 95% used [0x00000000ecc80000,0x00000000ecdef910,0x00000000ece00000)
  to   space 7168K, 0% used [0x00000000ed300000,0x00000000ed300000,0x00000000eda00000)
 ParOldGen       total 29696K, used 11240K [0x00000000c0c00000, 0x00000000c2900000, 0x00000000eaf00000)
  object space 29696K, 37% used [0x00000000c0c00000,0x00000000c16fa1d0,0x00000000c2900000)
 Metaspace       used 20322K, capacity 20634K, committed 20736K, reserved 1067008K
  class space    used 2424K, capacity 2523K, committed 2560K, reserved 1048576K
Event: 34.454 GC heap after
Heap after GC invocations=69 (full 1):
 PSYoungGen      total 36864K, used 1470K [0x00000000eaf00000, 0x00000000ee000000, 0x0000000100000000)
  eden space 29696K, 0% used [0x00000000eaf00000,0x00000000eaf00000,0x00000000ecc00000)
  from space 7168K, 20% used [0x00000000ed300000,0x00000000ed46f910,0x00000000eda00000)
  to   space 7168K, 0% used [0x00000000ecc00000,0x00000000ecc00000,0x00000000ed300000)
 ParOldGen       total 29696K, used 11248K [0x00000000c0c00000, 0x00000000c2900000, 0x00000000eaf00000)
  object space 29696K, 37% used [0x00000000c0c00000,0x00000000c16fc1d0,0x00000000c2900000)
 Metaspace       used 20322K, capacity 20634K, committed 20736K, reserved 1067008K
  class space    used 2424K, capacity 2523K, committed 2560K, reserved 1048576K
}

Deoptimization events (10 events):
Event: 5.426 Thread 0x00000000569ac800 Uncommon trap: reason=unstable_if action=reinterpret pc=0x00000000029df4d0 method=sun.font.TrueTypeFont.getDirectoryEntry(I)Lsun/font/TrueTypeFont$DirectoryEntry; @ 7
Event: 8.457 Thread 0x00000000569ac800 Uncommon trap: reason=unstable_if action=reinterpret pc=0x0000000002980e00 method=java.io.WinNTFileSystem.normalize(Ljava/lang/String;)Ljava/lang/String; @ 128
Event: 8.555 Thread 0x000000005eddf800 Uncommon trap: reason=unstable_if action=reinterpret pc=0x0000000002c731ac method=com.dx.util.CameraUtil.mat2BI(Lorg/opencv/core/Mat;)Ljava/awt/image/BufferedImage; @ 88
Event: 8.558 Thread 0x000000005eddf800 Uncommon trap: reason=unstable_if action=reinterpret pc=0x0000000002c71544 method=sun.awt.image.ByteInterleavedRaster.putByteData(IIII[B)V @ 446
Event: 8.994 Thread 0x00000000569ac800 Uncommon trap: reason=unstable_if action=reinterpret pc=0x0000000002931034 method=java.util.HashMap.getNode(ILjava/lang/Object;)Ljava/util/HashMap$Node; @ 129
Event: 8.995 Thread 0x00000000569ac800 Uncommon trap: reason=bimorphic action=maybe_recompile pc=0x0000000002aaca1c method=java.util.HashMap.putVal(ILjava/lang/Object;Ljava/lang/Object;ZZ)Ljava/lang/Object; @ 203
Event: 8.995 Thread 0x00000000569ac800 Uncommon trap: reason=unstable_if action=reinterpret pc=0x0000000002c39974 method=java.util.HashMap.getNode(ILjava/lang/Object;)Ljava/util/HashMap$Node; @ 129
Event: 8.995 Thread 0x00000000569ac800 Uncommon trap: reason=bimorphic action=maybe_recompile pc=0x0000000002aaca1c method=java.util.HashMap.putVal(ILjava/lang/Object;Ljava/lang/Object;ZZ)Ljava/lang/Object; @ 203
Event: 8.995 Thread 0x00000000569ac800 Uncommon trap: reason=bimorphic action=maybe_recompile pc=0x0000000002aaca1c method=java.util.HashMap.putVal(ILjava/lang/Object;Ljava/lang/Object;ZZ)Ljava/lang/Object; @ 203
Event: 8.996 Thread 0x00000000569ac800 Uncommon trap: reason=bimorphic action=maybe_recompile pc=0x0000000002aaca1c method=java.util.HashMap.putVal(ILjava/lang/Object;Ljava/lang/Object;ZZ)Ljava/lang/Object; @ 203

Internal exceptions (10 events):
Event: 4.711 Thread 0x00000000569ac800 Exception <a 'java/lang/ArrayIndexOutOfBoundsException'> (0x00000000eb552200) thrown at [C:\re\workspace\8-2-build-windows-amd64-cygwin\jdk8u144\9417\hotspot\src\share\vm\runtime\sharedRuntime.cpp, line 605]
Event: 4.712 Thread 0x00000000569ac800 Exception <a 'java/lang/ArrayIndexOutOfBoundsException'> (0x00000000eb553348) thrown at [C:\re\workspace\8-2-build-windows-amd64-cygwin\jdk8u144\9417\hotspot\src\share\vm\runtime\sharedRuntime.cpp, line 605]
Event: 4.712 Thread 0x00000000569ac800 Exception <a 'java/lang/ArrayIndexOutOfBoundsException'> (0x00000000eb5546d0) thrown at [C:\re\workspace\8-2-build-windows-amd64-cygwin\jdk8u144\9417\hotspot\src\share\vm\runtime\sharedRuntime.cpp, line 605]
Event: 4.713 Thread 0x00000000569ac800 Exception <a 'java/lang/ArrayIndexOutOfBoundsException'> (0x00000000eb556300) thrown at [C:\re\workspace\8-2-build-windows-amd64-cygwin\jdk8u144\9417\hotspot\src\share\vm\runtime\sharedRuntime.cpp, line 605]
Event: 4.718 Thread 0x00000000569ac800 Exception <a 'java/lang/ArrayIndexOutOfBoundsException'> (0x00000000eb57d0a8) thrown at [C:\re\workspace\8-2-build-windows-amd64-cygwin\jdk8u144\9417\hotspot\src\share\vm\runtime\sharedRuntime.cpp, line 605]
Event: 4.718 Thread 0x00000000569ac800 Exception <a 'java/lang/ArrayIndexOutOfBoundsException'> (0x00000000eb57e4f8) thrown at [C:\re\workspace\8-2-build-windows-amd64-cygwin\jdk8u144\9417\hotspot\src\share\vm\runtime\sharedRuntime.cpp, line 605]
Event: 4.718 Thread 0x00000000569ac800 Exception <a 'java/lang/ArrayIndexOutOfBoundsException'> (0x00000000eb580240) thrown at [C:\re\workspace\8-2-build-windows-amd64-cygwin\jdk8u144\9417\hotspot\src\share\vm\runtime\sharedRuntime.cpp, line 605]
Event: 4.722 Thread 0x00000000569ac800 Exception <a 'java/lang/ArrayIndexOutOfBoundsException'> (0x00000000eb5a5ef0) thrown at [C:\re\workspace\8-2-build-windows-amd64-cygwin\jdk8u144\9417\hotspot\src\share\vm\runtime\sharedRuntime.cpp, line 605]
Event: 4.725 Thread 0x00000000569ac800 Exception <a 'java/lang/ArrayIndexOutOfBoundsException'> (0x00000000eb5b4048) thrown at [C:\re\workspace\8-2-build-windows-amd64-cygwin\jdk8u144\9417\hotspot\src\share\vm\runtime\sharedRuntime.cpp, line 605]
Event: 4.971 Thread 0x000000005ec4a000 Implicit null exception at 0x00000000029e102b to 0x00000000029e10a1

Events (10 events):
Event: 34.414 Executing VM operation: RevokeBias done
Event: 34.414 Thread 0x0000000056a42000 Thread exited: 0x0000000056a42000
Event: 34.415 Executing VM operation: RevokeBias
Event: 34.415 Executing VM operation: RevokeBias done
Event: 34.415 Executing VM operation: RevokeBias
Event: 34.415 Executing VM operation: RevokeBias done
Event: 34.417 Thread 0x000000005ede2000 Thread exited: 0x000000005ede2000
Event: 34.417 Executing VM operation: ParallelGCFailedAllocation
Event: 34.454 Executing VM operation: ParallelGCFailedAllocation done
Event: 34.455 Thread 0x00000000569a5800 Thread exited: 0x00000000569a5800


Dynamic libraries:
0x000000013f6b0000 - 0x000000013f6e7000 	C:\Program Files\Java\jre1.8.0_144\bin\javaw.exe
0x0000000077040000 - 0x00000000771df000 	C:\Windows\SYSTEM32\ntdll.dll
0x0000000076f20000 - 0x000000007703f000 	C:\Windows\system32\kernel32.dll
0x000007fefcee0000 - 0x000007fefcf4a000 	C:\Windows\system32\KERNELBASE.dll
0x000007fefd110000 - 0x000007fefd1eb000 	C:\Windows\system32\ADVAPI32.dll
0x000007feff290000 - 0x000007feff32f000 	C:\Windows\system32\msvcrt.dll
0x000007fefd3d0000 - 0x000007fefd3ef000 	C:\Windows\SYSTEM32\sechost.dll
0x000007fefd4d0000 - 0x000007fefd5fc000 	C:\Windows\system32\RPCRT4.dll
0x0000000076e20000 - 0x0000000076f1a000 	C:\Windows\system32\USER32.dll
0x000007fefd450000 - 0x000007fefd4b7000 	C:\Windows\system32\GDI32.dll
0x000007fefd060000 - 0x000007fefd06e000 	C:\Windows\system32\LPK.dll
0x000007feff0b0000 - 0x000007feff179000 	C:\Windows\system32\USP10.dll
0x000007fefb720000 - 0x000007fefb915000 	C:\Windows\WinSxS\amd64_microsoft.windows.common-controls_6595b64144ccf1df_6.0.7601.24380_none_e3731d0b30fb6b11\COMCTL32.dll
0x000007fefeb80000 - 0x000007fefebf1000 	C:\Windows\system32\SHLWAPI.dll
0x000007fefc960000 - 0x000007fefc9b7000 	C:\Windows\system32\apphelp.dll
0x000007fef5430000 - 0x000007fef5481000 	C:\Windows\AppPatch\AppPatch64\AcGenral.DLL
0x000007fefc7b0000 - 0x000007fefc7d5000 	C:\Windows\system32\SspiCli.dll
0x000007fefe980000 - 0x000007fefeb7f000 	C:\Windows\system32\ole32.dll
0x000007fefd600000 - 0x000007fefe38b000 	C:\Windows\system32\SHELL32.dll
0x0000000071c50000 - 0x0000000071c53000 	C:\Windows\system32\sfc.dll
0x000007fef68f0000 - 0x000007fef6900000 	C:\Windows\system32\sfc_os.DLL
0x000007fefcbb0000 - 0x000007fefcbce000 	C:\Windows\system32\USERENV.dll
0x000007fefcb90000 - 0x000007fefcb9f000 	C:\Windows\system32\profapi.dll
0x000007fefa970000 - 0x000007fefa988000 	C:\Windows\system32\dwmapi.dll
0x000007fef6530000 - 0x000007fef6548000 	C:\Windows\system32\MPR.dll
0x000007fefd030000 - 0x000007fefd05e000 	C:\Windows\system32\IMM32.DLL
0x000007feff180000 - 0x000007feff289000 	C:\Windows\system32\MSCTF.dll
0x000000006a520000 - 0x000000006a5f2000 	C:\Program Files\Java\jre1.8.0_144\bin\msvcr100.dll
0x0000000070190000 - 0x0000000070a2d000 	C:\Program Files\Java\jre1.8.0_144\bin\server\jvm.dll
0x000007fefb160000 - 0x000007fefb169000 	C:\Windows\system32\WSOCK32.dll
0x000007fefe5a0000 - 0x000007fefe5ed000 	C:\Windows\system32\WS2_32.dll
0x000007fefd4c0000 - 0x000007fefd4c8000 	C:\Windows\system32\NSI.dll
0x000007fef5d10000 - 0x000007fef5d4b000 	C:\Windows\system32\WINMM.dll
0x000007fefbc10000 - 0x000007fefbc1c000 	C:\Windows\system32\VERSION.dll
0x00000000771f0000 - 0x00000000771f7000 	C:\Windows\system32\PSAPI.DLL
0x0000000073e10000 - 0x0000000073e1f000 	C:\Program Files\Java\jre1.8.0_144\bin\verify.dll
0x0000000073de0000 - 0x0000000073e09000 	C:\Program Files\Java\jre1.8.0_144\bin\java.dll
0x0000000073d90000 - 0x0000000073da6000 	C:\Program Files\Java\jre1.8.0_144\bin\zip.dll
0x0000000069be0000 - 0x0000000069d78000 	C:\Program Files\Java\jre1.8.0_144\bin\awt.dll
0x000007fefcf50000 - 0x000007fefd02a000 	C:\Windows\system32\OLEAUT32.dll
0x000007fefaf70000 - 0x000007fefafc6000 	C:\Windows\system32\uxtheme.dll
0x000007fef5dc0000 - 0x000007fef60e3000 	C:\Windows\system32\PALMINPUTIME.IME
0x000007fef9b50000 - 0x000007fef9b57000 	C:\Windows\system32\MSIMG32.dll
0x000007fefafd0000 - 0x000007fefb0f5000 	C:\Windows\system32\dbghelp.dll
0x000007fefb2f0000 - 0x000007fefb31d000 	C:\Windows\system32\ntmarta.dll
0x000007fefd3f0000 - 0x000007fefd442000 	C:\Windows\system32\WLDAP32.dll
0x000007fefc9c0000 - 0x000007fefc9cf000 	C:\Windows\system32\CRYPTBASE.dll
0x000007fef1240000 - 0x000007fef135d000 	C:\Windows\system32\opengl32.dll
0x000007fefa3d0000 - 0x000007fefa3fd000 	C:\Windows\system32\GLU32.dll
0x000007fef19b0000 - 0x000007fef1aa1000 	C:\Windows\system32\DDRAW.dll
0x000007fefb170000 - 0x000007fefb178000 	C:\Windows\system32\DCIMAN32.dll
0x000007fefd1f0000 - 0x000007fefd3c7000 	C:\Windows\system32\SETUPAPI.dll
0x000007fefce90000 - 0x000007fefcec6000 	C:\Windows\system32\CFGMGR32.dll
0x000007fefce40000 - 0x000007fefce5a000 	C:\Windows\system32\DEVOBJ.dll
0x000007feee6d0000 - 0x000007feee8cf000 	C:\Windows\system32\d3d9.dll
0x000007fefb140000 - 0x000007fefb147000 	C:\Windows\system32\d3d8thk.dll
0x000000006a6a0000 - 0x000000006a6d1000 	C:\Program Files\Java\jre1.8.0_144\bin\jpeg.dll
0x000000006a650000 - 0x000000006a697000 	C:\Program Files\Java\jre1.8.0_144\bin\fontmanager.dll
0x000007fefd070000 - 0x000007fefd109000 	C:\Windows\system32\CLBCatQ.DLL
0x000007fefa7c0000 - 0x000007fefa921000 	C:\Windows\system32\WindowsCodecs.dll
0x000007fef5390000 - 0x000007fef53e6000 	C:\Users\Administrator\AppData\Local\Microsoft\OneDrive\17.3.4604.0120\amd64\FileSyncShell64.dll
0x000007fef52e0000 - 0x000007fef5387000 	C:\Users\Administrator\AppData\Local\Microsoft\OneDrive\17.3.4604.0120\amd64\MSVCP110.dll
0x000007fef5020000 - 0x000007fef50ee000 	C:\Users\Administrator\AppData\Local\Microsoft\OneDrive\17.3.4604.0120\amd64\MSVCR110.dll
0x000007fefec00000 - 0x000007feff0ac000 	C:\Windows\system32\WININET.dll
0x000007fefce70000 - 0x000007fefce74000 	C:\Windows\system32\api-ms-win-downlevel-user32-l1-1-0.dll
0x000007fefcd40000 - 0x000007fefcd44000 	C:\Windows\system32\api-ms-win-downlevel-shlwapi-l1-1-0.dll
0x000007fefce60000 - 0x000007fefce64000 	C:\Windows\system32\api-ms-win-downlevel-version-l1-1-0.dll
0x000007fefced0000 - 0x000007fefced3000 	C:\Windows\system32\api-ms-win-downlevel-normaliz-l1-1-0.dll
0x00000000771e0000 - 0x00000000771e3000 	C:\Windows\system32\normaliz.DLL
0x000007fefe5f0000 - 0x000007fefe8ba000 	C:\Windows\system32\iertutil.dll
0x000007fefce80000 - 0x000007fefce85000 	C:\Windows\system32\api-ms-win-downlevel-advapi32-l1-1-0.dll
0x0000000071c30000 - 0x0000000071c50000 	C:\Program Files\Common Files\TortoiseOverlays\TortoiseOverlays.dll
0x000007fefb2e0000 - 0x000007fefb2e3000 	C:\Windows\system32\api-ms-win-core-synch-l1-2-0.DLL
0x0000000071c10000 - 0x0000000071c2b000 	C:\Program Files\TortoiseSVN\bin\TortoiseStub.dll
0x0000000071b80000 - 0x0000000071c08000 	C:\Program Files\TortoiseSVN\bin\TortoiseSVN.dll
0x000007fef4a70000 - 0x000007fef501e000 	C:\Program Files\TortoiseSVN\bin\libsvn_tsvn.dll
0x0000000071660000 - 0x0000000071692000 	C:\Program Files\TortoiseSVN\bin\libapr_tsvn.dll
0x000007fefc270000 - 0x000007fefc2c5000 	C:\Windows\system32\MSWSOCK.dll
0x000007fef66d0000 - 0x000007fef66e7000 	C:\Program Files\TortoiseSVN\bin\VCRUNTIME140.dll
0x000007fef6580000 - 0x000007fef6584000 	C:\Program Files\TortoiseSVN\bin\api-ms-win-crt-runtime-l1-1-0.dll
0x000007fef4970000 - 0x000007fef4a64000 	C:\Windows\system32\ucrtbase.DLL
0x000007fef6570000 - 0x000007fef6573000 	C:\Windows\system32\api-ms-win-core-timezone-l1-1-0.dll
0x000007fef6560000 - 0x000007fef6563000 	C:\Windows\system32\api-ms-win-core-file-l2-1-0.dll
0x000007fef6550000 - 0x000007fef6553000 	C:\Windows\system32\api-ms-win-core-localization-l1-2-0.dll
0x000007fef52d0000 - 0x000007fef52d3000 	C:\Windows\system32\api-ms-win-core-processthreads-l1-1-1.dll
0x000007fef52c0000 - 0x000007fef52c3000 	C:\Windows\system32\api-ms-win-core-file-l1-2-0.dll
0x000007fef4960000 - 0x000007fef4964000 	C:\Program Files\TortoiseSVN\bin\api-ms-win-crt-string-l1-1-0.dll
0x000007fef4950000 - 0x000007fef4953000 	C:\Program Files\TortoiseSVN\bin\api-ms-win-crt-heap-l1-1-0.dll
0x000007fef4940000 - 0x000007fef4944000 	C:\Program Files\TortoiseSVN\bin\api-ms-win-crt-stdio-l1-1-0.dll
0x000007fef4930000 - 0x000007fef4934000 	C:\Program Files\TortoiseSVN\bin\api-ms-win-crt-convert-l1-1-0.dll
0x000007fef4920000 - 0x000007fef4923000 	C:\Program Files\TortoiseSVN\bin\api-ms-win-crt-conio-l1-1-0.dll
0x000007fef4910000 - 0x000007fef4913000 	C:\Program Files\TortoiseSVN\bin\api-ms-win-crt-utility-l1-1-0.dll
0x000007fef4900000 - 0x000007fef4905000 	C:\Program Files\TortoiseSVN\bin\api-ms-win-crt-math-l1-1-0.dll
0x000007fef48f0000 - 0x000007fef48f3000 	C:\Program Files\TortoiseSVN\bin\api-ms-win-crt-environment-l1-1-0.dll
0x000007fef48e0000 - 0x000007fef48e3000 	C:\Program Files\TortoiseSVN\bin\api-ms-win-crt-time-l1-1-0.dll
0x0000000071610000 - 0x0000000071654000 	C:\Program Files\TortoiseSVN\bin\libaprutil_tsvn.dll
0x000007fef48c0000 - 0x000007fef48d2000 	C:\Program Files\TortoiseSVN\bin\intl3_tsvn.dll
0x000007fef48b0000 - 0x000007fef48b3000 	C:\Program Files\TortoiseSVN\bin\api-ms-win-crt-filesystem-l1-1-0.dll
0x000007fef4890000 - 0x000007fef48aa000 	C:\Program Files\TortoiseSVN\bin\libsasl.dll
0x000007fefc630000 - 0x000007fefc63b000 	C:\Windows\system32\Secur32.dll
0x000007fefcbd0000 - 0x000007fefcd3a000 	C:\Windows\system32\CRYPT32.dll
0x000007fefcba0000 - 0x000007fefcbaf000 	C:\Windows\system32\MSASN1.dll
0x000007fef4880000 - 0x000007fef4883000 	C:\Program Files\TortoiseSVN\bin\api-ms-win-crt-locale-l1-1-0.dll
0x000007fef47e0000 - 0x000007fef487e000 	C:\Program Files\TortoiseSVN\bin\MSVCP140.dll
0x000007fef47d0000 - 0x000007fef47d5000 	C:\Program Files\TortoiseSVN\bin\api-ms-win-crt-multibyte-l1-1-0.dll
0x000007fef2ef0000 - 0x000007fef325f000 	C:\Program Files (x86)\Microsoft Office\root\VFS\ProgramFilesX64\Microsoft Office\Office16\GROOVEEX.DLL
0x000007fef8f20000 - 0x000007fef923e000 	C:\Windows\system32\msi.dll
0x000007fef2680000 - 0x000007fef2ee4000 	C:\Program Files (x86)\Microsoft Office\root\VFS\ProgramFilesX64\Microsoft Office\Office16\2052\GrooveIntlResource.dll
0x0000000073d70000 - 0x0000000073d8a000 	C:\Program Files\Java\jre1.8.0_144\bin\net.dll
0x000007fefc260000 - 0x000007fefc267000 	C:\Windows\System32\wship6.dll
0x0000000073d50000 - 0x0000000073d61000 	C:\Program Files\Java\jre1.8.0_144\bin\nio.dll
0x000000006a600000 - 0x000000006a642000 	C:\Program Files\Java\jre1.8.0_144\bin\t2k.dll
0x0000000073d10000 - 0x0000000073d1d000 	C:\Program Files\Java\jre1.8.0_144\bin\management.dll
0x000007fee12c0000 - 0x000007fee3f92000 	C:\Program Files\Java\jre1.8.0_144\bin\opencv_java341.dll
0x000007fef6ae0000 - 0x000007fef6b09000 	C:\Windows\system32\MSVFW32.dll
0x000007fefa390000 - 0x000007fefa3af000 	C:\Windows\system32\AVIFIL32.dll
0x000007fef1060000 - 0x000007fef1078000 	C:\Windows\system32\MSACM32.dll
0x000007fefb120000 - 0x000007fefb137000 	C:\Windows\system32\AVICAP32.dll
0x000007fef6cd0000 - 0x000007fef6ce6000 	C:\Windows\system32\devenum.dll
0x000007fefcd50000 - 0x000007fefcd8a000 	C:\Windows\system32\WINTRUST.dll
0x000007fef9ca0000 - 0x000007fef9cad000 	C:\Windows\system32\msdmo.dll
0x000007fef6c60000 - 0x000007fef6c8f000 	C:\Windows\system32\qcap.dll
0x000007feed470000 - 0x000007feed623000 	C:\Windows\system32\quartz.dll
0x000007fef1820000 - 0x000007fef1861000 	C:\Windows\system32\ksproxy.ax
0x00000000715f0000 - 0x00000000715f6000 	C:\Windows\system32\ksuser.dll
0x000007fef6d60000 - 0x000007fef6d6b000 	C:\Windows\system32\vidcap.ax
0x000007fef1980000 - 0x000007fef19a4000 	C:\Windows\system32\kswdmcap.ax
0x000007feee970000 - 0x000007feeeacc000 	C:\Windows\system32\MFC42.dll

VM Arguments:
jvm_args: -Dfile.encoding=GBK 
java_command: com.dx.FaceMainFrame
java_class_path (initial): C:\Program Files\Java\jre1.8.0_144\lib\resources.jar;C:\Program Files\Java\jre1.8.0_144\lib\rt.jar;C:\Program Files\Java\jre1.8.0_144\lib\jsse.jar;C:\Program Files\Java\jre1.8.0_144\lib\jce.jar;C:\Program Files\Java\jre1.8.0_144\lib\charsets.jar;C:\Program Files\Java\jre1.8.0_144\lib\jfr.jar;C:\Program Files\Java\jre1.8.0_144\lib\ext\access-bridge-64.jar;C:\Program Files\Java\jre1.8.0_144\lib\ext\cldrdata.jar;C:\Program Files\Java\jre1.8.0_144\lib\ext\dnsns.jar;C:\Program Files\Java\jre1.8.0_144\lib\ext\jaccess.jar;C:\Program Files\Java\jre1.8.0_144\lib\ext\jfxrt.jar;C:\Program Files\Java\jre1.8.0_144\lib\ext\localedata.jar;C:\Program Files\Java\jre1.8.0_144\lib\ext\nashorn.jar;C:\Program Files\Java\jre1.8.0_144\lib\ext\sunec.jar;C:\Program Files\Java\jre1.8.0_144\lib\ext\sunjce_provider.jar;C:\Program Files\Java\jre1.8.0_144\lib\ext\sunmscapi.jar;C:\Program Files\Java\jre1.8.0_144\lib\ext\sunpkcs11.jar;C:\Program Files\Java\jre1.8.0_144\lib\ext\zipfs.jar;D:\eclipse\workspace\FaceRecongnition\bin;D:\eclipse\workspace\FaceRecongnition\lib\dom4j-1.6.1.jar;D:\eclipse\workspace\FaceRecongnition\lib\fr-server-7.0.jar;D:\eclipse\workspace\FaceRecongnition\lib\fr-third-7.0.jar;D:\eclipse\workspace\FaceRecongnition\lib\jacob.jar;D:\eclipse\workspace\FaceRecongnition\lib\druid-1.1.10.jar;D:\eclipse\workspace\FaceRecongnition\lib\mysql-connector-java-5.1.38.jar;D:\eclipse\workspace\FaceRecongnition\lib\opencv-341.jar;D:\eclipse\workspace\FaceRecongnition\lib\commons-dbcp-1.4.jar;D:\eclipse\workspace\FaceRecongnition\lib\commons-pool-1.5.6.jar;D:\eclipse\workspace\FaceRecongnition\lib\lombok.jar;C:\Users\Administrator\.p2\pool\plugins\org.junit_4.12.0.v201504281640\junit.jar;C:\Users\Administrator\.p2\pool\plugins\org.hamcrest.core_1.3.0.v201303031735.jar
Launcher Type: SUN_STANDARD

Environment Variables:
JAVA_HOME=C:\Program Files\Java\jdk1.8.0_144
CLASSPATH=.;C:\Program Files\Java\jdk1.8.0_144\lib\dt.jar;C:\Program Files\Java\jdk1.8.0_144\lib\tools.jar;
PATH=C:/Program Files/Java/jre1.8.0_144/bin/server;C:/Program Files/Java/jre1.8.0_144/bin;C:/Program Files/Java/jre1.8.0_144/lib/amd64;C:\ProgramData\Oracle\Java\javapath;C:\Windows\system32;C:\Windows;C:\Windows\System32\Wbem;C:\Windows\System32\WindowsPowerShell\v1.0\;C:\strawberry\c\bin;C:\strawberry\perl\bin;C:\Python27;C:\Program Files\Java\jdk1.8.0_144\bin;C:\Program Files\Java\jdk1.8.0_144\jre\bin;D:\apache-maven-3.2.5\bin;C:\Program Files\TortoiseSVN\bin;D:\Program Files\Git\cmd;D:\Program Files\bandzip\;D:\eclipse\eclipse;
USERNAME=Administrator
OS=Windows_NT
PROCESSOR_IDENTIFIER=Intel64 Family 6 Model 60 Stepping 3, GenuineIntel



---------------  S Y S T E M  ---------------

OS: Windows 7 , 64 bit Build 7601 (6.1.7601.24387)

CPU:total 2 (initial active 2) (2 cores per cpu, 1 threads per core) family 6 model 60 stepping 3, cmov, cx8, fxsr, mmx, sse, sse2, sse3, ssse3, sse4.1, sse4.2, popcnt, clmul, erms, lzcnt, tsc, tscinvbit

Memory: 4k page, physical 4139892k(1125120k free), swap 8277884k(1944076k free)

vm_info: Java HotSpot(TM) 64-Bit Server VM (25.144-b01) for windows-amd64 JRE (1.8.0_144-b01), built on Jul 21 2017 21:57:33 by "java_re" with MS VC++ 10.0 (VS2010)

time: Thu May 23 11:27:23 2019
elapsed time: 34 seconds (0d 0h 0m 34s)

