#
# A fatal error has been detected by the Java Runtime Environment:
#
#  EXCEPTION_ACCESS_VIOLATION (0xc0000005) at pc=0x0000000180003b10, pid=6636, tid=0x0000000000001bf8
#
# JRE version: Java(TM) SE Runtime Environment (8.0_144-b01) (build 1.8.0_144-b01)
# Java VM: Java HotSpot(TM) 64-Bit Server VM (25.144-b01 mixed mode windows-amd64 compressed oops)
# Problematic frame:
# C  0x0000000180003b10
#
# Failed to write core dump. Minidumps are not enabled by default on client versions of Windows
#
# If you would like to submit a bug report, please visit:
#   http://bugreport.java.com/bugreport/crash.jsp
# The crash happened outside the Java Virtual Machine in native code.
# See problematic frame for where to report the bug.
#

---------------  T H R E A D  ---------------

Current thread (0x0000000054d7f000):  JavaThread "Finalizer" daemon [_thread_in_native, id=7160, stack(0x00000000558c0000,0x00000000559c0000)]

siginfo: ExceptionCode=0xc0000005, ExceptionInformation=0x0000000000000008 0x0000000180003b10

Registers:
RAX=0x0000000180003b10, RBX=0x00000000618f6ab0, RCX=0x0000000054d7f1f8, RDX=0x00000000559bf588
RSP=0x00000000559bf4f8, RBP=0x00000000559bf578, RSI=0x00000000ebf003f8, RDI=0x00000000c0ecdea8
R8 =0x000000005ecd7370, R9 =0x00000000ebf003f8, R10=0x0000000002817968, R11=0x000000006e35bc50
R12=0x0000000000000000, R13=0x00000000618f6ab0, R14=0x00000000559bf5a0, R15=0x0000000054d7f000
RIP=0x0000000180003b10, EFLAGS=0x0000000000010206

Top of Stack: (sp=0x00000000559bf4f8)
0x00000000559bf4f8:   0000000002817994 0000000000000000
0x00000000559bf508:   0000000054d7f000 00000000559bf738
0x00000000559bf518:   0000000000000000 0000000000000000
0x00000000559bf528:   0000000054d7f000 0000000000000000
0x00000000559bf538:   00000000559bf538 0000000000000000
0x00000000559bf548:   00000000559bf5a0 000000006198dde8
0x00000000559bf558:   0000000000000000 00000000618f6ab0
0x00000000559bf568:   0000000000000000 00000000559bf598
0x00000000559bf578:   00000000559bf5e8 0000000002808331
0x00000000559bf588:   00000000c180b070 00000000028119b8
0x00000000559bf598:   000000005ecd7370 0000000000000005
0x00000000559bf5a8:   00000000559bf5a8 00000000618f49c4
0x00000000559bf5b8:   00000000559bf5f8 000000006198dde8
0x00000000559bf5c8:   0000000000000000 00000000618f49e8
0x00000000559bf5d8:   00000000559bf598 00000000559bf5f8
0x00000000559bf5e8:   00000000559bf640 0000000002808331 

Instructions: (pc=0x0000000180003b10)
0x0000000180003af0:   
[error occurred during error reporting (printing registers, top of stack, instructions near pc), id 0xc0000005]

Register to memory mapping:

RAX=0x0000000180003b10 is an unknown value
RBX={method} {0x00000000618f6ab8} 'free' '(J)V' in 'com/sun/jna/Memory'
RCX=0x0000000054d7f1f8 is an unknown value
RDX=0x00000000559bf588 is pointing into the stack for thread: 0x0000000054d7f000
RSP=0x00000000559bf4f8 is pointing into the stack for thread: 0x0000000054d7f000
RBP=0x00000000559bf578 is pointing into the stack for thread: 0x0000000054d7f000
RSI=0x00000000ebf003f8 is an oop
java.lang.ref.Finalizer 
 - klass: 'java/lang/ref/Finalizer'
RDI=0x00000000c0ecdea8 is an oop
java.lang.ref.ReferenceQueue$Lock 
 - klass: 'java/lang/ref/ReferenceQueue$Lock'
R8 =0x000000005ecd7370 is an unknown value
R9 =0x00000000ebf003f8 is an oop
java.lang.ref.Finalizer 
 - klass: 'java/lang/ref/Finalizer'
R10=0x0000000002817968 is at code_begin+840 in an Interpreter codelet
method entry point (kind = native)  [0x0000000002817620, 0x0000000002817f80]  2400 bytes
R11=0x000000006e35bc50 is an unknown value
R12=0x0000000000000000 is an unknown value
R13={method} {0x00000000618f6ab8} 'free' '(J)V' in 'com/sun/jna/Memory'
R14=0x00000000559bf5a0 is pointing into the stack for thread: 0x0000000054d7f000
R15=0x0000000054d7f000 is a thread


Stack: [0x00000000558c0000,0x00000000559c0000],  sp=0x00000000559bf4f8,  free space=1021k
Native frames: (J=compiled Java code, j=interpreted, Vv=VM code, C=native code)
C  0x0000000180003b10

Java frames: (J=compiled Java code, j=interpreted, Vv=VM code)
j  com.sun.jna.Memory.free(J)V+0
j  com.sun.jna.Memory.finalize()V+4
j  java.lang.System$2.invokeFinalize(Ljava/lang/Object;)V+1
j  java.lang.ref.Finalizer.runFinalizer(Lsun/misc/JavaLangAccess;)V+46
j  java.lang.ref.Finalizer.access$100(Ljava/lang/ref/Finalizer;Lsun/misc/JavaLangAccess;)V+2
j  java.lang.ref.Finalizer$FinalizerThread.run()V+45
v  ~StubRoutines::call_stub

---------------  P R O C E S S  ---------------

Java Threads: ( => current thread )
  0x0000000056c45000 JavaThread "Thread-0" daemon [_thread_in_native, id=6728, stack(0x00000000596e0000,0x00000000597e0000)]
  0x0000000056c43800 JavaThread "Timer-0" [_thread_blocked, id=7036, stack(0x0000000067850000,0x0000000067950000)]
  0x0000000056c42800 JavaThread "cameraThread" daemon [_thread_in_native, id=5296, stack(0x0000000065b00000,0x0000000065c00000)]
  0x0000000056c42000 JavaThread "Druid-ConnectionPool-Destroy-1201833280" daemon [_thread_blocked, id=6248, stack(0x00000000601a0000,0x00000000602a0000)]
  0x0000000056bee000 JavaThread "Druid-ConnectionPool-Create-1201833280" daemon [_thread_blocked, id=6520, stack(0x000000005ff90000,0x0000000060090000)]
  0x0000000056bc5800 JavaThread "Abandoned connection cleanup thread" daemon [_thread_blocked, id=5808, stack(0x000000005f290000,0x000000005f390000)]
  0x0000000056b6b800 JavaThread "TimerQueue" daemon [_thread_blocked, id=1092, stack(0x000000005fa40000,0x000000005fb40000)]
  0x00000000025ce800 JavaThread "DestroyJavaVM" [_thread_blocked, id=1744, stack(0x00000000025f0000,0x00000000026f0000)]
  0x000000005674f800 JavaThread "AWT-EventQueue-0" [_thread_blocked, id=6712, stack(0x0000000057670000,0x0000000057770000)]
  0x0000000056746000 JavaThread "AWT-Windows" daemon [_thread_in_native, id=2908, stack(0x0000000056f20000,0x0000000057020000)]
  0x0000000056743000 JavaThread "AWT-Shutdown" [_thread_blocked, id=6384, stack(0x00000000571d0000,0x00000000572d0000)]
  0x0000000056742000 JavaThread "Java2D Disposer" daemon [_thread_blocked, id=5676, stack(0x0000000057020000,0x0000000057120000)]
  0x00000000562f4800 JavaThread "Service Thread" daemon [_thread_blocked, id=4404, stack(0x0000000055680000,0x0000000055780000)]
  0x0000000054dcb800 JavaThread "C1 CompilerThread1" daemon [_thread_blocked, id=6288, stack(0x00000000561b0000,0x00000000562b0000)]
  0x0000000054db3000 JavaThread "C2 CompilerThread0" daemon [_thread_blocked, id=6952, stack(0x00000000560a0000,0x00000000561a0000)]
  0x0000000054db1000 JavaThread "Attach Listener" daemon [_thread_blocked, id=5144, stack(0x0000000055eb0000,0x0000000055fb0000)]
  0x0000000054d92000 JavaThread "Signal Dispatcher" daemon [_thread_blocked, id=5280, stack(0x0000000055d40000,0x0000000055e40000)]
=>0x0000000054d7f000 JavaThread "Finalizer" daemon [_thread_in_native, id=7160, stack(0x00000000558c0000,0x00000000559c0000)]
  0x0000000054d37800 JavaThread "Reference Handler" daemon [_thread_blocked, id=4356, stack(0x0000000055a60000,0x0000000055b60000)]

Other Threads:
  0x0000000054d2e000 VMThread [stack: 0x0000000055780000,0x0000000055880000] [id=3352]
  0x00000000562f8800 WatcherThread [stack: 0x0000000055bf0000,0x0000000055cf0000] [id=5824]

VM state:not at safepoint (normal execution)

VM Mutex/Monitor currently owned by a thread: None

Heap:
 PSYoungGen      total 23040K, used 6038K [0x00000000eaf00000, 0x00000000ecc00000, 0x0000000100000000)
  eden space 16384K, 19% used [0x00000000eaf00000,0x00000000eb20e628,0x00000000ebf00000)
  from space 6656K, 43% used [0x00000000ebf00000,0x00000000ec1d7220,0x00000000ec580000)
  to   space 6656K, 0% used [0x00000000ec580000,0x00000000ec580000,0x00000000ecc00000)
 ParOldGen       total 44032K, used 12505K [0x00000000c0c00000, 0x00000000c3700000, 0x00000000eaf00000)
  object space 44032K, 28% used [0x00000000c0c00000,0x00000000c18366d0,0x00000000c3700000)
 Metaspace       used 20087K, capacity 20370K, committed 20480K, reserved 1067008K
  class space    used 2425K, capacity 2523K, committed 2560K, reserved 1048576K

Card table byte_map: [0x0000000011bc0000,0x0000000011dc0000] byte_map_base: 0x00000000115ba000

Marking Bits: (ParMarkBitMap*) 0x000000006e94d850
 Begin Bits: [0x0000000012260000, 0x0000000013230000)
 End Bits:   [0x0000000013230000, 0x0000000014200000)

Polling page: 0x0000000000330000

CodeCache: size=245760Kb used=5747Kb max_used=5769Kb free=240012Kb
 bounds [0x0000000002800000, 0x0000000002dc0000, 0x0000000011800000]
 total_blobs=2474 nmethods=1678 adapters=709
 compilation: enabled

Compilation events (10 events):
Event: 39.427 Thread 0x0000000054db3000 1795       4       sun.awt.AWTAutoShutdown::notifyToolkitThreadFree (8 bytes)
Event: 39.429 Thread 0x0000000054db3000 nmethod 1795 0x00000000029a2a10 code [0x00000000029a2b60, 0x00000000029a3018]
Event: 40.603 Thread 0x0000000054dcb800 1796       1       sun.awt.image.VolatileSurfaceManager::contentsLost (5 bytes)
Event: 40.603 Thread 0x0000000054dcb800 nmethod 1796 0x0000000002ac1750 code [0x0000000002ac18a0, 0x0000000002ac19b0]
Event: 40.996 Thread 0x0000000054dcb800 1797       1       sun.awt.windows.WObjectPeer::getStateLock (5 bytes)
Event: 40.996 Thread 0x0000000054dcb800 nmethod 1797 0x00000000029a2750 code [0x00000000029a28a0, 0x00000000029a29b0]
Event: 41.385 Thread 0x0000000054dcb800 1798  s    3       java.util.Hashtable::containsKey (65 bytes)
Event: 41.385 Thread 0x0000000054dcb800 nmethod 1798 0x00000000029a1d50 code [0x00000000029a1ee0, 0x00000000029a24f8]
Event: 41.385 Thread 0x0000000054dcb800 1799       1       java.util.concurrent.CopyOnWriteArrayList::getArray (5 bytes)
Event: 41.385 Thread 0x0000000054dcb800 nmethod 1799 0x00000000029a1a90 code [0x00000000029a1be0, 0x00000000029a1cf0]

GC Heap History (10 events):
Event: 32.440 GC heap before
{Heap before GC invocations=13 (full 0):
 PSYoungGen      total 22528K, used 18749K [0x00000000eaf00000, 0x00000000ecc00000, 0x0000000100000000)
  eden space 16384K, 96% used [0x00000000eaf00000,0x00000000ebe78250,0x00000000ebf00000)
  from space 6144K, 47% used [0x00000000ec600000,0x00000000ec8d7220,0x00000000ecc00000)
  to   space 6656K, 0% used [0x00000000ebf00000,0x00000000ebf00000,0x00000000ec580000)
 ParOldGen       total 44032K, used 12441K [0x00000000c0c00000, 0x00000000c3700000, 0x00000000eaf00000)
  object space 44032K, 28% used [0x00000000c0c00000,0x00000000c18266d0,0x00000000c3700000)
 Metaspace       used 20052K, capacity 20306K, committed 20480K, reserved 1067008K
  class space    used 2424K, capacity 2523K, committed 2560K, reserved 1048576K
Event: 32.441 GC heap after
Heap after GC invocations=13 (full 0):
 PSYoungGen      total 23040K, used 1502K [0x00000000eaf00000, 0x00000000ecd00000, 0x0000000100000000)
  eden space 16384K, 0% used [0x00000000eaf00000,0x00000000eaf00000,0x00000000ebf00000)
  from space 6656K, 22% used [0x00000000ebf00000,0x00000000ec077910,0x00000000ec580000)
  to   space 7168K, 0% used [0x00000000ec600000,0x00000000ec600000,0x00000000ecd00000)
 ParOldGen       total 44032K, used 12457K [0x00000000c0c00000, 0x00000000c3700000, 0x00000000eaf00000)
  object space 44032K, 28% used [0x00000000c0c00000,0x00000000c182a6d0,0x00000000c3700000)
 Metaspace       used 20052K, capacity 20306K, committed 20480K, reserved 1067008K
  class space    used 2424K, capacity 2523K, committed 2560K, reserved 1048576K
}
Event: 34.427 GC heap before
{Heap before GC invocations=14 (full 0):
 PSYoungGen      total 23040K, used 17312K [0x00000000eaf00000, 0x00000000ecd00000, 0x0000000100000000)
  eden space 16384K, 96% used [0x00000000eaf00000,0x00000000ebe706f0,0x00000000ebf00000)
  from space 6656K, 22% used [0x00000000ebf00000,0x00000000ec077910,0x00000000ec580000)
  to   space 7168K, 0% used [0x00000000ec600000,0x00000000ec600000,0x00000000ecd00000)
 ParOldGen       total 44032K, used 12457K [0x00000000c0c00000, 0x00000000c3700000, 0x00000000eaf00000)
  object space 44032K, 28% used [0x00000000c0c00000,0x00000000c182a6d0,0x00000000c3700000)
 Metaspace       used 20055K, capacity 20306K, committed 20480K, reserved 1067008K
  class space    used 2424K, capacity 2523K, committed 2560K, reserved 1048576K
Event: 34.428 GC heap after
Heap after GC invocations=14 (full 0):
 PSYoungGen      total 22528K, used 2908K [0x00000000eaf00000, 0x00000000ecc00000, 0x0000000100000000)
  eden space 16384K, 0% used [0x00000000eaf00000,0x00000000eaf00000,0x00000000ebf00000)
  from space 6144K, 47% used [0x00000000ec600000,0x00000000ec8d7220,0x00000000ecc00000)
  to   space 6656K, 0% used [0x00000000ebf00000,0x00000000ebf00000,0x00000000ec580000)
 ParOldGen       total 44032K, used 12473K [0x00000000c0c00000, 0x00000000c3700000, 0x00000000eaf00000)
  object space 44032K, 28% used [0x00000000c0c00000,0x00000000c182e6d0,0x00000000c3700000)
 Metaspace       used 20055K, capacity 20306K, committed 20480K, reserved 1067008K
  class space    used 2424K, capacity 2523K, committed 2560K, reserved 1048576K
}
Event: 36.872 GC heap before
{Heap before GC invocations=15 (full 0):
 PSYoungGen      total 22528K, used 18825K [0x00000000eaf00000, 0x00000000ecc00000, 0x0000000100000000)
  eden space 16384K, 97% used [0x00000000eaf00000,0x00000000ebe8b568,0x00000000ebf00000)
  from space 6144K, 47% used [0x00000000ec600000,0x00000000ec8d7220,0x00000000ecc00000)
  to   space 6656K, 0% used [0x00000000ebf00000,0x00000000ebf00000,0x00000000ec580000)
 ParOldGen       total 44032K, used 12473K [0x00000000c0c00000, 0x00000000c3700000, 0x00000000eaf00000)
  object space 44032K, 28% used [0x00000000c0c00000,0x00000000c182e6d0,0x00000000c3700000)
 Metaspace       used 20065K, capacity 20370K, committed 20480K, reserved 1067008K
  class space    used 2424K, capacity 2523K, committed 2560K, reserved 1048576K
Event: 36.873 GC heap after
Heap after GC invocations=15 (full 0):
 PSYoungGen      total 23040K, used 1470K [0x00000000eaf00000, 0x00000000ecc00000, 0x0000000100000000)
  eden space 16384K, 0% used [0x00000000eaf00000,0x00000000eaf00000,0x00000000ebf00000)
  from space 6656K, 22% used [0x00000000ebf00000,0x00000000ec06f910,0x00000000ec580000)
  to   space 6656K, 0% used [0x00000000ec580000,0x00000000ec580000,0x00000000ecc00000)
 ParOldGen       total 44032K, used 12481K [0x00000000c0c00000, 0x00000000c3700000, 0x00000000eaf00000)
  object space 44032K, 28% used [0x00000000c0c00000,0x00000000c18306d0,0x00000000c3700000)
 Metaspace       used 20065K, capacity 20370K, committed 20480K, reserved 1067008K
  class space    used 2424K, capacity 2523K, committed 2560K, reserved 1048576K
}
Event: 38.901 GC heap before
{Heap before GC invocations=16 (full 0):
 PSYoungGen      total 23040K, used 17322K [0x00000000eaf00000, 0x00000000ecc00000, 0x0000000100000000)
  eden space 16384K, 96% used [0x00000000eaf00000,0x00000000ebe7af08,0x00000000ebf00000)
  from space 6656K, 22% used [0x00000000ebf00000,0x00000000ec06f910,0x00000000ec580000)
  to   space 6656K, 0% used [0x00000000ec580000,0x00000000ec580000,0x00000000ecc00000)
 ParOldGen       total 44032K, used 12481K [0x00000000c0c00000, 0x00000000c3700000, 0x00000000eaf00000)
  object space 44032K, 28% used [0x00000000c0c00000,0x00000000c18306d0,0x00000000c3700000)
 Metaspace       used 20075K, capacity 20370K, committed 20480K, reserved 1067008K
  class space    used 2424K, capacity 2523K, committed 2560K, reserved 1048576K
Event: 38.903 GC heap after
Heap after GC invocations=16 (full 0):
 PSYoungGen      total 23040K, used 4314K [0x00000000eaf00000, 0x00000000ecc00000, 0x0000000100000000)
  eden space 16384K, 0% used [0x00000000eaf00000,0x00000000eaf00000,0x00000000ebf00000)
  from space 6656K, 64% used [0x00000000ec580000,0x00000000ec9b6b30,0x00000000ecc00000)
  to   space 6656K, 0% used [0x00000000ebf00000,0x00000000ebf00000,0x00000000ec580000)
 ParOldGen       total 44032K, used 12489K [0x00000000c0c00000, 0x00000000c3700000, 0x00000000eaf00000)
  object space 44032K, 28% used [0x00000000c0c00000,0x00000000c18326d0,0x00000000c3700000)
 Metaspace       used 20075K, capacity 20370K, committed 20480K, reserved 1067008K
  class space    used 2424K, capacity 2523K, committed 2560K, reserved 1048576K
}
Event: 41.391 GC heap before
{Heap before GC invocations=17 (full 0):
 PSYoungGen      total 23040K, used 20520K [0x00000000eaf00000, 0x00000000ecc00000, 0x0000000100000000)
  eden space 16384K, 98% used [0x00000000eaf00000,0x00000000ebed3530,0x00000000ebf00000)
  from space 6656K, 64% used [0x00000000ec580000,0x00000000ec9b6b30,0x00000000ecc00000)
  to   space 6656K, 0% used [0x00000000ebf00000,0x00000000ebf00000,0x00000000ec580000)
 ParOldGen       total 44032K, used 12489K [0x00000000c0c00000, 0x00000000c3700000, 0x00000000eaf00000)
  object space 44032K, 28% used [0x00000000c0c00000,0x00000000c18326d0,0x00000000c3700000)
 Metaspace       used 20087K, capacity 20370K, committed 20480K, reserved 1067008K
  class space    used 2425K, capacity 2523K, committed 2560K, reserved 1048576K
Event: 41.392 GC heap after
Heap after GC invocations=17 (full 0):
 PSYoungGen      total 23040K, used 2908K [0x00000000eaf00000, 0x00000000ecc00000, 0x0000000100000000)
  eden space 16384K, 0% used [0x00000000eaf00000,0x00000000eaf00000,0x00000000ebf00000)
  from space 6656K, 43% used [0x00000000ebf00000,0x00000000ec1d7220,0x00000000ec580000)
  to   space 6656K, 0% used [0x00000000ec580000,0x00000000ec580000,0x00000000ecc00000)
 ParOldGen       total 44032K, used 12505K [0x00000000c0c00000, 0x00000000c3700000, 0x00000000eaf00000)
  object space 44032K, 28% used [0x00000000c0c00000,0x00000000c18366d0,0x00000000c3700000)
 Metaspace       used 20087K, capacity 20370K, committed 20480K, reserved 1067008K
  class space    used 2425K, capacity 2523K, committed 2560K, reserved 1048576K
}

Deoptimization events (10 events):
Event: 8.462 Thread 0x000000005674f800 Uncommon trap: reason=class_check action=maybe_recompile pc=0x0000000002bcda8c method=java.util.HashSet.add(Ljava/lang/Object;)Z @ 8
Event: 8.462 Thread 0x000000005674f800 Uncommon trap: reason=class_check action=maybe_recompile pc=0x0000000002bcda8c method=java.util.HashSet.add(Ljava/lang/Object;)Z @ 8
Event: 8.462 Thread 0x000000005674f800 Uncommon trap: reason=class_check action=maybe_recompile pc=0x0000000002bcda8c method=java.util.HashSet.add(Ljava/lang/Object;)Z @ 8
Event: 8.688 Thread 0x000000005674f800 Uncommon trap: reason=unstable_if action=reinterpret pc=0x0000000002cfce74 method=java.util.HashMap.getNode(ILjava/lang/Object;)Ljava/util/HashMap$Node; @ 129
Event: 8.688 Thread 0x000000005674f800 Uncommon trap: reason=bimorphic action=maybe_recompile pc=0x0000000002b861fc method=java.util.HashMap.putVal(ILjava/lang/Object;Ljava/lang/Object;ZZ)Ljava/lang/Object; @ 203
Event: 8.689 Thread 0x000000005674f800 Uncommon trap: reason=unstable_if action=reinterpret pc=0x0000000002cfeafc method=java.util.HashMap.getNode(ILjava/lang/Object;)Ljava/util/HashMap$Node; @ 129
Event: 8.689 Thread 0x000000005674f800 Uncommon trap: reason=bimorphic action=maybe_recompile pc=0x0000000002b861fc method=java.util.HashMap.putVal(ILjava/lang/Object;Ljava/lang/Object;ZZ)Ljava/lang/Object; @ 203
Event: 8.689 Thread 0x000000005674f800 Uncommon trap: reason=bimorphic action=maybe_recompile pc=0x0000000002b9bdc0 method=java.util.HashMap.putVal(ILjava/lang/Object;Ljava/lang/Object;ZZ)Ljava/lang/Object; @ 203
Event: 9.495 Thread 0x0000000056c42800 Uncommon trap: reason=unstable_if action=reinterpret pc=0x0000000002d6abac method=com.dx.util.CameraUtil.mat2BI(Lorg/opencv/core/Mat;)Ljava/awt/image/BufferedImage; @ 88
Event: 9.497 Thread 0x0000000056c42800 Uncommon trap: reason=unstable_if action=reinterpret pc=0x0000000002d68f44 method=sun.awt.image.ByteInterleavedRaster.putByteData(IIII[B)V @ 446

Internal exceptions (10 events):
Event: 4.835 Thread 0x000000005674f800 Exception <a 'java/lang/NoClassDefFoundError': org/apache/log4j/Category> (0x00000000eb2d08d8) thrown at [C:\re\workspace\8-2-build-windows-amd64-cygwin\jdk8u144\9417\hotspot\src\share\vm\classfile\systemDictionary.cpp, line 199]
Event: 4.901 Thread 0x000000005674f800 Exception <a 'java/lang/ArrayIndexOutOfBoundsException'> (0x00000000eb55b5c0) thrown at [C:\re\workspace\8-2-build-windows-amd64-cygwin\jdk8u144\9417\hotspot\src\share\vm\runtime\sharedRuntime.cpp, line 605]
Event: 4.901 Thread 0x000000005674f800 Exception <a 'java/lang/ArrayIndexOutOfBoundsException'> (0x00000000eb55c708) thrown at [C:\re\workspace\8-2-build-windows-amd64-cygwin\jdk8u144\9417\hotspot\src\share\vm\runtime\sharedRuntime.cpp, line 605]
Event: 4.901 Thread 0x000000005674f800 Exception <a 'java/lang/ArrayIndexOutOfBoundsException'> (0x00000000eb55da90) thrown at [C:\re\workspace\8-2-build-windows-amd64-cygwin\jdk8u144\9417\hotspot\src\share\vm\runtime\sharedRuntime.cpp, line 605]
Event: 4.902 Thread 0x000000005674f800 Exception <a 'java/lang/ArrayIndexOutOfBoundsException'> (0x00000000eb55f6c0) thrown at [C:\re\workspace\8-2-build-windows-amd64-cygwin\jdk8u144\9417\hotspot\src\share\vm\runtime\sharedRuntime.cpp, line 605]
Event: 4.907 Thread 0x000000005674f800 Exception <a 'java/lang/ArrayIndexOutOfBoundsException'> (0x00000000eb5863d0) thrown at [C:\re\workspace\8-2-build-windows-amd64-cygwin\jdk8u144\9417\hotspot\src\share\vm\runtime\sharedRuntime.cpp, line 605]
Event: 4.907 Thread 0x000000005674f800 Exception <a 'java/lang/ArrayIndexOutOfBoundsException'> (0x00000000eb587820) thrown at [C:\re\workspace\8-2-build-windows-amd64-cygwin\jdk8u144\9417\hotspot\src\share\vm\runtime\sharedRuntime.cpp, line 605]
Event: 4.907 Thread 0x000000005674f800 Exception <a 'java/lang/ArrayIndexOutOfBoundsException'> (0x00000000eb589568) thrown at [C:\re\workspace\8-2-build-windows-amd64-cygwin\jdk8u144\9417\hotspot\src\share\vm\runtime\sharedRuntime.cpp, line 605]
Event: 4.911 Thread 0x000000005674f800 Exception <a 'java/lang/ArrayIndexOutOfBoundsException'> (0x00000000eb5af430) thrown at [C:\re\workspace\8-2-build-windows-amd64-cygwin\jdk8u144\9417\hotspot\src\share\vm\runtime\sharedRuntime.cpp, line 605]
Event: 4.913 Thread 0x000000005674f800 Exception <a 'java/lang/ArrayIndexOutOfBoundsException'> (0x00000000eb5bd588) thrown at [C:\re\workspace\8-2-build-windows-amd64-cygwin\jdk8u144\9417\hotspot\src\share\vm\runtime\sharedRuntime.cpp, line 605]

Events (10 events):
Event: 41.384 Executing VM operation: RevokeBias done
Event: 41.385 Executing VM operation: RevokeBias
Event: 41.385 Executing VM operation: RevokeBias done
Event: 41.385 Executing VM operation: RevokeBias
Event: 41.385 Executing VM operation: RevokeBias done
Event: 41.386 loading class sun/java2d/pipe/hw/AccelDeviceEventNotifier
Event: 41.386 loading class sun/java2d/pipe/hw/AccelDeviceEventNotifier done
Event: 41.386 Thread 0x0000000056c44000 Thread exited: 0x0000000056c44000
Event: 41.390 Executing VM operation: ParallelGCFailedAllocation
Event: 41.392 Executing VM operation: ParallelGCFailedAllocation done


Dynamic libraries:
0x000000013f730000 - 0x000000013f767000 	C:\Program Files\Java\jre1.8.0_144\bin\javaw.exe
0x0000000076eb0000 - 0x000000007704f000 	C:\Windows\SYSTEM32\ntdll.dll
0x0000000076d90000 - 0x0000000076eaf000 	C:\Windows\system32\kernel32.dll
0x000007fefcd10000 - 0x000007fefcd7a000 	C:\Windows\system32\KERNELBASE.dll
0x000007fefefa0000 - 0x000007feff07b000 	C:\Windows\system32\ADVAPI32.dll
0x000007fefddb0000 - 0x000007fefde4f000 	C:\Windows\system32\msvcrt.dll
0x000007fefd8e0000 - 0x000007fefd8ff000 	C:\Windows\SYSTEM32\sechost.dll
0x000007fefe0e0000 - 0x000007fefe20c000 	C:\Windows\system32\RPCRT4.dll
0x0000000076c90000 - 0x0000000076d8a000 	C:\Windows\system32\USER32.dll
0x000007fefcef0000 - 0x000007fefcf57000 	C:\Windows\system32\GDI32.dll
0x000007feff080000 - 0x000007feff08e000 	C:\Windows\system32\LPK.dll
0x000007fefd260000 - 0x000007fefd329000 	C:\Windows\system32\USP10.dll
0x000007fefb3c0000 - 0x000007fefb5b5000 	C:\Windows\WinSxS\amd64_microsoft.windows.common-controls_6595b64144ccf1df_6.0.7601.24380_none_e3731d0b30fb6b11\COMCTL32.dll
0x000007fefd9a0000 - 0x000007fefda11000 	C:\Windows\system32\SHLWAPI.dll
0x000007fefc7d0000 - 0x000007fefc827000 	C:\Windows\system32\apphelp.dll
0x000007fef57e0000 - 0x000007fef5831000 	C:\Windows\AppPatch\AppPatch64\AcGenral.DLL
0x000007fefc790000 - 0x000007fefc7b5000 	C:\Windows\system32\SspiCli.dll
0x000007fefdbb0000 - 0x000007fefddaf000 	C:\Windows\system32\ole32.dll
0x000007fefe210000 - 0x000007fefef9b000 	C:\Windows\system32\SHELL32.dll
0x0000000071ac0000 - 0x0000000071ac3000 	C:\Windows\system32\sfc.dll
0x000007fef6760000 - 0x000007fef6770000 	C:\Windows\system32\sfc_os.DLL
0x000007fefca30000 - 0x000007fefca4e000 	C:\Windows\system32\USERENV.dll
0x000007fefca00000 - 0x000007fefca0f000 	C:\Windows\system32\profapi.dll
0x000007fefa500000 - 0x000007fefa518000 	C:\Windows\system32\dwmapi.dll
0x000007fef5b10000 - 0x000007fef5b28000 	C:\Windows\system32\MPR.dll
0x000007fefd230000 - 0x000007fefd25e000 	C:\Windows\system32\IMM32.DLL
0x000007feff090000 - 0x000007feff199000 	C:\Windows\system32\MSCTF.dll
0x000000005eeb0000 - 0x000000005ef82000 	C:\Program Files\Java\jre1.8.0_144\bin\msvcr100.dll
0x000000006e130000 - 0x000000006e9cd000 	C:\Program Files\Java\jre1.8.0_144\bin\server\jvm.dll
0x000007fef59d0000 - 0x000007fef59d9000 	C:\Windows\system32\WSOCK32.dll
0x000007fefcea0000 - 0x000007fefceed000 	C:\Windows\system32\WS2_32.dll
0x000007fefded0000 - 0x000007fefded8000 	C:\Windows\system32\NSI.dll
0x000007fef58b0000 - 0x000007fef58eb000 	C:\Windows\system32\WINMM.dll
0x000007fefba80000 - 0x000007fefba8c000 	C:\Windows\system32\VERSION.dll
0x0000000077060000 - 0x0000000077067000 	C:\Windows\system32\PSAPI.DLL
0x0000000073ae0000 - 0x0000000073aef000 	C:\Program Files\Java\jre1.8.0_144\bin\verify.dll
0x0000000073ab0000 - 0x0000000073ad9000 	C:\Program Files\Java\jre1.8.0_144\bin\java.dll
0x0000000073a60000 - 0x0000000073a76000 	C:\Program Files\Java\jre1.8.0_144\bin\zip.dll
0x000000005ed10000 - 0x000000005eea8000 	C:\Program Files\Java\jre1.8.0_144\bin\awt.dll
0x000007fefcdc0000 - 0x000007fefce9a000 	C:\Windows\system32\OLEAUT32.dll
0x000007fefb1e0000 - 0x000007fefb236000 	C:\Windows\system32\uxtheme.dll
0x000007fef50c0000 - 0x000007fef53e3000 	C:\Windows\system32\PALMINPUTIME.IME
0x000007fef9610000 - 0x000007fef9617000 	C:\Windows\system32\MSIMG32.dll
0x000007fef9d50000 - 0x000007fef9e75000 	C:\Windows\system32\dbghelp.dll
0x000007fefb390000 - 0x000007fefb3bd000 	C:\Windows\system32\ntmarta.dll
0x000007fefd330000 - 0x000007fefd382000 	C:\Windows\system32\WLDAP32.dll
0x000007fefc830000 - 0x000007fefc83f000 	C:\Windows\system32\CRYPTBASE.dll
0x000007feeca90000 - 0x000007feecbad000 	C:\Windows\system32\opengl32.dll
0x000007fef20f0000 - 0x000007fef211d000 	C:\Windows\system32\GLU32.dll
0x000007feee7e0000 - 0x000007feee8d1000 	C:\Windows\system32\DDRAW.dll
0x000007fef2a10000 - 0x000007fef2a18000 	C:\Windows\system32\DCIMAN32.dll
0x000007fefdf00000 - 0x000007fefe0d7000 	C:\Windows\system32\SETUPAPI.dll
0x000007fefca50000 - 0x000007fefca86000 	C:\Windows\system32\CFGMGR32.dll
0x000007fefcab0000 - 0x000007fefcaca000 	C:\Windows\system32\DEVOBJ.dll
0x000007feece70000 - 0x000007feed06f000 	C:\Windows\system32\d3d9.dll
0x000007fef6b10000 - 0x000007fef6b17000 	C:\Windows\system32\d3d8thk.dll
0x000007fee5a60000 - 0x000007fee6af8000 	C:\Windows\system32\nvd3dumx.dll
0x000000005f5a0000 - 0x000000005f5d1000 	C:\Program Files\Java\jre1.8.0_144\bin\jpeg.dll
0x000000005f400000 - 0x000000005f447000 	C:\Program Files\Java\jre1.8.0_144\bin\fontmanager.dll
0x000007fefd840000 - 0x000007fefd8d9000 	C:\Windows\system32\CLBCatQ.DLL
0x000007fef9be0000 - 0x000007fef9d41000 	C:\Windows\system32\WindowsCodecs.dll
0x000007fef5430000 - 0x000007fef5486000 	C:\Users\Administrator\AppData\Local\Microsoft\OneDrive\17.3.4604.0120\amd64\FileSyncShell64.dll
0x000007fef4a10000 - 0x000007fef4ab7000 	C:\Users\Administrator\AppData\Local\Microsoft\OneDrive\17.3.4604.0120\amd64\MSVCP110.dll
0x000007fef4460000 - 0x000007fef452e000 	C:\Users\Administrator\AppData\Local\Microsoft\OneDrive\17.3.4604.0120\amd64\MSVCR110.dll
0x000007fefd390000 - 0x000007fefd83c000 	C:\Windows\system32\WININET.dll
0x000007fefcd00000 - 0x000007fefcd04000 	C:\Windows\system32\api-ms-win-downlevel-user32-l1-1-0.dll
0x000007fefcaa0000 - 0x000007fefcaa4000 	C:\Windows\system32\api-ms-win-downlevel-shlwapi-l1-1-0.dll
0x000007fefca90000 - 0x000007fefca94000 	C:\Windows\system32\api-ms-win-downlevel-version-l1-1-0.dll
0x000007fefccf0000 - 0x000007fefccf3000 	C:\Windows\system32\api-ms-win-downlevel-normaliz-l1-1-0.dll
0x0000000077050000 - 0x0000000077053000 	C:\Windows\system32\normaliz.DLL
0x000007fefcf60000 - 0x000007fefd22a000 	C:\Windows\system32\iertutil.dll
0x000007fefcad0000 - 0x000007fefcad5000 	C:\Windows\system32\api-ms-win-downlevel-advapi32-l1-1-0.dll
0x0000000071530000 - 0x0000000071550000 	C:\Program Files\Common Files\TortoiseOverlays\TortoiseOverlays.dll
0x000007fefa7d0000 - 0x000007fefa7d3000 	C:\Windows\system32\api-ms-win-core-synch-l1-2-0.DLL
0x0000000071510000 - 0x000000007152b000 	C:\Program Files\TortoiseSVN\bin\TortoiseStub.dll
0x0000000071430000 - 0x00000000714b8000 	C:\Program Files\TortoiseSVN\bin\TortoiseSVN.dll
0x000007fef3eb0000 - 0x000007fef445e000 	C:\Program Files\TortoiseSVN\bin\libsvn_tsvn.dll
0x00000000713d0000 - 0x0000000071402000 	C:\Program Files\TortoiseSVN\bin\libapr_tsvn.dll
0x000007fefc0e0000 - 0x000007fefc135000 	C:\Windows\system32\MSWSOCK.dll
0x000007fef5b30000 - 0x000007fef5b47000 	C:\Program Files\TortoiseSVN\bin\VCRUNTIME140.dll
0x000007fef58a0000 - 0x000007fef58a4000 	C:\Program Files\TortoiseSVN\bin\api-ms-win-crt-runtime-l1-1-0.dll
0x000007fef3db0000 - 0x000007fef3ea4000 	C:\Windows\system32\ucrtbase.DLL
0x000007fef5610000 - 0x000007fef5613000 	C:\Windows\system32\api-ms-win-core-timezone-l1-1-0.dll
0x000007fef5420000 - 0x000007fef5423000 	C:\Windows\system32\api-ms-win-core-file-l2-1-0.dll
0x000007fef5410000 - 0x000007fef5413000 	C:\Windows\system32\api-ms-win-core-localization-l1-2-0.dll
0x000007fef5400000 - 0x000007fef5403000 	C:\Windows\system32\api-ms-win-core-processthreads-l1-1-1.dll
0x000007fef53f0000 - 0x000007fef53f3000 	C:\Windows\system32\api-ms-win-core-file-l1-2-0.dll
0x000007fef4a00000 - 0x000007fef4a04000 	C:\Program Files\TortoiseSVN\bin\api-ms-win-crt-string-l1-1-0.dll
0x000007fef49f0000 - 0x000007fef49f3000 	C:\Program Files\TortoiseSVN\bin\api-ms-win-crt-heap-l1-1-0.dll
0x000007fef49e0000 - 0x000007fef49e4000 	C:\Program Files\TortoiseSVN\bin\api-ms-win-crt-stdio-l1-1-0.dll
0x000007fef49d0000 - 0x000007fef49d4000 	C:\Program Files\TortoiseSVN\bin\api-ms-win-crt-convert-l1-1-0.dll
0x000007fef49c0000 - 0x000007fef49c3000 	C:\Program Files\TortoiseSVN\bin\api-ms-win-crt-conio-l1-1-0.dll
0x000007fef49b0000 - 0x000007fef49b3000 	C:\Program Files\TortoiseSVN\bin\api-ms-win-crt-utility-l1-1-0.dll
0x000007fef49a0000 - 0x000007fef49a5000 	C:\Program Files\TortoiseSVN\bin\api-ms-win-crt-math-l1-1-0.dll
0x000007fef4990000 - 0x000007fef4993000 	C:\Program Files\TortoiseSVN\bin\api-ms-win-crt-environment-l1-1-0.dll
0x000007fef3da0000 - 0x000007fef3da3000 	C:\Program Files\TortoiseSVN\bin\api-ms-win-crt-time-l1-1-0.dll
0x0000000071380000 - 0x00000000713c4000 	C:\Program Files\TortoiseSVN\bin\libaprutil_tsvn.dll
0x000007fef3d80000 - 0x000007fef3d92000 	C:\Program Files\TortoiseSVN\bin\intl3_tsvn.dll
0x000007fef3d70000 - 0x000007fef3d73000 	C:\Program Files\TortoiseSVN\bin\api-ms-win-crt-filesystem-l1-1-0.dll
0x000007fef3d50000 - 0x000007fef3d6a000 	C:\Program Files\TortoiseSVN\bin\libsasl.dll
0x000007fefc5f0000 - 0x000007fefc5fb000 	C:\Windows\system32\Secur32.dll
0x000007fefcb80000 - 0x000007fefccea000 	C:\Windows\system32\CRYPT32.dll
0x000007fefca10000 - 0x000007fefca1f000 	C:\Windows\system32\MSASN1.dll
0x000007fef3d40000 - 0x000007fef3d43000 	C:\Program Files\TortoiseSVN\bin\api-ms-win-crt-locale-l1-1-0.dll
0x000007fef3ca0000 - 0x000007fef3d3e000 	C:\Program Files\TortoiseSVN\bin\MSVCP140.dll
0x000007fef3c90000 - 0x000007fef3c95000 	C:\Program Files\TortoiseSVN\bin\api-ms-win-crt-multibyte-l1-1-0.dll
0x000007fef3920000 - 0x000007fef3c8f000 	C:\Program Files (x86)\Microsoft Office\root\VFS\ProgramFilesX64\Microsoft Office\Office16\GROOVEEX.DLL
0x000007fef8d90000 - 0x000007fef90ae000 	C:\Windows\system32\msi.dll
0x000007fef3060000 - 0x000007fef38c4000 	C:\Program Files (x86)\Microsoft Office\root\VFS\ProgramFilesX64\Microsoft Office\Office16\2052\GrooveIntlResource.dll
0x0000000072b10000 - 0x0000000072b2a000 	C:\Program Files\Java\jre1.8.0_144\bin\net.dll
0x000007fefc0d0000 - 0x000007fefc0d7000 	C:\Windows\System32\wship6.dll
0x0000000072af0000 - 0x0000000072b01000 	C:\Program Files\Java\jre1.8.0_144\bin\nio.dll
0x000000005f3b0000 - 0x000000005f3f2000 	C:\Program Files\Java\jre1.8.0_144\bin\t2k.dll
0x0000000073a50000 - 0x0000000073a5d000 	C:\Program Files\Java\jre1.8.0_144\bin\management.dll
0x000007fed9470000 - 0x000007fedc142000 	C:\Program Files\Java\jre1.8.0_144\bin\opencv_java341.dll
0x000007fef2040000 - 0x000007fef2069000 	C:\Windows\system32\MSVFW32.dll
0x000007fef00f0000 - 0x000007fef010f000 	C:\Windows\system32\AVIFIL32.dll
0x000007fef2590000 - 0x000007fef25a8000 	C:\Windows\system32\MSACM32.dll
0x000007feefe20000 - 0x000007feefe37000 	C:\Windows\system32\AVICAP32.dll
0x000007feee9c0000 - 0x000007feee9d6000 	C:\Windows\system32\devenum.dll
0x000007fefcd80000 - 0x000007fefcdba000 	C:\Windows\system32\WINTRUST.dll
0x000007fefb8d0000 - 0x000007fefb8dd000 	C:\Windows\system32\msdmo.dll
0x000007feee990000 - 0x000007feee9bf000 	C:\Windows\system32\qcap.dll
0x000007feec170000 - 0x000007feec323000 	C:\Windows\system32\quartz.dll
0x000007feee790000 - 0x000007feee7d1000 	C:\Windows\system32\ksproxy.ax
0x0000000070a80000 - 0x0000000070a86000 	C:\Windows\system32\ksuser.dll
0x000007fef2a00000 - 0x000007fef2a0b000 	C:\Windows\system32\vidcap.ax
0x000007feee960000 - 0x000007feee984000 	C:\Windows\system32\kswdmcap.ax

VM Arguments:
jvm_args: -Dfile.encoding=GBK 
java_command: com.dx.FaceMainFrame
java_class_path (initial): C:\Program Files\Java\jre1.8.0_144\lib\resources.jar;C:\Program Files\Java\jre1.8.0_144\lib\rt.jar;C:\Program Files\Java\jre1.8.0_144\lib\jsse.jar;C:\Program Files\Java\jre1.8.0_144\lib\jce.jar;C:\Program Files\Java\jre1.8.0_144\lib\charsets.jar;C:\Program Files\Java\jre1.8.0_144\lib\jfr.jar;C:\Program Files\Java\jre1.8.0_144\lib\ext\access-bridge-64.jar;C:\Program Files\Java\jre1.8.0_144\lib\ext\cldrdata.jar;C:\Program Files\Java\jre1.8.0_144\lib\ext\dnsns.jar;C:\Program Files\Java\jre1.8.0_144\lib\ext\jaccess.jar;C:\Program Files\Java\jre1.8.0_144\lib\ext\jfxrt.jar;C:\Program Files\Java\jre1.8.0_144\lib\ext\localedata.jar;C:\Program Files\Java\jre1.8.0_144\lib\ext\nashorn.jar;C:\Program Files\Java\jre1.8.0_144\lib\ext\sunec.jar;C:\Program Files\Java\jre1.8.0_144\lib\ext\sunjce_provider.jar;C:\Program Files\Java\jre1.8.0_144\lib\ext\sunmscapi.jar;C:\Program Files\Java\jre1.8.0_144\lib\ext\sunpkcs11.jar;C:\Program Files\Java\jre1.8.0_144\lib\ext\zipfs.jar;D:\eclipse\workspace\FaceRecongnition\bin;D:\eclipse\workspace\FaceRecongnition\lib\dom4j-1.6.1.jar;D:\eclipse\workspace\FaceRecongnition\lib\fr-server-7.0.jar;D:\eclipse\workspace\FaceRecongnition\lib\fr-third-7.0.jar;D:\eclipse\workspace\FaceRecongnition\lib\jacob.jar;D:\eclipse\workspace\FaceRecongnition\lib\druid-1.1.10.jar;D:\eclipse\workspace\FaceRecongnition\lib\mysql-connector-java-5.1.38.jar;D:\eclipse\workspace\FaceRecongnition\lib\opencv-341.jar;D:\eclipse\workspace\FaceRecongnition\lib\commons-dbcp-1.4.jar;D:\eclipse\workspace\FaceRecongnition\lib\commons-pool-1.5.6.jar;D:\eclipse\workspace\FaceRecongnition\lib\lombok.jar;C:\Users\Administrator\.p2\pool\plugins\org.junit_4.12.0.v201504281640\junit.jar;C:\Users\Administrator\.p2\pool\plugins\org.hamcrest.core_1.3.0.v201303031735.jar
Launcher Type: SUN_STANDARD

Environment Variables:
JAVA_HOME=C:\Program Files\Java\jdk1.8.0_144
CLASSPATH=.;C:\Program Files\Java\jdk1.8.0_144\lib\dt.jar;C:\Program Files\Java\jdk1.8.0_144\lib\tools.jar;
PATH=C:/Program Files/Java/jre1.8.0_144/bin/server;C:/Program Files/Java/jre1.8.0_144/bin;C:/Program Files/Java/jre1.8.0_144/lib/amd64;C:\ProgramData\Oracle\Java\javapath;C:\Windows\system32;C:\Windows;C:\Windows\System32\Wbem;C:\Windows\System32\WindowsPowerShell\v1.0\;C:\strawberry\c\bin;C:\strawberry\perl\bin;C:\Python27;C:\Program Files\Java\jdk1.8.0_144\bin;C:\Program Files\Java\jdk1.8.0_144\jre\bin;D:\apache-maven-3.2.5\bin;C:\Program Files\TortoiseSVN\bin;D:\Program Files\Git\cmd;D:\Program Files\bandzip\;D:\eclipse\eclipse;
USERNAME=Administrator
OS=Windows_NT
PROCESSOR_IDENTIFIER=Intel64 Family 6 Model 60 Stepping 3, GenuineIntel



---------------  S Y S T E M  ---------------

OS: Windows 7 , 64 bit Build 7601 (6.1.7601.24387)

CPU:total 2 (initial active 2) (2 cores per cpu, 1 threads per core) family 6 model 60 stepping 3, cmov, cx8, fxsr, mmx, sse, sse2, sse3, ssse3, sse4.1, sse4.2, popcnt, clmul, erms, lzcnt, tsc, tscinvbit

Memory: 4k page, physical 4139892k(673580k free), swap 8277884k(1390180k free)

vm_info: Java HotSpot(TM) 64-Bit Server VM (25.144-b01) for windows-amd64 JRE (1.8.0_144-b01), built on Jul 21 2017 21:57:33 by "java_re" with MS VC++ 10.0 (VS2010)

time: Mon May 20 09:34:26 2019
elapsed time: 41 seconds (0d 0h 0m 41s)

