#
# A fatal error has been detected by the Java Runtime Environment:
#
#  EXCEPTION_ACCESS_VIOLATION (0xc0000005) at pc=0x0000000180003b10, pid=6720, tid=0x0000000000001994
#
# JRE version: Java(TM) SE Runtime Environment (8.0_144-b01) (build 1.8.0_144-b01)
# Java VM: Java HotSpot(TM) 64-Bit Server VM (25.144-b01 mixed mode windows-amd64 compressed oops)
# Problematic frame:
# C  0x0000000180003b10
#
# Failed to write core dump. Minidumps are not enabled by default on client versions of Windows
#
# If you would like to submit a bug report, please visit:
#   http://bugreport.java.com/bugreport/crash.jsp
# The crash happened outside the Java Virtual Machine in native code.
# See problematic frame for where to report the bug.
#

---------------  T H R E A D  ---------------

Current thread (0x0000000054d94000):  JavaThread "Finalizer" daemon [_thread_in_native, id=6548, stack(0x00000000559d0000,0x0000000055ad0000)]

siginfo: ExceptionCode=0xc0000005, ExceptionInformation=0x0000000000000008 0x0000000180003b10

Registers:
RAX=0x0000000180003b10, RBX=0x00000000612c1d10, RCX=0x0000000054d941f8, RDX=0x0000000055acf0b8
RSP=0x0000000055acf028, RBP=0x0000000055acf0a8, RSI=0x00000000ec8cf3b0, RDI=0x0000000014676c28
R8 =0x00000000573d75d0, R9 =0x000000000000001b, R10=0x00000000028e7968, R11=0x0000000072d7bc50
R12=0x0000000000000000, R13=0x00000000612c1d10, R14=0x0000000055acf0d0, R15=0x0000000054d94000
RIP=0x0000000180003b10, EFLAGS=0x0000000000010206

Top of Stack: (sp=0x0000000055acf028)
0x0000000055acf028:   00000000028e7994 0000000054d94000
0x0000000055acf038:   0000000072cd739d 0000000054d94928
0x0000000055acf048:   0000000054d94928 0000000000000000
0x0000000055acf058:   00000000028d8331 0000000000000005
0x0000000055acf068:   0000000055acf068 0000000000000000
0x0000000055acf078:   0000000055acf0d0 0000000061358d08
0x0000000055acf088:   0000000000000000 00000000612c1d10
0x0000000055acf098:   0000000000000000 0000000055acf0c8
0x0000000055acf0a8:   0000000055acf118 00000000028d8331
0x0000000055acf0b8:   00000000c1a7bef8 00000000028e19b8
0x0000000055acf0c8:   00000000573d75d0 0000000055acf100
0x0000000055acf0d8:   0000000055acf0d8 00000000612bfc24
0x0000000055acf0e8:   0000000055acf128 0000000061358d08
0x0000000055acf0f8:   0000000000000000 00000000612bfc48
0x0000000055acf108:   0000000055acf0c8 0000000055acf130
0x0000000055acf118:   0000000055acf240 0000000002eb992c 

Instructions: (pc=0x0000000180003b10)
0x0000000180003af0:   
[error occurred during error reporting (printing registers, top of stack, instructions near pc), id 0xc0000005]

Register to memory mapping:

RAX=0x0000000180003b10 is an unknown value
RBX={method} {0x00000000612c1d18} 'free' '(J)V' in 'com/sun/jna/Memory'
RCX=0x0000000054d941f8 is an unknown value
RDX=0x0000000055acf0b8 is pointing into the stack for thread: 0x0000000054d94000
RSP=0x0000000055acf028 is pointing into the stack for thread: 0x0000000054d94000
RBP=0x0000000055acf0a8 is pointing into the stack for thread: 0x0000000054d94000
RSI=0x00000000ec8cf3b0 is an oop
com.sun.jna.Memory 
 - klass: 'com/sun/jna/Memory'
RDI=0x0000000014676c28 is pointing into metadata
R8 =0x00000000573d75d0 is an unknown value
R9 =0x000000000000001b is an unknown value
R10=0x00000000028e7968 is at code_begin+840 in an Interpreter codelet
method entry point (kind = native)  [0x00000000028e7620, 0x00000000028e7f80]  2400 bytes
R11=0x0000000072d7bc50 is an unknown value
R12=0x0000000000000000 is an unknown value
R13={method} {0x00000000612c1d18} 'free' '(J)V' in 'com/sun/jna/Memory'
R14=0x0000000055acf0d0 is pointing into the stack for thread: 0x0000000054d94000
R15=0x0000000054d94000 is a thread


Stack: [0x00000000559d0000,0x0000000055ad0000],  sp=0x0000000055acf028,  free space=1020k
Native frames: (J=compiled Java code, j=interpreted, Vv=VM code, C=native code)
C  0x0000000180003b10

Java frames: (J=compiled Java code, j=interpreted, Vv=VM code)
j  com.sun.jna.Memory.free(J)V+0
j  com.sun.jna.Memory.finalize()V+4
J 1852 C1 java.lang.ref.Finalizer.runFinalizer(Lsun/misc/JavaLangAccess;)V (62 bytes) @ 0x0000000002eb992c [0x0000000002eb93c0+0x56c]
J 1803 C1 java.lang.ref.Finalizer.access$100(Ljava/lang/ref/Finalizer;Lsun/misc/JavaLangAccess;)V (6 bytes) @ 0x0000000002b382dc [0x0000000002b38280+0x5c]
j  java.lang.ref.Finalizer$FinalizerThread.run()V+45
v  ~StubRoutines::call_stub

---------------  P R O C E S S  ---------------

Java Threads: ( => current thread )
  0x00000000570ee000 JavaThread "Thread-0" daemon [_thread_in_native, id=5624, stack(0x00000000699c0000,0x0000000069ac0000)]
  0x00000000570ef800 JavaThread "Timer-0" [_thread_blocked, id=6540, stack(0x0000000066420000,0x0000000066520000)]
  0x00000000570ee800 JavaThread "cameraThread" daemon [_thread_in_native, id=5956, stack(0x0000000065a90000,0x0000000065b90000)]
  0x00000000565c3800 JavaThread "Druid-ConnectionPool-Destroy-1002277214" daemon [_thread_blocked, id=6532, stack(0x000000005fca0000,0x000000005fda0000)]
  0x0000000056ceb800 JavaThread "Druid-ConnectionPool-Create-1002277214" daemon [_thread_blocked, id=5236, stack(0x000000005fb60000,0x000000005fc60000)]
  0x0000000056d04000 JavaThread "Abandoned connection cleanup thread" daemon [_thread_blocked, id=5892, stack(0x000000005f9a0000,0x000000005faa0000)]
  0x0000000056ddf000 JavaThread "TimerQueue" daemon [_thread_blocked, id=4388, stack(0x000000005f420000,0x000000005f520000)]
  0x000000000246e800 JavaThread "DestroyJavaVM" [_thread_blocked, id=3736, stack(0x00000000027d0000,0x00000000028d0000)]
  0x0000000056a15800 JavaThread "AWT-EventQueue-0" [_thread_blocked, id=7096, stack(0x00000000574f0000,0x00000000575f0000)]
  0x0000000056a0c800 JavaThread "AWT-Shutdown" [_thread_blocked, id=4740, stack(0x00000000573e0000,0x00000000574e0000)]
  0x000000005699e800 JavaThread "Java2D Disposer" daemon [_thread_blocked, id=6028, stack(0x00000000571b0000,0x00000000572b0000)]
  0x0000000056230800 JavaThread "Service Thread" daemon [_thread_blocked, id=3312, stack(0x00000000566e0000,0x00000000567e0000)]
  0x0000000054dcf000 JavaThread "C1 CompilerThread1" daemon [_thread_blocked, id=5676, stack(0x0000000056110000,0x0000000056210000)]
  0x0000000054dbe800 JavaThread "C2 CompilerThread0" daemon [_thread_blocked, id=6044, stack(0x0000000055f60000,0x0000000056060000)]
  0x0000000054dbe000 JavaThread "Attach Listener" daemon [_thread_blocked, id=5376, stack(0x0000000055c70000,0x0000000055d70000)]
  0x0000000054dbd000 JavaThread "Signal Dispatcher" daemon [_thread_blocked, id=3384, stack(0x0000000055b40000,0x0000000055c40000)]
=>0x0000000054d94000 JavaThread "Finalizer" daemon [_thread_in_native, id=6548, stack(0x00000000559d0000,0x0000000055ad0000)]
  0x0000000054d4d000 JavaThread "Reference Handler" daemon [_thread_blocked, id=5172, stack(0x0000000055870000,0x0000000055970000)]

Other Threads:
  0x0000000054d3f000 VMThread [stack: 0x0000000055690000,0x0000000055790000] [id=908]
  0x0000000056250000 WatcherThread [stack: 0x0000000055de0000,0x0000000055ee0000] [id=2908]

VM state:not at safepoint (normal execution)

VM Mutex/Monitor currently owned by a thread: None

Heap:
 PSYoungGen      total 22528K, used 4632K [0x00000000eaf00000, 0x00000000ecc00000, 0x0000000100000000)
  eden space 16384K, 10% used [0x00000000eaf00000,0x00000000eb0aee70,0x00000000ebf00000)
  from space 6144K, 47% used [0x00000000ec600000,0x00000000ec8d7220,0x00000000ecc00000)
  to   space 6656K, 0% used [0x00000000ebf00000,0x00000000ebf00000,0x00000000ec580000)
 ParOldGen       total 44032K, used 15026K [0x00000000c0c00000, 0x00000000c3700000, 0x00000000eaf00000)
  object space 44032K, 34% used [0x00000000c0c00000,0x00000000c1aac8e0,0x00000000c3700000)
 Metaspace       used 20619K, capacity 20890K, committed 21120K, reserved 1067008K
  class space    used 2499K, capacity 2587K, committed 2688K, reserved 1048576K

Card table byte_map: [0x0000000011c90000,0x0000000011e90000] byte_map_base: 0x000000001168a000

Marking Bits: (ParMarkBitMap*) 0x000000007336d850
 Begin Bits: [0x0000000012270000, 0x0000000013240000)
 End Bits:   [0x0000000013240000, 0x0000000014210000)

Polling page: 0x0000000000540000

CodeCache: size=245760Kb used=6026Kb max_used=6050Kb free=239733Kb
 bounds [0x00000000028d0000, 0x0000000002ed0000, 0x00000000118d0000]
 total_blobs=2560 nmethods=1749 adapters=724
 compilation: enabled

Compilation events (10 events):
Event: 60.211 Thread 0x0000000054dbe800 nmethod 1879 0x0000000002af7c10 code [0x0000000002af7d40, 0x0000000002af7d98]
Event: 60.211 Thread 0x0000000054dcf000 nmethod 1880 0x0000000002c47150 code [0x0000000002c472c0, 0x0000000002c476e8]
Event: 60.211 Thread 0x0000000054dcf000 1881  s    3       java.util.Hashtable::containsKey (65 bytes)
Event: 60.211 Thread 0x0000000054dcf000 nmethod 1881 0x0000000002af1750 code [0x0000000002af18e0, 0x0000000002af1ef8]
Event: 60.211 Thread 0x0000000054dcf000 1882       1       java.util.concurrent.CopyOnWriteArrayList::getArray (5 bytes)
Event: 60.211 Thread 0x0000000054dcf000 nmethod 1882 0x0000000002c46e90 code [0x0000000002c46fe0, 0x0000000002c470f0]
Event: 60.272 Thread 0x0000000054dcf000 1883       1       java.awt.image.SampleModel::getWidth (5 bytes)
Event: 60.272 Thread 0x0000000054dcf000 nmethod 1883 0x0000000002af1490 code [0x0000000002af15e0, 0x0000000002af16f0]
Event: 60.272 Thread 0x0000000054dcf000 1884       1       java.awt.image.SampleModel::getHeight (5 bytes)
Event: 60.272 Thread 0x0000000054dcf000 nmethod 1884 0x0000000002bade90 code [0x0000000002badfe0, 0x0000000002bae0f0]

GC Heap History (10 events):
Event: 51.425 GC heap before
{Heap before GC invocations=20 (full 0):
 PSYoungGen      total 24064K, used 17309K [0x00000000eaf00000, 0x00000000ece00000, 0x0000000100000000)
  eden space 16384K, 96% used [0x00000000eaf00000,0x00000000ebe77cc0,0x00000000ebf00000)
  from space 7680K, 19% used [0x00000000ebf00000,0x00000000ec06f910,0x00000000ec680000)
  to   space 7680K, 0% used [0x00000000ec680000,0x00000000ec680000,0x00000000ece00000)
 ParOldGen       total 44032K, used 14970K [0x00000000c0c00000, 0x00000000c3700000, 0x00000000eaf00000)
  object space 44032K, 33% used [0x00000000c0c00000,0x00000000c1a9e8e0,0x00000000c3700000)
 Metaspace       used 20583K, capacity 20890K, committed 21120K, reserved 1067008K
  class space    used 2492K, capacity 2587K, committed 2688K, reserved 1048576K
Event: 51.426 GC heap after
Heap after GC invocations=20 (full 0):
 PSYoungGen      total 23040K, used 2908K [0x00000000eaf00000, 0x00000000ecd00000, 0x0000000100000000)
  eden space 16384K, 0% used [0x00000000eaf00000,0x00000000eaf00000,0x00000000ebf00000)
  from space 6656K, 43% used [0x00000000ec680000,0x00000000ec957220,0x00000000ecd00000)
  to   space 7168K, 0% used [0x00000000ebf00000,0x00000000ebf00000,0x00000000ec600000)
 ParOldGen       total 44032K, used 14978K [0x00000000c0c00000, 0x00000000c3700000, 0x00000000eaf00000)
  object space 44032K, 34% used [0x00000000c0c00000,0x00000000c1aa08e0,0x00000000c3700000)
 Metaspace       used 20583K, capacity 20890K, committed 21120K, reserved 1067008K
  class space    used 2492K, capacity 2587K, committed 2688K, reserved 1048576K
}
Event: 53.877 GC heap before
{Heap before GC invocations=21 (full 0):
 PSYoungGen      total 23040K, used 18818K [0x00000000eaf00000, 0x00000000ecd00000, 0x0000000100000000)
  eden space 16384K, 97% used [0x00000000eaf00000,0x00000000ebe89980,0x00000000ebf00000)
  from space 6656K, 43% used [0x00000000ec680000,0x00000000ec957220,0x00000000ecd00000)
  to   space 7168K, 0% used [0x00000000ebf00000,0x00000000ebf00000,0x00000000ec600000)
 ParOldGen       total 44032K, used 14978K [0x00000000c0c00000, 0x00000000c3700000, 0x00000000eaf00000)
  object space 44032K, 34% used [0x00000000c0c00000,0x00000000c1aa08e0,0x00000000c3700000)
 Metaspace       used 20585K, capacity 20890K, committed 21120K, reserved 1067008K
  class space    used 2492K, capacity 2587K, committed 2688K, reserved 1048576K
Event: 53.878 GC heap after
Heap after GC invocations=21 (full 0):
 PSYoungGen      total 23552K, used 2908K [0x00000000eaf00000, 0x00000000ecd00000, 0x0000000100000000)
  eden space 16384K, 0% used [0x00000000eaf00000,0x00000000eaf00000,0x00000000ebf00000)
  from space 7168K, 40% used [0x00000000ebf00000,0x00000000ec1d7220,0x00000000ec600000)
  to   space 7168K, 0% used [0x00000000ec600000,0x00000000ec600000,0x00000000ecd00000)
 ParOldGen       total 44032K, used 14994K [0x00000000c0c00000, 0x00000000c3700000, 0x00000000eaf00000)
  object space 44032K, 34% used [0x00000000c0c00000,0x00000000c1aa48e0,0x00000000c3700000)
 Metaspace       used 20585K, capacity 20890K, committed 21120K, reserved 1067008K
  class space    used 2492K, capacity 2587K, committed 2688K, reserved 1048576K
}
Event: 55.873 GC heap before
{Heap before GC invocations=22 (full 0):
 PSYoungGen      total 23552K, used 18799K [0x00000000eaf00000, 0x00000000ecd00000, 0x0000000100000000)
  eden space 16384K, 96% used [0x00000000eaf00000,0x00000000ebe84ad0,0x00000000ebf00000)
  from space 7168K, 40% used [0x00000000ebf00000,0x00000000ec1d7220,0x00000000ec600000)
  to   space 7168K, 0% used [0x00000000ec600000,0x00000000ec600000,0x00000000ecd00000)
 ParOldGen       total 44032K, used 14994K [0x00000000c0c00000, 0x00000000c3700000, 0x00000000eaf00000)
  object space 44032K, 34% used [0x00000000c0c00000,0x00000000c1aa48e0,0x00000000c3700000)
 Metaspace       used 20587K, capacity 20890K, committed 21120K, reserved 1067008K
  class space    used 2492K, capacity 2587K, committed 2688K, reserved 1048576K
Event: 55.875 GC heap after
Heap after GC invocations=22 (full 0):
 PSYoungGen      total 23552K, used 4314K [0x00000000eaf00000, 0x00000000ecd00000, 0x0000000100000000)
  eden space 16384K, 0% used [0x00000000eaf00000,0x00000000eaf00000,0x00000000ebf00000)
  from space 7168K, 60% used [0x00000000ec600000,0x00000000eca36b30,0x00000000ecd00000)
  to   space 7168K, 0% used [0x00000000ebf00000,0x00000000ebf00000,0x00000000ec600000)
 ParOldGen       total 44032K, used 15010K [0x00000000c0c00000, 0x00000000c3700000, 0x00000000eaf00000)
  object space 44032K, 34% used [0x00000000c0c00000,0x00000000c1aa88e0,0x00000000c3700000)
 Metaspace       used 20587K, capacity 20890K, committed 21120K, reserved 1067008K
  class space    used 2492K, capacity 2587K, committed 2688K, reserved 1048576K
}
Event: 58.261 GC heap before
{Heap before GC invocations=23 (full 0):
 PSYoungGen      total 23552K, used 20237K [0x00000000eaf00000, 0x00000000ecd00000, 0x0000000100000000)
  eden space 16384K, 97% used [0x00000000eaf00000,0x00000000ebe8cab8,0x00000000ebf00000)
  from space 7168K, 60% used [0x00000000ec600000,0x00000000eca36b30,0x00000000ecd00000)
  to   space 7168K, 0% used [0x00000000ebf00000,0x00000000ebf00000,0x00000000ec600000)
 ParOldGen       total 44032K, used 15010K [0x00000000c0c00000, 0x00000000c3700000, 0x00000000eaf00000)
  object space 44032K, 34% used [0x00000000c0c00000,0x00000000c1aa88e0,0x00000000c3700000)
 Metaspace       used 20590K, capacity 20890K, committed 21120K, reserved 1067008K
  class space    used 2492K, capacity 2587K, committed 2688K, reserved 1048576K
Event: 58.262 GC heap after
Heap after GC invocations=23 (full 0):
 PSYoungGen      total 23552K, used 1502K [0x00000000eaf00000, 0x00000000ecd00000, 0x0000000100000000)
  eden space 16384K, 0% used [0x00000000eaf00000,0x00000000eaf00000,0x00000000ebf00000)
  from space 7168K, 20% used [0x00000000ebf00000,0x00000000ec077910,0x00000000ec600000)
  to   space 7168K, 0% used [0x00000000ec600000,0x00000000ec600000,0x00000000ecd00000)
 ParOldGen       total 44032K, used 15018K [0x00000000c0c00000, 0x00000000c3700000, 0x00000000eaf00000)
  object space 44032K, 34% used [0x00000000c0c00000,0x00000000c1aaa8e0,0x00000000c3700000)
 Metaspace       used 20590K, capacity 20890K, committed 21120K, reserved 1067008K
  class space    used 2492K, capacity 2587K, committed 2688K, reserved 1048576K
}
Event: 60.270 GC heap before
{Heap before GC invocations=24 (full 0):
 PSYoungGen      total 23552K, used 17658K [0x00000000eaf00000, 0x00000000ecd00000, 0x0000000100000000)
  eden space 16384K, 98% used [0x00000000eaf00000,0x00000000ebec7150,0x00000000ebf00000)
  from space 7168K, 20% used [0x00000000ebf00000,0x00000000ec077910,0x00000000ec600000)
  to   space 7168K, 0% used [0x00000000ec600000,0x00000000ec600000,0x00000000ecd00000)
 ParOldGen       total 44032K, used 15018K [0x00000000c0c00000, 0x00000000c3700000, 0x00000000eaf00000)
  object space 44032K, 34% used [0x00000000c0c00000,0x00000000c1aaa8e0,0x00000000c3700000)
 Metaspace       used 20619K, capacity 20890K, committed 21120K, reserved 1067008K
  class space    used 2499K, capacity 2587K, committed 2688K, reserved 1048576K
Event: 60.271 GC heap after
Heap after GC invocations=24 (full 0):
 PSYoungGen      total 22528K, used 2908K [0x00000000eaf00000, 0x00000000ecc00000, 0x0000000100000000)
  eden space 16384K, 0% used [0x00000000eaf00000,0x00000000eaf00000,0x00000000ebf00000)
  from space 6144K, 47% used [0x00000000ec600000,0x00000000ec8d7220,0x00000000ecc00000)
  to   space 6656K, 0% used [0x00000000ebf00000,0x00000000ebf00000,0x00000000ec580000)
 ParOldGen       total 44032K, used 15026K [0x00000000c0c00000, 0x00000000c3700000, 0x00000000eaf00000)
  object space 44032K, 34% used [0x00000000c0c00000,0x00000000c1aac8e0,0x00000000c3700000)
 Metaspace       used 20619K, capacity 20890K, committed 21120K, reserved 1067008K
  class space    used 2499K, capacity 2587K, committed 2688K, reserved 1048576K
}

Deoptimization events (10 events):
Event: 8.408 Thread 0x0000000056a15800 Uncommon trap: reason=class_check action=maybe_recompile pc=0x0000000002b902b0 method=java.util.HashMap.putVal(ILjava/lang/Object;Ljava/lang/Object;ZZ)Ljava/lang/Object; @ 253
Event: 8.415 Thread 0x0000000056a15800 Uncommon trap: reason=unstable_if action=reinterpret pc=0x0000000002c51664 method=java.util.HashMap.getNode(ILjava/lang/Object;)Ljava/util/HashMap$Node; @ 62
Event: 8.415 Thread 0x0000000056a15800 Uncommon trap: reason=unstable_if action=reinterpret pc=0x0000000002c61194 method=java.util.HashMap.getNode(ILjava/lang/Object;)Ljava/util/HashMap$Node; @ 62
Event: 8.418 Thread 0x0000000056a15800 Uncommon trap: reason=unstable_if action=reinterpret pc=0x0000000002c6f9a8 method=java.util.HashMap.putVal(ILjava/lang/Object;Ljava/lang/Object;ZZ)Ljava/lang/Object; @ 94
Event: 8.575 Thread 0x0000000056ceb800 Uncommon trap: reason=unstable_if action=reinterpret pc=0x0000000002b751e8 method=java.lang.ThreadLocal$ThreadLocalMap.getEntry(Ljava/lang/ThreadLocal;)Ljava/lang/ThreadLocal$ThreadLocalMap$Entry; @ 21
Event: 8.748 Thread 0x0000000056a15800 Uncommon trap: reason=unstable_if action=reinterpret pc=0x0000000002d1c70c method=java.nio.charset.CoderResult.isOverflow()Z @ 5
Event: 11.556 Thread 0x0000000056a15800 Uncommon trap: reason=unstable_if action=reinterpret pc=0x0000000002b1fe40 method=java.io.WinNTFileSystem.normalize(Ljava/lang/String;)Ljava/lang/String; @ 128
Event: 11.796 Thread 0x0000000056a15800 Uncommon trap: reason=unstable_if action=reinterpret pc=0x0000000002de6130 method=java.util.HashMap.getNode(ILjava/lang/Object;)Ljava/util/HashMap$Node; @ 129
Event: 12.472 Thread 0x00000000570ee800 Uncommon trap: reason=unstable_if action=reinterpret pc=0x0000000002e6622c method=com.dx.util.CameraUtil.mat2BI(Lorg/opencv/core/Mat;)Ljava/awt/image/BufferedImage; @ 88
Event: 12.474 Thread 0x00000000570ee800 Uncommon trap: reason=unstable_if action=reinterpret pc=0x0000000002e645c4 method=sun.awt.image.ByteInterleavedRaster.putByteData(IIII[B)V @ 446

Internal exceptions (10 events):
Event: 8.419 Thread 0x0000000056a15800 Exception <a 'java/lang/ArrayIndexOutOfBoundsException'> (0x00000000eb69d688) thrown at [C:\re\workspace\8-2-build-windows-amd64-cygwin\jdk8u144\9417\hotspot\src\share\vm\runtime\sharedRuntime.cpp, line 605]
Event: 8.420 Thread 0x0000000056a15800 Exception <a 'java/lang/ArrayIndexOutOfBoundsException'> (0x00000000eb69e7d0) thrown at [C:\re\workspace\8-2-build-windows-amd64-cygwin\jdk8u144\9417\hotspot\src\share\vm\runtime\sharedRuntime.cpp, line 605]
Event: 8.420 Thread 0x0000000056a15800 Exception <a 'java/lang/ArrayIndexOutOfBoundsException'> (0x00000000eb69fb58) thrown at [C:\re\workspace\8-2-build-windows-amd64-cygwin\jdk8u144\9417\hotspot\src\share\vm\runtime\sharedRuntime.cpp, line 605]
Event: 8.421 Thread 0x0000000056a15800 Exception <a 'java/lang/ArrayIndexOutOfBoundsException'> (0x00000000eb6a1788) thrown at [C:\re\workspace\8-2-build-windows-amd64-cygwin\jdk8u144\9417\hotspot\src\share\vm\runtime\sharedRuntime.cpp, line 605]
Event: 8.425 Thread 0x0000000056a15800 Exception <a 'java/lang/ArrayIndexOutOfBoundsException'> (0x00000000eb6c7f40) thrown at [C:\re\workspace\8-2-build-windows-amd64-cygwin\jdk8u144\9417\hotspot\src\share\vm\runtime\sharedRuntime.cpp, line 605]
Event: 8.425 Thread 0x0000000056a15800 Exception <a 'java/lang/ArrayIndexOutOfBoundsException'> (0x00000000eb6c9390) thrown at [C:\re\workspace\8-2-build-windows-amd64-cygwin\jdk8u144\9417\hotspot\src\share\vm\runtime\sharedRuntime.cpp, line 605]
Event: 8.425 Thread 0x0000000056a15800 Exception <a 'java/lang/ArrayIndexOutOfBoundsException'> (0x00000000eb6cb048) thrown at [C:\re\workspace\8-2-build-windows-amd64-cygwin\jdk8u144\9417\hotspot\src\share\vm\runtime\sharedRuntime.cpp, line 605]
Event: 8.429 Thread 0x0000000056a15800 Exception <a 'java/lang/ArrayIndexOutOfBoundsException'> (0x00000000eb6f13d0) thrown at [C:\re\workspace\8-2-build-windows-amd64-cygwin\jdk8u144\9417\hotspot\src\share\vm\runtime\sharedRuntime.cpp, line 605]
Event: 8.431 Thread 0x0000000056a15800 Exception <a 'java/lang/ArrayIndexOutOfBoundsException'> (0x00000000eb6ff528) thrown at [C:\re\workspace\8-2-build-windows-amd64-cygwin\jdk8u144\9417\hotspot\src\share\vm\runtime\sharedRuntime.cpp, line 605]
Event: 8.575 Thread 0x0000000056ceb800 Implicit null exception at 0x0000000002b75160 to 0x0000000002b751cd

Events (10 events):
Event: 60.211 Executing VM operation: RevokeBias done
Event: 60.211 Executing VM operation: RevokeBias
Event: 60.211 Executing VM operation: RevokeBias done
Event: 60.211 Thread 0x00000000570f1000 Thread exited: 0x00000000570f1000
Event: 60.219 Executing VM operation: RevokeBias
Event: 60.219 Executing VM operation: RevokeBias done
Event: 60.224 Thread 0x0000000056ab7800 Thread exited: 0x0000000056ab7800
Event: 60.233 Thread 0x0000000056a0d800 Thread exited: 0x0000000056a0d800
Event: 60.270 Executing VM operation: ParallelGCFailedAllocation
Event: 60.271 Executing VM operation: ParallelGCFailedAllocation done


Dynamic libraries:
0x000000013f230000 - 0x000000013f267000 	C:\Program Files\Java\jre1.8.0_144\bin\javaw.exe
0x0000000076d00000 - 0x0000000076e9f000 	C:\Windows\SYSTEM32\ntdll.dll
0x0000000076ae0000 - 0x0000000076bff000 	C:\Windows\system32\kernel32.dll
0x000007fefc880000 - 0x000007fefc8ea000 	C:\Windows\system32\KERNELBASE.dll
0x000007fefd610000 - 0x000007fefd6eb000 	C:\Windows\system32\ADVAPI32.dll
0x000007fefda00000 - 0x000007fefda9f000 	C:\Windows\system32\msvcrt.dll
0x000007fefd550000 - 0x000007fefd56f000 	C:\Windows\SYSTEM32\sechost.dll
0x000007fefcc80000 - 0x000007fefcdac000 	C:\Windows\system32\RPCRT4.dll
0x0000000076c00000 - 0x0000000076cfa000 	C:\Windows\system32\USER32.dll
0x000007fefd6f0000 - 0x000007fefd757000 	C:\Windows\system32\GDI32.dll
0x000007fefcc20000 - 0x000007fefcc2e000 	C:\Windows\system32\LPK.dll
0x000007fefeba0000 - 0x000007fefec69000 	C:\Windows\system32\USP10.dll
0x000007fefb240000 - 0x000007fefb435000 	C:\Windows\WinSxS\amd64_microsoft.windows.common-controls_6595b64144ccf1df_6.0.7601.24380_none_e3731d0b30fb6b11\COMCTL32.dll
0x000007fefd370000 - 0x000007fefd3e1000 	C:\Windows\system32\SHLWAPI.dll
0x000007fefc620000 - 0x000007fefc677000 	C:\Windows\system32\apphelp.dll
0x000007fef1b00000 - 0x000007fef1b51000 	C:\Windows\AppPatch\AppPatch64\AcGenral.DLL
0x000007fefc430000 - 0x000007fefc455000 	C:\Windows\system32\SspiCli.dll
0x000007fefd800000 - 0x000007fefd9ff000 	C:\Windows\system32\ole32.dll
0x000007fefde10000 - 0x000007fefeb9b000 	C:\Windows\system32\SHELL32.dll
0x00000000719a0000 - 0x00000000719a3000 	C:\Windows\system32\sfc.dll
0x000007fef67f0000 - 0x000007fef6800000 	C:\Windows\system32\sfc_os.DLL
0x000007fefca60000 - 0x000007fefca7e000 	C:\Windows\system32\USERENV.dll
0x000007fefc860000 - 0x000007fefc86f000 	C:\Windows\system32\profapi.dll
0x000007fefa220000 - 0x000007fefa238000 	C:\Windows\system32\dwmapi.dll
0x000007fef6390000 - 0x000007fef63a8000 	C:\Windows\system32\MPR.dll
0x000007fefcc30000 - 0x000007fefcc5e000 	C:\Windows\system32\IMM32.DLL
0x000007fefcdb0000 - 0x000007fefceb9000 	C:\Windows\system32\MSCTF.dll
0x000000006fe80000 - 0x000000006ff52000 	C:\Program Files\Java\jre1.8.0_144\bin\msvcr100.dll
0x0000000072b50000 - 0x00000000733ed000 	C:\Program Files\Java\jre1.8.0_144\bin\server\jvm.dll
0x000007fefab80000 - 0x000007fefab89000 	C:\Windows\system32\WSOCK32.dll
0x000007fefecd0000 - 0x000007fefed1d000 	C:\Windows\system32\WS2_32.dll
0x000007fefcc10000 - 0x000007fefcc18000 	C:\Windows\system32\NSI.dll
0x000007fef5a70000 - 0x000007fef5aab000 	C:\Windows\system32\WINMM.dll
0x000007fefb8d0000 - 0x000007fefb8dc000 	C:\Windows\system32\VERSION.dll
0x0000000076eb0000 - 0x0000000076eb7000 	C:\Windows\system32\PSAPI.DLL
0x0000000073760000 - 0x000000007376f000 	C:\Program Files\Java\jre1.8.0_144\bin\verify.dll
0x0000000073730000 - 0x0000000073759000 	C:\Program Files\Java\jre1.8.0_144\bin\java.dll
0x00000000736e0000 - 0x00000000736f6000 	C:\Program Files\Java\jre1.8.0_144\bin\zip.dll
0x00000000567e0000 - 0x0000000056978000 	C:\Program Files\Java\jre1.8.0_144\bin\awt.dll
0x000007fefd3f0000 - 0x000007fefd4ca000 	C:\Windows\system32\OLEAUT32.dll
0x000007fefb060000 - 0x000007fefb0b6000 	C:\Windows\system32\uxtheme.dll
0x000007fef5ef0000 - 0x000007fef6213000 	C:\Windows\system32\PALMINPUTIME.IME
0x000007fef9590000 - 0x000007fef9597000 	C:\Windows\system32\MSIMG32.dll
0x000007fefa350000 - 0x000007fefa475000 	C:\Windows\system32\dbghelp.dll
0x000007fefae10000 - 0x000007fefae3d000 	C:\Windows\system32\ntmarta.dll
0x000007fefec70000 - 0x000007fefecc2000 	C:\Windows\system32\WLDAP32.dll
0x000007fefc680000 - 0x000007fefc68f000 	C:\Windows\system32\CRYPTBASE.dll
0x000007feee1f0000 - 0x000007feee30d000 	C:\Windows\system32\opengl32.dll
0x000007fef1170000 - 0x000007fef119d000 	C:\Windows\system32\GLU32.dll
0x000007feee870000 - 0x000007feee961000 	C:\Windows\system32\DDRAW.dll
0x000007fef6700000 - 0x000007fef6708000 	C:\Windows\system32\DCIMAN32.dll
0x000007fefdc30000 - 0x000007fefde07000 	C:\Windows\system32\SETUPAPI.dll
0x000007fefc9e0000 - 0x000007fefca16000 	C:\Windows\system32\CFGMGR32.dll
0x000007fefc900000 - 0x000007fefc91a000 	C:\Windows\system32\DEVOBJ.dll
0x000007fee8b70000 - 0x000007fee8d6f000 	C:\Windows\system32\d3d9.dll
0x000007fef6710000 - 0x000007fef6717000 	C:\Windows\system32\d3d8thk.dll
0x000000006fe40000 - 0x000000006fe71000 	C:\Program Files\Java\jre1.8.0_144\bin\jpeg.dll
0x000000006f5f0000 - 0x000000006f637000 	C:\Program Files\Java\jre1.8.0_144\bin\fontmanager.dll
0x000007fefd760000 - 0x000007fefd7f9000 	C:\Windows\system32\CLBCatQ.DLL
0x000007fef9c40000 - 0x000007fef9da1000 	C:\Windows\system32\WindowsCodecs.dll
0x000007fef52a0000 - 0x000007fef52f6000 	C:\Users\Administrator\AppData\Local\Microsoft\OneDrive\17.3.4604.0120\amd64\FileSyncShell64.dll
0x000007fef51e0000 - 0x000007fef5287000 	C:\Users\Administrator\AppData\Local\Microsoft\OneDrive\17.3.4604.0120\amd64\MSVCP110.dll
0x000007fef5070000 - 0x000007fef513e000 	C:\Users\Administrator\AppData\Local\Microsoft\OneDrive\17.3.4604.0120\amd64\MSVCR110.dll
0x000007fefcec0000 - 0x000007fefd36c000 	C:\Windows\system32\WININET.dll
0x000007fefca80000 - 0x000007fefca84000 	C:\Windows\system32\api-ms-win-downlevel-user32-l1-1-0.dll
0x000007fefc920000 - 0x000007fefc924000 	C:\Windows\system32\api-ms-win-downlevel-shlwapi-l1-1-0.dll
0x000007fefc9d0000 - 0x000007fefc9d4000 	C:\Windows\system32\api-ms-win-downlevel-version-l1-1-0.dll
0x000007fefc870000 - 0x000007fefc873000 	C:\Windows\system32\api-ms-win-downlevel-normaliz-l1-1-0.dll
0x0000000076ea0000 - 0x0000000076ea3000 	C:\Windows\system32\normaliz.DLL
0x000007fefed20000 - 0x000007fefefea000 	C:\Windows\system32\iertutil.dll
0x000007fefc8f0000 - 0x000007fefc8f5000 	C:\Windows\system32\api-ms-win-downlevel-advapi32-l1-1-0.dll
0x00000000718a0000 - 0x00000000718c0000 	C:\Program Files\Common Files\TortoiseOverlays\TortoiseOverlays.dll
0x000007fefa520000 - 0x000007fefa523000 	C:\Windows\system32\api-ms-win-core-synch-l1-2-0.DLL
0x0000000071880000 - 0x000000007189b000 	C:\Program Files\TortoiseSVN\bin\TortoiseStub.dll
0x00000000712d0000 - 0x0000000071358000 	C:\Program Files\TortoiseSVN\bin\TortoiseSVN.dll
0x000007fef48b0000 - 0x000007fef4e5e000 	C:\Program Files\TortoiseSVN\bin\libsvn_tsvn.dll
0x0000000071840000 - 0x0000000071872000 	C:\Program Files\TortoiseSVN\bin\libapr_tsvn.dll
0x000007fefbf30000 - 0x000007fefbf85000 	C:\Windows\system32\MSWSOCK.dll
0x000007fef4890000 - 0x000007fef48a7000 	C:\Program Files\TortoiseSVN\bin\VCRUNTIME140.dll
0x000007fef4880000 - 0x000007fef4884000 	C:\Program Files\TortoiseSVN\bin\api-ms-win-crt-runtime-l1-1-0.dll
0x000007fef4780000 - 0x000007fef4874000 	C:\Windows\system32\ucrtbase.DLL
0x000007fef4770000 - 0x000007fef4773000 	C:\Windows\system32\api-ms-win-core-timezone-l1-1-0.dll
0x000007fef4760000 - 0x000007fef4763000 	C:\Windows\system32\api-ms-win-core-file-l2-1-0.dll
0x000007fef4750000 - 0x000007fef4753000 	C:\Windows\system32\api-ms-win-core-localization-l1-2-0.dll
0x000007fef4740000 - 0x000007fef4743000 	C:\Windows\system32\api-ms-win-core-processthreads-l1-1-1.dll
0x000007fef4730000 - 0x000007fef4733000 	C:\Windows\system32\api-ms-win-core-file-l1-2-0.dll
0x000007fef4720000 - 0x000007fef4724000 	C:\Program Files\TortoiseSVN\bin\api-ms-win-crt-string-l1-1-0.dll
0x000007fef4710000 - 0x000007fef4713000 	C:\Program Files\TortoiseSVN\bin\api-ms-win-crt-heap-l1-1-0.dll
0x000007fef4700000 - 0x000007fef4704000 	C:\Program Files\TortoiseSVN\bin\api-ms-win-crt-stdio-l1-1-0.dll
0x000007fef46f0000 - 0x000007fef46f4000 	C:\Program Files\TortoiseSVN\bin\api-ms-win-crt-convert-l1-1-0.dll
0x000007fef46e0000 - 0x000007fef46e3000 	C:\Program Files\TortoiseSVN\bin\api-ms-win-crt-conio-l1-1-0.dll
0x000007fef46d0000 - 0x000007fef46d3000 	C:\Program Files\TortoiseSVN\bin\api-ms-win-crt-utility-l1-1-0.dll
0x000007fef46c0000 - 0x000007fef46c5000 	C:\Program Files\TortoiseSVN\bin\api-ms-win-crt-math-l1-1-0.dll
0x000007fef46b0000 - 0x000007fef46b3000 	C:\Program Files\TortoiseSVN\bin\api-ms-win-crt-environment-l1-1-0.dll
0x000007fef46a0000 - 0x000007fef46a3000 	C:\Program Files\TortoiseSVN\bin\api-ms-win-crt-time-l1-1-0.dll
0x0000000071280000 - 0x00000000712c4000 	C:\Program Files\TortoiseSVN\bin\libaprutil_tsvn.dll
0x000007fef4680000 - 0x000007fef4692000 	C:\Program Files\TortoiseSVN\bin\intl3_tsvn.dll
0x000007fef4670000 - 0x000007fef4673000 	C:\Program Files\TortoiseSVN\bin\api-ms-win-crt-filesystem-l1-1-0.dll
0x000007fef4650000 - 0x000007fef466a000 	C:\Program Files\TortoiseSVN\bin\libsasl.dll
0x000007fefc2b0000 - 0x000007fefc2bb000 	C:\Windows\system32\Secur32.dll
0x000007fefca90000 - 0x000007fefcbfa000 	C:\Windows\system32\CRYPT32.dll
0x000007fefc850000 - 0x000007fefc85f000 	C:\Windows\system32\MSASN1.dll
0x000007fef4640000 - 0x000007fef4643000 	C:\Program Files\TortoiseSVN\bin\api-ms-win-crt-locale-l1-1-0.dll
0x000007fef45a0000 - 0x000007fef463e000 	C:\Program Files\TortoiseSVN\bin\MSVCP140.dll
0x000007fef4590000 - 0x000007fef4595000 	C:\Program Files\TortoiseSVN\bin\api-ms-win-crt-multibyte-l1-1-0.dll
0x000007fef4210000 - 0x000007fef457f000 	C:\Program Files (x86)\Microsoft Office\root\VFS\ProgramFilesX64\Microsoft Office\Office16\GROOVEEX.DLL
0x000007fef8be0000 - 0x000007fef8efe000 	C:\Windows\system32\msi.dll
0x000007fef24f0000 - 0x000007fef2d54000 	C:\Program Files (x86)\Microsoft Office\root\VFS\ProgramFilesX64\Microsoft Office\Office16\2052\GrooveIntlResource.dll
0x00000000736c0000 - 0x00000000736da000 	C:\Program Files\Java\jre1.8.0_144\bin\net.dll
0x000007fefbf20000 - 0x000007fefbf27000 	C:\Windows\System32\wship6.dll
0x00000000736a0000 - 0x00000000736b1000 	C:\Program Files\Java\jre1.8.0_144\bin\nio.dll
0x000000006f5a0000 - 0x000000006f5e2000 	C:\Program Files\Java\jre1.8.0_144\bin\t2k.dll
0x000000006f570000 - 0x000000006f59a000 	C:\Program Files\Java\jre1.8.0_144\bin\dcpr.dll
0x0000000073660000 - 0x000000007366d000 	C:\Program Files\Java\jre1.8.0_144\bin\management.dll
0x000007fee3880000 - 0x000007fee6552000 	C:\Program Files\Java\jre1.8.0_144\bin\opencv_java341.dll
0x000007fef64e0000 - 0x000007fef6509000 	C:\Windows\system32\MSVFW32.dll
0x000007fef11c0000 - 0x000007fef11df000 	C:\Windows\system32\AVIFIL32.dll
0x000007fef0b20000 - 0x000007fef0b38000 	C:\Windows\system32\MSACM32.dll
0x000007fef1150000 - 0x000007fef1167000 	C:\Windows\system32\AVICAP32.dll
0x000007fef1130000 - 0x000007fef1146000 	C:\Windows\system32\devenum.dll
0x000007fefca20000 - 0x000007fefca5a000 	C:\Windows\system32\WINTRUST.dll
0x000007fef6730000 - 0x000007fef673d000 	C:\Windows\system32\msdmo.dll
0x000007fef1100000 - 0x000007fef112f000 	C:\Windows\system32\qcap.dll
0x000007fee8510000 - 0x000007fee86c3000 	C:\Windows\system32\quartz.dll
0x000007fef0ff0000 - 0x000007fef1031000 	C:\Windows\system32\ksproxy.ax
0x0000000071830000 - 0x0000000071836000 	C:\Windows\system32\ksuser.dll
0x000007fef6690000 - 0x000007fef669b000 	C:\Windows\system32\vidcap.ax
0x000007feee840000 - 0x000007feee864000 	C:\Windows\system32\kswdmcap.ax

VM Arguments:
jvm_args: -Dfile.encoding=GBK 
java_command: com.dx.FaceMainFrame
java_class_path (initial): C:\Program Files\Java\jre1.8.0_144\lib\resources.jar;C:\Program Files\Java\jre1.8.0_144\lib\rt.jar;C:\Program Files\Java\jre1.8.0_144\lib\jsse.jar;C:\Program Files\Java\jre1.8.0_144\lib\jce.jar;C:\Program Files\Java\jre1.8.0_144\lib\charsets.jar;C:\Program Files\Java\jre1.8.0_144\lib\jfr.jar;C:\Program Files\Java\jre1.8.0_144\lib\ext\access-bridge-64.jar;C:\Program Files\Java\jre1.8.0_144\lib\ext\cldrdata.jar;C:\Program Files\Java\jre1.8.0_144\lib\ext\dnsns.jar;C:\Program Files\Java\jre1.8.0_144\lib\ext\jaccess.jar;C:\Program Files\Java\jre1.8.0_144\lib\ext\jfxrt.jar;C:\Program Files\Java\jre1.8.0_144\lib\ext\localedata.jar;C:\Program Files\Java\jre1.8.0_144\lib\ext\nashorn.jar;C:\Program Files\Java\jre1.8.0_144\lib\ext\sunec.jar;C:\Program Files\Java\jre1.8.0_144\lib\ext\sunjce_provider.jar;C:\Program Files\Java\jre1.8.0_144\lib\ext\sunmscapi.jar;C:\Program Files\Java\jre1.8.0_144\lib\ext\sunpkcs11.jar;C:\Program Files\Java\jre1.8.0_144\lib\ext\zipfs.jar;D:\eclipse\workspace\FaceRecongnition\bin;D:\eclipse\workspace\FaceRecongnition\lib\dom4j-1.6.1.jar;D:\eclipse\workspace\FaceRecongnition\lib\fr-server-7.0.jar;D:\eclipse\workspace\FaceRecongnition\lib\fr-third-7.0.jar;D:\eclipse\workspace\FaceRecongnition\lib\jacob.jar;D:\eclipse\workspace\FaceRecongnition\lib\druid-1.1.10.jar;D:\eclipse\workspace\FaceRecongnition\lib\mysql-connector-java-5.1.38.jar;D:\eclipse\workspace\FaceRecongnition\lib\opencv-341.jar;D:\eclipse\workspace\FaceRecongnition\lib\commons-dbcp-1.4.jar;D:\eclipse\workspace\FaceRecongnition\lib\commons-pool-1.5.6.jar;D:\eclipse\workspace\FaceRecongnition\lib\lombok.jar;C:\Users\Administrator\.p2\pool\plugins\org.junit_4.12.0.v201504281640\junit.jar;C:\Users\Administrator\.p2\pool\plugins\org.hamcrest.core_1.3.0.v201303031735.jar
Launcher Type: SUN_STANDARD

Environment Variables:
JAVA_HOME=C:\Program Files\Java\jdk1.8.0_144
CLASSPATH=.;C:\Program Files\Java\jdk1.8.0_144\lib\dt.jar;C:\Program Files\Java\jdk1.8.0_144\lib\tools.jar;
PATH=C:/Program Files/Java/jre1.8.0_144/bin/server;C:/Program Files/Java/jre1.8.0_144/bin;C:/Program Files/Java/jre1.8.0_144/lib/amd64;C:\ProgramData\Oracle\Java\javapath;C:\Windows\system32;C:\Windows;C:\Windows\System32\Wbem;C:\Windows\System32\WindowsPowerShell\v1.0\;C:\strawberry\c\bin;C:\strawberry\perl\bin;C:\Python27;C:\Program Files\Java\jdk1.8.0_144\bin;C:\Program Files\Java\jdk1.8.0_144\jre\bin;D:\apache-maven-3.2.5\bin;C:\Program Files\TortoiseSVN\bin;D:\Program Files\Git\cmd;D:\Program Files\bandzip\;D:\eclipse\eclipse;
USERNAME=Administrator
OS=Windows_NT
PROCESSOR_IDENTIFIER=Intel64 Family 6 Model 60 Stepping 3, GenuineIntel



---------------  S Y S T E M  ---------------

OS: Windows 7 , 64 bit Build 7601 (6.1.7601.24387)

CPU:total 2 (initial active 2) (2 cores per cpu, 1 threads per core) family 6 model 60 stepping 3, cmov, cx8, fxsr, mmx, sse, sse2, sse3, ssse3, sse4.1, sse4.2, popcnt, clmul, erms, lzcnt, tsc, tscinvbit

Memory: 4k page, physical 4139892k(876424k free), swap 8277884k(1700692k free)

vm_info: Java HotSpot(TM) 64-Bit Server VM (25.144-b01) for windows-amd64 JRE (1.8.0_144-b01), built on Jul 21 2017 21:57:33 by "java_re" with MS VC++ 10.0 (VS2010)

time: Fri May 17 15:56:00 2019
elapsed time: 60 seconds (0d 0h 1m 0s)

